[0.051s] DEBUG:colcon:Command line arguments: ['/usr/bin/colcon', 'build']
[0.052s] DEBUG:colcon:Parsed command line arguments: Namespace(log_base=None, log_level=None, verb_name='build', build_base='build', install_base='install', merge_install=False, symlink_install=False, test_result_base=None, continue_on_error=False, executor='parallel', parallel_workers=16, event_handlers=None, ignore_user_meta=False, metas=['./colcon.meta'], base_paths=['.'], packages_ignore=None, packages_ignore_regex=None, paths=None, packages_up_to=None, packages_up_to_regex=None, packages_above=None, packages_above_and_dependencies=None, packages_above_depth=None, packages_select_by_dep=None, packages_skip_by_dep=None, packages_skip_up_to=None, packages_select_build_failed=False, packages_skip_build_finished=False, packages_select_test_failures=False, packages_skip_test_passed=False, packages_select=None, packages_skip=None, packages_select_regex=None, packages_skip_regex=None, packages_start=None, packages_end=None, allow_overriding=[], cmake_args=None, cmake_target=None, cmake_target_skip_unavailable=False, cmake_clean_cache=False, cmake_clean_first=False, cmake_force_configure=False, ament_cmake_args=None, catkin_cmake_args=None, catkin_skip_building_tests=False, mixin_files=None, mixin=None, verb_parser=<colcon_mixin.mixin.mixin_argument.MixinArgumentDecorator object at 0x71f02cb3f970>, verb_extension=<colcon_core.verb.build.BuildVerb object at 0x71f02cb01480>, main=<bound method BuildVerb.main of <colcon_core.verb.build.BuildVerb object at 0x71f02cb01480>>, mixin_verb=('build',))
[0.133s] Level 1:colcon.colcon_core.package_discovery:discover_packages(colcon_meta) check parameters
[0.133s] Level 1:colcon.colcon_core.package_discovery:discover_packages(recursive) check parameters
[0.133s] Level 1:colcon.colcon_core.package_discovery:discover_packages(ignore) check parameters
[0.133s] Level 1:colcon.colcon_core.package_discovery:discover_packages(path) check parameters
[0.133s] Level 1:colcon.colcon_core.package_discovery:discover_packages(colcon_meta) discover
[0.133s] Level 1:colcon.colcon_core.package_discovery:discover_packages(recursive) discover
[0.133s] INFO:colcon.colcon_core.package_discovery:Crawling recursively for packages in '/home/xun/workspace/PX4_ros2/ros2_ws'
[0.133s] Level 1:colcon.colcon_core.package_identification:_identify(.) by extensions ['ignore', 'ignore_ament_install']
[0.133s] Level 1:colcon.colcon_core.package_identification:_identify(.) by extension 'ignore'
[0.133s] Level 1:colcon.colcon_core.package_identification:_identify(.) by extension 'ignore_ament_install'
[0.133s] Level 1:colcon.colcon_core.package_identification:_identify(.) by extensions ['colcon_pkg']
[0.133s] Level 1:colcon.colcon_core.package_identification:_identify(.) by extension 'colcon_pkg'
[0.133s] Level 1:colcon.colcon_core.package_identification:_identify(.) by extensions ['colcon_meta']
[0.133s] Level 1:colcon.colcon_core.package_identification:_identify(.) by extension 'colcon_meta'
[0.133s] Level 1:colcon.colcon_core.package_identification:_identify(.) by extensions ['ros']
[0.133s] Level 1:colcon.colcon_core.package_identification:_identify(.) by extension 'ros'
[0.139s] Level 1:colcon.colcon_core.package_identification:_identify(.) by extensions ['cmake', 'python']
[0.139s] Level 1:colcon.colcon_core.package_identification:_identify(.) by extension 'cmake'
[0.139s] Level 1:colcon.colcon_core.package_identification:_identify(.) by extension 'python'
[0.139s] Level 1:colcon.colcon_core.package_identification:_identify(.) by extensions ['python_setup_py']
[0.139s] Level 1:colcon.colcon_core.package_identification:_identify(.) by extension 'python_setup_py'
[0.139s] Level 1:colcon.colcon_core.package_identification:_identify(build) by extensions ['ignore', 'ignore_ament_install']
[0.139s] Level 1:colcon.colcon_core.package_identification:_identify(build) by extension 'ignore'
[0.139s] Level 1:colcon.colcon_core.package_identification:_identify(build) ignored
[0.139s] Level 1:colcon.colcon_core.package_identification:_identify(install) by extensions ['ignore', 'ignore_ament_install']
[0.139s] Level 1:colcon.colcon_core.package_identification:_identify(install) by extension 'ignore'
[0.139s] Level 1:colcon.colcon_core.package_identification:_identify(install) ignored
[0.139s] Level 1:colcon.colcon_core.package_identification:_identify(log) by extensions ['ignore', 'ignore_ament_install']
[0.139s] Level 1:colcon.colcon_core.package_identification:_identify(log) by extension 'ignore'
[0.139s] Level 1:colcon.colcon_core.package_identification:_identify(log) ignored
[0.139s] Level 1:colcon.colcon_core.package_identification:_identify(src) by extensions ['ignore', 'ignore_ament_install']
[0.139s] Level 1:colcon.colcon_core.package_identification:_identify(src) by extension 'ignore'
[0.139s] Level 1:colcon.colcon_core.package_identification:_identify(src) by extension 'ignore_ament_install'
[0.139s] Level 1:colcon.colcon_core.package_identification:_identify(src) by extensions ['colcon_pkg']
[0.139s] Level 1:colcon.colcon_core.package_identification:_identify(src) by extension 'colcon_pkg'
[0.139s] Level 1:colcon.colcon_core.package_identification:_identify(src) by extensions ['colcon_meta']
[0.139s] Level 1:colcon.colcon_core.package_identification:_identify(src) by extension 'colcon_meta'
[0.139s] Level 1:colcon.colcon_core.package_identification:_identify(src) by extensions ['ros']
[0.139s] Level 1:colcon.colcon_core.package_identification:_identify(src) by extension 'ros'
[0.139s] Level 1:colcon.colcon_core.package_identification:_identify(src) by extensions ['cmake', 'python']
[0.139s] Level 1:colcon.colcon_core.package_identification:_identify(src) by extension 'cmake'
[0.139s] Level 1:colcon.colcon_core.package_identification:_identify(src) by extension 'python'
[0.139s] Level 1:colcon.colcon_core.package_identification:_identify(src) by extensions ['python_setup_py']
[0.139s] Level 1:colcon.colcon_core.package_identification:_identify(src) by extension 'python_setup_py'
[0.139s] Level 1:colcon.colcon_core.package_identification:_identify(src/mission_client) by extensions ['ignore', 'ignore_ament_install']
[0.139s] Level 1:colcon.colcon_core.package_identification:_identify(src/mission_client) by extension 'ignore'
[0.139s] Level 1:colcon.colcon_core.package_identification:_identify(src/mission_client) by extension 'ignore_ament_install'
[0.139s] Level 1:colcon.colcon_core.package_identification:_identify(src/mission_client) by extensions ['colcon_pkg']
[0.139s] Level 1:colcon.colcon_core.package_identification:_identify(src/mission_client) by extension 'colcon_pkg'
[0.139s] Level 1:colcon.colcon_core.package_identification:_identify(src/mission_client) by extensions ['colcon_meta']
[0.139s] Level 1:colcon.colcon_core.package_identification:_identify(src/mission_client) by extension 'colcon_meta'
[0.139s] Level 1:colcon.colcon_core.package_identification:_identify(src/mission_client) by extensions ['ros']
[0.139s] Level 1:colcon.colcon_core.package_identification:_identify(src/mission_client) by extension 'ros'
[0.141s] DEBUG:colcon.colcon_core.package_identification:Package 'src/mission_client' with type 'ros.ament_cmake' and name 'mission_client'
[0.141s] Level 1:colcon.colcon_core.package_identification:_identify(src/px4_control) by extensions ['ignore', 'ignore_ament_install']
[0.141s] Level 1:colcon.colcon_core.package_identification:_identify(src/px4_control) by extension 'ignore'
[0.141s] Level 1:colcon.colcon_core.package_identification:_identify(src/px4_control) by extension 'ignore_ament_install'
[0.141s] Level 1:colcon.colcon_core.package_identification:_identify(src/px4_control) by extensions ['colcon_pkg']
[0.141s] Level 1:colcon.colcon_core.package_identification:_identify(src/px4_control) by extension 'colcon_pkg'
[0.141s] Level 1:colcon.colcon_core.package_identification:_identify(src/px4_control) by extensions ['colcon_meta']
[0.141s] Level 1:colcon.colcon_core.package_identification:_identify(src/px4_control) by extension 'colcon_meta'
[0.141s] Level 1:colcon.colcon_core.package_identification:_identify(src/px4_control) by extensions ['ros']
[0.141s] Level 1:colcon.colcon_core.package_identification:_identify(src/px4_control) by extension 'ros'
[0.141s] DEBUG:colcon.colcon_core.package_identification:Package 'src/px4_control' with type 'ros.ament_python' and name 'px4_control'
[0.141s] Level 1:colcon.colcon_core.package_identification:_identify(src/service_interface) by extensions ['ignore', 'ignore_ament_install']
[0.141s] Level 1:colcon.colcon_core.package_identification:_identify(src/service_interface) by extension 'ignore'
[0.141s] Level 1:colcon.colcon_core.package_identification:_identify(src/service_interface) by extension 'ignore_ament_install'
[0.141s] Level 1:colcon.colcon_core.package_identification:_identify(src/service_interface) by extensions ['colcon_pkg']
[0.141s] Level 1:colcon.colcon_core.package_identification:_identify(src/service_interface) by extension 'colcon_pkg'
[0.141s] Level 1:colcon.colcon_core.package_identification:_identify(src/service_interface) by extensions ['colcon_meta']
[0.141s] Level 1:colcon.colcon_core.package_identification:_identify(src/service_interface) by extension 'colcon_meta'
[0.141s] Level 1:colcon.colcon_core.package_identification:_identify(src/service_interface) by extensions ['ros']
[0.141s] Level 1:colcon.colcon_core.package_identification:_identify(src/service_interface) by extension 'ros'
[0.142s] DEBUG:colcon.colcon_core.package_identification:Package 'src/service_interface' with type 'ros.ament_cmake' and name 'service_interface'
[0.142s] Level 1:colcon.colcon_core.package_discovery:discover_packages(recursive) using defaults
[0.142s] Level 1:colcon.colcon_core.package_discovery:discover_packages(ignore) discover
[0.142s] Level 1:colcon.colcon_core.package_discovery:discover_packages(ignore) using defaults
[0.142s] Level 1:colcon.colcon_core.package_discovery:discover_packages(path) discover
[0.142s] Level 1:colcon.colcon_core.package_discovery:discover_packages(path) using defaults
[0.156s] Level 1:colcon.colcon_core.package_discovery:discover_packages(prefix_path) check parameters
[0.156s] Level 1:colcon.colcon_core.package_discovery:discover_packages(prefix_path) discover
[0.157s] DEBUG:colcon.colcon_installed_package_information.package_discovery:Found 6 installed packages in /home/xun/mavros2_ws/install
[0.158s] DEBUG:colcon.colcon_installed_package_information.package_discovery:Found 372 installed packages in /opt/ros/humble
[0.159s] Level 1:colcon.colcon_core.package_discovery:discover_packages(prefix_path) using defaults
[0.181s] Level 5:colcon.colcon_core.verb:set package 'px4_control' build argument 'cmake_args' from command line to 'None'
[0.181s] Level 5:colcon.colcon_core.verb:set package 'px4_control' build argument 'cmake_target' from command line to 'None'
[0.181s] Level 5:colcon.colcon_core.verb:set package 'px4_control' build argument 'cmake_target_skip_unavailable' from command line to 'False'
[0.181s] Level 5:colcon.colcon_core.verb:set package 'px4_control' build argument 'cmake_clean_cache' from command line to 'False'
[0.181s] Level 5:colcon.colcon_core.verb:set package 'px4_control' build argument 'cmake_clean_first' from command line to 'False'
[0.181s] Level 5:colcon.colcon_core.verb:set package 'px4_control' build argument 'cmake_force_configure' from command line to 'False'
[0.181s] Level 5:colcon.colcon_core.verb:set package 'px4_control' build argument 'ament_cmake_args' from command line to 'None'
[0.181s] Level 5:colcon.colcon_core.verb:set package 'px4_control' build argument 'catkin_cmake_args' from command line to 'None'
[0.181s] Level 5:colcon.colcon_core.verb:set package 'px4_control' build argument 'catkin_skip_building_tests' from command line to 'False'
[0.181s] DEBUG:colcon.colcon_core.verb:Building package 'px4_control' with the following arguments: {'ament_cmake_args': None, 'build_base': '/home/xun/workspace/PX4_ros2/ros2_ws/build/px4_control', 'catkin_cmake_args': None, 'catkin_skip_building_tests': False, 'cmake_args': None, 'cmake_clean_cache': False, 'cmake_clean_first': False, 'cmake_force_configure': False, 'cmake_target': None, 'cmake_target_skip_unavailable': False, 'install_base': '/home/xun/workspace/PX4_ros2/ros2_ws/install/px4_control', 'merge_install': False, 'path': '/home/xun/workspace/PX4_ros2/ros2_ws/src/px4_control', 'symlink_install': False, 'test_result_base': None}
[0.181s] Level 5:colcon.colcon_core.verb:set package 'service_interface' build argument 'cmake_args' from command line to 'None'
[0.181s] Level 5:colcon.colcon_core.verb:set package 'service_interface' build argument 'cmake_target' from command line to 'None'
[0.181s] Level 5:colcon.colcon_core.verb:set package 'service_interface' build argument 'cmake_target_skip_unavailable' from command line to 'False'
[0.181s] Level 5:colcon.colcon_core.verb:set package 'service_interface' build argument 'cmake_clean_cache' from command line to 'False'
[0.181s] Level 5:colcon.colcon_core.verb:set package 'service_interface' build argument 'cmake_clean_first' from command line to 'False'
[0.181s] Level 5:colcon.colcon_core.verb:set package 'service_interface' build argument 'cmake_force_configure' from command line to 'False'
[0.181s] Level 5:colcon.colcon_core.verb:set package 'service_interface' build argument 'ament_cmake_args' from command line to 'None'
[0.181s] Level 5:colcon.colcon_core.verb:set package 'service_interface' build argument 'catkin_cmake_args' from command line to 'None'
[0.181s] Level 5:colcon.colcon_core.verb:set package 'service_interface' build argument 'catkin_skip_building_tests' from command line to 'False'
[0.181s] DEBUG:colcon.colcon_core.verb:Building package 'service_interface' with the following arguments: {'ament_cmake_args': None, 'build_base': '/home/xun/workspace/PX4_ros2/ros2_ws/build/service_interface', 'catkin_cmake_args': None, 'catkin_skip_building_tests': False, 'cmake_args': None, 'cmake_clean_cache': False, 'cmake_clean_first': False, 'cmake_force_configure': False, 'cmake_target': None, 'cmake_target_skip_unavailable': False, 'install_base': '/home/xun/workspace/PX4_ros2/ros2_ws/install/service_interface', 'merge_install': False, 'path': '/home/xun/workspace/PX4_ros2/ros2_ws/src/service_interface', 'symlink_install': False, 'test_result_base': None}
[0.181s] Level 5:colcon.colcon_core.verb:set package 'mission_client' build argument 'cmake_args' from command line to 'None'
[0.181s] Level 5:colcon.colcon_core.verb:set package 'mission_client' build argument 'cmake_target' from command line to 'None'
[0.181s] Level 5:colcon.colcon_core.verb:set package 'mission_client' build argument 'cmake_target_skip_unavailable' from command line to 'False'
[0.181s] Level 5:colcon.colcon_core.verb:set package 'mission_client' build argument 'cmake_clean_cache' from command line to 'False'
[0.181s] Level 5:colcon.colcon_core.verb:set package 'mission_client' build argument 'cmake_clean_first' from command line to 'False'
[0.181s] Level 5:colcon.colcon_core.verb:set package 'mission_client' build argument 'cmake_force_configure' from command line to 'False'
[0.181s] Level 5:colcon.colcon_core.verb:set package 'mission_client' build argument 'ament_cmake_args' from command line to 'None'
[0.181s] Level 5:colcon.colcon_core.verb:set package 'mission_client' build argument 'catkin_cmake_args' from command line to 'None'
[0.181s] Level 5:colcon.colcon_core.verb:set package 'mission_client' build argument 'catkin_skip_building_tests' from command line to 'False'
[0.181s] DEBUG:colcon.colcon_core.verb:Building package 'mission_client' with the following arguments: {'ament_cmake_args': None, 'build_base': '/home/xun/workspace/PX4_ros2/ros2_ws/build/mission_client', 'catkin_cmake_args': None, 'catkin_skip_building_tests': False, 'cmake_args': None, 'cmake_clean_cache': False, 'cmake_clean_first': False, 'cmake_force_configure': False, 'cmake_target': None, 'cmake_target_skip_unavailable': False, 'install_base': '/home/xun/workspace/PX4_ros2/ros2_ws/install/mission_client', 'merge_install': False, 'path': '/home/xun/workspace/PX4_ros2/ros2_ws/src/mission_client', 'symlink_install': False, 'test_result_base': None}
[0.181s] INFO:colcon.colcon_core.executor:Executing jobs using 'parallel' executor
[0.182s] DEBUG:colcon.colcon_parallel_executor.executor.parallel:run_until_complete
[0.182s] INFO:colcon.colcon_ros.task.ament_cmake.build:Building ROS package in '/home/xun/workspace/PX4_ros2/ros2_ws/src/service_interface' with build type 'ament_cmake'
[0.182s] INFO:colcon.colcon_cmake.task.cmake.build:Building CMake package in '/home/xun/workspace/PX4_ros2/ros2_ws/src/service_interface'
[0.183s] INFO:colcon.colcon_core.plugin_system:Skipping extension 'colcon_core.shell.bat': Not used on non-Windows systems
[0.184s] INFO:colcon.colcon_core.shell:Skip shell extension 'powershell' for command environment: Not usable outside of PowerShell
[0.184s] DEBUG:colcon.colcon_core.shell:Skip shell extension 'dsv' for command environment
[0.186s] INFO:colcon.colcon_ros.task.ament_python.build:Building ROS package in '/home/xun/workspace/PX4_ros2/ros2_ws/src/px4_control' with build type 'ament_python'
[0.186s] Level 1:colcon.colcon_core.shell:create_environment_hook('px4_control', 'ament_prefix_path')
[0.186s] INFO:colcon.colcon_core.shell:Creating environment hook '/home/xun/workspace/PX4_ros2/ros2_ws/install/px4_control/share/px4_control/hook/ament_prefix_path.ps1'
[0.186s] INFO:colcon.colcon_core.shell:Creating environment descriptor '/home/xun/workspace/PX4_ros2/ros2_ws/install/px4_control/share/px4_control/hook/ament_prefix_path.dsv'
[0.186s] INFO:colcon.colcon_core.shell:Creating environment hook '/home/xun/workspace/PX4_ros2/ros2_ws/install/px4_control/share/px4_control/hook/ament_prefix_path.sh'
[0.187s] INFO:colcon.colcon_core.shell:Skip shell extension 'powershell' for command environment: Not usable outside of PowerShell
[0.187s] DEBUG:colcon.colcon_core.shell:Skip shell extension 'dsv' for command environment
[0.190s] DEBUG:colcon.colcon_core.event_handler.log_command:Invoking command in '/home/xun/workspace/PX4_ros2/ros2_ws/build/service_interface': CMAKE_PREFIX_PATH=${CMAKE_PREFIX_PATH}:/opt/ros/humble /usr/bin/cmake /home/xun/workspace/PX4_ros2/ros2_ws/src/service_interface -DCMAKE_INSTALL_PREFIX=/home/xun/workspace/PX4_ros2/ros2_ws/install/service_interface
[0.322s] INFO:colcon.colcon_core.task.python.build:Building Python package in '/home/xun/workspace/PX4_ros2/ros2_ws/src/px4_control'
[0.322s] INFO:colcon.colcon_core.shell:Skip shell extension 'powershell' for command environment: Not usable outside of PowerShell
[0.322s] DEBUG:colcon.colcon_core.shell:Skip shell extension 'dsv' for command environment
[0.504s] DEBUG:colcon.colcon_core.event_handler.log_command:Invoking command in '/home/xun/workspace/PX4_ros2/ros2_ws/src/px4_control': PYTHONPATH=/home/xun/workspace/PX4_ros2/ros2_ws/build/px4_control/prefix_override:/usr/lib/python3/dist-packages/colcon_core/task/python/colcon_distutils_commands:/home/xun/workspace/PX4_ros2/ros2_ws/install/px4_control/lib/python3.10/site-packages:${PYTHONPATH} /usr/bin/python3 -W ignore:setup.py install is deprecated -W ignore:easy_install command is deprecated setup.py egg_info --egg-base ../../build/px4_control build --build-base /home/xun/workspace/PX4_ros2/ros2_ws/build/px4_control/build install --record /home/xun/workspace/PX4_ros2/ros2_ws/build/px4_control/install.log --single-version-externally-managed install_data
[0.652s] DEBUG:colcon.colcon_core.event_handler.log_command:Invoked command in '/home/xun/workspace/PX4_ros2/ros2_ws/src/px4_control' returned '0': PYTHONPATH=/home/xun/workspace/PX4_ros2/ros2_ws/build/px4_control/prefix_override:/usr/lib/python3/dist-packages/colcon_core/task/python/colcon_distutils_commands:/home/xun/workspace/PX4_ros2/ros2_ws/install/px4_control/lib/python3.10/site-packages:${PYTHONPATH} /usr/bin/python3 -W ignore:setup.py install is deprecated -W ignore:easy_install command is deprecated setup.py egg_info --egg-base ../../build/px4_control build --build-base /home/xun/workspace/PX4_ros2/ros2_ws/build/px4_control/build install --record /home/xun/workspace/PX4_ros2/ros2_ws/build/px4_control/install.log --single-version-externally-managed install_data
[0.653s] Level 1:colcon.colcon_core.environment:checking '/home/xun/workspace/PX4_ros2/ros2_ws/install/px4_control' for CMake module files
[0.653s] Level 1:colcon.colcon_core.environment:checking '/home/xun/workspace/PX4_ros2/ros2_ws/install/px4_control' for CMake config files
[0.653s] Level 1:colcon.colcon_core.environment:checking '/home/xun/workspace/PX4_ros2/ros2_ws/install/px4_control/lib'
[0.653s] Level 1:colcon.colcon_core.environment:checking '/home/xun/workspace/PX4_ros2/ros2_ws/install/px4_control/bin'
[0.653s] Level 1:colcon.colcon_core.environment:checking '/home/xun/workspace/PX4_ros2/ros2_ws/install/px4_control/lib/pkgconfig/px4_control.pc'
[0.653s] Level 1:colcon.colcon_core.environment:checking '/home/xun/workspace/PX4_ros2/ros2_ws/install/px4_control/lib/python3.10/site-packages'
[0.653s] Level 1:colcon.colcon_core.shell:create_environment_hook('px4_control', 'pythonpath')
[0.654s] INFO:colcon.colcon_core.shell:Creating environment hook '/home/xun/workspace/PX4_ros2/ros2_ws/install/px4_control/share/px4_control/hook/pythonpath.ps1'
[0.654s] INFO:colcon.colcon_core.shell:Creating environment descriptor '/home/xun/workspace/PX4_ros2/ros2_ws/install/px4_control/share/px4_control/hook/pythonpath.dsv'
[0.654s] INFO:colcon.colcon_core.shell:Creating environment hook '/home/xun/workspace/PX4_ros2/ros2_ws/install/px4_control/share/px4_control/hook/pythonpath.sh'
[0.654s] Level 1:colcon.colcon_core.environment:checking '/home/xun/workspace/PX4_ros2/ros2_ws/install/px4_control/bin'
[0.654s] Level 1:colcon.colcon_core.environment:create_environment_scripts_only(px4_control)
[0.654s] INFO:colcon.colcon_core.shell:Creating package script '/home/xun/workspace/PX4_ros2/ros2_ws/install/px4_control/share/px4_control/package.ps1'
[0.655s] INFO:colcon.colcon_core.shell:Creating package descriptor '/home/xun/workspace/PX4_ros2/ros2_ws/install/px4_control/share/px4_control/package.dsv'
[0.655s] INFO:colcon.colcon_core.shell:Creating package script '/home/xun/workspace/PX4_ros2/ros2_ws/install/px4_control/share/px4_control/package.sh'
[0.655s] INFO:colcon.colcon_core.shell:Creating package script '/home/xun/workspace/PX4_ros2/ros2_ws/install/px4_control/share/px4_control/package.bash'
[0.656s] INFO:colcon.colcon_core.shell:Creating package script '/home/xun/workspace/PX4_ros2/ros2_ws/install/px4_control/share/px4_control/package.zsh'
[0.656s] Level 1:colcon.colcon_core.environment:create_file_with_runtime_dependencies(/home/xun/workspace/PX4_ros2/ros2_ws/install/px4_control/share/colcon-core/packages/px4_control)
[1.509s] DEBUG:colcon.colcon_core.event_handler.log_command:Invoked command in '/home/xun/workspace/PX4_ros2/ros2_ws/build/service_interface' returned '0': CMAKE_PREFIX_PATH=${CMAKE_PREFIX_PATH}:/opt/ros/humble /usr/bin/cmake /home/xun/workspace/PX4_ros2/ros2_ws/src/service_interface -DCMAKE_INSTALL_PREFIX=/home/xun/workspace/PX4_ros2/ros2_ws/install/service_interface
[1.511s] DEBUG:colcon.colcon_core.event_handler.log_command:Invoking command in '/home/xun/workspace/PX4_ros2/ros2_ws/build/service_interface': CMAKE_PREFIX_PATH=${CMAKE_PREFIX_PATH}:/opt/ros/humble /usr/bin/cmake --build /home/xun/workspace/PX4_ros2/ros2_ws/build/service_interface -- -j16 -l16
[2.849s] DEBUG:colcon.colcon_core.event_handler.log_command:Invoked command in '/home/xun/workspace/PX4_ros2/ros2_ws/build/service_interface' returned '0': CMAKE_PREFIX_PATH=${CMAKE_PREFIX_PATH}:/opt/ros/humble /usr/bin/cmake --build /home/xun/workspace/PX4_ros2/ros2_ws/build/service_interface -- -j16 -l16
[2.853s] DEBUG:colcon.colcon_core.event_handler.log_command:Invoking command in '/home/xun/workspace/PX4_ros2/ros2_ws/build/service_interface': CMAKE_PREFIX_PATH=${CMAKE_PREFIX_PATH}:/opt/ros/humble /usr/bin/cmake --install /home/xun/workspace/PX4_ros2/ros2_ws/build/service_interface
[2.890s] Level 1:colcon.colcon_core.environment:create_environment_scripts_only(service_interface)
[2.890s] Level 1:colcon.colcon_core.environment:checking '/home/xun/workspace/PX4_ros2/ros2_ws/install/service_interface' for CMake module files
[2.890s] DEBUG:colcon.colcon_core.event_handler.log_command:Invoked command in '/home/xun/workspace/PX4_ros2/ros2_ws/build/service_interface' returned '0': CMAKE_PREFIX_PATH=${CMAKE_PREFIX_PATH}:/opt/ros/humble /usr/bin/cmake --install /home/xun/workspace/PX4_ros2/ros2_ws/build/service_interface
[2.891s] Level 1:colcon.colcon_core.environment:checking '/home/xun/workspace/PX4_ros2/ros2_ws/install/service_interface' for CMake config files
[2.891s] Level 1:colcon.colcon_core.shell:create_environment_hook('service_interface', 'cmake_prefix_path')
[2.891s] INFO:colcon.colcon_core.shell:Creating environment hook '/home/xun/workspace/PX4_ros2/ros2_ws/install/service_interface/share/service_interface/hook/cmake_prefix_path.ps1'
[2.891s] INFO:colcon.colcon_core.shell:Creating environment descriptor '/home/xun/workspace/PX4_ros2/ros2_ws/install/service_interface/share/service_interface/hook/cmake_prefix_path.dsv'
[2.891s] INFO:colcon.colcon_core.shell:Creating environment hook '/home/xun/workspace/PX4_ros2/ros2_ws/install/service_interface/share/service_interface/hook/cmake_prefix_path.sh'
[2.892s] Level 1:colcon.colcon_core.environment:checking '/home/xun/workspace/PX4_ros2/ros2_ws/install/service_interface/lib'
[2.892s] Level 1:colcon.colcon_core.shell:create_environment_hook('service_interface', 'ld_library_path_lib')
[2.892s] INFO:colcon.colcon_core.shell:Creating environment hook '/home/xun/workspace/PX4_ros2/ros2_ws/install/service_interface/share/service_interface/hook/ld_library_path_lib.ps1'
[2.892s] INFO:colcon.colcon_core.shell:Creating environment descriptor '/home/xun/workspace/PX4_ros2/ros2_ws/install/service_interface/share/service_interface/hook/ld_library_path_lib.dsv'
[2.892s] INFO:colcon.colcon_core.shell:Creating environment hook '/home/xun/workspace/PX4_ros2/ros2_ws/install/service_interface/share/service_interface/hook/ld_library_path_lib.sh'
[2.892s] Level 1:colcon.colcon_core.environment:checking '/home/xun/workspace/PX4_ros2/ros2_ws/install/service_interface/bin'
[2.892s] Level 1:colcon.colcon_core.environment:checking '/home/xun/workspace/PX4_ros2/ros2_ws/install/service_interface/lib/pkgconfig/service_interface.pc'
[2.892s] Level 1:colcon.colcon_core.environment:checking '/home/xun/workspace/PX4_ros2/ros2_ws/install/service_interface/lib/python3.10/site-packages'
[2.893s] Level 1:colcon.colcon_core.environment:checking '/home/xun/workspace/PX4_ros2/ros2_ws/install/service_interface/bin'
[2.893s] INFO:colcon.colcon_core.shell:Creating package script '/home/xun/workspace/PX4_ros2/ros2_ws/install/service_interface/share/service_interface/package.ps1'
[2.893s] INFO:colcon.colcon_core.shell:Creating package descriptor '/home/xun/workspace/PX4_ros2/ros2_ws/install/service_interface/share/service_interface/package.dsv'
[2.893s] INFO:colcon.colcon_core.shell:Creating package script '/home/xun/workspace/PX4_ros2/ros2_ws/install/service_interface/share/service_interface/package.sh'
[2.893s] INFO:colcon.colcon_core.shell:Creating package script '/home/xun/workspace/PX4_ros2/ros2_ws/install/service_interface/share/service_interface/package.bash'
[2.894s] INFO:colcon.colcon_core.shell:Creating package script '/home/xun/workspace/PX4_ros2/ros2_ws/install/service_interface/share/service_interface/package.zsh'
[2.894s] Level 1:colcon.colcon_core.environment:create_file_with_runtime_dependencies(/home/xun/workspace/PX4_ros2/ros2_ws/install/service_interface/share/colcon-core/packages/service_interface)
[2.894s] Level 1:colcon.colcon_core.environment:create_environment_scripts_only(service_interface)
[2.894s] Level 1:colcon.colcon_core.environment:checking '/home/xun/workspace/PX4_ros2/ros2_ws/install/service_interface' for CMake module files
[2.894s] Level 1:colcon.colcon_core.environment:checking '/home/xun/workspace/PX4_ros2/ros2_ws/install/service_interface' for CMake config files
[2.895s] Level 1:colcon.colcon_core.shell:create_environment_hook('service_interface', 'cmake_prefix_path')
[2.895s] INFO:colcon.colcon_core.shell:Creating environment hook '/home/xun/workspace/PX4_ros2/ros2_ws/install/service_interface/share/service_interface/hook/cmake_prefix_path.ps1'
[2.895s] INFO:colcon.colcon_core.shell:Creating environment descriptor '/home/xun/workspace/PX4_ros2/ros2_ws/install/service_interface/share/service_interface/hook/cmake_prefix_path.dsv'
[2.895s] INFO:colcon.colcon_core.shell:Creating environment hook '/home/xun/workspace/PX4_ros2/ros2_ws/install/service_interface/share/service_interface/hook/cmake_prefix_path.sh'
[2.895s] Level 1:colcon.colcon_core.environment:checking '/home/xun/workspace/PX4_ros2/ros2_ws/install/service_interface/lib'
[2.895s] Level 1:colcon.colcon_core.shell:create_environment_hook('service_interface', 'ld_library_path_lib')
[2.895s] INFO:colcon.colcon_core.shell:Creating environment hook '/home/xun/workspace/PX4_ros2/ros2_ws/install/service_interface/share/service_interface/hook/ld_library_path_lib.ps1'
[2.895s] INFO:colcon.colcon_core.shell:Creating environment descriptor '/home/xun/workspace/PX4_ros2/ros2_ws/install/service_interface/share/service_interface/hook/ld_library_path_lib.dsv'
[2.896s] INFO:colcon.colcon_core.shell:Creating environment hook '/home/xun/workspace/PX4_ros2/ros2_ws/install/service_interface/share/service_interface/hook/ld_library_path_lib.sh'
[2.896s] Level 1:colcon.colcon_core.environment:checking '/home/xun/workspace/PX4_ros2/ros2_ws/install/service_interface/bin'
[2.896s] Level 1:colcon.colcon_core.environment:checking '/home/xun/workspace/PX4_ros2/ros2_ws/install/service_interface/lib/pkgconfig/service_interface.pc'
[2.896s] Level 1:colcon.colcon_core.environment:checking '/home/xun/workspace/PX4_ros2/ros2_ws/install/service_interface/lib/python3.10/site-packages'
[2.896s] Level 1:colcon.colcon_core.environment:checking '/home/xun/workspace/PX4_ros2/ros2_ws/install/service_interface/bin'
[2.896s] INFO:colcon.colcon_core.shell:Creating package script '/home/xun/workspace/PX4_ros2/ros2_ws/install/service_interface/share/service_interface/package.ps1'
[2.896s] INFO:colcon.colcon_core.shell:Creating package descriptor '/home/xun/workspace/PX4_ros2/ros2_ws/install/service_interface/share/service_interface/package.dsv'
[2.897s] INFO:colcon.colcon_core.shell:Creating package script '/home/xun/workspace/PX4_ros2/ros2_ws/install/service_interface/share/service_interface/package.sh'
[2.897s] INFO:colcon.colcon_core.shell:Creating package script '/home/xun/workspace/PX4_ros2/ros2_ws/install/service_interface/share/service_interface/package.bash'
[2.897s] INFO:colcon.colcon_core.shell:Creating package script '/home/xun/workspace/PX4_ros2/ros2_ws/install/service_interface/share/service_interface/package.zsh'
[2.897s] Level 1:colcon.colcon_core.environment:create_file_with_runtime_dependencies(/home/xun/workspace/PX4_ros2/ros2_ws/install/service_interface/share/colcon-core/packages/service_interface)
[2.898s] INFO:colcon.colcon_ros.task.ament_cmake.build:Building ROS package in '/home/xun/workspace/PX4_ros2/ros2_ws/src/mission_client' with build type 'ament_cmake'
[2.898s] INFO:colcon.colcon_cmake.task.cmake.build:Building CMake package in '/home/xun/workspace/PX4_ros2/ros2_ws/src/mission_client'
[2.898s] INFO:colcon.colcon_core.shell:Skip shell extension 'powershell' for command environment: Not usable outside of PowerShell
[2.898s] DEBUG:colcon.colcon_core.shell:Skip shell extension 'dsv' for command environment
[2.905s] DEBUG:colcon.colcon_core.event_handler.log_command:Invoking command in '/home/xun/workspace/PX4_ros2/ros2_ws/build/mission_client': AMENT_PREFIX_PATH=/home/xun/workspace/PX4_ros2/ros2_ws/install/service_interface:${AMENT_PREFIX_PATH} CMAKE_PREFIX_PATH=/home/xun/workspace/PX4_ros2/ros2_ws/install/service_interface:/home/xun/mavros2_ws/install/mavros_extras:/home/xun/mavros2_ws/install/mavros_examples:/home/xun/mavros2_ws/install/mavros:/home/xun/mavros2_ws/install/mavros_msgs:/home/xun/mavros2_ws/install/libmavconn:/home/xun/mavros2_ws/install/mavlink:/opt/ros/humble LD_LIBRARY_PATH=/home/xun/workspace/PX4_ros2/ros2_ws/install/service_interface/lib:/home/xun/mavros2_ws/install/mavros_extras/lib:/home/xun/mavros2_ws/install/mavros/lib:/home/xun/mavros2_ws/install/mavros_msgs/lib:/home/xun/mavros2_ws/install/libmavconn/lib:/usr/lib/x86_64-linux-gnu/gazebo-11/plugins:/opt/ros/humble/opt/rviz_ogre_vendor/lib:/opt/ros/humble/lib/x86_64-linux-gnu:/opt/ros/humble/lib:/usr/lib/x86_64-linux-gnu/gazebo-11/plugins PYTHONPATH=/home/xun/workspace/PX4_ros2/ros2_ws/install/service_interface/local/lib/python3.10/dist-packages:${PYTHONPATH} /usr/bin/cmake /home/xun/workspace/PX4_ros2/ros2_ws/src/mission_client -DCMAKE_INSTALL_PREFIX=/home/xun/workspace/PX4_ros2/ros2_ws/install/mission_client
[3.644s] DEBUG:colcon.colcon_core.event_handler.log_command:Invoked command in '/home/xun/workspace/PX4_ros2/ros2_ws/build/mission_client' returned '0': AMENT_PREFIX_PATH=/home/xun/workspace/PX4_ros2/ros2_ws/install/service_interface:${AMENT_PREFIX_PATH} CMAKE_PREFIX_PATH=/home/xun/workspace/PX4_ros2/ros2_ws/install/service_interface:/home/xun/mavros2_ws/install/mavros_extras:/home/xun/mavros2_ws/install/mavros_examples:/home/xun/mavros2_ws/install/mavros:/home/xun/mavros2_ws/install/mavros_msgs:/home/xun/mavros2_ws/install/libmavconn:/home/xun/mavros2_ws/install/mavlink:/opt/ros/humble LD_LIBRARY_PATH=/home/xun/workspace/PX4_ros2/ros2_ws/install/service_interface/lib:/home/xun/mavros2_ws/install/mavros_extras/lib:/home/xun/mavros2_ws/install/mavros/lib:/home/xun/mavros2_ws/install/mavros_msgs/lib:/home/xun/mavros2_ws/install/libmavconn/lib:/usr/lib/x86_64-linux-gnu/gazebo-11/plugins:/opt/ros/humble/opt/rviz_ogre_vendor/lib:/opt/ros/humble/lib/x86_64-linux-gnu:/opt/ros/humble/lib:/usr/lib/x86_64-linux-gnu/gazebo-11/plugins PYTHONPATH=/home/xun/workspace/PX4_ros2/ros2_ws/install/service_interface/local/lib/python3.10/dist-packages:${PYTHONPATH} /usr/bin/cmake /home/xun/workspace/PX4_ros2/ros2_ws/src/mission_client -DCMAKE_INSTALL_PREFIX=/home/xun/workspace/PX4_ros2/ros2_ws/install/mission_client
[3.644s] DEBUG:colcon.colcon_core.event_handler.log_command:Invoking command in '/home/xun/workspace/PX4_ros2/ros2_ws/build/mission_client': AMENT_PREFIX_PATH=/home/xun/workspace/PX4_ros2/ros2_ws/install/service_interface:${AMENT_PREFIX_PATH} CMAKE_PREFIX_PATH=/home/xun/workspace/PX4_ros2/ros2_ws/install/service_interface:/home/xun/mavros2_ws/install/mavros_extras:/home/xun/mavros2_ws/install/mavros_examples:/home/xun/mavros2_ws/install/mavros:/home/xun/mavros2_ws/install/mavros_msgs:/home/xun/mavros2_ws/install/libmavconn:/home/xun/mavros2_ws/install/mavlink:/opt/ros/humble LD_LIBRARY_PATH=/home/xun/workspace/PX4_ros2/ros2_ws/install/service_interface/lib:/home/xun/mavros2_ws/install/mavros_extras/lib:/home/xun/mavros2_ws/install/mavros/lib:/home/xun/mavros2_ws/install/mavros_msgs/lib:/home/xun/mavros2_ws/install/libmavconn/lib:/usr/lib/x86_64-linux-gnu/gazebo-11/plugins:/opt/ros/humble/opt/rviz_ogre_vendor/lib:/opt/ros/humble/lib/x86_64-linux-gnu:/opt/ros/humble/lib:/usr/lib/x86_64-linux-gnu/gazebo-11/plugins PYTHONPATH=/home/xun/workspace/PX4_ros2/ros2_ws/install/service_interface/local/lib/python3.10/dist-packages:${PYTHONPATH} /usr/bin/cmake --build /home/xun/workspace/PX4_ros2/ros2_ws/build/mission_client -- -j16 -l16
[5.873s] DEBUG:colcon.colcon_core.event_handler.log_command:Invoked command in '/home/xun/workspace/PX4_ros2/ros2_ws/build/mission_client' returned '0': AMENT_PREFIX_PATH=/home/xun/workspace/PX4_ros2/ros2_ws/install/service_interface:${AMENT_PREFIX_PATH} CMAKE_PREFIX_PATH=/home/xun/workspace/PX4_ros2/ros2_ws/install/service_interface:/home/xun/mavros2_ws/install/mavros_extras:/home/xun/mavros2_ws/install/mavros_examples:/home/xun/mavros2_ws/install/mavros:/home/xun/mavros2_ws/install/mavros_msgs:/home/xun/mavros2_ws/install/libmavconn:/home/xun/mavros2_ws/install/mavlink:/opt/ros/humble LD_LIBRARY_PATH=/home/xun/workspace/PX4_ros2/ros2_ws/install/service_interface/lib:/home/xun/mavros2_ws/install/mavros_extras/lib:/home/xun/mavros2_ws/install/mavros/lib:/home/xun/mavros2_ws/install/mavros_msgs/lib:/home/xun/mavros2_ws/install/libmavconn/lib:/usr/lib/x86_64-linux-gnu/gazebo-11/plugins:/opt/ros/humble/opt/rviz_ogre_vendor/lib:/opt/ros/humble/lib/x86_64-linux-gnu:/opt/ros/humble/lib:/usr/lib/x86_64-linux-gnu/gazebo-11/plugins PYTHONPATH=/home/xun/workspace/PX4_ros2/ros2_ws/install/service_interface/local/lib/python3.10/dist-packages:${PYTHONPATH} /usr/bin/cmake --build /home/xun/workspace/PX4_ros2/ros2_ws/build/mission_client -- -j16 -l16
[5.875s] DEBUG:colcon.colcon_core.event_handler.log_command:Invoking command in '/home/xun/workspace/PX4_ros2/ros2_ws/build/mission_client': AMENT_PREFIX_PATH=/home/xun/workspace/PX4_ros2/ros2_ws/install/service_interface:${AMENT_PREFIX_PATH} CMAKE_PREFIX_PATH=/home/xun/workspace/PX4_ros2/ros2_ws/install/service_interface:/home/xun/mavros2_ws/install/mavros_extras:/home/xun/mavros2_ws/install/mavros_examples:/home/xun/mavros2_ws/install/mavros:/home/xun/mavros2_ws/install/mavros_msgs:/home/xun/mavros2_ws/install/libmavconn:/home/xun/mavros2_ws/install/mavlink:/opt/ros/humble LD_LIBRARY_PATH=/home/xun/workspace/PX4_ros2/ros2_ws/install/service_interface/lib:/home/xun/mavros2_ws/install/mavros_extras/lib:/home/xun/mavros2_ws/install/mavros/lib:/home/xun/mavros2_ws/install/mavros_msgs/lib:/home/xun/mavros2_ws/install/libmavconn/lib:/usr/lib/x86_64-linux-gnu/gazebo-11/plugins:/opt/ros/humble/opt/rviz_ogre_vendor/lib:/opt/ros/humble/lib/x86_64-linux-gnu:/opt/ros/humble/lib:/usr/lib/x86_64-linux-gnu/gazebo-11/plugins PYTHONPATH=/home/xun/workspace/PX4_ros2/ros2_ws/install/service_interface/local/lib/python3.10/dist-packages:${PYTHONPATH} /usr/bin/cmake --install /home/xun/workspace/PX4_ros2/ros2_ws/build/mission_client
[5.881s] Level 1:colcon.colcon_core.environment:create_environment_scripts_only(mission_client)
[5.881s] Level 1:colcon.colcon_core.environment:checking '/home/xun/workspace/PX4_ros2/ros2_ws/install/mission_client' for CMake module files
[5.881s] DEBUG:colcon.colcon_core.event_handler.log_command:Invoked command in '/home/xun/workspace/PX4_ros2/ros2_ws/build/mission_client' returned '0': AMENT_PREFIX_PATH=/home/xun/workspace/PX4_ros2/ros2_ws/install/service_interface:${AMENT_PREFIX_PATH} CMAKE_PREFIX_PATH=/home/xun/workspace/PX4_ros2/ros2_ws/install/service_interface:/home/xun/mavros2_ws/install/mavros_extras:/home/xun/mavros2_ws/install/mavros_examples:/home/xun/mavros2_ws/install/mavros:/home/xun/mavros2_ws/install/mavros_msgs:/home/xun/mavros2_ws/install/libmavconn:/home/xun/mavros2_ws/install/mavlink:/opt/ros/humble LD_LIBRARY_PATH=/home/xun/workspace/PX4_ros2/ros2_ws/install/service_interface/lib:/home/xun/mavros2_ws/install/mavros_extras/lib:/home/xun/mavros2_ws/install/mavros/lib:/home/xun/mavros2_ws/install/mavros_msgs/lib:/home/xun/mavros2_ws/install/libmavconn/lib:/usr/lib/x86_64-linux-gnu/gazebo-11/plugins:/opt/ros/humble/opt/rviz_ogre_vendor/lib:/opt/ros/humble/lib/x86_64-linux-gnu:/opt/ros/humble/lib:/usr/lib/x86_64-linux-gnu/gazebo-11/plugins PYTHONPATH=/home/xun/workspace/PX4_ros2/ros2_ws/install/service_interface/local/lib/python3.10/dist-packages:${PYTHONPATH} /usr/bin/cmake --install /home/xun/workspace/PX4_ros2/ros2_ws/build/mission_client
[5.882s] Level 1:colcon.colcon_core.environment:checking '/home/xun/workspace/PX4_ros2/ros2_ws/install/mission_client' for CMake config files
[5.882s] Level 1:colcon.colcon_core.shell:create_environment_hook('mission_client', 'cmake_prefix_path')
[5.882s] INFO:colcon.colcon_core.shell:Creating environment hook '/home/xun/workspace/PX4_ros2/ros2_ws/install/mission_client/share/mission_client/hook/cmake_prefix_path.ps1'
[5.882s] INFO:colcon.colcon_core.shell:Creating environment descriptor '/home/xun/workspace/PX4_ros2/ros2_ws/install/mission_client/share/mission_client/hook/cmake_prefix_path.dsv'
[5.882s] INFO:colcon.colcon_core.shell:Creating environment hook '/home/xun/workspace/PX4_ros2/ros2_ws/install/mission_client/share/mission_client/hook/cmake_prefix_path.sh'
[5.882s] Level 1:colcon.colcon_core.environment:checking '/home/xun/workspace/PX4_ros2/ros2_ws/install/mission_client/lib'
[5.882s] Level 1:colcon.colcon_core.environment:checking '/home/xun/workspace/PX4_ros2/ros2_ws/install/mission_client/bin'
[5.882s] Level 1:colcon.colcon_core.environment:checking '/home/xun/workspace/PX4_ros2/ros2_ws/install/mission_client/lib/pkgconfig/mission_client.pc'
[5.883s] Level 1:colcon.colcon_core.environment:checking '/home/xun/workspace/PX4_ros2/ros2_ws/install/mission_client/lib/python3.10/site-packages'
[5.883s] Level 1:colcon.colcon_core.environment:checking '/home/xun/workspace/PX4_ros2/ros2_ws/install/mission_client/bin'
[5.883s] INFO:colcon.colcon_core.shell:Creating package script '/home/xun/workspace/PX4_ros2/ros2_ws/install/mission_client/share/mission_client/package.ps1'
[5.883s] INFO:colcon.colcon_core.shell:Creating package descriptor '/home/xun/workspace/PX4_ros2/ros2_ws/install/mission_client/share/mission_client/package.dsv'
[5.883s] INFO:colcon.colcon_core.shell:Creating package script '/home/xun/workspace/PX4_ros2/ros2_ws/install/mission_client/share/mission_client/package.sh'
[5.884s] INFO:colcon.colcon_core.shell:Creating package script '/home/xun/workspace/PX4_ros2/ros2_ws/install/mission_client/share/mission_client/package.bash'
[5.884s] INFO:colcon.colcon_core.shell:Creating package script '/home/xun/workspace/PX4_ros2/ros2_ws/install/mission_client/share/mission_client/package.zsh'
[5.884s] Level 1:colcon.colcon_core.environment:create_file_with_runtime_dependencies(/home/xun/workspace/PX4_ros2/ros2_ws/install/mission_client/share/colcon-core/packages/mission_client)
[5.884s] Level 1:colcon.colcon_core.environment:create_environment_scripts_only(mission_client)
[5.884s] Level 1:colcon.colcon_core.environment:checking '/home/xun/workspace/PX4_ros2/ros2_ws/install/mission_client' for CMake module files
[5.885s] Level 1:colcon.colcon_core.environment:checking '/home/xun/workspace/PX4_ros2/ros2_ws/install/mission_client' for CMake config files
[5.885s] Level 1:colcon.colcon_core.shell:create_environment_hook('mission_client', 'cmake_prefix_path')
[5.885s] INFO:colcon.colcon_core.shell:Creating environment hook '/home/xun/workspace/PX4_ros2/ros2_ws/install/mission_client/share/mission_client/hook/cmake_prefix_path.ps1'
[5.885s] INFO:colcon.colcon_core.shell:Creating environment descriptor '/home/xun/workspace/PX4_ros2/ros2_ws/install/mission_client/share/mission_client/hook/cmake_prefix_path.dsv'
[5.885s] INFO:colcon.colcon_core.shell:Creating environment hook '/home/xun/workspace/PX4_ros2/ros2_ws/install/mission_client/share/mission_client/hook/cmake_prefix_path.sh'
[5.885s] Level 1:colcon.colcon_core.environment:checking '/home/xun/workspace/PX4_ros2/ros2_ws/install/mission_client/lib'
[5.885s] Level 1:colcon.colcon_core.environment:checking '/home/xun/workspace/PX4_ros2/ros2_ws/install/mission_client/bin'
[5.885s] Level 1:colcon.colcon_core.environment:checking '/home/xun/workspace/PX4_ros2/ros2_ws/install/mission_client/lib/pkgconfig/mission_client.pc'
[5.886s] Level 1:colcon.colcon_core.environment:checking '/home/xun/workspace/PX4_ros2/ros2_ws/install/mission_client/lib/python3.10/site-packages'
[5.886s] Level 1:colcon.colcon_core.environment:checking '/home/xun/workspace/PX4_ros2/ros2_ws/install/mission_client/bin'
[5.886s] INFO:colcon.colcon_core.shell:Creating package script '/home/xun/workspace/PX4_ros2/ros2_ws/install/mission_client/share/mission_client/package.ps1'
[5.886s] INFO:colcon.colcon_core.shell:Creating package descriptor '/home/xun/workspace/PX4_ros2/ros2_ws/install/mission_client/share/mission_client/package.dsv'
[5.886s] INFO:colcon.colcon_core.shell:Creating package script '/home/xun/workspace/PX4_ros2/ros2_ws/install/mission_client/share/mission_client/package.sh'
[5.886s] INFO:colcon.colcon_core.shell:Creating package script '/home/xun/workspace/PX4_ros2/ros2_ws/install/mission_client/share/mission_client/package.bash'
[5.887s] INFO:colcon.colcon_core.shell:Creating package script '/home/xun/workspace/PX4_ros2/ros2_ws/install/mission_client/share/mission_client/package.zsh'
[5.887s] Level 1:colcon.colcon_core.environment:create_file_with_runtime_dependencies(/home/xun/workspace/PX4_ros2/ros2_ws/install/mission_client/share/colcon-core/packages/mission_client)
[5.887s] DEBUG:colcon.colcon_parallel_executor.executor.parallel:closing loop
[5.887s] DEBUG:colcon.colcon_parallel_executor.executor.parallel:loop closed
[5.887s] DEBUG:colcon.colcon_parallel_executor.executor.parallel:run_until_complete finished with '0'
[5.887s] DEBUG:colcon.colcon_core.event_reactor:joining thread
[5.890s] INFO:colcon.colcon_core.plugin_system:Skipping extension 'colcon_notification.desktop_notification.terminal_notifier': Not used on non-Darwin systems
[5.890s] INFO:colcon.colcon_core.plugin_system:Skipping extension 'colcon_notification.desktop_notification.win32': Not used on non-Windows systems
[5.890s] INFO:colcon.colcon_notification.desktop_notification:Sending desktop notification using 'notify2'
[5.900s] DEBUG:colcon.colcon_core.event_reactor:joined thread
[5.901s] INFO:colcon.colcon_core.shell:Creating prefix script '/home/xun/workspace/PX4_ros2/ros2_ws/install/local_setup.ps1'
[5.901s] INFO:colcon.colcon_core.shell:Creating prefix util module '/home/xun/workspace/PX4_ros2/ros2_ws/install/_local_setup_util_ps1.py'
[5.902s] INFO:colcon.colcon_core.shell:Creating prefix chain script '/home/xun/workspace/PX4_ros2/ros2_ws/install/setup.ps1'
[5.903s] INFO:colcon.colcon_core.shell:Creating prefix script '/home/xun/workspace/PX4_ros2/ros2_ws/install/local_setup.sh'
[5.903s] INFO:colcon.colcon_core.shell:Creating prefix util module '/home/xun/workspace/PX4_ros2/ros2_ws/install/_local_setup_util_sh.py'
[5.903s] INFO:colcon.colcon_core.shell:Creating prefix chain script '/home/xun/workspace/PX4_ros2/ros2_ws/install/setup.sh'
[5.904s] INFO:colcon.colcon_core.shell:Creating prefix script '/home/xun/workspace/PX4_ros2/ros2_ws/install/local_setup.bash'
[5.904s] INFO:colcon.colcon_core.shell:Creating prefix chain script '/home/xun/workspace/PX4_ros2/ros2_ws/install/setup.bash'
[5.904s] INFO:colcon.colcon_core.shell:Creating prefix script '/home/xun/workspace/PX4_ros2/ros2_ws/install/local_setup.zsh'
[5.905s] INFO:colcon.colcon_core.shell:Creating prefix chain script '/home/xun/workspace/PX4_ros2/ros2_ws/install/setup.zsh'
