[0.130s] Invoking command in '/home/chenhuixu/PX4_ros2/ros2_ws/src/build/service_interface': CMAKE_PREFIX_PATH=${CMAKE_PREFIX_PATH}:/home/chenhuixu/PX4_ros2/ros2_ws/src/install/px4_control:/opt/ros/jazzy DEBUGINFOD_URLS=https://debuginfod.ubuntu.com /usr/bin/cmake --build /home/chenhuixu/PX4_ros2/ros2_ws/src/build/service_interface -- -j16 -l16
[0.152s] -- Found ament_cmake: 2.5.4 (/opt/ros/jazzy/share/ament_cmake/cmake)
[0.228s] -- Found rosidl_default_generators: 1.6.0 (/opt/ros/jazzy/share/rosidl_default_generators/cmake)
[0.229s] -- Using all available rosidl_typesupport_c: rosidl_typesupport_fastrtps_c;rosidl_typesupport_introspection_c
[0.253s] -- Using all available rosidl_typesupport_cpp: rosidl_typesupport_fastrtps_cpp;rosidl_typesupport_introspection_cpp
[0.269s] -- Found rosidl_adapter: 4.6.6 (/opt/ros/jazzy/share/rosidl_adapter/cmake)
[0.466s] -- Found ament_cmake_ros: 0.12.0 (/opt/ros/jazzy/share/ament_cmake_ros/cmake)
[0.534s] -- Using all available rosidl_typesupport_c: rosidl_typesupport_fastrtps_c;rosidl_typesupport_introspection_c
[0.622s] -- Using all available rosidl_typesupport_cpp: rosidl_typesupport_fastrtps_cpp;rosidl_typesupport_introspection_cpp
[0.622s] -- Found python_cmake_module: 0.11.1 (/opt/ros/jazzy/share/python_cmake_module/cmake)
[0.871s] -- Found Python3: /usr/bin/python3 (found version "3.12.3") found components: Interpreter Development NumPy Development.Module Development.Embed 
[0.877s] -- Found ament_lint_auto: 0.17.3 (/opt/ros/jazzy/share/ament_lint_auto/cmake)
[0.882s] -- Added test 'lint_cmake' to check CMake code style
[0.883s] -- Added test 'xmllint' to check XML markup files
[0.884s] -- Configuring done (0.7s)
[0.910s] -- Generating done (0.0s)
[0.920s] -- Build files have been written to: /home/chenhuixu/PX4_ros2/ros2_ws/src/build/service_interface
[0.956s] [  1%] [34m[1mGenerating type hashes for ROS interfaces[0m
[0.962s] [  1%] Built target ament_cmake_python_copy_service_interface
[1.086s] running egg_info
[1.088s] [  1%] Built target service_interface__rosidl_generator_type_description
[1.096s] writing service_interface.egg-info/PKG-INFO
[1.096s] writing dependency_links to service_interface.egg-info/dependency_links.txt
[1.096s] writing top-level names to service_interface.egg-info/top_level.txt
[1.098s] [  3%] [34m[1mGenerating C code for ROS interfaces[0m
[1.111s] [  5%] [34m[1mGenerating C++ code for ROS interfaces[0m
[1.128s] reading manifest file 'service_interface.egg-info/SOURCES.txt'
[1.128s] writing manifest file 'service_interface.egg-info/SOURCES.txt'
[1.153s] [  5%] Built target ament_cmake_python_build_service_interface_egg
[1.362s] [  5%] Built target service_interface__cpp
[1.399s] [ 20%] [32mBuilding C object CMakeFiles/service_interface__rosidl_generator_c.dir/rosidl_generator_c/service_interface/srv/detail/takeoff__functions.c.o[0m
[1.399s] [ 20%] [32mBuilding C object CMakeFiles/service_interface__rosidl_generator_c.dir/rosidl_generator_c/service_interface/srv/detail/takeoff__description.c.o[0m
[1.399s] [ 20%] [32mBuilding C object CMakeFiles/service_interface__rosidl_generator_c.dir/rosidl_generator_c/service_interface/srv/detail/takeoff__type_support.c.o[0m
[1.399s] [ 20%] [32mBuilding C object CMakeFiles/service_interface__rosidl_generator_c.dir/rosidl_generator_c/service_interface/srv/detail/move__type_support.c.o[0m
[1.399s] [ 20%] [32mBuilding C object CMakeFiles/service_interface__rosidl_generator_c.dir/rosidl_generator_c/service_interface/srv/detail/land__functions.c.o[0m
[1.399s] [ 20%] [32mBuilding C object CMakeFiles/service_interface__rosidl_generator_c.dir/rosidl_generator_c/service_interface/srv/detail/move__functions.c.o[0m
[1.399s] [ 20%] [32mBuilding C object CMakeFiles/service_interface__rosidl_generator_c.dir/rosidl_generator_c/service_interface/srv/detail/land__description.c.o[0m
[1.400s] [ 20%] [32mBuilding C object CMakeFiles/service_interface__rosidl_generator_c.dir/rosidl_generator_c/service_interface/srv/detail/move__description.c.o[0m
[1.400s] [ 22%] [32mBuilding C object CMakeFiles/service_interface__rosidl_generator_c.dir/rosidl_generator_c/service_interface/srv/detail/land__type_support.c.o[0m
[1.453s] [ 24%] [32m[1mLinking C shared library libservice_interface__rosidl_generator_c.so[0m
[1.486s] [ 24%] Built target service_interface__rosidl_generator_c
[1.494s] [ 33%] [34m[1mGenerating C++ type support for eProsima Fast-RTPS[0m
[1.494s] [ 33%] [34m[1mGenerating C++ type support dispatch for ROS interfaces[0m
[1.494s] [ 33%] [34m[1mGenerating C++ introspection for ROS interfaces[0m
[1.494s] [ 33%] [34m[1mGenerating C type support dispatch for ROS interfaces[0m
[1.494s] [ 33%] [34m[1mGenerating C introspection for ROS interfaces[0m
[1.494s] [ 35%] [34m[1mGenerating C type support for eProsima Fast-RTPS[0m
[1.683s] [ 40%] [32mBuilding CXX object CMakeFiles/service_interface__rosidl_typesupport_c.dir/rosidl_typesupport_c/service_interface/srv/move__type_support.cpp.o[0m
[1.683s] [ 40%] [32mBuilding CXX object CMakeFiles/service_interface__rosidl_typesupport_c.dir/rosidl_typesupport_c/service_interface/srv/land__type_support.cpp.o[0m
[1.683s] [ 40%] [32mBuilding CXX object CMakeFiles/service_interface__rosidl_typesupport_c.dir/rosidl_typesupport_c/service_interface/srv/takeoff__type_support.cpp.o[0m
[1.689s] [ 46%] [32mBuilding CXX object CMakeFiles/service_interface__rosidl_typesupport_cpp.dir/rosidl_typesupport_cpp/service_interface/srv/move__type_support.cpp.o[0m
[1.689s] [ 46%] [32mBuilding CXX object CMakeFiles/service_interface__rosidl_typesupport_cpp.dir/rosidl_typesupport_cpp/service_interface/srv/land__type_support.cpp.o[0m
[1.689s] [ 46%] [32mBuilding CXX object CMakeFiles/service_interface__rosidl_typesupport_cpp.dir/rosidl_typesupport_cpp/service_interface/srv/takeoff__type_support.cpp.o[0m
[1.725s] [ 48%] [32m[1mLinking CXX shared library libservice_interface__rosidl_typesupport_c.so[0m
[1.729s] [ 51%] [32mBuilding CXX object CMakeFiles/service_interface__rosidl_typesupport_introspection_cpp.dir/rosidl_typesupport_introspection_cpp/service_interface/srv/detail/move__type_support.cpp.o[0m
[1.729s] [ 51%] [32mBuilding CXX object CMakeFiles/service_interface__rosidl_typesupport_introspection_cpp.dir/rosidl_typesupport_introspection_cpp/service_interface/srv/detail/takeoff__type_support.cpp.o[0m
[1.729s] [ 53%] [32mBuilding CXX object CMakeFiles/service_interface__rosidl_typesupport_introspection_cpp.dir/rosidl_typesupport_introspection_cpp/service_interface/srv/detail/land__type_support.cpp.o[0m
[1.740s] [ 55%] [32mBuilding C object CMakeFiles/service_interface__rosidl_typesupport_introspection_c.dir/rosidl_typesupport_introspection_c/service_interface/srv/detail/takeoff__type_support.c.o[0m
[1.740s] [ 57%] [32mBuilding C object CMakeFiles/service_interface__rosidl_typesupport_introspection_c.dir/rosidl_typesupport_introspection_c/service_interface/srv/detail/move__type_support.c.o[0m
[1.740s] [ 59%] [32mBuilding C object CMakeFiles/service_interface__rosidl_typesupport_introspection_c.dir/rosidl_typesupport_introspection_c/service_interface/srv/detail/land__type_support.c.o[0m
[1.765s] [ 59%] Built target service_interface__rosidl_typesupport_c
[1.786s] [ 61%] [32m[1mLinking C shared library libservice_interface__rosidl_typesupport_introspection_c.so[0m
[1.811s] [ 66%] [32mBuilding CXX object CMakeFiles/service_interface__rosidl_typesupport_fastrtps_cpp.dir/rosidl_typesupport_fastrtps_cpp/service_interface/srv/detail/dds_fastrtps/move__type_support.cpp.o[0m
[1.812s] [ 66%] [32mBuilding CXX object CMakeFiles/service_interface__rosidl_typesupport_fastrtps_cpp.dir/rosidl_typesupport_fastrtps_cpp/service_interface/srv/detail/dds_fastrtps/takeoff__type_support.cpp.o[0m
[1.812s] [ 66%] [32mBuilding CXX object CMakeFiles/service_interface__rosidl_typesupport_fastrtps_cpp.dir/rosidl_typesupport_fastrtps_cpp/service_interface/srv/detail/dds_fastrtps/land__type_support.cpp.o[0m
[1.819s] [ 66%] Built target service_interface__rosidl_typesupport_introspection_c
[1.868s] [ 72%] [32mBuilding CXX object CMakeFiles/service_interface__rosidl_typesupport_fastrtps_c.dir/rosidl_typesupport_fastrtps_c/service_interface/srv/detail/land__type_support_c.cpp.o[0m
[1.868s] [ 72%] [32mBuilding CXX object CMakeFiles/service_interface__rosidl_typesupport_fastrtps_c.dir/rosidl_typesupport_fastrtps_c/service_interface/srv/detail/takeoff__type_support_c.cpp.o[0m
[1.868s] [ 72%] [32mBuilding CXX object CMakeFiles/service_interface__rosidl_typesupport_fastrtps_c.dir/rosidl_typesupport_fastrtps_c/service_interface/srv/detail/move__type_support_c.cpp.o[0m
[2.000s] [ 74%] [32m[1mLinking CXX shared library libservice_interface__rosidl_typesupport_cpp.so[0m
[2.046s] [ 75%] [32m[1mLinking CXX shared library libservice_interface__rosidl_typesupport_introspection_cpp.so[0m
[2.076s] [ 75%] Built target service_interface__rosidl_typesupport_cpp
[2.113s] [ 75%] Built target service_interface__rosidl_typesupport_introspection_cpp
[2.235s] [ 77%] [32m[1mLinking CXX shared library libservice_interface__rosidl_typesupport_fastrtps_c.so[0m
[2.257s] [ 79%] [32m[1mLinking CXX shared library libservice_interface__rosidl_typesupport_fastrtps_cpp.so[0m
[2.288s] [ 79%] Built target service_interface__rosidl_typesupport_fastrtps_c
[2.316s] [ 79%] Built target service_interface__rosidl_typesupport_fastrtps_cpp
[2.335s] [ 79%] Built target service_interface
[2.352s] [ 81%] [34m[1mGenerating Python code for ROS interfaces[0m
[2.720s] [ 81%] Built target service_interface__py
[2.742s] [ 85%] [32mBuilding C object CMakeFiles/service_interface__rosidl_generator_py.dir/rosidl_generator_py/service_interface/srv/_takeoff_s.c.o[0m
[2.742s] [ 85%] [32mBuilding C object CMakeFiles/service_interface__rosidl_generator_py.dir/rosidl_generator_py/service_interface/srv/_land_s.c.o[0m
[2.743s] [ 87%] [32mBuilding C object CMakeFiles/service_interface__rosidl_generator_py.dir/rosidl_generator_py/service_interface/srv/_move_s.c.o[0m
[2.841s] [ 88%] [32m[1mLinking C shared library libservice_interface__rosidl_generator_py.so[0m
[2.874s] [ 88%] Built target service_interface__rosidl_generator_py
[2.894s] [ 92%] [32mBuilding C object CMakeFiles/service_interface_s__rosidl_typesupport_c.dir/rosidl_generator_py/service_interface/_service_interface_s.ep.rosidl_typesupport_c.c.o[0m
[2.894s] [ 92%] [32mBuilding C object CMakeFiles/service_interface_s__rosidl_typesupport_fastrtps_c.dir/rosidl_generator_py/service_interface/_service_interface_s.ep.rosidl_typesupport_fastrtps_c.c.o[0m
[2.894s] [ 94%] [32mBuilding C object CMakeFiles/service_interface_s__rosidl_typesupport_introspection_c.dir/rosidl_generator_py/service_interface/_service_interface_s.ep.rosidl_typesupport_introspection_c.c.o[0m
[2.975s] [ 98%] [32m[1mLinking C shared module rosidl_generator_py/service_interface/service_interface_s__rosidl_typesupport_c.so[0m
[2.975s] [ 98%] [32m[1mLinking C shared module rosidl_generator_py/service_interface/service_interface_s__rosidl_typesupport_introspection_c.so[0m
[2.977s] [100%] [32m[1mLinking C shared module rosidl_generator_py/service_interface/service_interface_s__rosidl_typesupport_fastrtps_c.so[0m
[3.000s] [100%] Built target service_interface_s__rosidl_typesupport_c
[3.000s] [100%] Built target service_interface_s__rosidl_typesupport_introspection_c
[3.001s] [100%] Built target service_interface_s__rosidl_typesupport_fastrtps_c
[3.015s] Invoked command in '/home/chenhuixu/PX4_ros2/ros2_ws/src/build/service_interface' returned '0': CMAKE_PREFIX_PATH=${CMAKE_PREFIX_PATH}:/home/chenhuixu/PX4_ros2/ros2_ws/src/install/px4_control:/opt/ros/jazzy DEBUGINFOD_URLS=https://debuginfod.ubuntu.com /usr/bin/cmake --build /home/chenhuixu/PX4_ros2/ros2_ws/src/build/service_interface -- -j16 -l16
[3.024s] Invoking command in '/home/chenhuixu/PX4_ros2/ros2_ws/src/build/service_interface': CMAKE_PREFIX_PATH=${CMAKE_PREFIX_PATH}:/home/chenhuixu/PX4_ros2/ros2_ws/src/install/px4_control:/opt/ros/jazzy DEBUGINFOD_URLS=https://debuginfod.ubuntu.com /usr/bin/cmake --install /home/chenhuixu/PX4_ros2/ros2_ws/src/build/service_interface
[3.031s] -- Install configuration: ""
[3.031s] -- Installing: /home/chenhuixu/PX4_ros2/ros2_ws/src/install/service_interface/share/ament_index/resource_index/rosidl_interfaces/service_interface
[3.031s] -- Installing: /home/chenhuixu/PX4_ros2/ros2_ws/src/install/service_interface/share/service_interface/srv/Move.json
[3.031s] -- Installing: /home/chenhuixu/PX4_ros2/ros2_ws/src/install/service_interface/share/service_interface/srv/Takeoff.json
[3.031s] -- Installing: /home/chenhuixu/PX4_ros2/ros2_ws/src/install/service_interface/share/service_interface/srv/Land.json
[3.031s] -- Up-to-date: /home/chenhuixu/PX4_ros2/ros2_ws/src/install/service_interface/include/service_interface/service_interface
[3.031s] -- Up-to-date: /home/chenhuixu/PX4_ros2/ros2_ws/src/install/service_interface/include/service_interface/service_interface/msg
[3.031s] -- Up-to-date: /home/chenhuixu/PX4_ros2/ros2_ws/src/install/service_interface/include/service_interface/service_interface/msg/rosidl_generator_c__visibility_control.h
[3.031s] -- Up-to-date: /home/chenhuixu/PX4_ros2/ros2_ws/src/install/service_interface/include/service_interface/service_interface/srv
[3.031s] -- Up-to-date: /home/chenhuixu/PX4_ros2/ros2_ws/src/install/service_interface/include/service_interface/service_interface/srv/detail
[3.032s] -- Installing: /home/chenhuixu/PX4_ros2/ros2_ws/src/install/service_interface/include/service_interface/service_interface/srv/detail/land__type_support.c
[3.032s] -- Installing: /home/chenhuixu/PX4_ros2/ros2_ws/src/install/service_interface/include/service_interface/service_interface/srv/detail/move__type_support.h
[3.032s] -- Installing: /home/chenhuixu/PX4_ros2/ros2_ws/src/install/service_interface/include/service_interface/service_interface/srv/detail/takeoff__type_support.c
[3.032s] -- Installing: /home/chenhuixu/PX4_ros2/ros2_ws/src/install/service_interface/include/service_interface/service_interface/srv/detail/takeoff__struct.h
[3.032s] -- Installing: /home/chenhuixu/PX4_ros2/ros2_ws/src/install/service_interface/include/service_interface/service_interface/srv/detail/land__struct.h
[3.032s] -- Installing: /home/chenhuixu/PX4_ros2/ros2_ws/src/install/service_interface/include/service_interface/service_interface/srv/detail/move__type_support.c
[3.032s] -- Installing: /home/chenhuixu/PX4_ros2/ros2_ws/src/install/service_interface/include/service_interface/service_interface/srv/detail/land__type_support.h
[3.032s] -- Installing: /home/chenhuixu/PX4_ros2/ros2_ws/src/install/service_interface/include/service_interface/service_interface/srv/detail/takeoff__functions.c
[3.032s] -- Installing: /home/chenhuixu/PX4_ros2/ros2_ws/src/install/service_interface/include/service_interface/service_interface/srv/detail/land__description.c
[3.032s] -- Installing: /home/chenhuixu/PX4_ros2/ros2_ws/src/install/service_interface/include/service_interface/service_interface/srv/detail/land__functions.h
[3.032s] -- Installing: /home/chenhuixu/PX4_ros2/ros2_ws/src/install/service_interface/include/service_interface/service_interface/srv/detail/takeoff__type_support.h
[3.032s] -- Installing: /home/chenhuixu/PX4_ros2/ros2_ws/src/install/service_interface/include/service_interface/service_interface/srv/detail/move__struct.h
[3.032s] -- Installing: /home/chenhuixu/PX4_ros2/ros2_ws/src/install/service_interface/include/service_interface/service_interface/srv/detail/takeoff__functions.h
[3.032s] -- Installing: /home/chenhuixu/PX4_ros2/ros2_ws/src/install/service_interface/include/service_interface/service_interface/srv/detail/takeoff__description.c
[3.033s] -- Installing: /home/chenhuixu/PX4_ros2/ros2_ws/src/install/service_interface/include/service_interface/service_interface/srv/detail/move__functions.h
[3.033s] -- Installing: /home/chenhuixu/PX4_ros2/ros2_ws/src/install/service_interface/include/service_interface/service_interface/srv/detail/move__description.c
[3.033s] -- Installing: /home/chenhuixu/PX4_ros2/ros2_ws/src/install/service_interface/include/service_interface/service_interface/srv/detail/move__functions.c
[3.033s] -- Installing: /home/chenhuixu/PX4_ros2/ros2_ws/src/install/service_interface/include/service_interface/service_interface/srv/detail/land__functions.c
[3.033s] -- Installing: /home/chenhuixu/PX4_ros2/ros2_ws/src/install/service_interface/include/service_interface/service_interface/srv/takeoff.h
[3.033s] -- Installing: /home/chenhuixu/PX4_ros2/ros2_ws/src/install/service_interface/include/service_interface/service_interface/srv/move.h
[3.033s] -- Installing: /home/chenhuixu/PX4_ros2/ros2_ws/src/install/service_interface/include/service_interface/service_interface/srv/land.h
[3.033s] -- Up-to-date: /home/chenhuixu/PX4_ros2/ros2_ws/src/install/service_interface/share/service_interface/environment/library_path.sh
[3.033s] -- Up-to-date: /home/chenhuixu/PX4_ros2/ros2_ws/src/install/service_interface/share/service_interface/environment/library_path.dsv
[3.033s] -- Installing: /home/chenhuixu/PX4_ros2/ros2_ws/src/install/service_interface/lib/libservice_interface__rosidl_generator_c.so
[3.034s] -- Set non-toolchain portion of runtime path of "/home/chenhuixu/PX4_ros2/ros2_ws/src/install/service_interface/lib/libservice_interface__rosidl_generator_c.so" to ""
[3.034s] -- Up-to-date: /home/chenhuixu/PX4_ros2/ros2_ws/src/install/service_interface/include/service_interface/service_interface
[3.034s] -- Up-to-date: /home/chenhuixu/PX4_ros2/ros2_ws/src/install/service_interface/include/service_interface/service_interface/msg
[3.035s] -- Up-to-date: /home/chenhuixu/PX4_ros2/ros2_ws/src/install/service_interface/include/service_interface/service_interface/msg/rosidl_typesupport_fastrtps_c__visibility_control.h
[3.035s] -- Up-to-date: /home/chenhuixu/PX4_ros2/ros2_ws/src/install/service_interface/include/service_interface/service_interface/srv
[3.035s] -- Up-to-date: /home/chenhuixu/PX4_ros2/ros2_ws/src/install/service_interface/include/service_interface/service_interface/srv/detail
[3.035s] -- Installing: /home/chenhuixu/PX4_ros2/ros2_ws/src/install/service_interface/include/service_interface/service_interface/srv/detail/takeoff__rosidl_typesupport_fastrtps_c.h
[3.035s] -- Installing: /home/chenhuixu/PX4_ros2/ros2_ws/src/install/service_interface/include/service_interface/service_interface/srv/detail/land__rosidl_typesupport_fastrtps_c.h
[3.035s] -- Installing: /home/chenhuixu/PX4_ros2/ros2_ws/src/install/service_interface/include/service_interface/service_interface/srv/detail/move__rosidl_typesupport_fastrtps_c.h
[3.036s] -- Installing: /home/chenhuixu/PX4_ros2/ros2_ws/src/install/service_interface/lib/libservice_interface__rosidl_typesupport_fastrtps_c.so
[3.036s] -- Set non-toolchain portion of runtime path of "/home/chenhuixu/PX4_ros2/ros2_ws/src/install/service_interface/lib/libservice_interface__rosidl_typesupport_fastrtps_c.so" to ""
[3.036s] -- Up-to-date: /home/chenhuixu/PX4_ros2/ros2_ws/src/install/service_interface/include/service_interface/service_interface
[3.036s] -- Up-to-date: /home/chenhuixu/PX4_ros2/ros2_ws/src/install/service_interface/include/service_interface/service_interface/msg
[3.036s] -- Up-to-date: /home/chenhuixu/PX4_ros2/ros2_ws/src/install/service_interface/include/service_interface/service_interface/msg/rosidl_typesupport_introspection_c__visibility_control.h
[3.036s] -- Up-to-date: /home/chenhuixu/PX4_ros2/ros2_ws/src/install/service_interface/include/service_interface/service_interface/srv
[3.036s] -- Up-to-date: /home/chenhuixu/PX4_ros2/ros2_ws/src/install/service_interface/include/service_interface/service_interface/srv/detail
[3.036s] -- Up-to-date: /home/chenhuixu/PX4_ros2/ros2_ws/src/install/service_interface/include/service_interface/service_interface/srv/detail/land__type_support.c
[3.036s] -- Up-to-date: /home/chenhuixu/PX4_ros2/ros2_ws/src/install/service_interface/include/service_interface/service_interface/srv/detail/takeoff__type_support.c
[3.037s] -- Up-to-date: /home/chenhuixu/PX4_ros2/ros2_ws/src/install/service_interface/include/service_interface/service_interface/srv/detail/move__type_support.c
[3.037s] -- Installing: /home/chenhuixu/PX4_ros2/ros2_ws/src/install/service_interface/include/service_interface/service_interface/srv/detail/takeoff__rosidl_typesupport_introspection_c.h
[3.037s] -- Installing: /home/chenhuixu/PX4_ros2/ros2_ws/src/install/service_interface/include/service_interface/service_interface/srv/detail/land__rosidl_typesupport_introspection_c.h
[3.037s] -- Installing: /home/chenhuixu/PX4_ros2/ros2_ws/src/install/service_interface/include/service_interface/service_interface/srv/detail/move__rosidl_typesupport_introspection_c.h
[3.037s] -- Installing: /home/chenhuixu/PX4_ros2/ros2_ws/src/install/service_interface/lib/libservice_interface__rosidl_typesupport_introspection_c.so
[3.037s] -- Set non-toolchain portion of runtime path of "/home/chenhuixu/PX4_ros2/ros2_ws/src/install/service_interface/lib/libservice_interface__rosidl_typesupport_introspection_c.so" to ""
[3.037s] -- Installing: /home/chenhuixu/PX4_ros2/ros2_ws/src/install/service_interface/lib/libservice_interface__rosidl_typesupport_c.so
[3.038s] -- Set non-toolchain portion of runtime path of "/home/chenhuixu/PX4_ros2/ros2_ws/src/install/service_interface/lib/libservice_interface__rosidl_typesupport_c.so" to ""
[3.038s] -- Up-to-date: /home/chenhuixu/PX4_ros2/ros2_ws/src/install/service_interface/include/service_interface/service_interface
[3.038s] -- Up-to-date: /home/chenhuixu/PX4_ros2/ros2_ws/src/install/service_interface/include/service_interface/service_interface/msg
[3.038s] -- Installing: /home/chenhuixu/PX4_ros2/ros2_ws/src/install/service_interface/include/service_interface/service_interface/msg/rosidl_generator_cpp__visibility_control.hpp
[3.038s] -- Up-to-date: /home/chenhuixu/PX4_ros2/ros2_ws/src/install/service_interface/include/service_interface/service_interface/srv
[3.038s] -- Installing: /home/chenhuixu/PX4_ros2/ros2_ws/src/install/service_interface/include/service_interface/service_interface/srv/move.hpp
[3.038s] -- Installing: /home/chenhuixu/PX4_ros2/ros2_ws/src/install/service_interface/include/service_interface/service_interface/srv/land.hpp
[3.038s] -- Up-to-date: /home/chenhuixu/PX4_ros2/ros2_ws/src/install/service_interface/include/service_interface/service_interface/srv/detail
[3.038s] -- Installing: /home/chenhuixu/PX4_ros2/ros2_ws/src/install/service_interface/include/service_interface/service_interface/srv/detail/move__builder.hpp
[3.038s] -- Installing: /home/chenhuixu/PX4_ros2/ros2_ws/src/install/service_interface/include/service_interface/service_interface/srv/detail/takeoff__builder.hpp
[3.038s] -- Installing: /home/chenhuixu/PX4_ros2/ros2_ws/src/install/service_interface/include/service_interface/service_interface/srv/detail/land__builder.hpp
[3.039s] -- Installing: /home/chenhuixu/PX4_ros2/ros2_ws/src/install/service_interface/include/service_interface/service_interface/srv/detail/land__struct.hpp
[3.039s] -- Installing: /home/chenhuixu/PX4_ros2/ros2_ws/src/install/service_interface/include/service_interface/service_interface/srv/detail/land__type_support.hpp
[3.039s] -- Installing: /home/chenhuixu/PX4_ros2/ros2_ws/src/install/service_interface/include/service_interface/service_interface/srv/detail/move__type_support.hpp
[3.039s] -- Installing: /home/chenhuixu/PX4_ros2/ros2_ws/src/install/service_interface/include/service_interface/service_interface/srv/detail/takeoff__traits.hpp
[3.039s] -- Installing: /home/chenhuixu/PX4_ros2/ros2_ws/src/install/service_interface/include/service_interface/service_interface/srv/detail/takeoff__struct.hpp
[3.039s] -- Installing: /home/chenhuixu/PX4_ros2/ros2_ws/src/install/service_interface/include/service_interface/service_interface/srv/detail/land__traits.hpp
[3.039s] -- Installing: /home/chenhuixu/PX4_ros2/ros2_ws/src/install/service_interface/include/service_interface/service_interface/srv/detail/move__traits.hpp
[3.039s] -- Installing: /home/chenhuixu/PX4_ros2/ros2_ws/src/install/service_interface/include/service_interface/service_interface/srv/detail/move__struct.hpp
[3.040s] -- Installing: /home/chenhuixu/PX4_ros2/ros2_ws/src/install/service_interface/include/service_interface/service_interface/srv/detail/takeoff__type_support.hpp
[3.040s] -- Installing: /home/chenhuixu/PX4_ros2/ros2_ws/src/install/service_interface/include/service_interface/service_interface/srv/takeoff.hpp
[3.040s] -- Up-to-date: /home/chenhuixu/PX4_ros2/ros2_ws/src/install/service_interface/include/service_interface/service_interface
[3.040s] -- Up-to-date: /home/chenhuixu/PX4_ros2/ros2_ws/src/install/service_interface/include/service_interface/service_interface/msg
[3.040s] -- Up-to-date: /home/chenhuixu/PX4_ros2/ros2_ws/src/install/service_interface/include/service_interface/service_interface/msg/rosidl_typesupport_fastrtps_cpp__visibility_control.h
[3.040s] -- Up-to-date: /home/chenhuixu/PX4_ros2/ros2_ws/src/install/service_interface/include/service_interface/service_interface/srv
[3.040s] -- Up-to-date: /home/chenhuixu/PX4_ros2/ros2_ws/src/install/service_interface/include/service_interface/service_interface/srv/detail
[3.040s] -- Installing: /home/chenhuixu/PX4_ros2/ros2_ws/src/install/service_interface/include/service_interface/service_interface/srv/detail/move__rosidl_typesupport_fastrtps_cpp.hpp
[3.040s] -- Installing: /home/chenhuixu/PX4_ros2/ros2_ws/src/install/service_interface/include/service_interface/service_interface/srv/detail/land__rosidl_typesupport_fastrtps_cpp.hpp
[3.040s] -- Up-to-date: /home/chenhuixu/PX4_ros2/ros2_ws/src/install/service_interface/include/service_interface/service_interface/srv/detail/dds_fastrtps
[3.040s] -- Installing: /home/chenhuixu/PX4_ros2/ros2_ws/src/install/service_interface/include/service_interface/service_interface/srv/detail/takeoff__rosidl_typesupport_fastrtps_cpp.hpp
[3.041s] -- Installing: /home/chenhuixu/PX4_ros2/ros2_ws/src/install/service_interface/lib/libservice_interface__rosidl_typesupport_fastrtps_cpp.so
[3.041s] -- Set non-toolchain portion of runtime path of "/home/chenhuixu/PX4_ros2/ros2_ws/src/install/service_interface/lib/libservice_interface__rosidl_typesupport_fastrtps_cpp.so" to ""
[3.041s] -- Up-to-date: /home/chenhuixu/PX4_ros2/ros2_ws/src/install/service_interface/include/service_interface/service_interface
[3.041s] -- Up-to-date: /home/chenhuixu/PX4_ros2/ros2_ws/src/install/service_interface/include/service_interface/service_interface/srv
[3.041s] -- Up-to-date: /home/chenhuixu/PX4_ros2/ros2_ws/src/install/service_interface/include/service_interface/service_interface/srv/detail
[3.041s] -- Installing: /home/chenhuixu/PX4_ros2/ros2_ws/src/install/service_interface/include/service_interface/service_interface/srv/detail/move__type_support.cpp
[3.042s] -- Installing: /home/chenhuixu/PX4_ros2/ros2_ws/src/install/service_interface/include/service_interface/service_interface/srv/detail/move__rosidl_typesupport_introspection_cpp.hpp
[3.042s] -- Installing: /home/chenhuixu/PX4_ros2/ros2_ws/src/install/service_interface/include/service_interface/service_interface/srv/detail/land__type_support.cpp
[3.042s] -- Installing: /home/chenhuixu/PX4_ros2/ros2_ws/src/install/service_interface/include/service_interface/service_interface/srv/detail/takeoff__type_support.cpp
[3.042s] -- Installing: /home/chenhuixu/PX4_ros2/ros2_ws/src/install/service_interface/include/service_interface/service_interface/srv/detail/land__rosidl_typesupport_introspection_cpp.hpp
[3.042s] -- Installing: /home/chenhuixu/PX4_ros2/ros2_ws/src/install/service_interface/include/service_interface/service_interface/srv/detail/takeoff__rosidl_typesupport_introspection_cpp.hpp
[3.042s] -- Installing: /home/chenhuixu/PX4_ros2/ros2_ws/src/install/service_interface/lib/libservice_interface__rosidl_typesupport_introspection_cpp.so
[3.043s] -- Set non-toolchain portion of runtime path of "/home/chenhuixu/PX4_ros2/ros2_ws/src/install/service_interface/lib/libservice_interface__rosidl_typesupport_introspection_cpp.so" to ""
[3.043s] -- Installing: /home/chenhuixu/PX4_ros2/ros2_ws/src/install/service_interface/lib/libservice_interface__rosidl_typesupport_cpp.so
[3.043s] -- Set non-toolchain portion of runtime path of "/home/chenhuixu/PX4_ros2/ros2_ws/src/install/service_interface/lib/libservice_interface__rosidl_typesupport_cpp.so" to ""
[3.043s] -- Up-to-date: /home/chenhuixu/PX4_ros2/ros2_ws/src/install/service_interface/share/service_interface/environment/pythonpath.sh
[3.043s] -- Up-to-date: /home/chenhuixu/PX4_ros2/ros2_ws/src/install/service_interface/share/service_interface/environment/pythonpath.dsv
[3.044s] -- Up-to-date: /home/chenhuixu/PX4_ros2/ros2_ws/src/install/service_interface/lib/python3.12/site-packages/service_interface-0.0.0-py3.12.egg-info
[3.044s] -- Installing: /home/chenhuixu/PX4_ros2/ros2_ws/src/install/service_interface/lib/python3.12/site-packages/service_interface-0.0.0-py3.12.egg-info/top_level.txt
[3.044s] -- Installing: /home/chenhuixu/PX4_ros2/ros2_ws/src/install/service_interface/lib/python3.12/site-packages/service_interface-0.0.0-py3.12.egg-info/SOURCES.txt
[3.044s] -- Installing: /home/chenhuixu/PX4_ros2/ros2_ws/src/install/service_interface/lib/python3.12/site-packages/service_interface-0.0.0-py3.12.egg-info/dependency_links.txt
[3.044s] -- Installing: /home/chenhuixu/PX4_ros2/ros2_ws/src/install/service_interface/lib/python3.12/site-packages/service_interface-0.0.0-py3.12.egg-info/PKG-INFO
[3.044s] -- Up-to-date: /home/chenhuixu/PX4_ros2/ros2_ws/src/install/service_interface/lib/python3.12/site-packages/service_interface
[3.044s] -- Installing: /home/chenhuixu/PX4_ros2/ros2_ws/src/install/service_interface/lib/python3.12/site-packages/service_interface/service_interface_s__rosidl_typesupport_introspection_c.so
[3.044s] -- Up-to-date: /home/chenhuixu/PX4_ros2/ros2_ws/src/install/service_interface/lib/python3.12/site-packages/service_interface/srv
[3.044s] -- Installing: /home/chenhuixu/PX4_ros2/ros2_ws/src/install/service_interface/lib/python3.12/site-packages/service_interface/srv/_move_s.c
[3.044s] -- Installing: /home/chenhuixu/PX4_ros2/ros2_ws/src/install/service_interface/lib/python3.12/site-packages/service_interface/srv/_move.py
[3.045s] -- Installing: /home/chenhuixu/PX4_ros2/ros2_ws/src/install/service_interface/lib/python3.12/site-packages/service_interface/srv/_land.py
[3.045s] -- Installing: /home/chenhuixu/PX4_ros2/ros2_ws/src/install/service_interface/lib/python3.12/site-packages/service_interface/srv/_land_s.c
[3.045s] -- Installing: /home/chenhuixu/PX4_ros2/ros2_ws/src/install/service_interface/lib/python3.12/site-packages/service_interface/srv/_takeoff_s.c
[3.045s] -- Installing: /home/chenhuixu/PX4_ros2/ros2_ws/src/install/service_interface/lib/python3.12/site-packages/service_interface/srv/__init__.py
[3.045s] -- Installing: /home/chenhuixu/PX4_ros2/ros2_ws/src/install/service_interface/lib/python3.12/site-packages/service_interface/srv/_takeoff.py
[3.045s] -- Installing: /home/chenhuixu/PX4_ros2/ros2_ws/src/install/service_interface/lib/python3.12/site-packages/service_interface/_service_interface_s.ep.rosidl_typesupport_fastrtps_c.c
[3.045s] -- Installing: /home/chenhuixu/PX4_ros2/ros2_ws/src/install/service_interface/lib/python3.12/site-packages/service_interface/service_interface_s__rosidl_typesupport_fastrtps_c.so
[3.046s] -- Installing: /home/chenhuixu/PX4_ros2/ros2_ws/src/install/service_interface/lib/python3.12/site-packages/service_interface/__init__.py
[3.046s] -- Installing: /home/chenhuixu/PX4_ros2/ros2_ws/src/install/service_interface/lib/python3.12/site-packages/service_interface/_service_interface_s.ep.rosidl_typesupport_introspection_c.c
[3.046s] -- Installing: /home/chenhuixu/PX4_ros2/ros2_ws/src/install/service_interface/lib/python3.12/site-packages/service_interface/service_interface_s__rosidl_typesupport_c.so
[3.046s] -- Installing: /home/chenhuixu/PX4_ros2/ros2_ws/src/install/service_interface/lib/python3.12/site-packages/service_interface/_service_interface_s.ep.rosidl_typesupport_c.c
[3.076s] Listing '/home/chenhuixu/PX4_ros2/ros2_ws/src/install/service_interface/lib/python3.12/site-packages/service_interface'...
[3.077s] Compiling '/home/chenhuixu/PX4_ros2/ros2_ws/src/install/service_interface/lib/python3.12/site-packages/service_interface/__init__.py'...
[3.077s] Listing '/home/chenhuixu/PX4_ros2/ros2_ws/src/install/service_interface/lib/python3.12/site-packages/service_interface/srv'...
[3.077s] Compiling '/home/chenhuixu/PX4_ros2/ros2_ws/src/install/service_interface/lib/python3.12/site-packages/service_interface/srv/__init__.py'...
[3.077s] Compiling '/home/chenhuixu/PX4_ros2/ros2_ws/src/install/service_interface/lib/python3.12/site-packages/service_interface/srv/_land.py'...
[3.077s] Compiling '/home/chenhuixu/PX4_ros2/ros2_ws/src/install/service_interface/lib/python3.12/site-packages/service_interface/srv/_move.py'...
[3.077s] Compiling '/home/chenhuixu/PX4_ros2/ros2_ws/src/install/service_interface/lib/python3.12/site-packages/service_interface/srv/_takeoff.py'...
[3.080s] -- Installing: /home/chenhuixu/PX4_ros2/ros2_ws/src/install/service_interface/lib/python3.12/site-packages/service_interface/service_interface_s__rosidl_typesupport_fastrtps_c.so
[3.080s] -- Set non-toolchain portion of runtime path of "/home/chenhuixu/PX4_ros2/ros2_ws/src/install/service_interface/lib/python3.12/site-packages/service_interface/service_interface_s__rosidl_typesupport_fastrtps_c.so" to ""
[3.081s] -- Installing: /home/chenhuixu/PX4_ros2/ros2_ws/src/install/service_interface/lib/python3.12/site-packages/service_interface/service_interface_s__rosidl_typesupport_introspection_c.so
[3.081s] -- Set non-toolchain portion of runtime path of "/home/chenhuixu/PX4_ros2/ros2_ws/src/install/service_interface/lib/python3.12/site-packages/service_interface/service_interface_s__rosidl_typesupport_introspection_c.so" to ""
[3.081s] -- Installing: /home/chenhuixu/PX4_ros2/ros2_ws/src/install/service_interface/lib/python3.12/site-packages/service_interface/service_interface_s__rosidl_typesupport_c.so
[3.082s] -- Set non-toolchain portion of runtime path of "/home/chenhuixu/PX4_ros2/ros2_ws/src/install/service_interface/lib/python3.12/site-packages/service_interface/service_interface_s__rosidl_typesupport_c.so" to ""
[3.082s] -- Installing: /home/chenhuixu/PX4_ros2/ros2_ws/src/install/service_interface/lib/libservice_interface__rosidl_generator_py.so
[3.082s] -- Set non-toolchain portion of runtime path of "/home/chenhuixu/PX4_ros2/ros2_ws/src/install/service_interface/lib/libservice_interface__rosidl_generator_py.so" to ""
[3.082s] -- Up-to-date: /home/chenhuixu/PX4_ros2/ros2_ws/src/install/service_interface/share/service_interface/srv/Move.idl
[3.082s] -- Installing: /home/chenhuixu/PX4_ros2/ros2_ws/src/install/service_interface/share/service_interface/srv/Takeoff.idl
[3.082s] -- Installing: /home/chenhuixu/PX4_ros2/ros2_ws/src/install/service_interface/share/service_interface/srv/Land.idl
[3.082s] -- Up-to-date: /home/chenhuixu/PX4_ros2/ros2_ws/src/install/service_interface/share/service_interface/srv/Move.srv
[3.082s] -- Installing: /home/chenhuixu/PX4_ros2/ros2_ws/src/install/service_interface/share/service_interface/srv/Takeoff.srv
[3.083s] -- Installing: /home/chenhuixu/PX4_ros2/ros2_ws/src/install/service_interface/share/service_interface/srv/Land.srv
[3.083s] -- Up-to-date: /home/chenhuixu/PX4_ros2/ros2_ws/src/install/service_interface/share/ament_index/resource_index/package_run_dependencies/service_interface
[3.083s] -- Installing: /home/chenhuixu/PX4_ros2/ros2_ws/src/install/service_interface/share/ament_index/resource_index/parent_prefix_path/service_interface
[3.083s] -- Up-to-date: /home/chenhuixu/PX4_ros2/ros2_ws/src/install/service_interface/share/service_interface/environment/ament_prefix_path.sh
[3.083s] -- Up-to-date: /home/chenhuixu/PX4_ros2/ros2_ws/src/install/service_interface/share/service_interface/environment/ament_prefix_path.dsv
[3.083s] -- Up-to-date: /home/chenhuixu/PX4_ros2/ros2_ws/src/install/service_interface/share/service_interface/environment/path.sh
[3.083s] -- Up-to-date: /home/chenhuixu/PX4_ros2/ros2_ws/src/install/service_interface/share/service_interface/environment/path.dsv
[3.083s] -- Up-to-date: /home/chenhuixu/PX4_ros2/ros2_ws/src/install/service_interface/share/service_interface/local_setup.bash
[3.083s] -- Up-to-date: /home/chenhuixu/PX4_ros2/ros2_ws/src/install/service_interface/share/service_interface/local_setup.sh
[3.083s] -- Up-to-date: /home/chenhuixu/PX4_ros2/ros2_ws/src/install/service_interface/share/service_interface/local_setup.zsh
[3.083s] -- Up-to-date: /home/chenhuixu/PX4_ros2/ros2_ws/src/install/service_interface/share/service_interface/local_setup.dsv
[3.083s] -- Installing: /home/chenhuixu/PX4_ros2/ros2_ws/src/install/service_interface/share/service_interface/package.dsv
[3.083s] -- Up-to-date: /home/chenhuixu/PX4_ros2/ros2_ws/src/install/service_interface/share/ament_index/resource_index/packages/service_interface
[3.084s] -- Up-to-date: /home/chenhuixu/PX4_ros2/ros2_ws/src/install/service_interface/share/service_interface/cmake/export_service_interface__rosidl_generator_cExport.cmake
[3.084s] -- Up-to-date: /home/chenhuixu/PX4_ros2/ros2_ws/src/install/service_interface/share/service_interface/cmake/export_service_interface__rosidl_generator_cExport-noconfig.cmake
[3.084s] -- Up-to-date: /home/chenhuixu/PX4_ros2/ros2_ws/src/install/service_interface/share/service_interface/cmake/export_service_interface__rosidl_typesupport_fastrtps_cExport.cmake
[3.084s] -- Up-to-date: /home/chenhuixu/PX4_ros2/ros2_ws/src/install/service_interface/share/service_interface/cmake/export_service_interface__rosidl_typesupport_fastrtps_cExport-noconfig.cmake
[3.084s] -- Up-to-date: /home/chenhuixu/PX4_ros2/ros2_ws/src/install/service_interface/share/service_interface/cmake/service_interface__rosidl_typesupport_introspection_cExport.cmake
[3.084s] -- Up-to-date: /home/chenhuixu/PX4_ros2/ros2_ws/src/install/service_interface/share/service_interface/cmake/service_interface__rosidl_typesupport_introspection_cExport-noconfig.cmake
[3.084s] -- Up-to-date: /home/chenhuixu/PX4_ros2/ros2_ws/src/install/service_interface/share/service_interface/cmake/service_interface__rosidl_typesupport_cExport.cmake
[3.084s] -- Up-to-date: /home/chenhuixu/PX4_ros2/ros2_ws/src/install/service_interface/share/service_interface/cmake/service_interface__rosidl_typesupport_cExport-noconfig.cmake
[3.084s] -- Up-to-date: /home/chenhuixu/PX4_ros2/ros2_ws/src/install/service_interface/share/service_interface/cmake/export_service_interface__rosidl_generator_cppExport.cmake
[3.084s] -- Up-to-date: /home/chenhuixu/PX4_ros2/ros2_ws/src/install/service_interface/share/service_interface/cmake/export_service_interface__rosidl_typesupport_fastrtps_cppExport.cmake
[3.084s] -- Up-to-date: /home/chenhuixu/PX4_ros2/ros2_ws/src/install/service_interface/share/service_interface/cmake/export_service_interface__rosidl_typesupport_fastrtps_cppExport-noconfig.cmake
[3.085s] -- Up-to-date: /home/chenhuixu/PX4_ros2/ros2_ws/src/install/service_interface/share/service_interface/cmake/service_interface__rosidl_typesupport_introspection_cppExport.cmake
[3.085s] -- Up-to-date: /home/chenhuixu/PX4_ros2/ros2_ws/src/install/service_interface/share/service_interface/cmake/service_interface__rosidl_typesupport_introspection_cppExport-noconfig.cmake
[3.085s] -- Up-to-date: /home/chenhuixu/PX4_ros2/ros2_ws/src/install/service_interface/share/service_interface/cmake/service_interface__rosidl_typesupport_cppExport.cmake
[3.085s] -- Up-to-date: /home/chenhuixu/PX4_ros2/ros2_ws/src/install/service_interface/share/service_interface/cmake/service_interface__rosidl_typesupport_cppExport-noconfig.cmake
[3.085s] -- Up-to-date: /home/chenhuixu/PX4_ros2/ros2_ws/src/install/service_interface/share/service_interface/cmake/export_service_interface__rosidl_generator_pyExport.cmake
[3.085s] -- Up-to-date: /home/chenhuixu/PX4_ros2/ros2_ws/src/install/service_interface/share/service_interface/cmake/export_service_interface__rosidl_generator_pyExport-noconfig.cmake
[3.085s] -- Installing: /home/chenhuixu/PX4_ros2/ros2_ws/src/install/service_interface/share/service_interface/cmake/rosidl_cmake-extras.cmake
[3.085s] -- Installing: /home/chenhuixu/PX4_ros2/ros2_ws/src/install/service_interface/share/service_interface/cmake/ament_cmake_export_dependencies-extras.cmake
[3.085s] -- Up-to-date: /home/chenhuixu/PX4_ros2/ros2_ws/src/install/service_interface/share/service_interface/cmake/ament_cmake_export_include_directories-extras.cmake
[3.085s] -- Up-to-date: /home/chenhuixu/PX4_ros2/ros2_ws/src/install/service_interface/share/service_interface/cmake/ament_cmake_export_libraries-extras.cmake
[3.085s] -- Up-to-date: /home/chenhuixu/PX4_ros2/ros2_ws/src/install/service_interface/share/service_interface/cmake/ament_cmake_export_targets-extras.cmake
[3.085s] -- Up-to-date: /home/chenhuixu/PX4_ros2/ros2_ws/src/install/service_interface/share/service_interface/cmake/rosidl_cmake_export_typesupport_targets-extras.cmake
[3.085s] -- Up-to-date: /home/chenhuixu/PX4_ros2/ros2_ws/src/install/service_interface/share/service_interface/cmake/rosidl_cmake_export_typesupport_libraries-extras.cmake
[3.085s] -- Up-to-date: /home/chenhuixu/PX4_ros2/ros2_ws/src/install/service_interface/share/service_interface/cmake/service_interfaceConfig.cmake
[3.085s] -- Up-to-date: /home/chenhuixu/PX4_ros2/ros2_ws/src/install/service_interface/share/service_interface/cmake/service_interfaceConfig-version.cmake
[3.085s] -- Up-to-date: /home/chenhuixu/PX4_ros2/ros2_ws/src/install/service_interface/share/service_interface/package.xml
[3.087s] Invoked command in '/home/chenhuixu/PX4_ros2/ros2_ws/src/build/service_interface' returned '0': CMAKE_PREFIX_PATH=${CMAKE_PREFIX_PATH}:/home/chenhuixu/PX4_ros2/ros2_ws/src/install/px4_control:/opt/ros/jazzy DEBUGINFOD_URLS=https://debuginfod.ubuntu.com /usr/bin/cmake --install /home/chenhuixu/PX4_ros2/ros2_ws/src/build/service_interface
