[0.014s] Invoking command in '/home/chenhuixu/PX4_ros2/ros2_ws/src/build/mission_client': CMAKE_PREFIX_PATH=${CMAKE_PREFIX_PATH}:/opt/ros/jazzy DEBUGINFOD_URLS=https://debuginfod.ubuntu.com /usr/bin/cmake --build /home/chenhuixu/PX4_ros2/ros2_ws/src/build/mission_client -- -j16 -l16
[0.144s] -- Found ament_cmake: 2.5.4 (/opt/ros/jazzy/share/ament_cmake/cmake)
[0.190s] -- Found rclcpp: 28.1.12 (/opt/ros/jazzy/share/rclcpp/cmake)
[0.208s] -- Found rosidl_generator_c: 4.6.6 (/opt/ros/jazzy/share/rosidl_generator_c/cmake)
[0.216s] -- Found rosidl_generator_cpp: 4.6.6 (/opt/ros/jazzy/share/rosidl_generator_cpp/cmake)
[0.224s] -- Using all available rosidl_typesupport_c: rosidl_typesupport_fastrtps_c;rosidl_typesupport_introspection_c
[0.232s] -- Using all available rosidl_typesupport_cpp: rosidl_typesupport_fastrtps_cpp;rosidl_typesupport_introspection_cpp
[0.271s] -- Found rmw_implementation_cmake: 7.3.2 (/opt/ros/jazzy/share/rmw_implementation_cmake/cmake)
[0.271s] -- Found rmw_fastrtps_cpp: 8.4.3 (/opt/ros/jazzy/share/rmw_fastrtps_cpp/cmake)
[0.323s] -- Using RMW implementation 'rmw_fastrtps_cpp' as default
[0.365s] -- Found geometry_msgs: 5.3.6 (/opt/ros/jazzy/share/geometry_msgs/cmake)
[0.384s] -- Found ament_lint_auto: 0.17.3 (/opt/ros/jazzy/share/ament_lint_auto/cmake)
[0.450s] -- Added test 'cppcheck' to perform static code analysis on C / C++ code
[0.450s] -- Configured cppcheck include dirs: 
[0.450s] -- Configured cppcheck exclude dirs and/or files: 
[0.451s] -- Added test 'lint_cmake' to check CMake code style
[0.451s] -- Added test 'uncrustify' to check C / C++ code style
[0.451s] -- Configured uncrustify additional arguments: 
[0.452s] -- Added test 'xmllint' to check XML markup files
[0.452s] -- Configuring done (0.4s)
[0.460s] -- Generating done (0.0s)
[0.462s] -- Build files have been written to: /home/chenhuixu/PX4_ros2/ros2_ws/src/build/mission_client
[0.495s] [ 50%] [32mBuilding CXX object CMakeFiles/mission_client.dir/src/mission_client.cpp.o[0m
[0.672s] [01m[K/home/chenhuixu/PX4_ros2/ros2_ws/src/mission_client/src/mission_client.cpp:3:10:[m[K [01;31m[Kfatal error: [m[Kservice_interface/srv/land.hpp: 没有那个文件或目录
[0.672s]     3 | #include [01;31m[K"service_interface/srv/land.hpp"[m[K
[0.672s]       |          [01;31m[K^~~~~~~~~~~~~~~~~~~~~~~~~~~~~~~~[m[K
[0.672s] compilation terminated.
[0.676s] gmake[2]: *** [CMakeFiles/mission_client.dir/build.make:76：CMakeFiles/mission_client.dir/src/mission_client.cpp.o] 错误 1
[0.677s] gmake[1]: *** [CMakeFiles/Makefile2:137：CMakeFiles/mission_client.dir/all] 错误 2
[0.677s] gmake: *** [Makefile:146：all] 错误 2
[0.679s] Invoked command in '/home/chenhuixu/PX4_ros2/ros2_ws/src/build/mission_client' returned '2': CMAKE_PREFIX_PATH=${CMAKE_PREFIX_PATH}:/opt/ros/jazzy DEBUGINFOD_URLS=https://debuginfod.ubuntu.com /usr/bin/cmake --build /home/chenhuixu/PX4_ros2/ros2_ws/src/build/mission_client -- -j16 -l16
