[ 50%] [32mBuilding CXX object CMakeFiles/mission_client.dir/src/mission_client.cpp.o[0m
[100%] [32m[1mLinking CXX executable mission_client[0m
[100%] Built target mission_client
-- Install configuration: ""
-- Installing: /home/chenhuixu/PX4_ros2/ros2_ws/src/install/mission_client/lib/mission_client/mission_client
-- Set non-toolchain portion of runtime path of "/home/chenhuixu/PX4_ros2/ros2_ws/src/install/mission_client/lib/mission_client/mission_client" to ""
-- Up-to-date: /home/chenhuixu/PX4_ros2/ros2_ws/src/install/mission_client/share/ament_index/resource_index/package_run_dependencies/mission_client
-- Up-to-date: /home/chenhuixu/PX4_ros2/ros2_ws/src/install/mission_client/share/ament_index/resource_index/parent_prefix_path/mission_client
-- Up-to-date: /home/chenhuixu/PX4_ros2/ros2_ws/src/install/mission_client/share/mission_client/environment/ament_prefix_path.sh
-- Up-to-date: /home/chenhuixu/PX4_ros2/ros2_ws/src/install/mission_client/share/mission_client/environment/ament_prefix_path.dsv
-- Up-to-date: /home/chenhuixu/PX4_ros2/ros2_ws/src/install/mission_client/share/mission_client/environment/path.sh
-- Up-to-date: /home/chenhuixu/PX4_ros2/ros2_ws/src/install/mission_client/share/mission_client/environment/path.dsv
-- Up-to-date: /home/chenhuixu/PX4_ros2/ros2_ws/src/install/mission_client/share/mission_client/local_setup.bash
-- Up-to-date: /home/chenhuixu/PX4_ros2/ros2_ws/src/install/mission_client/share/mission_client/local_setup.sh
-- Up-to-date: /home/chenhuixu/PX4_ros2/ros2_ws/src/install/mission_client/share/mission_client/local_setup.zsh
-- Up-to-date: /home/chenhuixu/PX4_ros2/ros2_ws/src/install/mission_client/share/mission_client/local_setup.dsv
-- Installing: /home/chenhuixu/PX4_ros2/ros2_ws/src/install/mission_client/share/mission_client/package.dsv
-- Up-to-date: /home/chenhuixu/PX4_ros2/ros2_ws/src/install/mission_client/share/ament_index/resource_index/packages/mission_client
-- Up-to-date: /home/chenhuixu/PX4_ros2/ros2_ws/src/install/mission_client/share/mission_client/cmake/mission_clientConfig.cmake
-- Up-to-date: /home/chenhuixu/PX4_ros2/ros2_ws/src/install/mission_client/share/mission_client/cmake/mission_clientConfig-version.cmake
-- Up-to-date: /home/chenhuixu/PX4_ros2/ros2_ws/src/install/mission_client/share/mission_client/package.xml
