running egg_info
creating ../../build/px4_control/px4_control.egg-info
writing ../../build/px4_control/px4_control.egg-info/PKG-INFO
writing dependency_links to ../../build/px4_control/px4_control.egg-info/dependency_links.txt
writing entry points to ../../build/px4_control/px4_control.egg-info/entry_points.txt
writing requirements to ../../build/px4_control/px4_control.egg-info/requires.txt
writing top-level names to ../../build/px4_control/px4_control.egg-info/top_level.txt
writing manifest file '../../build/px4_control/px4_control.egg-info/SOURCES.txt'
reading manifest file '../../build/px4_control/px4_control.egg-info/SOURCES.txt'
writing manifest file '../../build/px4_control/px4_control.egg-info/SOURCES.txt'
running build
running build_py
creating /home/xun/workspace/PX4_ros2/ros2_ws/build/px4_control/build
creating /home/xun/workspace/PX4_ros2/ros2_ws/build/px4_control/build/lib
creating /home/xun/workspace/PX4_ros2/ros2_ws/build/px4_control/build/lib/px4_control
copying px4_control/__init__.py -> /home/xun/workspace/PX4_ros2/ros2_ws/build/px4_control/build/lib/px4_control
copying px4_control/goto.py -> /home/xun/workspace/PX4_ros2/ros2_ws/build/px4_control/build/lib/px4_control
copying px4_control/land.py -> /home/xun/workspace/PX4_ros2/ros2_ws/build/px4_control/build/lib/px4_control
running install
running install_lib
creating /home/xun/workspace/PX4_ros2/ros2_ws/install/px4_control/lib/python3.10/site-packages/px4_control
copying /home/xun/workspace/PX4_ros2/ros2_ws/build/px4_control/build/lib/px4_control/__init__.py -> /home/xun/workspace/PX4_ros2/ros2_ws/install/px4_control/lib/python3.10/site-packages/px4_control
copying /home/xun/workspace/PX4_ros2/ros2_ws/build/px4_control/build/lib/px4_control/goto.py -> /home/xun/workspace/PX4_ros2/ros2_ws/install/px4_control/lib/python3.10/site-packages/px4_control
copying /home/xun/workspace/PX4_ros2/ros2_ws/build/px4_control/build/lib/px4_control/land.py -> /home/xun/workspace/PX4_ros2/ros2_ws/install/px4_control/lib/python3.10/site-packages/px4_control
byte-compiling /home/xun/workspace/PX4_ros2/ros2_ws/install/px4_control/lib/python3.10/site-packages/px4_control/__init__.py to __init__.cpython-310.pyc
byte-compiling /home/xun/workspace/PX4_ros2/ros2_ws/install/px4_control/lib/python3.10/site-packages/px4_control/goto.py to goto.cpython-310.pyc
byte-compiling /home/xun/workspace/PX4_ros2/ros2_ws/install/px4_control/lib/python3.10/site-packages/px4_control/land.py to land.cpython-310.pyc
running install_data
creating /home/xun/workspace/PX4_ros2/ros2_ws/install/px4_control/share/ament_index
creating /home/xun/workspace/PX4_ros2/ros2_ws/install/px4_control/share/ament_index/resource_index
creating /home/xun/workspace/PX4_ros2/ros2_ws/install/px4_control/share/ament_index/resource_index/packages
copying resource/px4_control -> /home/xun/workspace/PX4_ros2/ros2_ws/install/px4_control/share/ament_index/resource_index/packages
copying package.xml -> /home/xun/workspace/PX4_ros2/ros2_ws/install/px4_control/share/px4_control
running install_egg_info
Copying ../../build/px4_control/px4_control.egg-info to /home/xun/workspace/PX4_ros2/ros2_ws/install/px4_control/lib/python3.10/site-packages/px4_control-0.0.0-py3.10.egg-info
running install_scripts
Installing goto script to /home/xun/workspace/PX4_ros2/ros2_ws/install/px4_control/lib/px4_control
Installing land script to /home/xun/workspace/PX4_ros2/ros2_ws/install/px4_control/lib/px4_control
writing list of installed files to '/home/xun/workspace/PX4_ros2/ros2_ws/build/px4_control/install.log'
