[0.007s] Invoking command in '/home/xun/workspace/PX4_ros2/ros2_ws/build/mission_client': AMENT_PREFIX_PATH=/home/xun/workspace/PX4_ros2/ros2_ws/install/service_interface:${AMENT_PREFIX_PATH} CMAKE_PREFIX_PATH=/home/xun/workspace/PX4_ros2/ros2_ws/install/service_interface:/home/xun/mavros2_ws/install/mavros_extras:/home/xun/mavros2_ws/install/mavros_examples:/home/xun/mavros2_ws/install/mavros:/home/xun/mavros2_ws/install/mavros_msgs:/home/xun/mavros2_ws/install/libmavconn:/home/xun/mavros2_ws/install/mavlink:/opt/ros/humble LD_LIBRARY_PATH=/home/xun/workspace/PX4_ros2/ros2_ws/install/service_interface/lib:/home/xun/mavros2_ws/install/mavros_extras/lib:/home/xun/mavros2_ws/install/mavros/lib:/home/xun/mavros2_ws/install/mavros_msgs/lib:/home/xun/mavros2_ws/install/libmavconn/lib:/usr/lib/x86_64-linux-gnu/gazebo-11/plugins:/opt/ros/humble/opt/rviz_ogre_vendor/lib:/opt/ros/humble/lib/x86_64-linux-gnu:/opt/ros/humble/lib:/usr/lib/x86_64-linux-gnu/gazebo-11/plugins PYTHONPATH=/home/xun/workspace/PX4_ros2/ros2_ws/install/service_interface/local/lib/python3.10/dist-packages:${PYTHONPATH} /usr/bin/cmake /home/xun/workspace/PX4_ros2/ros2_ws/src/mission_client -DCMAKE_INSTALL_PREFIX=/home/xun/workspace/PX4_ros2/ros2_ws/install/mission_client
[0.044s] -- The C compiler identification is GNU 11.4.0
[0.087s] -- The CXX compiler identification is GNU 11.4.0
[0.092s] -- Detecting C compiler ABI info
[0.135s] -- Detecting C compiler ABI info - done
[0.144s] -- Check for working C compiler: /usr/bin/cc - skipped
[0.145s] -- Detecting C compile features
[0.145s] -- Detecting C compile features - done
[0.153s] -- Detecting CXX compiler ABI info
[0.198s] -- Detecting CXX compiler ABI info - done
[0.208s] -- Check for working CXX compiler: /usr/bin/c++ - skipped
[0.208s] -- Detecting CXX compile features
[0.209s] -- Detecting CXX compile features - done
[0.216s] -- Found ament_cmake: 1.3.12 (/opt/ros/humble/share/ament_cmake/cmake)
[0.304s] -- Found Python3: /usr/bin/python3 (found version "3.10.12") found components: Interpreter
[0.361s] -- Found rclcpp: 16.0.17 (/opt/ros/humble/share/rclcpp/cmake)
[0.392s] -- Found rosidl_generator_c: 3.1.8 (/opt/ros/humble/share/rosidl_generator_c/cmake)
[0.396s] -- Found rosidl_adapter: 3.1.8 (/opt/ros/humble/share/rosidl_adapter/cmake)
[0.402s] -- Found rosidl_generator_cpp: 3.1.8 (/opt/ros/humble/share/rosidl_generator_cpp/cmake)
[0.410s] -- Using all available rosidl_typesupport_c: rosidl_typesupport_fastrtps_c;rosidl_typesupport_introspection_c
[0.422s] -- Using all available rosidl_typesupport_cpp: rosidl_typesupport_fastrtps_cpp;rosidl_typesupport_introspection_cpp
[0.455s] -- Found rmw_implementation_cmake: 6.1.2 (/opt/ros/humble/share/rmw_implementation_cmake/cmake)
[0.456s] -- Found rmw_fastrtps_cpp: 6.2.9 (/opt/ros/humble/share/rmw_fastrtps_cpp/cmake)
[0.519s] -- Found OpenSSL: /usr/lib/x86_64-linux-gnu/libcrypto.so (found version "3.0.2")
[0.543s] -- Found FastRTPS: /opt/ros/humble/include
[0.572s] -- Using RMW implementation 'rmw_fastrtps_cpp' as default
[0.578s] -- Performing Test CMAKE_HAVE_LIBC_PTHREAD
[0.621s] -- Performing Test CMAKE_HAVE_LIBC_PTHREAD - Success
[0.622s] -- Found Threads: TRUE
[0.662s] -- Found geometry_msgs: 4.9.0 (/opt/ros/humble/share/geometry_msgs/cmake)
[0.671s] -- Found service_interface: 0.0.0 (/home/xun/workspace/PX4_ros2/ros2_ws/install/service_interface/share/service_interface/cmake)
[0.678s] -- Found ament_lint_auto: 0.12.14 (/opt/ros/humble/share/ament_lint_auto/cmake)
[0.722s] -- Added test 'cppcheck' to perform static code analysis on C / C++ code
[0.722s] -- Configured cppcheck include dirs: 
[0.722s] -- Configured cppcheck exclude dirs and/or files: 
[0.722s] -- Added test 'lint_cmake' to check CMake code style
[0.723s] -- Added test 'uncrustify' to check C / C++ code style
[0.723s] -- Configured uncrustify additional arguments: 
[0.723s] -- Added test 'xmllint' to check XML markup files
[0.724s] -- Configuring done (0.7s)
[0.729s] -- Generating done (0.0s)
[0.739s] -- Build files have been written to: /home/xun/workspace/PX4_ros2/ros2_ws/build/mission_client
[0.746s] Invoked command in '/home/xun/workspace/PX4_ros2/ros2_ws/build/mission_client' returned '0': AMENT_PREFIX_PATH=/home/xun/workspace/PX4_ros2/ros2_ws/install/service_interface:${AMENT_PREFIX_PATH} CMAKE_PREFIX_PATH=/home/xun/workspace/PX4_ros2/ros2_ws/install/service_interface:/home/xun/mavros2_ws/install/mavros_extras:/home/xun/mavros2_ws/install/mavros_examples:/home/xun/mavros2_ws/install/mavros:/home/xun/mavros2_ws/install/mavros_msgs:/home/xun/mavros2_ws/install/libmavconn:/home/xun/mavros2_ws/install/mavlink:/opt/ros/humble LD_LIBRARY_PATH=/home/xun/workspace/PX4_ros2/ros2_ws/install/service_interface/lib:/home/xun/mavros2_ws/install/mavros_extras/lib:/home/xun/mavros2_ws/install/mavros/lib:/home/xun/mavros2_ws/install/mavros_msgs/lib:/home/xun/mavros2_ws/install/libmavconn/lib:/usr/lib/x86_64-linux-gnu/gazebo-11/plugins:/opt/ros/humble/opt/rviz_ogre_vendor/lib:/opt/ros/humble/lib/x86_64-linux-gnu:/opt/ros/humble/lib:/usr/lib/x86_64-linux-gnu/gazebo-11/plugins PYTHONPATH=/home/xun/workspace/PX4_ros2/ros2_ws/install/service_interface/local/lib/python3.10/dist-packages:${PYTHONPATH} /usr/bin/cmake /home/xun/workspace/PX4_ros2/ros2_ws/src/mission_client -DCMAKE_INSTALL_PREFIX=/home/xun/workspace/PX4_ros2/ros2_ws/install/mission_client
[0.746s] Invoking command in '/home/xun/workspace/PX4_ros2/ros2_ws/build/mission_client': AMENT_PREFIX_PATH=/home/xun/workspace/PX4_ros2/ros2_ws/install/service_interface:${AMENT_PREFIX_PATH} CMAKE_PREFIX_PATH=/home/xun/workspace/PX4_ros2/ros2_ws/install/service_interface:/home/xun/mavros2_ws/install/mavros_extras:/home/xun/mavros2_ws/install/mavros_examples:/home/xun/mavros2_ws/install/mavros:/home/xun/mavros2_ws/install/mavros_msgs:/home/xun/mavros2_ws/install/libmavconn:/home/xun/mavros2_ws/install/mavlink:/opt/ros/humble LD_LIBRARY_PATH=/home/xun/workspace/PX4_ros2/ros2_ws/install/service_interface/lib:/home/xun/mavros2_ws/install/mavros_extras/lib:/home/xun/mavros2_ws/install/mavros/lib:/home/xun/mavros2_ws/install/mavros_msgs/lib:/home/xun/mavros2_ws/install/libmavconn/lib:/usr/lib/x86_64-linux-gnu/gazebo-11/plugins:/opt/ros/humble/opt/rviz_ogre_vendor/lib:/opt/ros/humble/lib/x86_64-linux-gnu:/opt/ros/humble/lib:/usr/lib/x86_64-linux-gnu/gazebo-11/plugins PYTHONPATH=/home/xun/workspace/PX4_ros2/ros2_ws/install/service_interface/local/lib/python3.10/dist-packages:${PYTHONPATH} /usr/bin/cmake --build /home/xun/workspace/PX4_ros2/ros2_ws/build/mission_client -- -j16 -l16
[0.768s] [ 50%] [32mBuilding CXX object CMakeFiles/mission_client.dir/src/mission_client.cpp.o[0m
[2.862s] [100%] [1m[32mLinking CXX executable mission_client[0m
[2.964s] [100%] Built target mission_client
[2.975s] Invoked command in '/home/xun/workspace/PX4_ros2/ros2_ws/build/mission_client' returned '0': AMENT_PREFIX_PATH=/home/xun/workspace/PX4_ros2/ros2_ws/install/service_interface:${AMENT_PREFIX_PATH} CMAKE_PREFIX_PATH=/home/xun/workspace/PX4_ros2/ros2_ws/install/service_interface:/home/xun/mavros2_ws/install/mavros_extras:/home/xun/mavros2_ws/install/mavros_examples:/home/xun/mavros2_ws/install/mavros:/home/xun/mavros2_ws/install/mavros_msgs:/home/xun/mavros2_ws/install/libmavconn:/home/xun/mavros2_ws/install/mavlink:/opt/ros/humble LD_LIBRARY_PATH=/home/xun/workspace/PX4_ros2/ros2_ws/install/service_interface/lib:/home/xun/mavros2_ws/install/mavros_extras/lib:/home/xun/mavros2_ws/install/mavros/lib:/home/xun/mavros2_ws/install/mavros_msgs/lib:/home/xun/mavros2_ws/install/libmavconn/lib:/usr/lib/x86_64-linux-gnu/gazebo-11/plugins:/opt/ros/humble/opt/rviz_ogre_vendor/lib:/opt/ros/humble/lib/x86_64-linux-gnu:/opt/ros/humble/lib:/usr/lib/x86_64-linux-gnu/gazebo-11/plugins PYTHONPATH=/home/xun/workspace/PX4_ros2/ros2_ws/install/service_interface/local/lib/python3.10/dist-packages:${PYTHONPATH} /usr/bin/cmake --build /home/xun/workspace/PX4_ros2/ros2_ws/build/mission_client -- -j16 -l16
[2.976s] Invoking command in '/home/xun/workspace/PX4_ros2/ros2_ws/build/mission_client': AMENT_PREFIX_PATH=/home/xun/workspace/PX4_ros2/ros2_ws/install/service_interface:${AMENT_PREFIX_PATH} CMAKE_PREFIX_PATH=/home/xun/workspace/PX4_ros2/ros2_ws/install/service_interface:/home/xun/mavros2_ws/install/mavros_extras:/home/xun/mavros2_ws/install/mavros_examples:/home/xun/mavros2_ws/install/mavros:/home/xun/mavros2_ws/install/mavros_msgs:/home/xun/mavros2_ws/install/libmavconn:/home/xun/mavros2_ws/install/mavlink:/opt/ros/humble LD_LIBRARY_PATH=/home/xun/workspace/PX4_ros2/ros2_ws/install/service_interface/lib:/home/xun/mavros2_ws/install/mavros_extras/lib:/home/xun/mavros2_ws/install/mavros/lib:/home/xun/mavros2_ws/install/mavros_msgs/lib:/home/xun/mavros2_ws/install/libmavconn/lib:/usr/lib/x86_64-linux-gnu/gazebo-11/plugins:/opt/ros/humble/opt/rviz_ogre_vendor/lib:/opt/ros/humble/lib/x86_64-linux-gnu:/opt/ros/humble/lib:/usr/lib/x86_64-linux-gnu/gazebo-11/plugins PYTHONPATH=/home/xun/workspace/PX4_ros2/ros2_ws/install/service_interface/local/lib/python3.10/dist-packages:${PYTHONPATH} /usr/bin/cmake --install /home/xun/workspace/PX4_ros2/ros2_ws/build/mission_client
[2.980s] -- Install configuration: ""
[2.980s] -- Installing: /home/xun/workspace/PX4_ros2/ros2_ws/install/mission_client/lib/mission_client/mission_client
[2.981s] -- Set non-toolchain portion of runtime path of "/home/xun/workspace/PX4_ros2/ros2_ws/install/mission_client/lib/mission_client/mission_client" to ""
[2.981s] -- Installing: /home/xun/workspace/PX4_ros2/ros2_ws/install/mission_client/share/ament_index/resource_index/package_run_dependencies/mission_client
[2.981s] -- Installing: /home/xun/workspace/PX4_ros2/ros2_ws/install/mission_client/share/ament_index/resource_index/parent_prefix_path/mission_client
[2.981s] -- Installing: /home/xun/workspace/PX4_ros2/ros2_ws/install/mission_client/share/mission_client/environment/ament_prefix_path.sh
[2.981s] -- Installing: /home/xun/workspace/PX4_ros2/ros2_ws/install/mission_client/share/mission_client/environment/ament_prefix_path.dsv
[2.981s] -- Installing: /home/xun/workspace/PX4_ros2/ros2_ws/install/mission_client/share/mission_client/environment/path.sh
[2.981s] -- Installing: /home/xun/workspace/PX4_ros2/ros2_ws/install/mission_client/share/mission_client/environment/path.dsv
[2.981s] -- Installing: /home/xun/workspace/PX4_ros2/ros2_ws/install/mission_client/share/mission_client/local_setup.bash
[2.981s] -- Installing: /home/xun/workspace/PX4_ros2/ros2_ws/install/mission_client/share/mission_client/local_setup.sh
[2.981s] -- Installing: /home/xun/workspace/PX4_ros2/ros2_ws/install/mission_client/share/mission_client/local_setup.zsh
[2.982s] -- Installing: /home/xun/workspace/PX4_ros2/ros2_ws/install/mission_client/share/mission_client/local_setup.dsv
[2.982s] -- Installing: /home/xun/workspace/PX4_ros2/ros2_ws/install/mission_client/share/mission_client/package.dsv
[2.982s] -- Installing: /home/xun/workspace/PX4_ros2/ros2_ws/install/mission_client/share/ament_index/resource_index/packages/mission_client
[2.982s] -- Installing: /home/xun/workspace/PX4_ros2/ros2_ws/install/mission_client/share/mission_client/cmake/mission_clientConfig.cmake
[2.982s] -- Installing: /home/xun/workspace/PX4_ros2/ros2_ws/install/mission_client/share/mission_client/cmake/mission_clientConfig-version.cmake
[2.982s] -- Installing: /home/xun/workspace/PX4_ros2/ros2_ws/install/mission_client/share/mission_client/package.xml
[2.983s] Invoked command in '/home/xun/workspace/PX4_ros2/ros2_ws/build/mission_client' returned '0': AMENT_PREFIX_PATH=/home/xun/workspace/PX4_ros2/ros2_ws/install/service_interface:${AMENT_PREFIX_PATH} CMAKE_PREFIX_PATH=/home/xun/workspace/PX4_ros2/ros2_ws/install/service_interface:/home/xun/mavros2_ws/install/mavros_extras:/home/xun/mavros2_ws/install/mavros_examples:/home/xun/mavros2_ws/install/mavros:/home/xun/mavros2_ws/install/mavros_msgs:/home/xun/mavros2_ws/install/libmavconn:/home/xun/mavros2_ws/install/mavlink:/opt/ros/humble LD_LIBRARY_PATH=/home/xun/workspace/PX4_ros2/ros2_ws/install/service_interface/lib:/home/xun/mavros2_ws/install/mavros_extras/lib:/home/xun/mavros2_ws/install/mavros/lib:/home/xun/mavros2_ws/install/mavros_msgs/lib:/home/xun/mavros2_ws/install/libmavconn/lib:/usr/lib/x86_64-linux-gnu/gazebo-11/plugins:/opt/ros/humble/opt/rviz_ogre_vendor/lib:/opt/ros/humble/lib/x86_64-linux-gnu:/opt/ros/humble/lib:/usr/lib/x86_64-linux-gnu/gazebo-11/plugins PYTHONPATH=/home/xun/workspace/PX4_ros2/ros2_ws/install/service_interface/local/lib/python3.10/dist-packages:${PYTHONPATH} /usr/bin/cmake --install /home/xun/workspace/PX4_ros2/ros2_ws/build/mission_client
