[0.062s] DEBUG:colcon:Command line arguments: ['/usr/bin/colcon', 'build']
[0.062s] DEBUG:colcon:Parsed command line arguments: Namespace(log_base=None, log_level=None, verb_name='build', build_base='build', install_base='install', merge_install=False, symlink_install=False, test_result_base=None, continue_on_error=False, executor='parallel', parallel_workers=16, event_handlers=None, ignore_user_meta=False, metas=['./colcon.meta'], base_paths=['.'], packages_ignore=None, packages_ignore_regex=None, paths=None, packages_up_to=None, packages_up_to_regex=None, packages_above=None, packages_above_and_dependencies=None, packages_above_depth=None, packages_select_by_dep=None, packages_skip_by_dep=None, packages_skip_up_to=None, packages_select_build_failed=False, packages_skip_build_finished=False, packages_select_test_failures=False, packages_skip_test_passed=False, packages_select=None, packages_skip=None, packages_select_regex=None, packages_skip_regex=None, packages_start=None, packages_end=None, allow_overriding=[], cmake_args=None, cmake_target=None, cmake_target_skip_unavailable=False, cmake_clean_cache=False, cmake_clean_first=False, cmake_force_configure=False, ament_cmake_args=None, catkin_cmake_args=None, catkin_skip_building_tests=False, verb_parser=<colcon_defaults.argument_parser.defaults.DefaultArgumentsDecorator object at 0x7246ab060dd0>, verb_extension=<colcon_core.verb.build.BuildVerb object at 0x7246ab1c5700>, main=<bound method BuildVerb.main of <colcon_core.verb.build.BuildVerb object at 0x7246ab1c5700>>)
[0.086s] Level 1:colcon.colcon_core.package_discovery:discover_packages(colcon_meta) check parameters
[0.086s] Level 1:colcon.colcon_core.package_discovery:discover_packages(recursive) check parameters
[0.086s] Level 1:colcon.colcon_core.package_discovery:discover_packages(ignore) check parameters
[0.086s] Level 1:colcon.colcon_core.package_discovery:discover_packages(path) check parameters
[0.086s] Level 1:colcon.colcon_core.package_discovery:discover_packages(colcon_meta) discover
[0.086s] Level 1:colcon.colcon_core.package_discovery:discover_packages(recursive) discover
[0.086s] INFO:colcon.colcon_core.package_discovery:Crawling recursively for packages in '/home/chenhuixu/PX4_ros2/ros2_ws/src'
[0.086s] Level 1:colcon.colcon_core.package_identification:_identify(.) by extensions ['ignore', 'ignore_ament_install']
[0.086s] Level 1:colcon.colcon_core.package_identification:_identify(.) by extension 'ignore'
[0.086s] Level 1:colcon.colcon_core.package_identification:_identify(.) by extension 'ignore_ament_install'
[0.086s] Level 1:colcon.colcon_core.package_identification:_identify(.) by extensions ['colcon_pkg']
[0.086s] Level 1:colcon.colcon_core.package_identification:_identify(.) by extension 'colcon_pkg'
[0.086s] Level 1:colcon.colcon_core.package_identification:_identify(.) by extensions ['colcon_meta']
[0.086s] Level 1:colcon.colcon_core.package_identification:_identify(.) by extension 'colcon_meta'
[0.086s] Level 1:colcon.colcon_core.package_identification:_identify(.) by extensions ['ros']
[0.086s] Level 1:colcon.colcon_core.package_identification:_identify(.) by extension 'ros'
[0.102s] Level 1:colcon.colcon_core.package_identification:_identify(.) by extensions ['cmake', 'python']
[0.102s] Level 1:colcon.colcon_core.package_identification:_identify(.) by extension 'cmake'
[0.102s] Level 1:colcon.colcon_core.package_identification:_identify(.) by extension 'python'
[0.102s] Level 1:colcon.colcon_core.package_identification:_identify(.) by extensions ['python_setup_py']
[0.102s] Level 1:colcon.colcon_core.package_identification:_identify(.) by extension 'python_setup_py'
[0.102s] Level 1:colcon.colcon_core.package_identification:_identify(build) by extensions ['ignore', 'ignore_ament_install']
[0.102s] Level 1:colcon.colcon_core.package_identification:_identify(build) by extension 'ignore'
[0.102s] Level 1:colcon.colcon_core.package_identification:_identify(build) ignored
[0.102s] Level 1:colcon.colcon_core.package_identification:_identify(install) by extensions ['ignore', 'ignore_ament_install']
[0.102s] Level 1:colcon.colcon_core.package_identification:_identify(install) by extension 'ignore'
[0.102s] Level 1:colcon.colcon_core.package_identification:_identify(install) ignored
[0.102s] Level 1:colcon.colcon_core.package_identification:_identify(log) by extensions ['ignore', 'ignore_ament_install']
[0.102s] Level 1:colcon.colcon_core.package_identification:_identify(log) by extension 'ignore'
[0.102s] Level 1:colcon.colcon_core.package_identification:_identify(log) ignored
[0.102s] Level 1:colcon.colcon_core.package_identification:_identify(mission_client) by extensions ['ignore', 'ignore_ament_install']
[0.102s] Level 1:colcon.colcon_core.package_identification:_identify(mission_client) by extension 'ignore'
[0.102s] Level 1:colcon.colcon_core.package_identification:_identify(mission_client) by extension 'ignore_ament_install'
[0.102s] Level 1:colcon.colcon_core.package_identification:_identify(mission_client) by extensions ['colcon_pkg']
[0.102s] Level 1:colcon.colcon_core.package_identification:_identify(mission_client) by extension 'colcon_pkg'
[0.102s] Level 1:colcon.colcon_core.package_identification:_identify(mission_client) by extensions ['colcon_meta']
[0.102s] Level 1:colcon.colcon_core.package_identification:_identify(mission_client) by extension 'colcon_meta'
[0.102s] Level 1:colcon.colcon_core.package_identification:_identify(mission_client) by extensions ['ros']
[0.102s] Level 1:colcon.colcon_core.package_identification:_identify(mission_client) by extension 'ros'
[0.104s] DEBUG:colcon.colcon_core.package_identification:Package 'mission_client' with type 'ros.ament_cmake' and name 'mission_client'
[0.104s] Level 1:colcon.colcon_core.package_identification:_identify(px4_control) by extensions ['ignore', 'ignore_ament_install']
[0.104s] Level 1:colcon.colcon_core.package_identification:_identify(px4_control) by extension 'ignore'
[0.104s] Level 1:colcon.colcon_core.package_identification:_identify(px4_control) by extension 'ignore_ament_install'
[0.104s] Level 1:colcon.colcon_core.package_identification:_identify(px4_control) by extensions ['colcon_pkg']
[0.104s] Level 1:colcon.colcon_core.package_identification:_identify(px4_control) by extension 'colcon_pkg'
[0.104s] Level 1:colcon.colcon_core.package_identification:_identify(px4_control) by extensions ['colcon_meta']
[0.104s] Level 1:colcon.colcon_core.package_identification:_identify(px4_control) by extension 'colcon_meta'
[0.104s] Level 1:colcon.colcon_core.package_identification:_identify(px4_control) by extensions ['ros']
[0.104s] Level 1:colcon.colcon_core.package_identification:_identify(px4_control) by extension 'ros'
[0.105s] DEBUG:colcon.colcon_core.package_identification:Package 'px4_control' with type 'ros.ament_python' and name 'px4_control'
[0.105s] Level 1:colcon.colcon_core.package_identification:_identify(service_interface) by extensions ['ignore', 'ignore_ament_install']
[0.105s] Level 1:colcon.colcon_core.package_identification:_identify(service_interface) by extension 'ignore'
[0.105s] Level 1:colcon.colcon_core.package_identification:_identify(service_interface) by extension 'ignore_ament_install'
[0.105s] Level 1:colcon.colcon_core.package_identification:_identify(service_interface) by extensions ['colcon_pkg']
[0.105s] Level 1:colcon.colcon_core.package_identification:_identify(service_interface) by extension 'colcon_pkg'
[0.105s] Level 1:colcon.colcon_core.package_identification:_identify(service_interface) by extensions ['colcon_meta']
[0.105s] Level 1:colcon.colcon_core.package_identification:_identify(service_interface) by extension 'colcon_meta'
[0.105s] Level 1:colcon.colcon_core.package_identification:_identify(service_interface) by extensions ['ros']
[0.105s] Level 1:colcon.colcon_core.package_identification:_identify(service_interface) by extension 'ros'
[0.105s] DEBUG:colcon.colcon_core.package_identification:Package 'service_interface' with type 'ros.ament_cmake' and name 'service_interface'
[0.105s] Level 1:colcon.colcon_core.package_discovery:discover_packages(recursive) using defaults
[0.105s] Level 1:colcon.colcon_core.package_discovery:discover_packages(ignore) discover
[0.105s] Level 1:colcon.colcon_core.package_discovery:discover_packages(ignore) using defaults
[0.105s] Level 1:colcon.colcon_core.package_discovery:discover_packages(path) discover
[0.105s] Level 1:colcon.colcon_core.package_discovery:discover_packages(path) using defaults
[0.115s] Level 1:colcon.colcon_core.package_discovery:discover_packages(prefix_path) check parameters
[0.115s] Level 1:colcon.colcon_core.package_discovery:discover_packages(prefix_path) discover
[0.116s] DEBUG:colcon.colcon_installed_package_information.package_discovery:Found 3 installed packages in /home/chenhuixu/PX4_ros2/ros2_ws/src/install
[0.117s] DEBUG:colcon.colcon_installed_package_information.package_discovery:Found 6 installed packages in /home/chenhuixu/mavros2_ws/install
[0.118s] DEBUG:colcon.colcon_installed_package_information.package_discovery:Found 288 installed packages in /opt/ros/jazzy
[0.118s] Level 1:colcon.colcon_core.package_discovery:discover_packages(prefix_path) using defaults
[0.141s] Level 5:colcon.colcon_core.verb:set package 'px4_control' build argument 'cmake_args' from command line to 'None'
[0.141s] Level 5:colcon.colcon_core.verb:set package 'px4_control' build argument 'cmake_target' from command line to 'None'
[0.141s] Level 5:colcon.colcon_core.verb:set package 'px4_control' build argument 'cmake_target_skip_unavailable' from command line to 'False'
[0.141s] Level 5:colcon.colcon_core.verb:set package 'px4_control' build argument 'cmake_clean_cache' from command line to 'False'
[0.141s] Level 5:colcon.colcon_core.verb:set package 'px4_control' build argument 'cmake_clean_first' from command line to 'False'
[0.141s] Level 5:colcon.colcon_core.verb:set package 'px4_control' build argument 'cmake_force_configure' from command line to 'False'
[0.141s] Level 5:colcon.colcon_core.verb:set package 'px4_control' build argument 'ament_cmake_args' from command line to 'None'
[0.141s] Level 5:colcon.colcon_core.verb:set package 'px4_control' build argument 'catkin_cmake_args' from command line to 'None'
[0.141s] Level 5:colcon.colcon_core.verb:set package 'px4_control' build argument 'catkin_skip_building_tests' from command line to 'False'
[0.141s] DEBUG:colcon.colcon_core.verb:Building package 'px4_control' with the following arguments: {'ament_cmake_args': None, 'build_base': '/home/chenhuixu/PX4_ros2/ros2_ws/src/build/px4_control', 'catkin_cmake_args': None, 'catkin_skip_building_tests': False, 'cmake_args': None, 'cmake_clean_cache': False, 'cmake_clean_first': False, 'cmake_force_configure': False, 'cmake_target': None, 'cmake_target_skip_unavailable': False, 'install_base': '/home/chenhuixu/PX4_ros2/ros2_ws/src/install/px4_control', 'merge_install': False, 'path': '/home/chenhuixu/PX4_ros2/ros2_ws/src/px4_control', 'symlink_install': False, 'test_result_base': None}
[0.141s] Level 5:colcon.colcon_core.verb:set package 'service_interface' build argument 'cmake_args' from command line to 'None'
[0.141s] Level 5:colcon.colcon_core.verb:set package 'service_interface' build argument 'cmake_target' from command line to 'None'
[0.141s] Level 5:colcon.colcon_core.verb:set package 'service_interface' build argument 'cmake_target_skip_unavailable' from command line to 'False'
[0.141s] Level 5:colcon.colcon_core.verb:set package 'service_interface' build argument 'cmake_clean_cache' from command line to 'False'
[0.141s] Level 5:colcon.colcon_core.verb:set package 'service_interface' build argument 'cmake_clean_first' from command line to 'False'
[0.141s] Level 5:colcon.colcon_core.verb:set package 'service_interface' build argument 'cmake_force_configure' from command line to 'False'
[0.141s] Level 5:colcon.colcon_core.verb:set package 'service_interface' build argument 'ament_cmake_args' from command line to 'None'
[0.141s] Level 5:colcon.colcon_core.verb:set package 'service_interface' build argument 'catkin_cmake_args' from command line to 'None'
[0.141s] Level 5:colcon.colcon_core.verb:set package 'service_interface' build argument 'catkin_skip_building_tests' from command line to 'False'
[0.141s] DEBUG:colcon.colcon_core.verb:Building package 'service_interface' with the following arguments: {'ament_cmake_args': None, 'build_base': '/home/chenhuixu/PX4_ros2/ros2_ws/src/build/service_interface', 'catkin_cmake_args': None, 'catkin_skip_building_tests': False, 'cmake_args': None, 'cmake_clean_cache': False, 'cmake_clean_first': False, 'cmake_force_configure': False, 'cmake_target': None, 'cmake_target_skip_unavailable': False, 'install_base': '/home/chenhuixu/PX4_ros2/ros2_ws/src/install/service_interface', 'merge_install': False, 'path': '/home/chenhuixu/PX4_ros2/ros2_ws/src/service_interface', 'symlink_install': False, 'test_result_base': None}
[0.141s] Level 5:colcon.colcon_core.verb:set package 'mission_client' build argument 'cmake_args' from command line to 'None'
[0.141s] Level 5:colcon.colcon_core.verb:set package 'mission_client' build argument 'cmake_target' from command line to 'None'
[0.141s] Level 5:colcon.colcon_core.verb:set package 'mission_client' build argument 'cmake_target_skip_unavailable' from command line to 'False'
[0.141s] Level 5:colcon.colcon_core.verb:set package 'mission_client' build argument 'cmake_clean_cache' from command line to 'False'
[0.141s] Level 5:colcon.colcon_core.verb:set package 'mission_client' build argument 'cmake_clean_first' from command line to 'False'
[0.141s] Level 5:colcon.colcon_core.verb:set package 'mission_client' build argument 'cmake_force_configure' from command line to 'False'
[0.141s] Level 5:colcon.colcon_core.verb:set package 'mission_client' build argument 'ament_cmake_args' from command line to 'None'
[0.141s] Level 5:colcon.colcon_core.verb:set package 'mission_client' build argument 'catkin_cmake_args' from command line to 'None'
[0.141s] Level 5:colcon.colcon_core.verb:set package 'mission_client' build argument 'catkin_skip_building_tests' from command line to 'False'
[0.141s] DEBUG:colcon.colcon_core.verb:Building package 'mission_client' with the following arguments: {'ament_cmake_args': None, 'build_base': '/home/chenhuixu/PX4_ros2/ros2_ws/src/build/mission_client', 'catkin_cmake_args': None, 'catkin_skip_building_tests': False, 'cmake_args': None, 'cmake_clean_cache': False, 'cmake_clean_first': False, 'cmake_force_configure': False, 'cmake_target': None, 'cmake_target_skip_unavailable': False, 'install_base': '/home/chenhuixu/PX4_ros2/ros2_ws/src/install/mission_client', 'merge_install': False, 'path': '/home/chenhuixu/PX4_ros2/ros2_ws/src/mission_client', 'symlink_install': False, 'test_result_base': None}
[0.141s] INFO:colcon.colcon_core.executor:Executing jobs using 'parallel' executor
[0.142s] DEBUG:colcon.colcon_parallel_executor.executor.parallel:run_until_complete
[0.142s] INFO:colcon.colcon_ros.task.ament_cmake.build:Building ROS package in '/home/chenhuixu/PX4_ros2/ros2_ws/src/service_interface' with build type 'ament_cmake'
[0.142s] INFO:colcon.colcon_cmake.task.cmake.build:Building CMake package in '/home/chenhuixu/PX4_ros2/ros2_ws/src/service_interface'
[0.143s] INFO:colcon.colcon_core.plugin_system:Skipping extension 'colcon_core.shell.bat': Not used on non-Windows systems
[0.143s] INFO:colcon.colcon_core.shell:Skip shell extension 'powershell' for command environment: Not usable outside of PowerShell
[0.143s] DEBUG:colcon.colcon_core.shell:Skip shell extension 'dsv' for command environment
[0.146s] INFO:colcon.colcon_ros.task.ament_python.build:Building ROS package in '/home/chenhuixu/PX4_ros2/ros2_ws/src/px4_control' with build type 'ament_python'
[0.146s] Level 1:colcon.colcon_core.shell:create_environment_hook('px4_control', 'ament_prefix_path')
[0.146s] INFO:colcon.colcon_core.shell:Creating environment hook '/home/chenhuixu/PX4_ros2/ros2_ws/src/install/px4_control/share/px4_control/hook/ament_prefix_path.ps1'
[0.146s] INFO:colcon.colcon_core.shell:Creating environment descriptor '/home/chenhuixu/PX4_ros2/ros2_ws/src/install/px4_control/share/px4_control/hook/ament_prefix_path.dsv'
[0.147s] INFO:colcon.colcon_core.shell:Creating environment hook '/home/chenhuixu/PX4_ros2/ros2_ws/src/install/px4_control/share/px4_control/hook/ament_prefix_path.sh'
[0.147s] INFO:colcon.colcon_core.shell:Skip shell extension 'powershell' for command environment: Not usable outside of PowerShell
[0.147s] DEBUG:colcon.colcon_core.shell:Skip shell extension 'dsv' for command environment
[0.154s] DEBUG:colcon.colcon_core.event_handler.log_command:Invoking command in '/home/chenhuixu/PX4_ros2/ros2_ws/src/build/service_interface': CMAKE_PREFIX_PATH=${CMAKE_PREFIX_PATH}:/home/chenhuixu/PX4_ros2/ros2_ws/src/install/px4_control:/opt/ros/jazzy DEBUGINFOD_URLS=https://debuginfod.ubuntu.com /usr/bin/cmake --build /home/chenhuixu/PX4_ros2/ros2_ws/src/build/service_interface -- -j16 -l16
[0.290s] INFO:colcon.colcon_core.task.python.build:Building Python package in '/home/chenhuixu/PX4_ros2/ros2_ws/src/px4_control'
[0.291s] INFO:colcon.colcon_core.shell:Skip shell extension 'powershell' for command environment: Not usable outside of PowerShell
[0.291s] DEBUG:colcon.colcon_core.shell:Skip shell extension 'dsv' for command environment
[0.420s] DEBUG:colcon.colcon_core.event_handler.log_command:Invoked command in '/home/chenhuixu/PX4_ros2/ros2_ws/src/build/service_interface' returned '0': CMAKE_PREFIX_PATH=${CMAKE_PREFIX_PATH}:/home/chenhuixu/PX4_ros2/ros2_ws/src/install/px4_control:/opt/ros/jazzy DEBUGINFOD_URLS=https://debuginfod.ubuntu.com /usr/bin/cmake --build /home/chenhuixu/PX4_ros2/ros2_ws/src/build/service_interface -- -j16 -l16
[0.428s] DEBUG:colcon.colcon_core.event_handler.log_command:Invoking command in '/home/chenhuixu/PX4_ros2/ros2_ws/src/build/service_interface': CMAKE_PREFIX_PATH=${CMAKE_PREFIX_PATH}:/home/chenhuixu/PX4_ros2/ros2_ws/src/install/px4_control:/opt/ros/jazzy DEBUGINFOD_URLS=https://debuginfod.ubuntu.com /usr/bin/cmake --install /home/chenhuixu/PX4_ros2/ros2_ws/src/build/service_interface
[0.475s] Level 1:colcon.colcon_core.environment:create_environment_scripts_only(service_interface)
[0.476s] DEBUG:colcon.colcon_core.event_handler.log_command:Invoked command in '/home/chenhuixu/PX4_ros2/ros2_ws/src/build/service_interface' returned '0': CMAKE_PREFIX_PATH=${CMAKE_PREFIX_PATH}:/home/chenhuixu/PX4_ros2/ros2_ws/src/install/px4_control:/opt/ros/jazzy DEBUGINFOD_URLS=https://debuginfod.ubuntu.com /usr/bin/cmake --install /home/chenhuixu/PX4_ros2/ros2_ws/src/build/service_interface
[0.477s] Level 1:colcon.colcon_core.environment:checking '/home/chenhuixu/PX4_ros2/ros2_ws/src/install/service_interface' for CMake module files
[0.477s] Level 1:colcon.colcon_core.environment:checking '/home/chenhuixu/PX4_ros2/ros2_ws/src/install/service_interface' for CMake config files
[0.478s] Level 1:colcon.colcon_core.shell:create_environment_hook('service_interface', 'cmake_prefix_path')
[0.478s] INFO:colcon.colcon_core.shell:Creating environment hook '/home/chenhuixu/PX4_ros2/ros2_ws/src/install/service_interface/share/service_interface/hook/cmake_prefix_path.ps1'
[0.478s] INFO:colcon.colcon_core.shell:Creating environment descriptor '/home/chenhuixu/PX4_ros2/ros2_ws/src/install/service_interface/share/service_interface/hook/cmake_prefix_path.dsv'
[0.478s] INFO:colcon.colcon_core.shell:Creating environment hook '/home/chenhuixu/PX4_ros2/ros2_ws/src/install/service_interface/share/service_interface/hook/cmake_prefix_path.sh'
[0.479s] Level 1:colcon.colcon_core.environment:checking '/home/chenhuixu/PX4_ros2/ros2_ws/src/install/service_interface/lib'
[0.479s] Level 1:colcon.colcon_core.shell:create_environment_hook('service_interface', 'ld_library_path_lib')
[0.479s] INFO:colcon.colcon_core.shell:Creating environment hook '/home/chenhuixu/PX4_ros2/ros2_ws/src/install/service_interface/share/service_interface/hook/ld_library_path_lib.ps1'
[0.479s] INFO:colcon.colcon_core.shell:Creating environment descriptor '/home/chenhuixu/PX4_ros2/ros2_ws/src/install/service_interface/share/service_interface/hook/ld_library_path_lib.dsv'
[0.480s] INFO:colcon.colcon_core.shell:Creating environment hook '/home/chenhuixu/PX4_ros2/ros2_ws/src/install/service_interface/share/service_interface/hook/ld_library_path_lib.sh'
[0.480s] Level 1:colcon.colcon_core.environment:checking '/home/chenhuixu/PX4_ros2/ros2_ws/src/install/service_interface/bin'
[0.480s] Level 1:colcon.colcon_core.environment:checking '/home/chenhuixu/PX4_ros2/ros2_ws/src/install/service_interface/lib/pkgconfig/service_interface.pc'
[0.480s] Level 1:colcon.colcon_core.environment:checking '/home/chenhuixu/PX4_ros2/ros2_ws/src/install/service_interface/lib/python3.12/site-packages'
[0.480s] Level 1:colcon.colcon_core.shell:create_environment_hook('service_interface', 'pythonpath')
[0.480s] INFO:colcon.colcon_core.shell:Creating environment hook '/home/chenhuixu/PX4_ros2/ros2_ws/src/install/service_interface/share/service_interface/hook/pythonpath.ps1'
[0.480s] INFO:colcon.colcon_core.shell:Creating environment descriptor '/home/chenhuixu/PX4_ros2/ros2_ws/src/install/service_interface/share/service_interface/hook/pythonpath.dsv'
[0.481s] INFO:colcon.colcon_core.shell:Creating environment hook '/home/chenhuixu/PX4_ros2/ros2_ws/src/install/service_interface/share/service_interface/hook/pythonpath.sh'
[0.481s] Level 1:colcon.colcon_core.environment:checking '/home/chenhuixu/PX4_ros2/ros2_ws/src/install/service_interface/bin'
[0.481s] INFO:colcon.colcon_core.shell:Creating package script '/home/chenhuixu/PX4_ros2/ros2_ws/src/install/service_interface/share/service_interface/package.ps1'
[0.482s] INFO:colcon.colcon_core.shell:Creating package descriptor '/home/chenhuixu/PX4_ros2/ros2_ws/src/install/service_interface/share/service_interface/package.dsv'
[0.482s] INFO:colcon.colcon_core.shell:Creating package script '/home/chenhuixu/PX4_ros2/ros2_ws/src/install/service_interface/share/service_interface/package.sh'
[0.483s] INFO:colcon.colcon_core.shell:Creating package script '/home/chenhuixu/PX4_ros2/ros2_ws/src/install/service_interface/share/service_interface/package.bash'
[0.483s] INFO:colcon.colcon_core.shell:Creating package script '/home/chenhuixu/PX4_ros2/ros2_ws/src/install/service_interface/share/service_interface/package.zsh'
[0.483s] Level 1:colcon.colcon_core.environment:create_file_with_runtime_dependencies(/home/chenhuixu/PX4_ros2/ros2_ws/src/install/service_interface/share/colcon-core/packages/service_interface)
[0.484s] Level 1:colcon.colcon_core.environment:create_environment_scripts_only(service_interface)
[0.484s] Level 1:colcon.colcon_core.environment:checking '/home/chenhuixu/PX4_ros2/ros2_ws/src/install/service_interface' for CMake module files
[0.484s] Level 1:colcon.colcon_core.environment:checking '/home/chenhuixu/PX4_ros2/ros2_ws/src/install/service_interface' for CMake config files
[0.484s] Level 1:colcon.colcon_core.shell:create_environment_hook('service_interface', 'cmake_prefix_path')
[0.484s] INFO:colcon.colcon_core.shell:Creating environment hook '/home/chenhuixu/PX4_ros2/ros2_ws/src/install/service_interface/share/service_interface/hook/cmake_prefix_path.ps1'
[0.484s] INFO:colcon.colcon_core.shell:Creating environment descriptor '/home/chenhuixu/PX4_ros2/ros2_ws/src/install/service_interface/share/service_interface/hook/cmake_prefix_path.dsv'
[0.485s] INFO:colcon.colcon_core.shell:Creating environment hook '/home/chenhuixu/PX4_ros2/ros2_ws/src/install/service_interface/share/service_interface/hook/cmake_prefix_path.sh'
[0.485s] Level 1:colcon.colcon_core.environment:checking '/home/chenhuixu/PX4_ros2/ros2_ws/src/install/service_interface/lib'
[0.485s] Level 1:colcon.colcon_core.shell:create_environment_hook('service_interface', 'ld_library_path_lib')
[0.485s] INFO:colcon.colcon_core.shell:Creating environment hook '/home/chenhuixu/PX4_ros2/ros2_ws/src/install/service_interface/share/service_interface/hook/ld_library_path_lib.ps1'
[0.485s] INFO:colcon.colcon_core.shell:Creating environment descriptor '/home/chenhuixu/PX4_ros2/ros2_ws/src/install/service_interface/share/service_interface/hook/ld_library_path_lib.dsv'
[0.486s] INFO:colcon.colcon_core.shell:Creating environment hook '/home/chenhuixu/PX4_ros2/ros2_ws/src/install/service_interface/share/service_interface/hook/ld_library_path_lib.sh'
[0.486s] Level 1:colcon.colcon_core.environment:checking '/home/chenhuixu/PX4_ros2/ros2_ws/src/install/service_interface/bin'
[0.486s] Level 1:colcon.colcon_core.environment:checking '/home/chenhuixu/PX4_ros2/ros2_ws/src/install/service_interface/lib/pkgconfig/service_interface.pc'
[0.486s] Level 1:colcon.colcon_core.environment:checking '/home/chenhuixu/PX4_ros2/ros2_ws/src/install/service_interface/lib/python3.12/site-packages'
[0.486s] Level 1:colcon.colcon_core.shell:create_environment_hook('service_interface', 'pythonpath')
[0.486s] INFO:colcon.colcon_core.shell:Creating environment hook '/home/chenhuixu/PX4_ros2/ros2_ws/src/install/service_interface/share/service_interface/hook/pythonpath.ps1'
[0.486s] INFO:colcon.colcon_core.shell:Creating environment descriptor '/home/chenhuixu/PX4_ros2/ros2_ws/src/install/service_interface/share/service_interface/hook/pythonpath.dsv'
[0.486s] INFO:colcon.colcon_core.shell:Creating environment hook '/home/chenhuixu/PX4_ros2/ros2_ws/src/install/service_interface/share/service_interface/hook/pythonpath.sh'
[0.487s] Level 1:colcon.colcon_core.environment:checking '/home/chenhuixu/PX4_ros2/ros2_ws/src/install/service_interface/bin'
[0.487s] INFO:colcon.colcon_core.shell:Creating package script '/home/chenhuixu/PX4_ros2/ros2_ws/src/install/service_interface/share/service_interface/package.ps1'
[0.487s] INFO:colcon.colcon_core.shell:Creating package descriptor '/home/chenhuixu/PX4_ros2/ros2_ws/src/install/service_interface/share/service_interface/package.dsv'
[0.488s] INFO:colcon.colcon_core.shell:Creating package script '/home/chenhuixu/PX4_ros2/ros2_ws/src/install/service_interface/share/service_interface/package.sh'
[0.488s] INFO:colcon.colcon_core.shell:Creating package script '/home/chenhuixu/PX4_ros2/ros2_ws/src/install/service_interface/share/service_interface/package.bash'
[0.488s] INFO:colcon.colcon_core.shell:Creating package script '/home/chenhuixu/PX4_ros2/ros2_ws/src/install/service_interface/share/service_interface/package.zsh'
[0.488s] Level 1:colcon.colcon_core.environment:create_file_with_runtime_dependencies(/home/chenhuixu/PX4_ros2/ros2_ws/src/install/service_interface/share/colcon-core/packages/service_interface)
[0.488s] INFO:colcon.colcon_ros.task.ament_cmake.build:Building ROS package in '/home/chenhuixu/PX4_ros2/ros2_ws/src/mission_client' with build type 'ament_cmake'
[0.488s] INFO:colcon.colcon_cmake.task.cmake.build:Building CMake package in '/home/chenhuixu/PX4_ros2/ros2_ws/src/mission_client'
[0.489s] INFO:colcon.colcon_core.shell:Skip shell extension 'powershell' for command environment: Not usable outside of PowerShell
[0.489s] DEBUG:colcon.colcon_core.shell:Skip shell extension 'dsv' for command environment
[0.500s] DEBUG:colcon.colcon_core.event_handler.log_command:Invoking command in '/home/chenhuixu/PX4_ros2/ros2_ws/src/build/mission_client': CMAKE_PREFIX_PATH=/home/chenhuixu/PX4_ros2/ros2_ws/src/install/service_interface:/home/chenhuixu/PX4_ros2/ros2_ws/src/install/mission_client:/home/chenhuixu/mavros2_ws/install/mavros_extras:/home/chenhuixu/mavros2_ws/install/mavros_examples:/home/chenhuixu/mavros2_ws/install/mavros:/home/chenhuixu/mavros2_ws/install/mavros_msgs:/home/chenhuixu/mavros2_ws/install/libmavconn:/home/chenhuixu/mavros2_ws/install/mavlink:/opt/ros/jazzy/opt/gz_math_vendor:/opt/ros/jazzy/opt/gz_utils_vendor:/opt/ros/jazzy/opt/gz_cmake_vendor:/home/chenhuixu/PX4_ros2/ros2_ws/src/install/px4_control:/opt/ros/jazzy DEBUGINFOD_URLS=https://debuginfod.ubuntu.com LD_LIBRARY_PATH=/home/chenhuixu/PX4_ros2/ros2_ws/src/install/service_interface/lib:/home/chenhuixu/mavros2_ws/install/mavros_extras/lib:/home/chenhuixu/mavros2_ws/install/mavros/lib:/home/chenhuixu/mavros2_ws/install/mavros_msgs/lib:/home/chenhuixu/mavros2_ws/install/libmavconn/lib:/opt/ros/jazzy/opt/rviz_ogre_vendor/lib:/opt/ros/jazzy/lib/x86_64-linux-gnu:/opt/ros/jazzy/opt/gz_math_vendor/lib:/opt/ros/jazzy/opt/gz_utils_vendor/lib:/opt/ros/jazzy/opt/gz_cmake_vendor/lib:/opt/ros/jazzy/lib:/tools.lnx86/lib:/home/chenhuixu/cadence/INNOVUS211/tools.lnx86/lib /usr/bin/cmake --build /home/chenhuixu/PX4_ros2/ros2_ws/src/build/mission_client -- -j16 -l16
[0.567s] DEBUG:colcon.colcon_core.event_handler.log_command:Invoked command in '/home/chenhuixu/PX4_ros2/ros2_ws/src/build/mission_client' returned '0': CMAKE_PREFIX_PATH=/home/chenhuixu/PX4_ros2/ros2_ws/src/install/service_interface:/home/chenhuixu/PX4_ros2/ros2_ws/src/install/mission_client:/home/chenhuixu/mavros2_ws/install/mavros_extras:/home/chenhuixu/mavros2_ws/install/mavros_examples:/home/chenhuixu/mavros2_ws/install/mavros:/home/chenhuixu/mavros2_ws/install/mavros_msgs:/home/chenhuixu/mavros2_ws/install/libmavconn:/home/chenhuixu/mavros2_ws/install/mavlink:/opt/ros/jazzy/opt/gz_math_vendor:/opt/ros/jazzy/opt/gz_utils_vendor:/opt/ros/jazzy/opt/gz_cmake_vendor:/home/chenhuixu/PX4_ros2/ros2_ws/src/install/px4_control:/opt/ros/jazzy DEBUGINFOD_URLS=https://debuginfod.ubuntu.com LD_LIBRARY_PATH=/home/chenhuixu/PX4_ros2/ros2_ws/src/install/service_interface/lib:/home/chenhuixu/mavros2_ws/install/mavros_extras/lib:/home/chenhuixu/mavros2_ws/install/mavros/lib:/home/chenhuixu/mavros2_ws/install/mavros_msgs/lib:/home/chenhuixu/mavros2_ws/install/libmavconn/lib:/opt/ros/jazzy/opt/rviz_ogre_vendor/lib:/opt/ros/jazzy/lib/x86_64-linux-gnu:/opt/ros/jazzy/opt/gz_math_vendor/lib:/opt/ros/jazzy/opt/gz_utils_vendor/lib:/opt/ros/jazzy/opt/gz_cmake_vendor/lib:/opt/ros/jazzy/lib:/tools.lnx86/lib:/home/chenhuixu/cadence/INNOVUS211/tools.lnx86/lib /usr/bin/cmake --build /home/chenhuixu/PX4_ros2/ros2_ws/src/build/mission_client -- -j16 -l16
[0.568s] DEBUG:colcon.colcon_core.event_handler.log_command:Invoking command in '/home/chenhuixu/PX4_ros2/ros2_ws/src/build/mission_client': CMAKE_PREFIX_PATH=/home/chenhuixu/PX4_ros2/ros2_ws/src/install/service_interface:/home/chenhuixu/PX4_ros2/ros2_ws/src/install/mission_client:/home/chenhuixu/mavros2_ws/install/mavros_extras:/home/chenhuixu/mavros2_ws/install/mavros_examples:/home/chenhuixu/mavros2_ws/install/mavros:/home/chenhuixu/mavros2_ws/install/mavros_msgs:/home/chenhuixu/mavros2_ws/install/libmavconn:/home/chenhuixu/mavros2_ws/install/mavlink:/opt/ros/jazzy/opt/gz_math_vendor:/opt/ros/jazzy/opt/gz_utils_vendor:/opt/ros/jazzy/opt/gz_cmake_vendor:/home/chenhuixu/PX4_ros2/ros2_ws/src/install/px4_control:/opt/ros/jazzy DEBUGINFOD_URLS=https://debuginfod.ubuntu.com LD_LIBRARY_PATH=/home/chenhuixu/PX4_ros2/ros2_ws/src/install/service_interface/lib:/home/chenhuixu/mavros2_ws/install/mavros_extras/lib:/home/chenhuixu/mavros2_ws/install/mavros/lib:/home/chenhuixu/mavros2_ws/install/mavros_msgs/lib:/home/chenhuixu/mavros2_ws/install/libmavconn/lib:/opt/ros/jazzy/opt/rviz_ogre_vendor/lib:/opt/ros/jazzy/lib/x86_64-linux-gnu:/opt/ros/jazzy/opt/gz_math_vendor/lib:/opt/ros/jazzy/opt/gz_utils_vendor/lib:/opt/ros/jazzy/opt/gz_cmake_vendor/lib:/opt/ros/jazzy/lib:/tools.lnx86/lib:/home/chenhuixu/cadence/INNOVUS211/tools.lnx86/lib /usr/bin/cmake --install /home/chenhuixu/PX4_ros2/ros2_ws/src/build/mission_client
[0.577s] Level 1:colcon.colcon_core.environment:create_environment_scripts_only(mission_client)
[0.577s] DEBUG:colcon.colcon_core.event_handler.log_command:Invoked command in '/home/chenhuixu/PX4_ros2/ros2_ws/src/build/mission_client' returned '0': CMAKE_PREFIX_PATH=/home/chenhuixu/PX4_ros2/ros2_ws/src/install/service_interface:/home/chenhuixu/PX4_ros2/ros2_ws/src/install/mission_client:/home/chenhuixu/mavros2_ws/install/mavros_extras:/home/chenhuixu/mavros2_ws/install/mavros_examples:/home/chenhuixu/mavros2_ws/install/mavros:/home/chenhuixu/mavros2_ws/install/mavros_msgs:/home/chenhuixu/mavros2_ws/install/libmavconn:/home/chenhuixu/mavros2_ws/install/mavlink:/opt/ros/jazzy/opt/gz_math_vendor:/opt/ros/jazzy/opt/gz_utils_vendor:/opt/ros/jazzy/opt/gz_cmake_vendor:/home/chenhuixu/PX4_ros2/ros2_ws/src/install/px4_control:/opt/ros/jazzy DEBUGINFOD_URLS=https://debuginfod.ubuntu.com LD_LIBRARY_PATH=/home/chenhuixu/PX4_ros2/ros2_ws/src/install/service_interface/lib:/home/chenhuixu/mavros2_ws/install/mavros_extras/lib:/home/chenhuixu/mavros2_ws/install/mavros/lib:/home/chenhuixu/mavros2_ws/install/mavros_msgs/lib:/home/chenhuixu/mavros2_ws/install/libmavconn/lib:/opt/ros/jazzy/opt/rviz_ogre_vendor/lib:/opt/ros/jazzy/lib/x86_64-linux-gnu:/opt/ros/jazzy/opt/gz_math_vendor/lib:/opt/ros/jazzy/opt/gz_utils_vendor/lib:/opt/ros/jazzy/opt/gz_cmake_vendor/lib:/opt/ros/jazzy/lib:/tools.lnx86/lib:/home/chenhuixu/cadence/INNOVUS211/tools.lnx86/lib /usr/bin/cmake --install /home/chenhuixu/PX4_ros2/ros2_ws/src/build/mission_client
[0.577s] Level 1:colcon.colcon_core.environment:checking '/home/chenhuixu/PX4_ros2/ros2_ws/src/install/mission_client' for CMake module files
[0.578s] Level 1:colcon.colcon_core.environment:checking '/home/chenhuixu/PX4_ros2/ros2_ws/src/install/mission_client' for CMake config files
[0.578s] Level 1:colcon.colcon_core.shell:create_environment_hook('mission_client', 'cmake_prefix_path')
[0.578s] INFO:colcon.colcon_core.shell:Creating environment hook '/home/chenhuixu/PX4_ros2/ros2_ws/src/install/mission_client/share/mission_client/hook/cmake_prefix_path.ps1'
[0.578s] INFO:colcon.colcon_core.shell:Creating environment descriptor '/home/chenhuixu/PX4_ros2/ros2_ws/src/install/mission_client/share/mission_client/hook/cmake_prefix_path.dsv'
[0.578s] INFO:colcon.colcon_core.shell:Creating environment hook '/home/chenhuixu/PX4_ros2/ros2_ws/src/install/mission_client/share/mission_client/hook/cmake_prefix_path.sh'
[0.579s] Level 1:colcon.colcon_core.environment:checking '/home/chenhuixu/PX4_ros2/ros2_ws/src/install/mission_client/lib'
[0.579s] Level 1:colcon.colcon_core.environment:checking '/home/chenhuixu/PX4_ros2/ros2_ws/src/install/mission_client/bin'
[0.579s] Level 1:colcon.colcon_core.environment:checking '/home/chenhuixu/PX4_ros2/ros2_ws/src/install/mission_client/lib/pkgconfig/mission_client.pc'
[0.579s] Level 1:colcon.colcon_core.environment:checking '/home/chenhuixu/PX4_ros2/ros2_ws/src/install/mission_client/lib/python3.12/site-packages'
[0.579s] Level 1:colcon.colcon_core.environment:checking '/home/chenhuixu/PX4_ros2/ros2_ws/src/install/mission_client/bin'
[0.579s] INFO:colcon.colcon_core.shell:Creating package script '/home/chenhuixu/PX4_ros2/ros2_ws/src/install/mission_client/share/mission_client/package.ps1'
[0.580s] INFO:colcon.colcon_core.shell:Creating package descriptor '/home/chenhuixu/PX4_ros2/ros2_ws/src/install/mission_client/share/mission_client/package.dsv'
[0.580s] INFO:colcon.colcon_core.shell:Creating package script '/home/chenhuixu/PX4_ros2/ros2_ws/src/install/mission_client/share/mission_client/package.sh'
[0.580s] INFO:colcon.colcon_core.shell:Creating package script '/home/chenhuixu/PX4_ros2/ros2_ws/src/install/mission_client/share/mission_client/package.bash'
[0.580s] INFO:colcon.colcon_core.shell:Creating package script '/home/chenhuixu/PX4_ros2/ros2_ws/src/install/mission_client/share/mission_client/package.zsh'
[0.580s] Level 1:colcon.colcon_core.environment:create_file_with_runtime_dependencies(/home/chenhuixu/PX4_ros2/ros2_ws/src/install/mission_client/share/colcon-core/packages/mission_client)
[0.581s] Level 1:colcon.colcon_core.environment:create_environment_scripts_only(mission_client)
[0.581s] Level 1:colcon.colcon_core.environment:checking '/home/chenhuixu/PX4_ros2/ros2_ws/src/install/mission_client' for CMake module files
[0.581s] Level 1:colcon.colcon_core.environment:checking '/home/chenhuixu/PX4_ros2/ros2_ws/src/install/mission_client' for CMake config files
[0.581s] Level 1:colcon.colcon_core.shell:create_environment_hook('mission_client', 'cmake_prefix_path')
[0.581s] INFO:colcon.colcon_core.shell:Creating environment hook '/home/chenhuixu/PX4_ros2/ros2_ws/src/install/mission_client/share/mission_client/hook/cmake_prefix_path.ps1'
[0.581s] INFO:colcon.colcon_core.shell:Creating environment descriptor '/home/chenhuixu/PX4_ros2/ros2_ws/src/install/mission_client/share/mission_client/hook/cmake_prefix_path.dsv'
[0.581s] INFO:colcon.colcon_core.shell:Creating environment hook '/home/chenhuixu/PX4_ros2/ros2_ws/src/install/mission_client/share/mission_client/hook/cmake_prefix_path.sh'
[0.582s] Level 1:colcon.colcon_core.environment:checking '/home/chenhuixu/PX4_ros2/ros2_ws/src/install/mission_client/lib'
[0.582s] Level 1:colcon.colcon_core.environment:checking '/home/chenhuixu/PX4_ros2/ros2_ws/src/install/mission_client/bin'
[0.582s] Level 1:colcon.colcon_core.environment:checking '/home/chenhuixu/PX4_ros2/ros2_ws/src/install/mission_client/lib/pkgconfig/mission_client.pc'
[0.582s] Level 1:colcon.colcon_core.environment:checking '/home/chenhuixu/PX4_ros2/ros2_ws/src/install/mission_client/lib/python3.12/site-packages'
[0.582s] Level 1:colcon.colcon_core.environment:checking '/home/chenhuixu/PX4_ros2/ros2_ws/src/install/mission_client/bin'
[0.582s] INFO:colcon.colcon_core.shell:Creating package script '/home/chenhuixu/PX4_ros2/ros2_ws/src/install/mission_client/share/mission_client/package.ps1'
[0.583s] INFO:colcon.colcon_core.shell:Creating package descriptor '/home/chenhuixu/PX4_ros2/ros2_ws/src/install/mission_client/share/mission_client/package.dsv'
[0.583s] INFO:colcon.colcon_core.shell:Creating package script '/home/chenhuixu/PX4_ros2/ros2_ws/src/install/mission_client/share/mission_client/package.sh'
[0.583s] INFO:colcon.colcon_core.shell:Creating package script '/home/chenhuixu/PX4_ros2/ros2_ws/src/install/mission_client/share/mission_client/package.bash'
[0.583s] INFO:colcon.colcon_core.shell:Creating package script '/home/chenhuixu/PX4_ros2/ros2_ws/src/install/mission_client/share/mission_client/package.zsh'
[0.583s] Level 1:colcon.colcon_core.environment:create_file_with_runtime_dependencies(/home/chenhuixu/PX4_ros2/ros2_ws/src/install/mission_client/share/colcon-core/packages/mission_client)
[0.660s] DEBUG:colcon.colcon_core.event_handler.log_command:Invoking command in '/home/chenhuixu/PX4_ros2/ros2_ws/src/px4_control': DEBUGINFOD_URLS=https://debuginfod.ubuntu.com PYTHONPATH=/home/chenhuixu/PX4_ros2/ros2_ws/src/build/px4_control/prefix_override:/usr/lib/python3/dist-packages/colcon_core/task/python/colcon_distutils_commands:/home/chenhuixu/PX4_ros2/ros2_ws/src/install/px4_control/lib/python3.12/site-packages:${PYTHONPATH} /usr/bin/python3 -W ignore:setup.py install is deprecated -W ignore:easy_install command is deprecated setup.py egg_info --egg-base ../build/px4_control build --build-base /home/chenhuixu/PX4_ros2/ros2_ws/src/build/px4_control/build install --record /home/chenhuixu/PX4_ros2/ros2_ws/src/build/px4_control/install.log --single-version-externally-managed install_data
[0.982s] Level 1:colcon.colcon_core.environment:checking '/home/chenhuixu/PX4_ros2/ros2_ws/src/install/px4_control' for CMake module files
[0.982s] DEBUG:colcon.colcon_core.event_handler.log_command:Invoked command in '/home/chenhuixu/PX4_ros2/ros2_ws/src/px4_control' returned '0': DEBUGINFOD_URLS=https://debuginfod.ubuntu.com PYTHONPATH=/home/chenhuixu/PX4_ros2/ros2_ws/src/build/px4_control/prefix_override:/usr/lib/python3/dist-packages/colcon_core/task/python/colcon_distutils_commands:/home/chenhuixu/PX4_ros2/ros2_ws/src/install/px4_control/lib/python3.12/site-packages:${PYTHONPATH} /usr/bin/python3 -W ignore:setup.py install is deprecated -W ignore:easy_install command is deprecated setup.py egg_info --egg-base ../build/px4_control build --build-base /home/chenhuixu/PX4_ros2/ros2_ws/src/build/px4_control/build install --record /home/chenhuixu/PX4_ros2/ros2_ws/src/build/px4_control/install.log --single-version-externally-managed install_data
[0.982s] Level 1:colcon.colcon_core.environment:checking '/home/chenhuixu/PX4_ros2/ros2_ws/src/install/px4_control' for CMake config files
[0.983s] Level 1:colcon.colcon_core.environment:checking '/home/chenhuixu/PX4_ros2/ros2_ws/src/install/px4_control/lib'
[0.983s] Level 1:colcon.colcon_core.environment:checking '/home/chenhuixu/PX4_ros2/ros2_ws/src/install/px4_control/bin'
[0.983s] Level 1:colcon.colcon_core.environment:checking '/home/chenhuixu/PX4_ros2/ros2_ws/src/install/px4_control/lib/pkgconfig/px4_control.pc'
[0.983s] Level 1:colcon.colcon_core.environment:checking '/home/chenhuixu/PX4_ros2/ros2_ws/src/install/px4_control/lib/python3.12/site-packages'
[0.983s] Level 1:colcon.colcon_core.shell:create_environment_hook('px4_control', 'pythonpath')
[0.983s] INFO:colcon.colcon_core.shell:Creating environment hook '/home/chenhuixu/PX4_ros2/ros2_ws/src/install/px4_control/share/px4_control/hook/pythonpath.ps1'
[0.984s] INFO:colcon.colcon_core.shell:Creating environment descriptor '/home/chenhuixu/PX4_ros2/ros2_ws/src/install/px4_control/share/px4_control/hook/pythonpath.dsv'
[0.984s] INFO:colcon.colcon_core.shell:Creating environment hook '/home/chenhuixu/PX4_ros2/ros2_ws/src/install/px4_control/share/px4_control/hook/pythonpath.sh'
[0.984s] Level 1:colcon.colcon_core.environment:checking '/home/chenhuixu/PX4_ros2/ros2_ws/src/install/px4_control/bin'
[0.984s] Level 1:colcon.colcon_core.environment:create_environment_scripts_only(px4_control)
[0.984s] INFO:colcon.colcon_core.shell:Creating package script '/home/chenhuixu/PX4_ros2/ros2_ws/src/install/px4_control/share/px4_control/package.ps1'
[0.985s] INFO:colcon.colcon_core.shell:Creating package descriptor '/home/chenhuixu/PX4_ros2/ros2_ws/src/install/px4_control/share/px4_control/package.dsv'
[0.985s] INFO:colcon.colcon_core.shell:Creating package script '/home/chenhuixu/PX4_ros2/ros2_ws/src/install/px4_control/share/px4_control/package.sh'
[0.985s] INFO:colcon.colcon_core.shell:Creating package script '/home/chenhuixu/PX4_ros2/ros2_ws/src/install/px4_control/share/px4_control/package.bash'
[0.985s] INFO:colcon.colcon_core.shell:Creating package script '/home/chenhuixu/PX4_ros2/ros2_ws/src/install/px4_control/share/px4_control/package.zsh'
[0.986s] Level 1:colcon.colcon_core.environment:create_file_with_runtime_dependencies(/home/chenhuixu/PX4_ros2/ros2_ws/src/install/px4_control/share/colcon-core/packages/px4_control)
[0.986s] DEBUG:colcon.colcon_parallel_executor.executor.parallel:closing loop
[0.986s] DEBUG:colcon.colcon_parallel_executor.executor.parallel:loop closed
[0.986s] DEBUG:colcon.colcon_parallel_executor.executor.parallel:run_until_complete finished with '0'
[0.986s] DEBUG:colcon.colcon_core.event_reactor:joining thread
[0.989s] INFO:colcon.colcon_core.plugin_system:Skipping extension 'colcon_notification.desktop_notification.terminal_notifier': Not used on non-Darwin systems
[0.990s] INFO:colcon.colcon_core.plugin_system:Skipping extension 'colcon_notification.desktop_notification.win32': Not used on non-Windows systems
[0.990s] INFO:colcon.colcon_notification.desktop_notification:Sending desktop notification using 'notify2'
[1.000s] DEBUG:colcon.colcon_core.event_reactor:joined thread
[1.000s] INFO:colcon.colcon_core.shell:Creating prefix script '/home/chenhuixu/PX4_ros2/ros2_ws/src/install/local_setup.ps1'
[1.001s] INFO:colcon.colcon_core.shell:Creating prefix util module '/home/chenhuixu/PX4_ros2/ros2_ws/src/install/_local_setup_util_ps1.py'
[1.002s] INFO:colcon.colcon_core.shell:Creating prefix chain script '/home/chenhuixu/PX4_ros2/ros2_ws/src/install/setup.ps1'
[1.003s] INFO:colcon.colcon_core.shell:Creating prefix script '/home/chenhuixu/PX4_ros2/ros2_ws/src/install/local_setup.sh'
[1.004s] INFO:colcon.colcon_core.shell:Creating prefix util module '/home/chenhuixu/PX4_ros2/ros2_ws/src/install/_local_setup_util_sh.py'
[1.004s] INFO:colcon.colcon_core.shell:Creating prefix chain script '/home/chenhuixu/PX4_ros2/ros2_ws/src/install/setup.sh'
[1.005s] INFO:colcon.colcon_core.shell:Creating prefix script '/home/chenhuixu/PX4_ros2/ros2_ws/src/install/local_setup.bash'
[1.006s] INFO:colcon.colcon_core.shell:Creating prefix chain script '/home/chenhuixu/PX4_ros2/ros2_ws/src/install/setup.bash'
[1.007s] INFO:colcon.colcon_core.shell:Creating prefix script '/home/chenhuixu/PX4_ros2/ros2_ws/src/install/local_setup.zsh'
[1.007s] INFO:colcon.colcon_core.shell:Creating prefix chain script '/home/chenhuixu/PX4_ros2/ros2_ws/src/install/setup.zsh'
