-- The C compiler identification is GNU 11.4.0
-- The CXX compiler identification is GNU 11.4.0
-- Detecting C compiler ABI info
-- Detecting C compiler ABI info - done
-- Check for working C compiler: /usr/bin/cc - skipped
-- Detecting C compile features
-- Detecting C compile features - done
-- Detecting CXX compiler ABI info
-- Detecting CXX compiler ABI info - done
-- Check for working CXX compiler: /usr/bin/c++ - skipped
-- Detecting CXX compile features
-- Detecting CXX compile features - done
-- Found ament_cmake: 1.3.12 (/opt/ros/humble/share/ament_cmake/cmake)
-- Found Python3: /usr/bin/python3 (found version "3.10.12") found components: Interpreter
-- Found rosidl_default_generators: 1.2.0 (/opt/ros/humble/share/rosidl_default_generators/cmake)
-- Using all available rosidl_typesupport_c: rosidl_typesupport_fastrtps_c;rosidl_typesupport_introspection_c
-- Found rosidl_adapter: 3.1.8 (/opt/ros/humble/share/rosidl_adapter/cmake)
-- Using all available rosidl_typesupport_cpp: rosidl_typesupport_fastrtps_cpp;rosidl_typesupport_introspection_cpp
-- Found ament_cmake_ros: 0.10.0 (/opt/ros/humble/share/ament_cmake_ros/cmake)
-- Using all available rosidl_typesupport_c: rosidl_typesupport_fastrtps_c;rosidl_typesupport_introspection_c
-- Using all available rosidl_typesupport_cpp: rosidl_typesupport_fastrtps_cpp;rosidl_typesupport_introspection_cpp
[33mCMake Warning (dev) at /opt/ros/humble/share/rosidl_generator_py/cmake/rosidl_generator_py_generate_interfaces.cmake:20 (find_package):
  Policy CMP0148 is not set: The FindPythonInterp and FindPythonLibs modules
  are removed.  Run "cmake --help-policy CMP0148" for policy details.  Use
  the cmake_policy command to set the policy and suppress this warning.

Call Stack (most recent call first):
  /opt/ros/humble/share/ament_cmake_core/cmake/core/ament_execute_extensions.cmake:48 (include)
  /opt/ros/humble/share/rosidl_cmake/cmake/rosidl_generate_interfaces.cmake:286 (ament_execute_extensions)
  CMakeLists.txt:11 (rosidl_generate_interfaces)
This warning is for project developers.  Use -Wno-dev to suppress it.
[0m
-- Found PythonInterp: /usr/bin/python3 (found suitable version "3.10.12", minimum required is "3.6")
-- Found python_cmake_module: 0.10.0 (/opt/ros/humble/share/python_cmake_module/cmake)
[33mCMake Warning (dev) at /opt/ros/humble/share/python_cmake_module/cmake/Modules/FindPythonExtra.cmake:52 (find_package):
  Policy CMP0148 is not set: The FindPythonInterp and FindPythonLibs modules
  are removed.  Run "cmake --help-policy CMP0148" for policy details.  Use
  the cmake_policy command to set the policy and suppress this warning.

Call Stack (most recent call first):
  /opt/ros/humble/share/rosidl_generator_py/cmake/rosidl_generator_py_generate_interfaces.cmake:23 (find_package)
  /opt/ros/humble/share/ament_cmake_core/cmake/core/ament_execute_extensions.cmake:48 (include)
  /opt/ros/humble/share/rosidl_cmake/cmake/rosidl_generate_interfaces.cmake:286 (ament_execute_extensions)
  CMakeLists.txt:11 (rosidl_generate_interfaces)
This warning is for project developers.  Use -Wno-dev to suppress it.
[0m
[33mCMake Warning (dev) at /opt/ros/humble/share/python_cmake_module/cmake/Modules/FindPythonExtra.cmake:140 (find_package):
  Policy CMP0148 is not set: The FindPythonInterp and FindPythonLibs modules
  are removed.  Run "cmake --help-policy CMP0148" for policy details.  Use
  the cmake_policy command to set the policy and suppress this warning.

Call Stack (most recent call first):
  /opt/ros/humble/share/rosidl_generator_py/cmake/rosidl_generator_py_generate_interfaces.cmake:23 (find_package)
  /opt/ros/humble/share/ament_cmake_core/cmake/core/ament_execute_extensions.cmake:48 (include)
  /opt/ros/humble/share/rosidl_cmake/cmake/rosidl_generate_interfaces.cmake:286 (ament_execute_extensions)
  CMakeLists.txt:11 (rosidl_generate_interfaces)
This warning is for project developers.  Use -Wno-dev to suppress it.
[0m
-- Found PythonLibs: /usr/lib/x86_64-linux-gnu/libpython3.10.so (found suitable version "3.10.12", minimum required is "3.5")
-- Using PYTHON_EXECUTABLE: /usr/bin/python3
-- Using PYTHON_INCLUDE_DIRS: /usr/include/python3.10
-- Using PYTHON_LIBRARIES: /usr/lib/x86_64-linux-gnu/libpython3.10.so
-- Found PythonExtra: .so
-- Found ament_lint_auto: 0.12.14 (/opt/ros/humble/share/ament_lint_auto/cmake)
-- Added test 'lint_cmake' to check CMake code style
-- Added test 'xmllint' to check XML markup files
-- Configuring done (1.3s)
-- Generating done (0.0s)
-- Build files have been written to: /home/xun/workspace/PX4_ros2/ros2_ws/build/service_interface
[  2%] [1m[34mGenerating C code for ROS interfaces[0m
[  4%] [1m[34mGenerating C++ code for ROS interfaces[0m
[  4%] Built target ament_cmake_python_copy_service_interface
running egg_info
creating service_interface.egg-info
writing service_interface.egg-info/PKG-INFO
writing dependency_links to service_interface.egg-info/dependency_links.txt
writing top-level names to service_interface.egg-info/top_level.txt
writing manifest file 'service_interface.egg-info/SOURCES.txt'
reading manifest file 'service_interface.egg-info/SOURCES.txt'
writing manifest file 'service_interface.egg-info/SOURCES.txt'
[  4%] Built target ament_cmake_python_build_service_interface_egg
[  4%] Built target service_interface__cpp
[  6%] [32mBuilding C object CMakeFiles/service_interface__rosidl_generator_c.dir/rosidl_generator_c/service_interface/srv/detail/takeoff__functions.c.o[0m
[  8%] [32mBuilding C object CMakeFiles/service_interface__rosidl_generator_c.dir/rosidl_generator_c/service_interface/srv/detail/land__functions.c.o[0m
[ 10%] [32mBuilding C object CMakeFiles/service_interface__rosidl_generator_c.dir/rosidl_generator_c/service_interface/srv/detail/move__functions.c.o[0m
[ 12%] [1m[34mGenerating C++ type support dispatch for ROS interfaces[0m
[ 14%] [1m[34mGenerating C++ introspection for ROS interfaces[0m
[ 17%] [1m[34mGenerating C++ type support for eProsima Fast-RTPS[0m
[ 19%] [1m[32mLinking C shared library libservice_interface__rosidl_generator_c.so[0m
[ 19%] Built target service_interface__rosidl_generator_c
[ 21%] [1m[34mGenerating C type support for eProsima Fast-RTPS[0m
[ 23%] [1m[34mGenerating C introspection for ROS interfaces[0m
[ 25%] [1m[34mGenerating C type support dispatch for ROS interfaces[0m
[ 27%] [32mBuilding CXX object CMakeFiles/service_interface__rosidl_typesupport_cpp.dir/rosidl_typesupport_cpp/service_interface/srv/land__type_support.cpp.o[0m
[ 31%] [32mBuilding CXX object CMakeFiles/service_interface__rosidl_typesupport_cpp.dir/rosidl_typesupport_cpp/service_interface/srv/takeoff__type_support.cpp.o[0m
[ 31%] [32mBuilding CXX object CMakeFiles/service_interface__rosidl_typesupport_cpp.dir/rosidl_typesupport_cpp/service_interface/srv/move__type_support.cpp.o[0m
[ 34%] [32mBuilding CXX object CMakeFiles/service_interface__rosidl_typesupport_introspection_cpp.dir/rosidl_typesupport_introspection_cpp/service_interface/srv/detail/takeoff__type_support.cpp.o[0m
[ 36%] [32mBuilding CXX object CMakeFiles/service_interface__rosidl_typesupport_introspection_cpp.dir/rosidl_typesupport_introspection_cpp/service_interface/srv/detail/land__type_support.cpp.o[0m
[ 38%] [32mBuilding CXX object CMakeFiles/service_interface__rosidl_typesupport_introspection_cpp.dir/rosidl_typesupport_introspection_cpp/service_interface/srv/detail/move__type_support.cpp.o[0m
[ 40%] [32mBuilding CXX object CMakeFiles/service_interface__rosidl_typesupport_fastrtps_cpp.dir/rosidl_typesupport_fastrtps_cpp/service_interface/srv/detail/dds_fastrtps/takeoff__type_support.cpp.o[0m
[ 42%] [32mBuilding CXX object CMakeFiles/service_interface__rosidl_typesupport_fastrtps_cpp.dir/rosidl_typesupport_fastrtps_cpp/service_interface/srv/detail/dds_fastrtps/land__type_support.cpp.o[0m
[ 44%] [32mBuilding CXX object CMakeFiles/service_interface__rosidl_typesupport_fastrtps_cpp.dir/rosidl_typesupport_fastrtps_cpp/service_interface/srv/detail/dds_fastrtps/move__type_support.cpp.o[0m
[ 46%] [32mBuilding CXX object CMakeFiles/service_interface__rosidl_typesupport_c.dir/rosidl_typesupport_c/service_interface/srv/takeoff__type_support.cpp.o[0m
[ 51%] [32mBuilding CXX object CMakeFiles/service_interface__rosidl_typesupport_c.dir/rosidl_typesupport_c/service_interface/srv/move__type_support.cpp.o[0m
[ 51%] [32mBuilding CXX object CMakeFiles/service_interface__rosidl_typesupport_c.dir/rosidl_typesupport_c/service_interface/srv/land__type_support.cpp.o[0m
[ 53%] [1m[32mLinking CXX shared library libservice_interface__rosidl_typesupport_c.so[0m
[ 55%] [32mBuilding C object CMakeFiles/service_interface__rosidl_typesupport_introspection_c.dir/rosidl_typesupport_introspection_c/service_interface/srv/detail/takeoff__type_support.c.o[0m
[ 57%] [32mBuilding C object CMakeFiles/service_interface__rosidl_typesupport_introspection_c.dir/rosidl_typesupport_introspection_c/service_interface/srv/detail/land__type_support.c.o[0m
[ 59%] [32mBuilding C object CMakeFiles/service_interface__rosidl_typesupport_introspection_c.dir/rosidl_typesupport_introspection_c/service_interface/srv/detail/move__type_support.c.o[0m
[ 65%] [32mBuilding CXX object CMakeFiles/service_interface__rosidl_typesupport_fastrtps_c.dir/rosidl_typesupport_fastrtps_c/service_interface/srv/detail/land__type_support_c.cpp.o[0m
[ 65%] [32mBuilding CXX object CMakeFiles/service_interface__rosidl_typesupport_fastrtps_c.dir/rosidl_typesupport_fastrtps_c/service_interface/srv/detail/move__type_support_c.cpp.o[0m
[ 65%] [32mBuilding CXX object CMakeFiles/service_interface__rosidl_typesupport_fastrtps_c.dir/rosidl_typesupport_fastrtps_c/service_interface/srv/detail/takeoff__type_support_c.cpp.o[0m
[ 65%] Built target service_interface__rosidl_typesupport_c
[ 68%] [1m[32mLinking C shared library libservice_interface__rosidl_typesupport_introspection_c.so[0m
[ 68%] Built target service_interface__rosidl_typesupport_introspection_c
[ 70%] [1m[32mLinking CXX shared library libservice_interface__rosidl_typesupport_cpp.so[0m
[ 70%] Built target service_interface__rosidl_typesupport_cpp
[ 72%] [1m[32mLinking CXX shared library libservice_interface__rosidl_typesupport_fastrtps_cpp.so[0m
[ 74%] [1m[32mLinking CXX shared library libservice_interface__rosidl_typesupport_introspection_cpp.so[0m
[ 76%] [1m[32mLinking CXX shared library libservice_interface__rosidl_typesupport_fastrtps_c.so[0m
[ 76%] Built target service_interface__rosidl_typesupport_fastrtps_cpp
[ 76%] Built target service_interface__rosidl_typesupport_introspection_cpp
[ 76%] Built target service_interface__rosidl_typesupport_fastrtps_c
[ 76%] Built target service_interface
[ 78%] [1m[34mGenerating Python code for ROS interfaces[0m
[ 78%] Built target service_interface__py
[ 80%] [32mBuilding C object CMakeFiles/service_interface__rosidl_generator_py.dir/rosidl_generator_py/service_interface/srv/_takeoff_s.c.o[0m
[ 82%] [32mBuilding C object CMakeFiles/service_interface__rosidl_generator_py.dir/rosidl_generator_py/service_interface/srv/_land_s.c.o[0m
[ 85%] [32mBuilding C object CMakeFiles/service_interface__rosidl_generator_py.dir/rosidl_generator_py/service_interface/srv/_move_s.c.o[0m
[ 87%] [1m[32mLinking C shared library rosidl_generator_py/service_interface/libservice_interface__rosidl_generator_py.so[0m
[ 87%] Built target service_interface__rosidl_generator_py
[ 89%] [32mBuilding C object CMakeFiles/service_interface__rosidl_typesupport_fastrtps_c__pyext.dir/rosidl_generator_py/service_interface/_service_interface_s.ep.rosidl_typesupport_fastrtps_c.c.o[0m
[ 91%] [32mBuilding C object CMakeFiles/service_interface__rosidl_typesupport_introspection_c__pyext.dir/rosidl_generator_py/service_interface/_service_interface_s.ep.rosidl_typesupport_introspection_c.c.o[0m
[ 93%] [32mBuilding C object CMakeFiles/service_interface__rosidl_typesupport_c__pyext.dir/rosidl_generator_py/service_interface/_service_interface_s.ep.rosidl_typesupport_c.c.o[0m
[ 97%] [1m[32mLinking C shared library rosidl_generator_py/service_interface/service_interface_s__rosidl_typesupport_introspection_c.cpython-310-x86_64-linux-gnu.so[0m
[ 97%] [1m[32mLinking C shared library rosidl_generator_py/service_interface/service_interface_s__rosidl_typesupport_c.cpython-310-x86_64-linux-gnu.so[0m
[100%] [1m[32mLinking C shared library rosidl_generator_py/service_interface/service_interface_s__rosidl_typesupport_fastrtps_c.cpython-310-x86_64-linux-gnu.so[0m
[100%] Built target service_interface__rosidl_typesupport_c__pyext
[100%] Built target service_interface__rosidl_typesupport_introspection_c__pyext
[100%] Built target service_interface__rosidl_typesupport_fastrtps_c__pyext
-- Install configuration: ""
-- Installing: /home/xun/workspace/PX4_ros2/ros2_ws/install/service_interface/share/ament_index/resource_index/rosidl_interfaces/service_interface
-- Installing: /home/xun/workspace/PX4_ros2/ros2_ws/install/service_interface/include/service_interface/service_interface
-- Installing: /home/xun/workspace/PX4_ros2/ros2_ws/install/service_interface/include/service_interface/service_interface/msg
-- Installing: /home/xun/workspace/PX4_ros2/ros2_ws/install/service_interface/include/service_interface/service_interface/msg/rosidl_generator_c__visibility_control.h
-- Installing: /home/xun/workspace/PX4_ros2/ros2_ws/install/service_interface/include/service_interface/service_interface/srv
-- Installing: /home/xun/workspace/PX4_ros2/ros2_ws/install/service_interface/include/service_interface/service_interface/srv/move.h
-- Installing: /home/xun/workspace/PX4_ros2/ros2_ws/install/service_interface/include/service_interface/service_interface/srv/detail
-- Installing: /home/xun/workspace/PX4_ros2/ros2_ws/install/service_interface/include/service_interface/service_interface/srv/detail/takeoff__functions.h
-- Installing: /home/xun/workspace/PX4_ros2/ros2_ws/install/service_interface/include/service_interface/service_interface/srv/detail/move__type_support.h
-- Installing: /home/xun/workspace/PX4_ros2/ros2_ws/install/service_interface/include/service_interface/service_interface/srv/detail/takeoff__type_support.h
-- Installing: /home/xun/workspace/PX4_ros2/ros2_ws/install/service_interface/include/service_interface/service_interface/srv/detail/move__functions.c
-- Installing: /home/xun/workspace/PX4_ros2/ros2_ws/install/service_interface/include/service_interface/service_interface/srv/detail/takeoff__functions.c
-- Installing: /home/xun/workspace/PX4_ros2/ros2_ws/install/service_interface/include/service_interface/service_interface/srv/detail/land__type_support.h
-- Installing: /home/xun/workspace/PX4_ros2/ros2_ws/install/service_interface/include/service_interface/service_interface/srv/detail/move__struct.h
-- Installing: /home/xun/workspace/PX4_ros2/ros2_ws/install/service_interface/include/service_interface/service_interface/srv/detail/move__functions.h
-- Installing: /home/xun/workspace/PX4_ros2/ros2_ws/install/service_interface/include/service_interface/service_interface/srv/detail/land__functions.h
-- Installing: /home/xun/workspace/PX4_ros2/ros2_ws/install/service_interface/include/service_interface/service_interface/srv/detail/land__struct.h
-- Installing: /home/xun/workspace/PX4_ros2/ros2_ws/install/service_interface/include/service_interface/service_interface/srv/detail/land__functions.c
-- Installing: /home/xun/workspace/PX4_ros2/ros2_ws/install/service_interface/include/service_interface/service_interface/srv/detail/takeoff__struct.h
-- Installing: /home/xun/workspace/PX4_ros2/ros2_ws/install/service_interface/include/service_interface/service_interface/srv/land.h
-- Installing: /home/xun/workspace/PX4_ros2/ros2_ws/install/service_interface/include/service_interface/service_interface/srv/takeoff.h
-- Installing: /home/xun/workspace/PX4_ros2/ros2_ws/install/service_interface/share/service_interface/environment/library_path.sh
-- Installing: /home/xun/workspace/PX4_ros2/ros2_ws/install/service_interface/share/service_interface/environment/library_path.dsv
-- Installing: /home/xun/workspace/PX4_ros2/ros2_ws/install/service_interface/lib/libservice_interface__rosidl_generator_c.so
-- Set non-toolchain portion of runtime path of "/home/xun/workspace/PX4_ros2/ros2_ws/install/service_interface/lib/libservice_interface__rosidl_generator_c.so" to ""
-- Up-to-date: /home/xun/workspace/PX4_ros2/ros2_ws/install/service_interface/include/service_interface/service_interface
-- Up-to-date: /home/xun/workspace/PX4_ros2/ros2_ws/install/service_interface/include/service_interface/service_interface/msg
-- Installing: /home/xun/workspace/PX4_ros2/ros2_ws/install/service_interface/include/service_interface/service_interface/msg/rosidl_typesupport_fastrtps_c__visibility_control.h
-- Up-to-date: /home/xun/workspace/PX4_ros2/ros2_ws/install/service_interface/include/service_interface/service_interface/srv
-- Up-to-date: /home/xun/workspace/PX4_ros2/ros2_ws/install/service_interface/include/service_interface/service_interface/srv/detail
-- Installing: /home/xun/workspace/PX4_ros2/ros2_ws/install/service_interface/include/service_interface/service_interface/srv/detail/land__rosidl_typesupport_fastrtps_c.h
-- Installing: /home/xun/workspace/PX4_ros2/ros2_ws/install/service_interface/include/service_interface/service_interface/srv/detail/takeoff__rosidl_typesupport_fastrtps_c.h
-- Installing: /home/xun/workspace/PX4_ros2/ros2_ws/install/service_interface/include/service_interface/service_interface/srv/detail/move__rosidl_typesupport_fastrtps_c.h
-- Installing: /home/xun/workspace/PX4_ros2/ros2_ws/install/service_interface/lib/libservice_interface__rosidl_typesupport_fastrtps_c.so
-- Set non-toolchain portion of runtime path of "/home/xun/workspace/PX4_ros2/ros2_ws/install/service_interface/lib/libservice_interface__rosidl_typesupport_fastrtps_c.so" to ""
-- Up-to-date: /home/xun/workspace/PX4_ros2/ros2_ws/install/service_interface/include/service_interface/service_interface
-- Up-to-date: /home/xun/workspace/PX4_ros2/ros2_ws/install/service_interface/include/service_interface/service_interface/msg
-- Installing: /home/xun/workspace/PX4_ros2/ros2_ws/install/service_interface/include/service_interface/service_interface/msg/rosidl_typesupport_introspection_c__visibility_control.h
-- Up-to-date: /home/xun/workspace/PX4_ros2/ros2_ws/install/service_interface/include/service_interface/service_interface/srv
-- Up-to-date: /home/xun/workspace/PX4_ros2/ros2_ws/install/service_interface/include/service_interface/service_interface/srv/detail
-- Installing: /home/xun/workspace/PX4_ros2/ros2_ws/install/service_interface/include/service_interface/service_interface/srv/detail/land__type_support.c
-- Installing: /home/xun/workspace/PX4_ros2/ros2_ws/install/service_interface/include/service_interface/service_interface/srv/detail/land__rosidl_typesupport_introspection_c.h
-- Installing: /home/xun/workspace/PX4_ros2/ros2_ws/install/service_interface/include/service_interface/service_interface/srv/detail/takeoff__rosidl_typesupport_introspection_c.h
-- Installing: /home/xun/workspace/PX4_ros2/ros2_ws/install/service_interface/include/service_interface/service_interface/srv/detail/takeoff__type_support.c
-- Installing: /home/xun/workspace/PX4_ros2/ros2_ws/install/service_interface/include/service_interface/service_interface/srv/detail/move__type_support.c
-- Installing: /home/xun/workspace/PX4_ros2/ros2_ws/install/service_interface/include/service_interface/service_interface/srv/detail/move__rosidl_typesupport_introspection_c.h
-- Installing: /home/xun/workspace/PX4_ros2/ros2_ws/install/service_interface/lib/libservice_interface__rosidl_typesupport_introspection_c.so
-- Set non-toolchain portion of runtime path of "/home/xun/workspace/PX4_ros2/ros2_ws/install/service_interface/lib/libservice_interface__rosidl_typesupport_introspection_c.so" to ""
-- Installing: /home/xun/workspace/PX4_ros2/ros2_ws/install/service_interface/lib/libservice_interface__rosidl_typesupport_c.so
-- Set non-toolchain portion of runtime path of "/home/xun/workspace/PX4_ros2/ros2_ws/install/service_interface/lib/libservice_interface__rosidl_typesupport_c.so" to ""
-- Up-to-date: /home/xun/workspace/PX4_ros2/ros2_ws/install/service_interface/include/service_interface/service_interface
-- Up-to-date: /home/xun/workspace/PX4_ros2/ros2_ws/install/service_interface/include/service_interface/service_interface/msg
-- Installing: /home/xun/workspace/PX4_ros2/ros2_ws/install/service_interface/include/service_interface/service_interface/msg/rosidl_generator_cpp__visibility_control.hpp
-- Up-to-date: /home/xun/workspace/PX4_ros2/ros2_ws/install/service_interface/include/service_interface/service_interface/srv
-- Up-to-date: /home/xun/workspace/PX4_ros2/ros2_ws/install/service_interface/include/service_interface/service_interface/srv/detail
-- Installing: /home/xun/workspace/PX4_ros2/ros2_ws/install/service_interface/include/service_interface/service_interface/srv/detail/move__traits.hpp
-- Installing: /home/xun/workspace/PX4_ros2/ros2_ws/install/service_interface/include/service_interface/service_interface/srv/detail/move__type_support.hpp
-- Installing: /home/xun/workspace/PX4_ros2/ros2_ws/install/service_interface/include/service_interface/service_interface/srv/detail/takeoff__traits.hpp
-- Installing: /home/xun/workspace/PX4_ros2/ros2_ws/install/service_interface/include/service_interface/service_interface/srv/detail/move__builder.hpp
-- Installing: /home/xun/workspace/PX4_ros2/ros2_ws/install/service_interface/include/service_interface/service_interface/srv/detail/takeoff__struct.hpp
-- Installing: /home/xun/workspace/PX4_ros2/ros2_ws/install/service_interface/include/service_interface/service_interface/srv/detail/move__struct.hpp
-- Installing: /home/xun/workspace/PX4_ros2/ros2_ws/install/service_interface/include/service_interface/service_interface/srv/detail/takeoff__builder.hpp
-- Installing: /home/xun/workspace/PX4_ros2/ros2_ws/install/service_interface/include/service_interface/service_interface/srv/detail/land__struct.hpp
-- Installing: /home/xun/workspace/PX4_ros2/ros2_ws/install/service_interface/include/service_interface/service_interface/srv/detail/land__type_support.hpp
-- Installing: /home/xun/workspace/PX4_ros2/ros2_ws/install/service_interface/include/service_interface/service_interface/srv/detail/land__builder.hpp
-- Installing: /home/xun/workspace/PX4_ros2/ros2_ws/install/service_interface/include/service_interface/service_interface/srv/detail/takeoff__type_support.hpp
-- Installing: /home/xun/workspace/PX4_ros2/ros2_ws/install/service_interface/include/service_interface/service_interface/srv/detail/land__traits.hpp
-- Installing: /home/xun/workspace/PX4_ros2/ros2_ws/install/service_interface/include/service_interface/service_interface/srv/move.hpp
-- Installing: /home/xun/workspace/PX4_ros2/ros2_ws/install/service_interface/include/service_interface/service_interface/srv/land.hpp
-- Installing: /home/xun/workspace/PX4_ros2/ros2_ws/install/service_interface/include/service_interface/service_interface/srv/takeoff.hpp
-- Up-to-date: /home/xun/workspace/PX4_ros2/ros2_ws/install/service_interface/include/service_interface/service_interface
-- Up-to-date: /home/xun/workspace/PX4_ros2/ros2_ws/install/service_interface/include/service_interface/service_interface/msg
-- Installing: /home/xun/workspace/PX4_ros2/ros2_ws/install/service_interface/include/service_interface/service_interface/msg/rosidl_typesupport_fastrtps_cpp__visibility_control.h
-- Up-to-date: /home/xun/workspace/PX4_ros2/ros2_ws/install/service_interface/include/service_interface/service_interface/srv
-- Up-to-date: /home/xun/workspace/PX4_ros2/ros2_ws/install/service_interface/include/service_interface/service_interface/srv/detail
-- Installing: /home/xun/workspace/PX4_ros2/ros2_ws/install/service_interface/include/service_interface/service_interface/srv/detail/land__rosidl_typesupport_fastrtps_cpp.hpp
-- Installing: /home/xun/workspace/PX4_ros2/ros2_ws/install/service_interface/include/service_interface/service_interface/srv/detail/takeoff__rosidl_typesupport_fastrtps_cpp.hpp
-- Installing: /home/xun/workspace/PX4_ros2/ros2_ws/install/service_interface/include/service_interface/service_interface/srv/detail/dds_fastrtps
-- Installing: /home/xun/workspace/PX4_ros2/ros2_ws/install/service_interface/include/service_interface/service_interface/srv/detail/move__rosidl_typesupport_fastrtps_cpp.hpp
-- Installing: /home/xun/workspace/PX4_ros2/ros2_ws/install/service_interface/lib/libservice_interface__rosidl_typesupport_fastrtps_cpp.so
-- Set non-toolchain portion of runtime path of "/home/xun/workspace/PX4_ros2/ros2_ws/install/service_interface/lib/libservice_interface__rosidl_typesupport_fastrtps_cpp.so" to ""
-- Up-to-date: /home/xun/workspace/PX4_ros2/ros2_ws/install/service_interface/include/service_interface/service_interface
-- Up-to-date: /home/xun/workspace/PX4_ros2/ros2_ws/install/service_interface/include/service_interface/service_interface/srv
-- Up-to-date: /home/xun/workspace/PX4_ros2/ros2_ws/install/service_interface/include/service_interface/service_interface/srv/detail
-- Installing: /home/xun/workspace/PX4_ros2/ros2_ws/install/service_interface/include/service_interface/service_interface/srv/detail/land__type_support.cpp
-- Installing: /home/xun/workspace/PX4_ros2/ros2_ws/install/service_interface/include/service_interface/service_interface/srv/detail/takeoff__rosidl_typesupport_introspection_cpp.hpp
-- Installing: /home/xun/workspace/PX4_ros2/ros2_ws/install/service_interface/include/service_interface/service_interface/srv/detail/land__rosidl_typesupport_introspection_cpp.hpp
-- Installing: /home/xun/workspace/PX4_ros2/ros2_ws/install/service_interface/include/service_interface/service_interface/srv/detail/move__type_support.cpp
-- Installing: /home/xun/workspace/PX4_ros2/ros2_ws/install/service_interface/include/service_interface/service_interface/srv/detail/takeoff__type_support.cpp
-- Installing: /home/xun/workspace/PX4_ros2/ros2_ws/install/service_interface/include/service_interface/service_interface/srv/detail/move__rosidl_typesupport_introspection_cpp.hpp
-- Installing: /home/xun/workspace/PX4_ros2/ros2_ws/install/service_interface/lib/libservice_interface__rosidl_typesupport_introspection_cpp.so
-- Set non-toolchain portion of runtime path of "/home/xun/workspace/PX4_ros2/ros2_ws/install/service_interface/lib/libservice_interface__rosidl_typesupport_introspection_cpp.so" to ""
-- Installing: /home/xun/workspace/PX4_ros2/ros2_ws/install/service_interface/lib/libservice_interface__rosidl_typesupport_cpp.so
-- Set non-toolchain portion of runtime path of "/home/xun/workspace/PX4_ros2/ros2_ws/install/service_interface/lib/libservice_interface__rosidl_typesupport_cpp.so" to ""
-- Installing: /home/xun/workspace/PX4_ros2/ros2_ws/install/service_interface/share/service_interface/environment/pythonpath.sh
-- Installing: /home/xun/workspace/PX4_ros2/ros2_ws/install/service_interface/share/service_interface/environment/pythonpath.dsv
-- Installing: /home/xun/workspace/PX4_ros2/ros2_ws/install/service_interface/local/lib/python3.10/dist-packages/service_interface-0.0.0-py3.10.egg-info
-- Installing: /home/xun/workspace/PX4_ros2/ros2_ws/install/service_interface/local/lib/python3.10/dist-packages/service_interface-0.0.0-py3.10.egg-info/PKG-INFO
-- Installing: /home/xun/workspace/PX4_ros2/ros2_ws/install/service_interface/local/lib/python3.10/dist-packages/service_interface-0.0.0-py3.10.egg-info/SOURCES.txt
-- Installing: /home/xun/workspace/PX4_ros2/ros2_ws/install/service_interface/local/lib/python3.10/dist-packages/service_interface-0.0.0-py3.10.egg-info/top_level.txt
-- Installing: /home/xun/workspace/PX4_ros2/ros2_ws/install/service_interface/local/lib/python3.10/dist-packages/service_interface-0.0.0-py3.10.egg-info/dependency_links.txt
-- Installing: /home/xun/workspace/PX4_ros2/ros2_ws/install/service_interface/local/lib/python3.10/dist-packages/service_interface
-- Installing: /home/xun/workspace/PX4_ros2/ros2_ws/install/service_interface/local/lib/python3.10/dist-packages/service_interface/service_interface_s__rosidl_typesupport_c.cpython-310-x86_64-linux-gnu.so
-- Installing: /home/xun/workspace/PX4_ros2/ros2_ws/install/service_interface/local/lib/python3.10/dist-packages/service_interface/__init__.py
-- Installing: /home/xun/workspace/PX4_ros2/ros2_ws/install/service_interface/local/lib/python3.10/dist-packages/service_interface/_service_interface_s.ep.rosidl_typesupport_introspection_c.c
-- Installing: /home/xun/workspace/PX4_ros2/ros2_ws/install/service_interface/local/lib/python3.10/dist-packages/service_interface/service_interface_s__rosidl_typesupport_fastrtps_c.cpython-310-x86_64-linux-gnu.so
-- Installing: /home/xun/workspace/PX4_ros2/ros2_ws/install/service_interface/local/lib/python3.10/dist-packages/service_interface/_service_interface_s.ep.rosidl_typesupport_c.c
-- Installing: /home/xun/workspace/PX4_ros2/ros2_ws/install/service_interface/local/lib/python3.10/dist-packages/service_interface/service_interface_s__rosidl_typesupport_introspection_c.cpython-310-x86_64-linux-gnu.so
-- Installing: /home/xun/workspace/PX4_ros2/ros2_ws/install/service_interface/local/lib/python3.10/dist-packages/service_interface/_service_interface_s.ep.rosidl_typesupport_fastrtps_c.c
-- Installing: /home/xun/workspace/PX4_ros2/ros2_ws/install/service_interface/local/lib/python3.10/dist-packages/service_interface/srv
-- Installing: /home/xun/workspace/PX4_ros2/ros2_ws/install/service_interface/local/lib/python3.10/dist-packages/service_interface/srv/_land_s.c
-- Installing: /home/xun/workspace/PX4_ros2/ros2_ws/install/service_interface/local/lib/python3.10/dist-packages/service_interface/srv/_takeoff_s.c
-- Installing: /home/xun/workspace/PX4_ros2/ros2_ws/install/service_interface/local/lib/python3.10/dist-packages/service_interface/srv/_land.py
-- Installing: /home/xun/workspace/PX4_ros2/ros2_ws/install/service_interface/local/lib/python3.10/dist-packages/service_interface/srv/_takeoff.py
-- Installing: /home/xun/workspace/PX4_ros2/ros2_ws/install/service_interface/local/lib/python3.10/dist-packages/service_interface/srv/__init__.py
-- Installing: /home/xun/workspace/PX4_ros2/ros2_ws/install/service_interface/local/lib/python3.10/dist-packages/service_interface/srv/_move.py
-- Installing: /home/xun/workspace/PX4_ros2/ros2_ws/install/service_interface/local/lib/python3.10/dist-packages/service_interface/srv/_move_s.c
-- Installing: /home/xun/workspace/PX4_ros2/ros2_ws/install/service_interface/local/lib/python3.10/dist-packages/service_interface/libservice_interface__rosidl_generator_py.so
Listing '/home/xun/workspace/PX4_ros2/ros2_ws/install/service_interface/local/lib/python3.10/dist-packages/service_interface'...
Compiling '/home/xun/workspace/PX4_ros2/ros2_ws/install/service_interface/local/lib/python3.10/dist-packages/service_interface/__init__.py'...
Listing '/home/xun/workspace/PX4_ros2/ros2_ws/install/service_interface/local/lib/python3.10/dist-packages/service_interface/srv'...
Compiling '/home/xun/workspace/PX4_ros2/ros2_ws/install/service_interface/local/lib/python3.10/dist-packages/service_interface/srv/__init__.py'...
Compiling '/home/xun/workspace/PX4_ros2/ros2_ws/install/service_interface/local/lib/python3.10/dist-packages/service_interface/srv/_land.py'...
Compiling '/home/xun/workspace/PX4_ros2/ros2_ws/install/service_interface/local/lib/python3.10/dist-packages/service_interface/srv/_move.py'...
Compiling '/home/xun/workspace/PX4_ros2/ros2_ws/install/service_interface/local/lib/python3.10/dist-packages/service_interface/srv/_takeoff.py'...
-- Installing: /home/xun/workspace/PX4_ros2/ros2_ws/install/service_interface/local/lib/python3.10/dist-packages/service_interface/service_interface_s__rosidl_typesupport_fastrtps_c.cpython-310-x86_64-linux-gnu.so
-- Set non-toolchain portion of runtime path of "/home/xun/workspace/PX4_ros2/ros2_ws/install/service_interface/local/lib/python3.10/dist-packages/service_interface/service_interface_s__rosidl_typesupport_fastrtps_c.cpython-310-x86_64-linux-gnu.so" to ""
-- Installing: /home/xun/workspace/PX4_ros2/ros2_ws/install/service_interface/local/lib/python3.10/dist-packages/service_interface/service_interface_s__rosidl_typesupport_introspection_c.cpython-310-x86_64-linux-gnu.so
-- Set non-toolchain portion of runtime path of "/home/xun/workspace/PX4_ros2/ros2_ws/install/service_interface/local/lib/python3.10/dist-packages/service_interface/service_interface_s__rosidl_typesupport_introspection_c.cpython-310-x86_64-linux-gnu.so" to ""
-- Installing: /home/xun/workspace/PX4_ros2/ros2_ws/install/service_interface/local/lib/python3.10/dist-packages/service_interface/service_interface_s__rosidl_typesupport_c.cpython-310-x86_64-linux-gnu.so
-- Set non-toolchain portion of runtime path of "/home/xun/workspace/PX4_ros2/ros2_ws/install/service_interface/local/lib/python3.10/dist-packages/service_interface/service_interface_s__rosidl_typesupport_c.cpython-310-x86_64-linux-gnu.so" to ""
-- Installing: /home/xun/workspace/PX4_ros2/ros2_ws/install/service_interface/lib/libservice_interface__rosidl_generator_py.so
-- Set non-toolchain portion of runtime path of "/home/xun/workspace/PX4_ros2/ros2_ws/install/service_interface/lib/libservice_interface__rosidl_generator_py.so" to ""
-- Installing: /home/xun/workspace/PX4_ros2/ros2_ws/install/service_interface/share/service_interface/srv/Takeoff.idl
-- Installing: /home/xun/workspace/PX4_ros2/ros2_ws/install/service_interface/share/service_interface/srv/Land.idl
-- Installing: /home/xun/workspace/PX4_ros2/ros2_ws/install/service_interface/share/service_interface/srv/Move.idl
-- Installing: /home/xun/workspace/PX4_ros2/ros2_ws/install/service_interface/share/service_interface/srv/Takeoff.srv
-- Installing: /home/xun/workspace/PX4_ros2/ros2_ws/install/service_interface/share/service_interface/srv/Takeoff_Request.msg
-- Installing: /home/xun/workspace/PX4_ros2/ros2_ws/install/service_interface/share/service_interface/srv/Takeoff_Response.msg
-- Installing: /home/xun/workspace/PX4_ros2/ros2_ws/install/service_interface/share/service_interface/srv/Land.srv
-- Installing: /home/xun/workspace/PX4_ros2/ros2_ws/install/service_interface/share/service_interface/srv/Land_Request.msg
-- Installing: /home/xun/workspace/PX4_ros2/ros2_ws/install/service_interface/share/service_interface/srv/Land_Response.msg
-- Installing: /home/xun/workspace/PX4_ros2/ros2_ws/install/service_interface/share/service_interface/srv/Move.srv
-- Installing: /home/xun/workspace/PX4_ros2/ros2_ws/install/service_interface/share/service_interface/srv/Move_Request.msg
-- Installing: /home/xun/workspace/PX4_ros2/ros2_ws/install/service_interface/share/service_interface/srv/Move_Response.msg
-- Installing: /home/xun/workspace/PX4_ros2/ros2_ws/install/service_interface/share/ament_index/resource_index/package_run_dependencies/service_interface
-- Installing: /home/xun/workspace/PX4_ros2/ros2_ws/install/service_interface/share/ament_index/resource_index/parent_prefix_path/service_interface
-- Installing: /home/xun/workspace/PX4_ros2/ros2_ws/install/service_interface/share/service_interface/environment/ament_prefix_path.sh
-- Installing: /home/xun/workspace/PX4_ros2/ros2_ws/install/service_interface/share/service_interface/environment/ament_prefix_path.dsv
-- Installing: /home/xun/workspace/PX4_ros2/ros2_ws/install/service_interface/share/service_interface/environment/path.sh
-- Installing: /home/xun/workspace/PX4_ros2/ros2_ws/install/service_interface/share/service_interface/environment/path.dsv
-- Installing: /home/xun/workspace/PX4_ros2/ros2_ws/install/service_interface/share/service_interface/local_setup.bash
-- Installing: /home/xun/workspace/PX4_ros2/ros2_ws/install/service_interface/share/service_interface/local_setup.sh
-- Installing: /home/xun/workspace/PX4_ros2/ros2_ws/install/service_interface/share/service_interface/local_setup.zsh
-- Installing: /home/xun/workspace/PX4_ros2/ros2_ws/install/service_interface/share/service_interface/local_setup.dsv
-- Installing: /home/xun/workspace/PX4_ros2/ros2_ws/install/service_interface/share/service_interface/package.dsv
-- Installing: /home/xun/workspace/PX4_ros2/ros2_ws/install/service_interface/share/ament_index/resource_index/packages/service_interface
-- Installing: /home/xun/workspace/PX4_ros2/ros2_ws/install/service_interface/share/service_interface/cmake/export_service_interface__rosidl_generator_cExport.cmake
-- Installing: /home/xun/workspace/PX4_ros2/ros2_ws/install/service_interface/share/service_interface/cmake/export_service_interface__rosidl_generator_cExport-noconfig.cmake
-- Installing: /home/xun/workspace/PX4_ros2/ros2_ws/install/service_interface/share/service_interface/cmake/export_service_interface__rosidl_typesupport_fastrtps_cExport.cmake
-- Installing: /home/xun/workspace/PX4_ros2/ros2_ws/install/service_interface/share/service_interface/cmake/export_service_interface__rosidl_typesupport_fastrtps_cExport-noconfig.cmake
-- Installing: /home/xun/workspace/PX4_ros2/ros2_ws/install/service_interface/share/service_interface/cmake/service_interface__rosidl_typesupport_introspection_cExport.cmake
-- Installing: /home/xun/workspace/PX4_ros2/ros2_ws/install/service_interface/share/service_interface/cmake/service_interface__rosidl_typesupport_introspection_cExport-noconfig.cmake
-- Installing: /home/xun/workspace/PX4_ros2/ros2_ws/install/service_interface/share/service_interface/cmake/service_interface__rosidl_typesupport_cExport.cmake
-- Installing: /home/xun/workspace/PX4_ros2/ros2_ws/install/service_interface/share/service_interface/cmake/service_interface__rosidl_typesupport_cExport-noconfig.cmake
-- Installing: /home/xun/workspace/PX4_ros2/ros2_ws/install/service_interface/share/service_interface/cmake/export_service_interface__rosidl_generator_cppExport.cmake
-- Installing: /home/xun/workspace/PX4_ros2/ros2_ws/install/service_interface/share/service_interface/cmake/export_service_interface__rosidl_typesupport_fastrtps_cppExport.cmake
-- Installing: /home/xun/workspace/PX4_ros2/ros2_ws/install/service_interface/share/service_interface/cmake/export_service_interface__rosidl_typesupport_fastrtps_cppExport-noconfig.cmake
-- Installing: /home/xun/workspace/PX4_ros2/ros2_ws/install/service_interface/share/service_interface/cmake/service_interface__rosidl_typesupport_introspection_cppExport.cmake
-- Installing: /home/xun/workspace/PX4_ros2/ros2_ws/install/service_interface/share/service_interface/cmake/service_interface__rosidl_typesupport_introspection_cppExport-noconfig.cmake
-- Installing: /home/xun/workspace/PX4_ros2/ros2_ws/install/service_interface/share/service_interface/cmake/service_interface__rosidl_typesupport_cppExport.cmake
-- Installing: /home/xun/workspace/PX4_ros2/ros2_ws/install/service_interface/share/service_interface/cmake/service_interface__rosidl_typesupport_cppExport-noconfig.cmake
-- Installing: /home/xun/workspace/PX4_ros2/ros2_ws/install/service_interface/share/service_interface/cmake/export_service_interface__rosidl_generator_pyExport.cmake
-- Installing: /home/xun/workspace/PX4_ros2/ros2_ws/install/service_interface/share/service_interface/cmake/export_service_interface__rosidl_generator_pyExport-noconfig.cmake
-- Installing: /home/xun/workspace/PX4_ros2/ros2_ws/install/service_interface/share/service_interface/cmake/rosidl_cmake-extras.cmake
-- Installing: /home/xun/workspace/PX4_ros2/ros2_ws/install/service_interface/share/service_interface/cmake/ament_cmake_export_include_directories-extras.cmake
-- Installing: /home/xun/workspace/PX4_ros2/ros2_ws/install/service_interface/share/service_interface/cmake/ament_cmake_export_libraries-extras.cmake
-- Installing: /home/xun/workspace/PX4_ros2/ros2_ws/install/service_interface/share/service_interface/cmake/ament_cmake_export_targets-extras.cmake
-- Installing: /home/xun/workspace/PX4_ros2/ros2_ws/install/service_interface/share/service_interface/cmake/rosidl_cmake_export_typesupport_targets-extras.cmake
-- Installing: /home/xun/workspace/PX4_ros2/ros2_ws/install/service_interface/share/service_interface/cmake/ament_cmake_export_dependencies-extras.cmake
-- Installing: /home/xun/workspace/PX4_ros2/ros2_ws/install/service_interface/share/service_interface/cmake/rosidl_cmake_export_typesupport_libraries-extras.cmake
-- Installing: /home/xun/workspace/PX4_ros2/ros2_ws/install/service_interface/share/service_interface/cmake/service_interfaceConfig.cmake
-- Installing: /home/xun/workspace/PX4_ros2/ros2_ws/install/service_interface/share/service_interface/cmake/service_interfaceConfig-version.cmake
-- Installing: /home/xun/workspace/PX4_ros2/ros2_ws/install/service_interface/share/service_interface/package.xml
