[0.007s] Invoking command in '/home/xun/workspace/PX4_ros2/ros2_ws/build/service_interface': CMAKE_PREFIX_PATH=${CMAKE_PREFIX_PATH}:/opt/ros/humble /usr/bin/cmake /home/xun/workspace/PX4_ros2/ros2_ws/src/service_interface -DCMAKE_INSTALL_PREFIX=/home/xun/workspace/PX4_ros2/ros2_ws/install/service_interface
[0.041s] -- The C compiler identification is GNU 11.4.0
[0.084s] -- The CXX compiler identification is GNU 11.4.0
[0.089s] -- Detecting C compiler ABI info
[0.132s] -- Detecting C compiler ABI info - done
[0.142s] -- Check for working C compiler: /usr/bin/cc - skipped
[0.142s] -- Detecting C compile features
[0.142s] -- Detecting C compile features - done
[0.151s] -- Detecting CXX compiler ABI info
[0.200s] -- Detecting CXX compiler ABI info - done
[0.212s] -- Check for working CXX compiler: /usr/bin/c++ - skipped
[0.212s] -- Detecting CXX compile features
[0.213s] -- Detecting CXX compile features - done
[0.221s] -- Found ament_cmake: 1.3.12 (/opt/ros/humble/share/ament_cmake/cmake)
[0.311s] -- Found Python3: /usr/bin/python3 (found version "3.10.12") found components: Interpreter
[0.367s] -- Found rosidl_default_generators: 1.2.0 (/opt/ros/humble/share/rosidl_default_generators/cmake)
[0.370s] -- Using all available rosidl_typesupport_c: rosidl_typesupport_fastrtps_c;rosidl_typesupport_introspection_c
[0.375s] -- Found rosidl_adapter: 3.1.8 (/opt/ros/humble/share/rosidl_adapter/cmake)
[0.403s] -- Using all available rosidl_typesupport_cpp: rosidl_typesupport_fastrtps_cpp;rosidl_typesupport_introspection_cpp
[0.661s] -- Found ament_cmake_ros: 0.10.0 (/opt/ros/humble/share/ament_cmake_ros/cmake)
[0.909s] -- Using all available rosidl_typesupport_c: rosidl_typesupport_fastrtps_c;rosidl_typesupport_introspection_c
[1.225s] -- Using all available rosidl_typesupport_cpp: rosidl_typesupport_fastrtps_cpp;rosidl_typesupport_introspection_cpp
[1.226s] [33mCMake Warning (dev) at /opt/ros/humble/share/rosidl_generator_py/cmake/rosidl_generator_py_generate_interfaces.cmake:20 (find_package):
[1.226s]   Policy CMP0148 is not set: The FindPythonInterp and FindPythonLibs modules
[1.226s]   are removed.  Run "cmake --help-policy CMP0148" for policy details.  Use
[1.226s]   the cmake_policy command to set the policy and suppress this warning.
[1.226s] 
[1.226s] Call Stack (most recent call first):
[1.226s]   /opt/ros/humble/share/ament_cmake_core/cmake/core/ament_execute_extensions.cmake:48 (include)
[1.226s]   /opt/ros/humble/share/rosidl_cmake/cmake/rosidl_generate_interfaces.cmake:286 (ament_execute_extensions)
[1.226s]   CMakeLists.txt:11 (rosidl_generate_interfaces)
[1.226s] This warning is for project developers.  Use -Wno-dev to suppress it.
[1.226s] [0m
[1.238s] -- Found PythonInterp: /usr/bin/python3 (found suitable version "3.10.12", minimum required is "3.6")
[1.239s] -- Found python_cmake_module: 0.10.0 (/opt/ros/humble/share/python_cmake_module/cmake)
[1.239s] [33mCMake Warning (dev) at /opt/ros/humble/share/python_cmake_module/cmake/Modules/FindPythonExtra.cmake:52 (find_package):
[1.239s]   Policy CMP0148 is not set: The FindPythonInterp and FindPythonLibs modules
[1.239s]   are removed.  Run "cmake --help-policy CMP0148" for policy details.  Use
[1.239s]   the cmake_policy command to set the policy and suppress this warning.
[1.239s] 
[1.239s] Call Stack (most recent call first):
[1.239s]   /opt/ros/humble/share/rosidl_generator_py/cmake/rosidl_generator_py_generate_interfaces.cmake:23 (find_package)
[1.239s]   /opt/ros/humble/share/ament_cmake_core/cmake/core/ament_execute_extensions.cmake:48 (include)
[1.239s]   /opt/ros/humble/share/rosidl_cmake/cmake/rosidl_generate_interfaces.cmake:286 (ament_execute_extensions)
[1.239s]   CMakeLists.txt:11 (rosidl_generate_interfaces)
[1.239s] This warning is for project developers.  Use -Wno-dev to suppress it.
[1.239s] [0m
[1.251s] [33mCMake Warning (dev) at /opt/ros/humble/share/python_cmake_module/cmake/Modules/FindPythonExtra.cmake:140 (find_package):
[1.251s]   Policy CMP0148 is not set: The FindPythonInterp and FindPythonLibs modules
[1.251s]   are removed.  Run "cmake --help-policy CMP0148" for policy details.  Use
[1.251s]   the cmake_policy command to set the policy and suppress this warning.
[1.251s] 
[1.251s] Call Stack (most recent call first):
[1.251s]   /opt/ros/humble/share/rosidl_generator_py/cmake/rosidl_generator_py_generate_interfaces.cmake:23 (find_package)
[1.251s]   /opt/ros/humble/share/ament_cmake_core/cmake/core/ament_execute_extensions.cmake:48 (include)
[1.251s]   /opt/ros/humble/share/rosidl_cmake/cmake/rosidl_generate_interfaces.cmake:286 (ament_execute_extensions)
[1.251s]   CMakeLists.txt:11 (rosidl_generate_interfaces)
[1.251s] This warning is for project developers.  Use -Wno-dev to suppress it.
[1.251s] [0m
[1.256s] -- Found PythonLibs: /usr/lib/x86_64-linux-gnu/libpython3.10.so (found suitable version "3.10.12", minimum required is "3.5")
[1.256s] -- Using PYTHON_EXECUTABLE: /usr/bin/python3
[1.256s] -- Using PYTHON_INCLUDE_DIRS: /usr/include/python3.10
[1.256s] -- Using PYTHON_LIBRARIES: /usr/lib/x86_64-linux-gnu/libpython3.10.so
[1.268s] -- Found PythonExtra: .so
[1.287s] -- Found ament_lint_auto: 0.12.14 (/opt/ros/humble/share/ament_lint_auto/cmake)
[1.299s] -- Added test 'lint_cmake' to check CMake code style
[1.299s] -- Added test 'xmllint' to check XML markup files
[1.300s] -- Configuring done (1.3s)
[1.317s] -- Generating done (0.0s)
[1.323s] -- Build files have been written to: /home/xun/workspace/PX4_ros2/ros2_ws/build/service_interface
[1.326s] Invoked command in '/home/xun/workspace/PX4_ros2/ros2_ws/build/service_interface' returned '0': CMAKE_PREFIX_PATH=${CMAKE_PREFIX_PATH}:/opt/ros/humble /usr/bin/cmake /home/xun/workspace/PX4_ros2/ros2_ws/src/service_interface -DCMAKE_INSTALL_PREFIX=/home/xun/workspace/PX4_ros2/ros2_ws/install/service_interface
[1.328s] Invoking command in '/home/xun/workspace/PX4_ros2/ros2_ws/build/service_interface': CMAKE_PREFIX_PATH=${CMAKE_PREFIX_PATH}:/opt/ros/humble /usr/bin/cmake --build /home/xun/workspace/PX4_ros2/ros2_ws/build/service_interface -- -j16 -l16
[1.345s] [  2%] [1m[34mGenerating C code for ROS interfaces[0m
[1.350s] [  4%] [1m[34mGenerating C++ code for ROS interfaces[0m
[1.352s] [  4%] Built target ament_cmake_python_copy_service_interface
[1.477s] running egg_info
[1.477s] creating service_interface.egg-info
[1.477s] writing service_interface.egg-info/PKG-INFO
[1.477s] writing dependency_links to service_interface.egg-info/dependency_links.txt
[1.477s] writing top-level names to service_interface.egg-info/top_level.txt
[1.477s] writing manifest file 'service_interface.egg-info/SOURCES.txt'
[1.479s] reading manifest file 'service_interface.egg-info/SOURCES.txt'
[1.479s] writing manifest file 'service_interface.egg-info/SOURCES.txt'
[1.492s] [  4%] Built target ament_cmake_python_build_service_interface_egg
[1.563s] [  4%] Built target service_interface__cpp
[1.565s] [  6%] [32mBuilding C object CMakeFiles/service_interface__rosidl_generator_c.dir/rosidl_generator_c/service_interface/srv/detail/takeoff__functions.c.o[0m
[1.565s] [  8%] [32mBuilding C object CMakeFiles/service_interface__rosidl_generator_c.dir/rosidl_generator_c/service_interface/srv/detail/land__functions.c.o[0m
[1.565s] [ 10%] [32mBuilding C object CMakeFiles/service_interface__rosidl_generator_c.dir/rosidl_generator_c/service_interface/srv/detail/move__functions.c.o[0m
[1.567s] [ 12%] [1m[34mGenerating C++ type support dispatch for ROS interfaces[0m
[1.568s] [ 14%] [1m[34mGenerating C++ introspection for ROS interfaces[0m
[1.568s] [ 17%] [1m[34mGenerating C++ type support for eProsima Fast-RTPS[0m
[1.602s] [ 19%] [1m[32mLinking C shared library libservice_interface__rosidl_generator_c.so[0m
[1.623s] [ 19%] Built target service_interface__rosidl_generator_c
[1.628s] [ 21%] [1m[34mGenerating C type support for eProsima Fast-RTPS[0m
[1.628s] [ 23%] [1m[34mGenerating C introspection for ROS interfaces[0m
[1.629s] [ 25%] [1m[34mGenerating C type support dispatch for ROS interfaces[0m
[1.761s] [ 27%] [32mBuilding CXX object CMakeFiles/service_interface__rosidl_typesupport_cpp.dir/rosidl_typesupport_cpp/service_interface/srv/land__type_support.cpp.o[0m
[1.761s] [ 31%] [32mBuilding CXX object CMakeFiles/service_interface__rosidl_typesupport_cpp.dir/rosidl_typesupport_cpp/service_interface/srv/takeoff__type_support.cpp.o[0m
[1.761s] [ 31%] [32mBuilding CXX object CMakeFiles/service_interface__rosidl_typesupport_cpp.dir/rosidl_typesupport_cpp/service_interface/srv/move__type_support.cpp.o[0m
[1.790s] [ 34%] [32mBuilding CXX object CMakeFiles/service_interface__rosidl_typesupport_introspection_cpp.dir/rosidl_typesupport_introspection_cpp/service_interface/srv/detail/takeoff__type_support.cpp.o[0m
[1.791s] [ 36%] [32mBuilding CXX object CMakeFiles/service_interface__rosidl_typesupport_introspection_cpp.dir/rosidl_typesupport_introspection_cpp/service_interface/srv/detail/land__type_support.cpp.o[0m
[1.791s] [ 38%] [32mBuilding CXX object CMakeFiles/service_interface__rosidl_typesupport_introspection_cpp.dir/rosidl_typesupport_introspection_cpp/service_interface/srv/detail/move__type_support.cpp.o[0m
[1.816s] [ 40%] [32mBuilding CXX object CMakeFiles/service_interface__rosidl_typesupport_fastrtps_cpp.dir/rosidl_typesupport_fastrtps_cpp/service_interface/srv/detail/dds_fastrtps/takeoff__type_support.cpp.o[0m
[1.817s] [ 42%] [32mBuilding CXX object CMakeFiles/service_interface__rosidl_typesupport_fastrtps_cpp.dir/rosidl_typesupport_fastrtps_cpp/service_interface/srv/detail/dds_fastrtps/land__type_support.cpp.o[0m
[1.818s] [ 44%] [32mBuilding CXX object CMakeFiles/service_interface__rosidl_typesupport_fastrtps_cpp.dir/rosidl_typesupport_fastrtps_cpp/service_interface/srv/detail/dds_fastrtps/move__type_support.cpp.o[0m
[1.828s] [ 46%] [32mBuilding CXX object CMakeFiles/service_interface__rosidl_typesupport_c.dir/rosidl_typesupport_c/service_interface/srv/takeoff__type_support.cpp.o[0m
[1.828s] [ 51%] [32mBuilding CXX object CMakeFiles/service_interface__rosidl_typesupport_c.dir/rosidl_typesupport_c/service_interface/srv/move__type_support.cpp.o[0m
[1.828s] [ 51%] [32mBuilding CXX object CMakeFiles/service_interface__rosidl_typesupport_c.dir/rosidl_typesupport_c/service_interface/srv/land__type_support.cpp.o[0m
[1.863s] [ 53%] [1m[32mLinking CXX shared library libservice_interface__rosidl_typesupport_c.so[0m
[1.872s] [ 55%] [32mBuilding C object CMakeFiles/service_interface__rosidl_typesupport_introspection_c.dir/rosidl_typesupport_introspection_c/service_interface/srv/detail/takeoff__type_support.c.o[0m
[1.874s] [ 57%] [32mBuilding C object CMakeFiles/service_interface__rosidl_typesupport_introspection_c.dir/rosidl_typesupport_introspection_c/service_interface/srv/detail/land__type_support.c.o[0m
[1.875s] [ 59%] [32mBuilding C object CMakeFiles/service_interface__rosidl_typesupport_introspection_c.dir/rosidl_typesupport_introspection_c/service_interface/srv/detail/move__type_support.c.o[0m
[1.882s] [ 65%] [32mBuilding CXX object CMakeFiles/service_interface__rosidl_typesupport_fastrtps_c.dir/rosidl_typesupport_fastrtps_c/service_interface/srv/detail/land__type_support_c.cpp.o[0m
[1.883s] [ 65%] [32mBuilding CXX object CMakeFiles/service_interface__rosidl_typesupport_fastrtps_c.dir/rosidl_typesupport_fastrtps_c/service_interface/srv/detail/move__type_support_c.cpp.o[0m
[1.883s] [ 65%] [32mBuilding CXX object CMakeFiles/service_interface__rosidl_typesupport_fastrtps_c.dir/rosidl_typesupport_fastrtps_c/service_interface/srv/detail/takeoff__type_support_c.cpp.o[0m
[1.900s] [ 65%] Built target service_interface__rosidl_typesupport_c
[1.911s] [ 68%] [1m[32mLinking C shared library libservice_interface__rosidl_typesupport_introspection_c.so[0m
[1.936s] [ 68%] Built target service_interface__rosidl_typesupport_introspection_c
[1.955s] [ 70%] [1m[32mLinking CXX shared library libservice_interface__rosidl_typesupport_cpp.so[0m
[1.983s] [ 70%] Built target service_interface__rosidl_typesupport_cpp
[2.120s] [ 72%] [1m[32mLinking CXX shared library libservice_interface__rosidl_typesupport_fastrtps_cpp.so[0m
[2.136s] [ 74%] [1m[32mLinking CXX shared library libservice_interface__rosidl_typesupport_introspection_cpp.so[0m
[2.141s] [ 76%] [1m[32mLinking CXX shared library libservice_interface__rosidl_typesupport_fastrtps_c.so[0m
[2.161s] [ 76%] Built target service_interface__rosidl_typesupport_fastrtps_cpp
[2.173s] [ 76%] Built target service_interface__rosidl_typesupport_introspection_cpp
[2.179s] [ 76%] Built target service_interface__rosidl_typesupport_fastrtps_c
[2.188s] [ 76%] Built target service_interface
[2.196s] [ 78%] [1m[34mGenerating Python code for ROS interfaces[0m
[2.486s] [ 78%] Built target service_interface__py
[2.494s] [ 80%] [32mBuilding C object CMakeFiles/service_interface__rosidl_generator_py.dir/rosidl_generator_py/service_interface/srv/_takeoff_s.c.o[0m
[2.494s] [ 82%] [32mBuilding C object CMakeFiles/service_interface__rosidl_generator_py.dir/rosidl_generator_py/service_interface/srv/_land_s.c.o[0m
[2.495s] [ 85%] [32mBuilding C object CMakeFiles/service_interface__rosidl_generator_py.dir/rosidl_generator_py/service_interface/srv/_move_s.c.o[0m
[2.552s] [ 87%] [1m[32mLinking C shared library rosidl_generator_py/service_interface/libservice_interface__rosidl_generator_py.so[0m
[2.572s] [ 87%] Built target service_interface__rosidl_generator_py
[2.580s] [ 89%] [32mBuilding C object CMakeFiles/service_interface__rosidl_typesupport_fastrtps_c__pyext.dir/rosidl_generator_py/service_interface/_service_interface_s.ep.rosidl_typesupport_fastrtps_c.c.o[0m
[2.580s] [ 91%] [32mBuilding C object CMakeFiles/service_interface__rosidl_typesupport_introspection_c__pyext.dir/rosidl_generator_py/service_interface/_service_interface_s.ep.rosidl_typesupport_introspection_c.c.o[0m
[2.581s] [ 93%] [32mBuilding C object CMakeFiles/service_interface__rosidl_typesupport_c__pyext.dir/rosidl_generator_py/service_interface/_service_interface_s.ep.rosidl_typesupport_c.c.o[0m
[2.641s] [ 97%] [1m[32mLinking C shared library rosidl_generator_py/service_interface/service_interface_s__rosidl_typesupport_introspection_c.cpython-310-x86_64-linux-gnu.so[0m
[2.641s] [ 97%] [1m[32mLinking C shared library rosidl_generator_py/service_interface/service_interface_s__rosidl_typesupport_c.cpython-310-x86_64-linux-gnu.so[0m
[2.644s] [100%] [1m[32mLinking C shared library rosidl_generator_py/service_interface/service_interface_s__rosidl_typesupport_fastrtps_c.cpython-310-x86_64-linux-gnu.so[0m
[2.660s] [100%] Built target service_interface__rosidl_typesupport_c__pyext
[2.660s] [100%] Built target service_interface__rosidl_typesupport_introspection_c__pyext
[2.662s] [100%] Built target service_interface__rosidl_typesupport_fastrtps_c__pyext
[2.667s] Invoked command in '/home/xun/workspace/PX4_ros2/ros2_ws/build/service_interface' returned '0': CMAKE_PREFIX_PATH=${CMAKE_PREFIX_PATH}:/opt/ros/humble /usr/bin/cmake --build /home/xun/workspace/PX4_ros2/ros2_ws/build/service_interface -- -j16 -l16
[2.670s] Invoking command in '/home/xun/workspace/PX4_ros2/ros2_ws/build/service_interface': CMAKE_PREFIX_PATH=${CMAKE_PREFIX_PATH}:/opt/ros/humble /usr/bin/cmake --install /home/xun/workspace/PX4_ros2/ros2_ws/build/service_interface
[2.673s] -- Install configuration: ""
[2.673s] -- Installing: /home/xun/workspace/PX4_ros2/ros2_ws/install/service_interface/share/ament_index/resource_index/rosidl_interfaces/service_interface
[2.673s] -- Installing: /home/xun/workspace/PX4_ros2/ros2_ws/install/service_interface/include/service_interface/service_interface
[2.673s] -- Installing: /home/xun/workspace/PX4_ros2/ros2_ws/install/service_interface/include/service_interface/service_interface/msg
[2.673s] -- Installing: /home/xun/workspace/PX4_ros2/ros2_ws/install/service_interface/include/service_interface/service_interface/msg/rosidl_generator_c__visibility_control.h
[2.673s] -- Installing: /home/xun/workspace/PX4_ros2/ros2_ws/install/service_interface/include/service_interface/service_interface/srv
[2.673s] -- Installing: /home/xun/workspace/PX4_ros2/ros2_ws/install/service_interface/include/service_interface/service_interface/srv/move.h
[2.673s] -- Installing: /home/xun/workspace/PX4_ros2/ros2_ws/install/service_interface/include/service_interface/service_interface/srv/detail
[2.673s] -- Installing: /home/xun/workspace/PX4_ros2/ros2_ws/install/service_interface/include/service_interface/service_interface/srv/detail/takeoff__functions.h
[2.673s] -- Installing: /home/xun/workspace/PX4_ros2/ros2_ws/install/service_interface/include/service_interface/service_interface/srv/detail/move__type_support.h
[2.673s] -- Installing: /home/xun/workspace/PX4_ros2/ros2_ws/install/service_interface/include/service_interface/service_interface/srv/detail/takeoff__type_support.h
[2.674s] -- Installing: /home/xun/workspace/PX4_ros2/ros2_ws/install/service_interface/include/service_interface/service_interface/srv/detail/move__functions.c
[2.674s] -- Installing: /home/xun/workspace/PX4_ros2/ros2_ws/install/service_interface/include/service_interface/service_interface/srv/detail/takeoff__functions.c
[2.674s] -- Installing: /home/xun/workspace/PX4_ros2/ros2_ws/install/service_interface/include/service_interface/service_interface/srv/detail/land__type_support.h
[2.674s] -- Installing: /home/xun/workspace/PX4_ros2/ros2_ws/install/service_interface/include/service_interface/service_interface/srv/detail/move__struct.h
[2.674s] -- Installing: /home/xun/workspace/PX4_ros2/ros2_ws/install/service_interface/include/service_interface/service_interface/srv/detail/move__functions.h
[2.674s] -- Installing: /home/xun/workspace/PX4_ros2/ros2_ws/install/service_interface/include/service_interface/service_interface/srv/detail/land__functions.h
[2.674s] -- Installing: /home/xun/workspace/PX4_ros2/ros2_ws/install/service_interface/include/service_interface/service_interface/srv/detail/land__struct.h
[2.674s] -- Installing: /home/xun/workspace/PX4_ros2/ros2_ws/install/service_interface/include/service_interface/service_interface/srv/detail/land__functions.c
[2.674s] -- Installing: /home/xun/workspace/PX4_ros2/ros2_ws/install/service_interface/include/service_interface/service_interface/srv/detail/takeoff__struct.h
[2.674s] -- Installing: /home/xun/workspace/PX4_ros2/ros2_ws/install/service_interface/include/service_interface/service_interface/srv/land.h
[2.674s] -- Installing: /home/xun/workspace/PX4_ros2/ros2_ws/install/service_interface/include/service_interface/service_interface/srv/takeoff.h
[2.674s] -- Installing: /home/xun/workspace/PX4_ros2/ros2_ws/install/service_interface/share/service_interface/environment/library_path.sh
[2.674s] -- Installing: /home/xun/workspace/PX4_ros2/ros2_ws/install/service_interface/share/service_interface/environment/library_path.dsv
[2.674s] -- Installing: /home/xun/workspace/PX4_ros2/ros2_ws/install/service_interface/lib/libservice_interface__rosidl_generator_c.so
[2.674s] -- Set non-toolchain portion of runtime path of "/home/xun/workspace/PX4_ros2/ros2_ws/install/service_interface/lib/libservice_interface__rosidl_generator_c.so" to ""
[2.674s] -- Up-to-date: /home/xun/workspace/PX4_ros2/ros2_ws/install/service_interface/include/service_interface/service_interface
[2.674s] -- Up-to-date: /home/xun/workspace/PX4_ros2/ros2_ws/install/service_interface/include/service_interface/service_interface/msg
[2.674s] -- Installing: /home/xun/workspace/PX4_ros2/ros2_ws/install/service_interface/include/service_interface/service_interface/msg/rosidl_typesupport_fastrtps_c__visibility_control.h
[2.674s] -- Up-to-date: /home/xun/workspace/PX4_ros2/ros2_ws/install/service_interface/include/service_interface/service_interface/srv
[2.674s] -- Up-to-date: /home/xun/workspace/PX4_ros2/ros2_ws/install/service_interface/include/service_interface/service_interface/srv/detail
[2.674s] -- Installing: /home/xun/workspace/PX4_ros2/ros2_ws/install/service_interface/include/service_interface/service_interface/srv/detail/land__rosidl_typesupport_fastrtps_c.h
[2.674s] -- Installing: /home/xun/workspace/PX4_ros2/ros2_ws/install/service_interface/include/service_interface/service_interface/srv/detail/takeoff__rosidl_typesupport_fastrtps_c.h
[2.674s] -- Installing: /home/xun/workspace/PX4_ros2/ros2_ws/install/service_interface/include/service_interface/service_interface/srv/detail/move__rosidl_typesupport_fastrtps_c.h
[2.674s] -- Installing: /home/xun/workspace/PX4_ros2/ros2_ws/install/service_interface/lib/libservice_interface__rosidl_typesupport_fastrtps_c.so
[2.674s] -- Set non-toolchain portion of runtime path of "/home/xun/workspace/PX4_ros2/ros2_ws/install/service_interface/lib/libservice_interface__rosidl_typesupport_fastrtps_c.so" to ""
[2.674s] -- Up-to-date: /home/xun/workspace/PX4_ros2/ros2_ws/install/service_interface/include/service_interface/service_interface
[2.674s] -- Up-to-date: /home/xun/workspace/PX4_ros2/ros2_ws/install/service_interface/include/service_interface/service_interface/msg
[2.674s] -- Installing: /home/xun/workspace/PX4_ros2/ros2_ws/install/service_interface/include/service_interface/service_interface/msg/rosidl_typesupport_introspection_c__visibility_control.h
[2.675s] -- Up-to-date: /home/xun/workspace/PX4_ros2/ros2_ws/install/service_interface/include/service_interface/service_interface/srv
[2.675s] -- Up-to-date: /home/xun/workspace/PX4_ros2/ros2_ws/install/service_interface/include/service_interface/service_interface/srv/detail
[2.675s] -- Installing: /home/xun/workspace/PX4_ros2/ros2_ws/install/service_interface/include/service_interface/service_interface/srv/detail/land__type_support.c
[2.675s] -- Installing: /home/xun/workspace/PX4_ros2/ros2_ws/install/service_interface/include/service_interface/service_interface/srv/detail/land__rosidl_typesupport_introspection_c.h
[2.675s] -- Installing: /home/xun/workspace/PX4_ros2/ros2_ws/install/service_interface/include/service_interface/service_interface/srv/detail/takeoff__rosidl_typesupport_introspection_c.h
[2.675s] -- Installing: /home/xun/workspace/PX4_ros2/ros2_ws/install/service_interface/include/service_interface/service_interface/srv/detail/takeoff__type_support.c
[2.675s] -- Installing: /home/xun/workspace/PX4_ros2/ros2_ws/install/service_interface/include/service_interface/service_interface/srv/detail/move__type_support.c
[2.675s] -- Installing: /home/xun/workspace/PX4_ros2/ros2_ws/install/service_interface/include/service_interface/service_interface/srv/detail/move__rosidl_typesupport_introspection_c.h
[2.675s] -- Installing: /home/xun/workspace/PX4_ros2/ros2_ws/install/service_interface/lib/libservice_interface__rosidl_typesupport_introspection_c.so
[2.675s] -- Set non-toolchain portion of runtime path of "/home/xun/workspace/PX4_ros2/ros2_ws/install/service_interface/lib/libservice_interface__rosidl_typesupport_introspection_c.so" to ""
[2.675s] -- Installing: /home/xun/workspace/PX4_ros2/ros2_ws/install/service_interface/lib/libservice_interface__rosidl_typesupport_c.so
[2.675s] -- Set non-toolchain portion of runtime path of "/home/xun/workspace/PX4_ros2/ros2_ws/install/service_interface/lib/libservice_interface__rosidl_typesupport_c.so" to ""
[2.675s] -- Up-to-date: /home/xun/workspace/PX4_ros2/ros2_ws/install/service_interface/include/service_interface/service_interface
[2.675s] -- Up-to-date: /home/xun/workspace/PX4_ros2/ros2_ws/install/service_interface/include/service_interface/service_interface/msg
[2.675s] -- Installing: /home/xun/workspace/PX4_ros2/ros2_ws/install/service_interface/include/service_interface/service_interface/msg/rosidl_generator_cpp__visibility_control.hpp
[2.675s] -- Up-to-date: /home/xun/workspace/PX4_ros2/ros2_ws/install/service_interface/include/service_interface/service_interface/srv
[2.675s] -- Up-to-date: /home/xun/workspace/PX4_ros2/ros2_ws/install/service_interface/include/service_interface/service_interface/srv/detail
[2.675s] -- Installing: /home/xun/workspace/PX4_ros2/ros2_ws/install/service_interface/include/service_interface/service_interface/srv/detail/move__traits.hpp
[2.675s] -- Installing: /home/xun/workspace/PX4_ros2/ros2_ws/install/service_interface/include/service_interface/service_interface/srv/detail/move__type_support.hpp
[2.675s] -- Installing: /home/xun/workspace/PX4_ros2/ros2_ws/install/service_interface/include/service_interface/service_interface/srv/detail/takeoff__traits.hpp
[2.675s] -- Installing: /home/xun/workspace/PX4_ros2/ros2_ws/install/service_interface/include/service_interface/service_interface/srv/detail/move__builder.hpp
[2.675s] -- Installing: /home/xun/workspace/PX4_ros2/ros2_ws/install/service_interface/include/service_interface/service_interface/srv/detail/takeoff__struct.hpp
[2.675s] -- Installing: /home/xun/workspace/PX4_ros2/ros2_ws/install/service_interface/include/service_interface/service_interface/srv/detail/move__struct.hpp
[2.675s] -- Installing: /home/xun/workspace/PX4_ros2/ros2_ws/install/service_interface/include/service_interface/service_interface/srv/detail/takeoff__builder.hpp
[2.675s] -- Installing: /home/xun/workspace/PX4_ros2/ros2_ws/install/service_interface/include/service_interface/service_interface/srv/detail/land__struct.hpp
[2.676s] -- Installing: /home/xun/workspace/PX4_ros2/ros2_ws/install/service_interface/include/service_interface/service_interface/srv/detail/land__type_support.hpp
[2.676s] -- Installing: /home/xun/workspace/PX4_ros2/ros2_ws/install/service_interface/include/service_interface/service_interface/srv/detail/land__builder.hpp
[2.676s] -- Installing: /home/xun/workspace/PX4_ros2/ros2_ws/install/service_interface/include/service_interface/service_interface/srv/detail/takeoff__type_support.hpp
[2.676s] -- Installing: /home/xun/workspace/PX4_ros2/ros2_ws/install/service_interface/include/service_interface/service_interface/srv/detail/land__traits.hpp
[2.676s] -- Installing: /home/xun/workspace/PX4_ros2/ros2_ws/install/service_interface/include/service_interface/service_interface/srv/move.hpp
[2.676s] -- Installing: /home/xun/workspace/PX4_ros2/ros2_ws/install/service_interface/include/service_interface/service_interface/srv/land.hpp
[2.676s] -- Installing: /home/xun/workspace/PX4_ros2/ros2_ws/install/service_interface/include/service_interface/service_interface/srv/takeoff.hpp
[2.676s] -- Up-to-date: /home/xun/workspace/PX4_ros2/ros2_ws/install/service_interface/include/service_interface/service_interface
[2.676s] -- Up-to-date: /home/xun/workspace/PX4_ros2/ros2_ws/install/service_interface/include/service_interface/service_interface/msg
[2.676s] -- Installing: /home/xun/workspace/PX4_ros2/ros2_ws/install/service_interface/include/service_interface/service_interface/msg/rosidl_typesupport_fastrtps_cpp__visibility_control.h
[2.676s] -- Up-to-date: /home/xun/workspace/PX4_ros2/ros2_ws/install/service_interface/include/service_interface/service_interface/srv
[2.676s] -- Up-to-date: /home/xun/workspace/PX4_ros2/ros2_ws/install/service_interface/include/service_interface/service_interface/srv/detail
[2.676s] -- Installing: /home/xun/workspace/PX4_ros2/ros2_ws/install/service_interface/include/service_interface/service_interface/srv/detail/land__rosidl_typesupport_fastrtps_cpp.hpp
[2.676s] -- Installing: /home/xun/workspace/PX4_ros2/ros2_ws/install/service_interface/include/service_interface/service_interface/srv/detail/takeoff__rosidl_typesupport_fastrtps_cpp.hpp
[2.676s] -- Installing: /home/xun/workspace/PX4_ros2/ros2_ws/install/service_interface/include/service_interface/service_interface/srv/detail/dds_fastrtps
[2.676s] -- Installing: /home/xun/workspace/PX4_ros2/ros2_ws/install/service_interface/include/service_interface/service_interface/srv/detail/move__rosidl_typesupport_fastrtps_cpp.hpp
[2.676s] -- Installing: /home/xun/workspace/PX4_ros2/ros2_ws/install/service_interface/lib/libservice_interface__rosidl_typesupport_fastrtps_cpp.so
[2.676s] -- Set non-toolchain portion of runtime path of "/home/xun/workspace/PX4_ros2/ros2_ws/install/service_interface/lib/libservice_interface__rosidl_typesupport_fastrtps_cpp.so" to ""
[2.676s] -- Up-to-date: /home/xun/workspace/PX4_ros2/ros2_ws/install/service_interface/include/service_interface/service_interface
[2.676s] -- Up-to-date: /home/xun/workspace/PX4_ros2/ros2_ws/install/service_interface/include/service_interface/service_interface/srv
[2.676s] -- Up-to-date: /home/xun/workspace/PX4_ros2/ros2_ws/install/service_interface/include/service_interface/service_interface/srv/detail
[2.676s] -- Installing: /home/xun/workspace/PX4_ros2/ros2_ws/install/service_interface/include/service_interface/service_interface/srv/detail/land__type_support.cpp
[2.676s] -- Installing: /home/xun/workspace/PX4_ros2/ros2_ws/install/service_interface/include/service_interface/service_interface/srv/detail/takeoff__rosidl_typesupport_introspection_cpp.hpp
[2.676s] -- Installing: /home/xun/workspace/PX4_ros2/ros2_ws/install/service_interface/include/service_interface/service_interface/srv/detail/land__rosidl_typesupport_introspection_cpp.hpp
[2.676s] -- Installing: /home/xun/workspace/PX4_ros2/ros2_ws/install/service_interface/include/service_interface/service_interface/srv/detail/move__type_support.cpp
[2.676s] -- Installing: /home/xun/workspace/PX4_ros2/ros2_ws/install/service_interface/include/service_interface/service_interface/srv/detail/takeoff__type_support.cpp
[2.676s] -- Installing: /home/xun/workspace/PX4_ros2/ros2_ws/install/service_interface/include/service_interface/service_interface/srv/detail/move__rosidl_typesupport_introspection_cpp.hpp
[2.676s] -- Installing: /home/xun/workspace/PX4_ros2/ros2_ws/install/service_interface/lib/libservice_interface__rosidl_typesupport_introspection_cpp.so
[2.676s] -- Set non-toolchain portion of runtime path of "/home/xun/workspace/PX4_ros2/ros2_ws/install/service_interface/lib/libservice_interface__rosidl_typesupport_introspection_cpp.so" to ""
[2.676s] -- Installing: /home/xun/workspace/PX4_ros2/ros2_ws/install/service_interface/lib/libservice_interface__rosidl_typesupport_cpp.so
[2.677s] -- Set non-toolchain portion of runtime path of "/home/xun/workspace/PX4_ros2/ros2_ws/install/service_interface/lib/libservice_interface__rosidl_typesupport_cpp.so" to ""
[2.677s] -- Installing: /home/xun/workspace/PX4_ros2/ros2_ws/install/service_interface/share/service_interface/environment/pythonpath.sh
[2.677s] -- Installing: /home/xun/workspace/PX4_ros2/ros2_ws/install/service_interface/share/service_interface/environment/pythonpath.dsv
[2.677s] -- Installing: /home/xun/workspace/PX4_ros2/ros2_ws/install/service_interface/local/lib/python3.10/dist-packages/service_interface-0.0.0-py3.10.egg-info
[2.677s] -- Installing: /home/xun/workspace/PX4_ros2/ros2_ws/install/service_interface/local/lib/python3.10/dist-packages/service_interface-0.0.0-py3.10.egg-info/PKG-INFO
[2.677s] -- Installing: /home/xun/workspace/PX4_ros2/ros2_ws/install/service_interface/local/lib/python3.10/dist-packages/service_interface-0.0.0-py3.10.egg-info/SOURCES.txt
[2.677s] -- Installing: /home/xun/workspace/PX4_ros2/ros2_ws/install/service_interface/local/lib/python3.10/dist-packages/service_interface-0.0.0-py3.10.egg-info/top_level.txt
[2.677s] -- Installing: /home/xun/workspace/PX4_ros2/ros2_ws/install/service_interface/local/lib/python3.10/dist-packages/service_interface-0.0.0-py3.10.egg-info/dependency_links.txt
[2.677s] -- Installing: /home/xun/workspace/PX4_ros2/ros2_ws/install/service_interface/local/lib/python3.10/dist-packages/service_interface
[2.677s] -- Installing: /home/xun/workspace/PX4_ros2/ros2_ws/install/service_interface/local/lib/python3.10/dist-packages/service_interface/service_interface_s__rosidl_typesupport_c.cpython-310-x86_64-linux-gnu.so
[2.677s] -- Installing: /home/xun/workspace/PX4_ros2/ros2_ws/install/service_interface/local/lib/python3.10/dist-packages/service_interface/__init__.py
[2.677s] -- Installing: /home/xun/workspace/PX4_ros2/ros2_ws/install/service_interface/local/lib/python3.10/dist-packages/service_interface/_service_interface_s.ep.rosidl_typesupport_introspection_c.c
[2.677s] -- Installing: /home/xun/workspace/PX4_ros2/ros2_ws/install/service_interface/local/lib/python3.10/dist-packages/service_interface/service_interface_s__rosidl_typesupport_fastrtps_c.cpython-310-x86_64-linux-gnu.so
[2.677s] -- Installing: /home/xun/workspace/PX4_ros2/ros2_ws/install/service_interface/local/lib/python3.10/dist-packages/service_interface/_service_interface_s.ep.rosidl_typesupport_c.c
[2.677s] -- Installing: /home/xun/workspace/PX4_ros2/ros2_ws/install/service_interface/local/lib/python3.10/dist-packages/service_interface/service_interface_s__rosidl_typesupport_introspection_c.cpython-310-x86_64-linux-gnu.so
[2.677s] -- Installing: /home/xun/workspace/PX4_ros2/ros2_ws/install/service_interface/local/lib/python3.10/dist-packages/service_interface/_service_interface_s.ep.rosidl_typesupport_fastrtps_c.c
[2.677s] -- Installing: /home/xun/workspace/PX4_ros2/ros2_ws/install/service_interface/local/lib/python3.10/dist-packages/service_interface/srv
[2.677s] -- Installing: /home/xun/workspace/PX4_ros2/ros2_ws/install/service_interface/local/lib/python3.10/dist-packages/service_interface/srv/_land_s.c
[2.677s] -- Installing: /home/xun/workspace/PX4_ros2/ros2_ws/install/service_interface/local/lib/python3.10/dist-packages/service_interface/srv/_takeoff_s.c
[2.677s] -- Installing: /home/xun/workspace/PX4_ros2/ros2_ws/install/service_interface/local/lib/python3.10/dist-packages/service_interface/srv/_land.py
[2.677s] -- Installing: /home/xun/workspace/PX4_ros2/ros2_ws/install/service_interface/local/lib/python3.10/dist-packages/service_interface/srv/_takeoff.py
[2.677s] -- Installing: /home/xun/workspace/PX4_ros2/ros2_ws/install/service_interface/local/lib/python3.10/dist-packages/service_interface/srv/__init__.py
[2.677s] -- Installing: /home/xun/workspace/PX4_ros2/ros2_ws/install/service_interface/local/lib/python3.10/dist-packages/service_interface/srv/_move.py
[2.678s] -- Installing: /home/xun/workspace/PX4_ros2/ros2_ws/install/service_interface/local/lib/python3.10/dist-packages/service_interface/srv/_move_s.c
[2.678s] -- Installing: /home/xun/workspace/PX4_ros2/ros2_ws/install/service_interface/local/lib/python3.10/dist-packages/service_interface/libservice_interface__rosidl_generator_py.so
[2.700s] Listing '/home/xun/workspace/PX4_ros2/ros2_ws/install/service_interface/local/lib/python3.10/dist-packages/service_interface'...
[2.701s] Compiling '/home/xun/workspace/PX4_ros2/ros2_ws/install/service_interface/local/lib/python3.10/dist-packages/service_interface/__init__.py'...
[2.701s] Listing '/home/xun/workspace/PX4_ros2/ros2_ws/install/service_interface/local/lib/python3.10/dist-packages/service_interface/srv'...
[2.701s] Compiling '/home/xun/workspace/PX4_ros2/ros2_ws/install/service_interface/local/lib/python3.10/dist-packages/service_interface/srv/__init__.py'...
[2.701s] Compiling '/home/xun/workspace/PX4_ros2/ros2_ws/install/service_interface/local/lib/python3.10/dist-packages/service_interface/srv/_land.py'...
[2.701s] Compiling '/home/xun/workspace/PX4_ros2/ros2_ws/install/service_interface/local/lib/python3.10/dist-packages/service_interface/srv/_move.py'...
[2.701s] Compiling '/home/xun/workspace/PX4_ros2/ros2_ws/install/service_interface/local/lib/python3.10/dist-packages/service_interface/srv/_takeoff.py'...
[2.703s] -- Installing: /home/xun/workspace/PX4_ros2/ros2_ws/install/service_interface/local/lib/python3.10/dist-packages/service_interface/service_interface_s__rosidl_typesupport_fastrtps_c.cpython-310-x86_64-linux-gnu.so
[2.703s] -- Set non-toolchain portion of runtime path of "/home/xun/workspace/PX4_ros2/ros2_ws/install/service_interface/local/lib/python3.10/dist-packages/service_interface/service_interface_s__rosidl_typesupport_fastrtps_c.cpython-310-x86_64-linux-gnu.so" to ""
[2.704s] -- Installing: /home/xun/workspace/PX4_ros2/ros2_ws/install/service_interface/local/lib/python3.10/dist-packages/service_interface/service_interface_s__rosidl_typesupport_introspection_c.cpython-310-x86_64-linux-gnu.so
[2.704s] -- Set non-toolchain portion of runtime path of "/home/xun/workspace/PX4_ros2/ros2_ws/install/service_interface/local/lib/python3.10/dist-packages/service_interface/service_interface_s__rosidl_typesupport_introspection_c.cpython-310-x86_64-linux-gnu.so" to ""
[2.704s] -- Installing: /home/xun/workspace/PX4_ros2/ros2_ws/install/service_interface/local/lib/python3.10/dist-packages/service_interface/service_interface_s__rosidl_typesupport_c.cpython-310-x86_64-linux-gnu.so
[2.704s] -- Set non-toolchain portion of runtime path of "/home/xun/workspace/PX4_ros2/ros2_ws/install/service_interface/local/lib/python3.10/dist-packages/service_interface/service_interface_s__rosidl_typesupport_c.cpython-310-x86_64-linux-gnu.so" to ""
[2.704s] -- Installing: /home/xun/workspace/PX4_ros2/ros2_ws/install/service_interface/lib/libservice_interface__rosidl_generator_py.so
[2.704s] -- Set non-toolchain portion of runtime path of "/home/xun/workspace/PX4_ros2/ros2_ws/install/service_interface/lib/libservice_interface__rosidl_generator_py.so" to ""
[2.704s] -- Installing: /home/xun/workspace/PX4_ros2/ros2_ws/install/service_interface/share/service_interface/srv/Takeoff.idl
[2.704s] -- Installing: /home/xun/workspace/PX4_ros2/ros2_ws/install/service_interface/share/service_interface/srv/Land.idl
[2.704s] -- Installing: /home/xun/workspace/PX4_ros2/ros2_ws/install/service_interface/share/service_interface/srv/Move.idl
[2.704s] -- Installing: /home/xun/workspace/PX4_ros2/ros2_ws/install/service_interface/share/service_interface/srv/Takeoff.srv
[2.704s] -- Installing: /home/xun/workspace/PX4_ros2/ros2_ws/install/service_interface/share/service_interface/srv/Takeoff_Request.msg
[2.704s] -- Installing: /home/xun/workspace/PX4_ros2/ros2_ws/install/service_interface/share/service_interface/srv/Takeoff_Response.msg
[2.704s] -- Installing: /home/xun/workspace/PX4_ros2/ros2_ws/install/service_interface/share/service_interface/srv/Land.srv
[2.704s] -- Installing: /home/xun/workspace/PX4_ros2/ros2_ws/install/service_interface/share/service_interface/srv/Land_Request.msg
[2.704s] -- Installing: /home/xun/workspace/PX4_ros2/ros2_ws/install/service_interface/share/service_interface/srv/Land_Response.msg
[2.704s] -- Installing: /home/xun/workspace/PX4_ros2/ros2_ws/install/service_interface/share/service_interface/srv/Move.srv
[2.704s] -- Installing: /home/xun/workspace/PX4_ros2/ros2_ws/install/service_interface/share/service_interface/srv/Move_Request.msg
[2.704s] -- Installing: /home/xun/workspace/PX4_ros2/ros2_ws/install/service_interface/share/service_interface/srv/Move_Response.msg
[2.704s] -- Installing: /home/xun/workspace/PX4_ros2/ros2_ws/install/service_interface/share/ament_index/resource_index/package_run_dependencies/service_interface
[2.705s] -- Installing: /home/xun/workspace/PX4_ros2/ros2_ws/install/service_interface/share/ament_index/resource_index/parent_prefix_path/service_interface
[2.705s] -- Installing: /home/xun/workspace/PX4_ros2/ros2_ws/install/service_interface/share/service_interface/environment/ament_prefix_path.sh
[2.705s] -- Installing: /home/xun/workspace/PX4_ros2/ros2_ws/install/service_interface/share/service_interface/environment/ament_prefix_path.dsv
[2.705s] -- Installing: /home/xun/workspace/PX4_ros2/ros2_ws/install/service_interface/share/service_interface/environment/path.sh
[2.705s] -- Installing: /home/xun/workspace/PX4_ros2/ros2_ws/install/service_interface/share/service_interface/environment/path.dsv
[2.705s] -- Installing: /home/xun/workspace/PX4_ros2/ros2_ws/install/service_interface/share/service_interface/local_setup.bash
[2.705s] -- Installing: /home/xun/workspace/PX4_ros2/ros2_ws/install/service_interface/share/service_interface/local_setup.sh
[2.705s] -- Installing: /home/xun/workspace/PX4_ros2/ros2_ws/install/service_interface/share/service_interface/local_setup.zsh
[2.705s] -- Installing: /home/xun/workspace/PX4_ros2/ros2_ws/install/service_interface/share/service_interface/local_setup.dsv
[2.705s] -- Installing: /home/xun/workspace/PX4_ros2/ros2_ws/install/service_interface/share/service_interface/package.dsv
[2.705s] -- Installing: /home/xun/workspace/PX4_ros2/ros2_ws/install/service_interface/share/ament_index/resource_index/packages/service_interface
[2.705s] -- Installing: /home/xun/workspace/PX4_ros2/ros2_ws/install/service_interface/share/service_interface/cmake/export_service_interface__rosidl_generator_cExport.cmake
[2.705s] -- Installing: /home/xun/workspace/PX4_ros2/ros2_ws/install/service_interface/share/service_interface/cmake/export_service_interface__rosidl_generator_cExport-noconfig.cmake
[2.705s] -- Installing: /home/xun/workspace/PX4_ros2/ros2_ws/install/service_interface/share/service_interface/cmake/export_service_interface__rosidl_typesupport_fastrtps_cExport.cmake
[2.705s] -- Installing: /home/xun/workspace/PX4_ros2/ros2_ws/install/service_interface/share/service_interface/cmake/export_service_interface__rosidl_typesupport_fastrtps_cExport-noconfig.cmake
[2.705s] -- Installing: /home/xun/workspace/PX4_ros2/ros2_ws/install/service_interface/share/service_interface/cmake/service_interface__rosidl_typesupport_introspection_cExport.cmake
[2.705s] -- Installing: /home/xun/workspace/PX4_ros2/ros2_ws/install/service_interface/share/service_interface/cmake/service_interface__rosidl_typesupport_introspection_cExport-noconfig.cmake
[2.705s] -- Installing: /home/xun/workspace/PX4_ros2/ros2_ws/install/service_interface/share/service_interface/cmake/service_interface__rosidl_typesupport_cExport.cmake
[2.705s] -- Installing: /home/xun/workspace/PX4_ros2/ros2_ws/install/service_interface/share/service_interface/cmake/service_interface__rosidl_typesupport_cExport-noconfig.cmake
[2.705s] -- Installing: /home/xun/workspace/PX4_ros2/ros2_ws/install/service_interface/share/service_interface/cmake/export_service_interface__rosidl_generator_cppExport.cmake
[2.705s] -- Installing: /home/xun/workspace/PX4_ros2/ros2_ws/install/service_interface/share/service_interface/cmake/export_service_interface__rosidl_typesupport_fastrtps_cppExport.cmake
[2.705s] -- Installing: /home/xun/workspace/PX4_ros2/ros2_ws/install/service_interface/share/service_interface/cmake/export_service_interface__rosidl_typesupport_fastrtps_cppExport-noconfig.cmake
[2.706s] -- Installing: /home/xun/workspace/PX4_ros2/ros2_ws/install/service_interface/share/service_interface/cmake/service_interface__rosidl_typesupport_introspection_cppExport.cmake
[2.706s] -- Installing: /home/xun/workspace/PX4_ros2/ros2_ws/install/service_interface/share/service_interface/cmake/service_interface__rosidl_typesupport_introspection_cppExport-noconfig.cmake
[2.706s] -- Installing: /home/xun/workspace/PX4_ros2/ros2_ws/install/service_interface/share/service_interface/cmake/service_interface__rosidl_typesupport_cppExport.cmake
[2.706s] -- Installing: /home/xun/workspace/PX4_ros2/ros2_ws/install/service_interface/share/service_interface/cmake/service_interface__rosidl_typesupport_cppExport-noconfig.cmake
[2.706s] -- Installing: /home/xun/workspace/PX4_ros2/ros2_ws/install/service_interface/share/service_interface/cmake/export_service_interface__rosidl_generator_pyExport.cmake
[2.706s] -- Installing: /home/xun/workspace/PX4_ros2/ros2_ws/install/service_interface/share/service_interface/cmake/export_service_interface__rosidl_generator_pyExport-noconfig.cmake
[2.706s] -- Installing: /home/xun/workspace/PX4_ros2/ros2_ws/install/service_interface/share/service_interface/cmake/rosidl_cmake-extras.cmake
[2.706s] -- Installing: /home/xun/workspace/PX4_ros2/ros2_ws/install/service_interface/share/service_interface/cmake/ament_cmake_export_include_directories-extras.cmake
[2.706s] -- Installing: /home/xun/workspace/PX4_ros2/ros2_ws/install/service_interface/share/service_interface/cmake/ament_cmake_export_libraries-extras.cmake
[2.706s] -- Installing: /home/xun/workspace/PX4_ros2/ros2_ws/install/service_interface/share/service_interface/cmake/ament_cmake_export_targets-extras.cmake
[2.706s] -- Installing: /home/xun/workspace/PX4_ros2/ros2_ws/install/service_interface/share/service_interface/cmake/rosidl_cmake_export_typesupport_targets-extras.cmake
[2.706s] -- Installing: /home/xun/workspace/PX4_ros2/ros2_ws/install/service_interface/share/service_interface/cmake/ament_cmake_export_dependencies-extras.cmake
[2.706s] -- Installing: /home/xun/workspace/PX4_ros2/ros2_ws/install/service_interface/share/service_interface/cmake/rosidl_cmake_export_typesupport_libraries-extras.cmake
[2.706s] -- Installing: /home/xun/workspace/PX4_ros2/ros2_ws/install/service_interface/share/service_interface/cmake/service_interfaceConfig.cmake
[2.706s] -- Installing: /home/xun/workspace/PX4_ros2/ros2_ws/install/service_interface/share/service_interface/cmake/service_interfaceConfig-version.cmake
[2.706s] -- Installing: /home/xun/workspace/PX4_ros2/ros2_ws/install/service_interface/share/service_interface/package.xml
[2.708s] Invoked command in '/home/xun/workspace/PX4_ros2/ros2_ws/build/service_interface' returned '0': CMAKE_PREFIX_PATH=${CMAKE_PREFIX_PATH}:/opt/ros/humble /usr/bin/cmake --install /home/xun/workspace/PX4_ros2/ros2_ws/build/service_interface
