[0.139s] Invoking command in '/home/chenhuixu/PX4_ros2/ros2_ws/src/build/service_interface': CMAKE_PREFIX_PATH=${CMAKE_PREFIX_PATH}:/opt/ros/jazzy DEBUGINFOD_URLS=https://debuginfod.ubuntu.com /usr/bin/cmake --build /home/chenhuixu/PX4_ros2/ros2_ws/src/build/service_interface -- -j16 -l16
[0.184s] [  1%] Built target service_interface__rosidl_generator_type_description
[0.192s] [  1%] Built target ament_cmake_python_copy_service_interface
[0.199s] [  3%] Built target service_interface__cpp
[0.201s] [ 24%] Built target service_interface__rosidl_generator_c
[0.223s] [ 42%] Built target service_interface__rosidl_typesupport_introspection_c
[0.223s] [ 42%] Built target service_interface__rosidl_typesupport_fastrtps_cpp
[0.223s] [ 51%] Built target service_interface__rosidl_typesupport_c
[0.223s] [ 61%] Built target service_interface__rosidl_typesupport_cpp
[0.224s] [ 70%] Built target service_interface__rosidl_typesupport_introspection_cpp
[0.227s] [ 79%] Built target service_interface__rosidl_typesupport_fastrtps_c
[0.246s] [ 79%] Built target service_interface
[0.264s] [ 81%] Built target service_interface__py
[0.283s] [ 88%] Built target service_interface__rosidl_generator_py
[0.300s] [100%] Built target service_interface_s__rosidl_typesupport_fastrtps_c
[0.301s] [100%] Built target service_interface_s__rosidl_typesupport_introspection_c
[0.301s] [100%] Built target service_interface_s__rosidl_typesupport_c
[0.321s] running egg_info
[0.331s] writing service_interface.egg-info/PKG-INFO
[0.331s] writing dependency_links to service_interface.egg-info/dependency_links.txt
[0.331s] writing top-level names to service_interface.egg-info/top_level.txt
[0.359s] reading manifest file 'service_interface.egg-info/SOURCES.txt'
[0.360s] writing manifest file 'service_interface.egg-info/SOURCES.txt'
[0.380s] [100%] Built target ament_cmake_python_build_service_interface_egg
[0.391s] Invoked command in '/home/chenhuixu/PX4_ros2/ros2_ws/src/build/service_interface' returned '0': CMAKE_PREFIX_PATH=${CMAKE_PREFIX_PATH}:/opt/ros/jazzy DEBUGINFOD_URLS=https://debuginfod.ubuntu.com /usr/bin/cmake --build /home/chenhuixu/PX4_ros2/ros2_ws/src/build/service_interface -- -j16 -l16
[0.399s] Invoking command in '/home/chenhuixu/PX4_ros2/ros2_ws/src/build/service_interface': CMAKE_PREFIX_PATH=${CMAKE_PREFIX_PATH}:/opt/ros/jazzy DEBUGINFOD_URLS=https://debuginfod.ubuntu.com /usr/bin/cmake --install /home/chenhuixu/PX4_ros2/ros2_ws/src/build/service_interface
[0.409s] -- Install configuration: ""
[0.409s] -- Up-to-date: /home/chenhuixu/PX4_ros2/ros2_ws/src/install/service_interface/share/ament_index/resource_index/rosidl_interfaces/service_interface
[0.409s] -- Installing: /home/chenhuixu/PX4_ros2/ros2_ws/src/install/service_interface/share/service_interface/srv/Takeoff.json
[0.409s] -- Installing: /home/chenhuixu/PX4_ros2/ros2_ws/src/install/service_interface/share/service_interface/srv/Land.json
[0.409s] -- Installing: /home/chenhuixu/PX4_ros2/ros2_ws/src/install/service_interface/share/service_interface/srv/Move.json
[0.409s] -- Up-to-date: /home/chenhuixu/PX4_ros2/ros2_ws/src/install/service_interface/include/service_interface/service_interface
[0.410s] -- Up-to-date: /home/chenhuixu/PX4_ros2/ros2_ws/src/install/service_interface/include/service_interface/service_interface/msg
[0.410s] -- Up-to-date: /home/chenhuixu/PX4_ros2/ros2_ws/src/install/service_interface/include/service_interface/service_interface/msg/rosidl_generator_c__visibility_control.h
[0.410s] -- Up-to-date: /home/chenhuixu/PX4_ros2/ros2_ws/src/install/service_interface/include/service_interface/service_interface/srv
[0.410s] -- Up-to-date: /home/chenhuixu/PX4_ros2/ros2_ws/src/install/service_interface/include/service_interface/service_interface/srv/detail
[0.410s] -- Installing: /home/chenhuixu/PX4_ros2/ros2_ws/src/install/service_interface/include/service_interface/service_interface/srv/detail/land__type_support.c
[0.410s] -- Installing: /home/chenhuixu/PX4_ros2/ros2_ws/src/install/service_interface/include/service_interface/service_interface/srv/detail/move__type_support.h
[0.410s] -- Installing: /home/chenhuixu/PX4_ros2/ros2_ws/src/install/service_interface/include/service_interface/service_interface/srv/detail/takeoff__type_support.c
[0.410s] -- Installing: /home/chenhuixu/PX4_ros2/ros2_ws/src/install/service_interface/include/service_interface/service_interface/srv/detail/takeoff__struct.h
[0.410s] -- Installing: /home/chenhuixu/PX4_ros2/ros2_ws/src/install/service_interface/include/service_interface/service_interface/srv/detail/land__struct.h
[0.410s] -- Installing: /home/chenhuixu/PX4_ros2/ros2_ws/src/install/service_interface/include/service_interface/service_interface/srv/detail/move__type_support.c
[0.410s] -- Installing: /home/chenhuixu/PX4_ros2/ros2_ws/src/install/service_interface/include/service_interface/service_interface/srv/detail/land__type_support.h
[0.411s] -- Installing: /home/chenhuixu/PX4_ros2/ros2_ws/src/install/service_interface/include/service_interface/service_interface/srv/detail/takeoff__functions.c
[0.411s] -- Installing: /home/chenhuixu/PX4_ros2/ros2_ws/src/install/service_interface/include/service_interface/service_interface/srv/detail/land__description.c
[0.411s] -- Installing: /home/chenhuixu/PX4_ros2/ros2_ws/src/install/service_interface/include/service_interface/service_interface/srv/detail/land__functions.h
[0.411s] -- Installing: /home/chenhuixu/PX4_ros2/ros2_ws/src/install/service_interface/include/service_interface/service_interface/srv/detail/takeoff__type_support.h
[0.411s] -- Installing: /home/chenhuixu/PX4_ros2/ros2_ws/src/install/service_interface/include/service_interface/service_interface/srv/detail/move__struct.h
[0.411s] -- Installing: /home/chenhuixu/PX4_ros2/ros2_ws/src/install/service_interface/include/service_interface/service_interface/srv/detail/takeoff__functions.h
[0.411s] -- Installing: /home/chenhuixu/PX4_ros2/ros2_ws/src/install/service_interface/include/service_interface/service_interface/srv/detail/takeoff__description.c
[0.411s] -- Installing: /home/chenhuixu/PX4_ros2/ros2_ws/src/install/service_interface/include/service_interface/service_interface/srv/detail/move__functions.h
[0.411s] -- Installing: /home/chenhuixu/PX4_ros2/ros2_ws/src/install/service_interface/include/service_interface/service_interface/srv/detail/move__description.c
[0.411s] -- Installing: /home/chenhuixu/PX4_ros2/ros2_ws/src/install/service_interface/include/service_interface/service_interface/srv/detail/move__functions.c
[0.411s] -- Installing: /home/chenhuixu/PX4_ros2/ros2_ws/src/install/service_interface/include/service_interface/service_interface/srv/detail/land__functions.c
[0.412s] -- Installing: /home/chenhuixu/PX4_ros2/ros2_ws/src/install/service_interface/include/service_interface/service_interface/srv/takeoff.h
[0.412s] -- Installing: /home/chenhuixu/PX4_ros2/ros2_ws/src/install/service_interface/include/service_interface/service_interface/srv/move.h
[0.412s] -- Installing: /home/chenhuixu/PX4_ros2/ros2_ws/src/install/service_interface/include/service_interface/service_interface/srv/land.h
[0.412s] -- Up-to-date: /home/chenhuixu/PX4_ros2/ros2_ws/src/install/service_interface/share/service_interface/environment/library_path.sh
[0.412s] -- Up-to-date: /home/chenhuixu/PX4_ros2/ros2_ws/src/install/service_interface/share/service_interface/environment/library_path.dsv
[0.413s] -- Installing: /home/chenhuixu/PX4_ros2/ros2_ws/src/install/service_interface/lib/libservice_interface__rosidl_generator_c.so
[0.414s] -- Set non-toolchain portion of runtime path of "/home/chenhuixu/PX4_ros2/ros2_ws/src/install/service_interface/lib/libservice_interface__rosidl_generator_c.so" to ""
[0.414s] -- Up-to-date: /home/chenhuixu/PX4_ros2/ros2_ws/src/install/service_interface/include/service_interface/service_interface
[0.414s] -- Up-to-date: /home/chenhuixu/PX4_ros2/ros2_ws/src/install/service_interface/include/service_interface/service_interface/msg
[0.414s] -- Up-to-date: /home/chenhuixu/PX4_ros2/ros2_ws/src/install/service_interface/include/service_interface/service_interface/msg/rosidl_typesupport_fastrtps_c__visibility_control.h
[0.414s] -- Up-to-date: /home/chenhuixu/PX4_ros2/ros2_ws/src/install/service_interface/include/service_interface/service_interface/srv
[0.414s] -- Up-to-date: /home/chenhuixu/PX4_ros2/ros2_ws/src/install/service_interface/include/service_interface/service_interface/srv/detail
[0.414s] -- Installing: /home/chenhuixu/PX4_ros2/ros2_ws/src/install/service_interface/include/service_interface/service_interface/srv/detail/takeoff__rosidl_typesupport_fastrtps_c.h
[0.414s] -- Installing: /home/chenhuixu/PX4_ros2/ros2_ws/src/install/service_interface/include/service_interface/service_interface/srv/detail/land__rosidl_typesupport_fastrtps_c.h
[0.414s] -- Installing: /home/chenhuixu/PX4_ros2/ros2_ws/src/install/service_interface/include/service_interface/service_interface/srv/detail/move__rosidl_typesupport_fastrtps_c.h
[0.415s] -- Installing: /home/chenhuixu/PX4_ros2/ros2_ws/src/install/service_interface/lib/libservice_interface__rosidl_typesupport_fastrtps_c.so
[0.415s] -- Set non-toolchain portion of runtime path of "/home/chenhuixu/PX4_ros2/ros2_ws/src/install/service_interface/lib/libservice_interface__rosidl_typesupport_fastrtps_c.so" to ""
[0.415s] -- Up-to-date: /home/chenhuixu/PX4_ros2/ros2_ws/src/install/service_interface/include/service_interface/service_interface
[0.415s] -- Up-to-date: /home/chenhuixu/PX4_ros2/ros2_ws/src/install/service_interface/include/service_interface/service_interface/msg
[0.415s] -- Up-to-date: /home/chenhuixu/PX4_ros2/ros2_ws/src/install/service_interface/include/service_interface/service_interface/msg/rosidl_typesupport_introspection_c__visibility_control.h
[0.415s] -- Up-to-date: /home/chenhuixu/PX4_ros2/ros2_ws/src/install/service_interface/include/service_interface/service_interface/srv
[0.415s] -- Up-to-date: /home/chenhuixu/PX4_ros2/ros2_ws/src/install/service_interface/include/service_interface/service_interface/srv/detail
[0.415s] -- Installing: /home/chenhuixu/PX4_ros2/ros2_ws/src/install/service_interface/include/service_interface/service_interface/srv/detail/land__type_support.c
[0.415s] -- Installing: /home/chenhuixu/PX4_ros2/ros2_ws/src/install/service_interface/include/service_interface/service_interface/srv/detail/takeoff__type_support.c
[0.415s] -- Installing: /home/chenhuixu/PX4_ros2/ros2_ws/src/install/service_interface/include/service_interface/service_interface/srv/detail/move__type_support.c
[0.416s] -- Installing: /home/chenhuixu/PX4_ros2/ros2_ws/src/install/service_interface/include/service_interface/service_interface/srv/detail/takeoff__rosidl_typesupport_introspection_c.h
[0.416s] -- Installing: /home/chenhuixu/PX4_ros2/ros2_ws/src/install/service_interface/include/service_interface/service_interface/srv/detail/land__rosidl_typesupport_introspection_c.h
[0.416s] -- Installing: /home/chenhuixu/PX4_ros2/ros2_ws/src/install/service_interface/include/service_interface/service_interface/srv/detail/move__rosidl_typesupport_introspection_c.h
[0.416s] -- Installing: /home/chenhuixu/PX4_ros2/ros2_ws/src/install/service_interface/lib/libservice_interface__rosidl_typesupport_introspection_c.so
[0.417s] -- Set non-toolchain portion of runtime path of "/home/chenhuixu/PX4_ros2/ros2_ws/src/install/service_interface/lib/libservice_interface__rosidl_typesupport_introspection_c.so" to ""
[0.417s] -- Installing: /home/chenhuixu/PX4_ros2/ros2_ws/src/install/service_interface/lib/libservice_interface__rosidl_typesupport_c.so
[0.417s] -- Set non-toolchain portion of runtime path of "/home/chenhuixu/PX4_ros2/ros2_ws/src/install/service_interface/lib/libservice_interface__rosidl_typesupport_c.so" to ""
[0.417s] -- Up-to-date: /home/chenhuixu/PX4_ros2/ros2_ws/src/install/service_interface/include/service_interface/service_interface
[0.417s] -- Up-to-date: /home/chenhuixu/PX4_ros2/ros2_ws/src/install/service_interface/include/service_interface/service_interface/msg
[0.417s] -- Installing: /home/chenhuixu/PX4_ros2/ros2_ws/src/install/service_interface/include/service_interface/service_interface/msg/rosidl_generator_cpp__visibility_control.hpp
[0.417s] -- Up-to-date: /home/chenhuixu/PX4_ros2/ros2_ws/src/install/service_interface/include/service_interface/service_interface/srv
[0.417s] -- Installing: /home/chenhuixu/PX4_ros2/ros2_ws/src/install/service_interface/include/service_interface/service_interface/srv/move.hpp
[0.418s] -- Installing: /home/chenhuixu/PX4_ros2/ros2_ws/src/install/service_interface/include/service_interface/service_interface/srv/land.hpp
[0.418s] -- Up-to-date: /home/chenhuixu/PX4_ros2/ros2_ws/src/install/service_interface/include/service_interface/service_interface/srv/detail
[0.418s] -- Installing: /home/chenhuixu/PX4_ros2/ros2_ws/src/install/service_interface/include/service_interface/service_interface/srv/detail/move__builder.hpp
[0.418s] -- Installing: /home/chenhuixu/PX4_ros2/ros2_ws/src/install/service_interface/include/service_interface/service_interface/srv/detail/takeoff__builder.hpp
[0.418s] -- Installing: /home/chenhuixu/PX4_ros2/ros2_ws/src/install/service_interface/include/service_interface/service_interface/srv/detail/land__builder.hpp
[0.418s] -- Installing: /home/chenhuixu/PX4_ros2/ros2_ws/src/install/service_interface/include/service_interface/service_interface/srv/detail/land__struct.hpp
[0.418s] -- Installing: /home/chenhuixu/PX4_ros2/ros2_ws/src/install/service_interface/include/service_interface/service_interface/srv/detail/land__type_support.hpp
[0.418s] -- Installing: /home/chenhuixu/PX4_ros2/ros2_ws/src/install/service_interface/include/service_interface/service_interface/srv/detail/move__type_support.hpp
[0.418s] -- Installing: /home/chenhuixu/PX4_ros2/ros2_ws/src/install/service_interface/include/service_interface/service_interface/srv/detail/takeoff__traits.hpp
[0.418s] -- Installing: /home/chenhuixu/PX4_ros2/ros2_ws/src/install/service_interface/include/service_interface/service_interface/srv/detail/takeoff__struct.hpp
[0.419s] -- Installing: /home/chenhuixu/PX4_ros2/ros2_ws/src/install/service_interface/include/service_interface/service_interface/srv/detail/land__traits.hpp
[0.419s] -- Installing: /home/chenhuixu/PX4_ros2/ros2_ws/src/install/service_interface/include/service_interface/service_interface/srv/detail/move__traits.hpp
[0.419s] -- Installing: /home/chenhuixu/PX4_ros2/ros2_ws/src/install/service_interface/include/service_interface/service_interface/srv/detail/move__struct.hpp
[0.419s] -- Installing: /home/chenhuixu/PX4_ros2/ros2_ws/src/install/service_interface/include/service_interface/service_interface/srv/detail/takeoff__type_support.hpp
[0.419s] -- Installing: /home/chenhuixu/PX4_ros2/ros2_ws/src/install/service_interface/include/service_interface/service_interface/srv/takeoff.hpp
[0.419s] -- Up-to-date: /home/chenhuixu/PX4_ros2/ros2_ws/src/install/service_interface/include/service_interface/service_interface
[0.419s] -- Up-to-date: /home/chenhuixu/PX4_ros2/ros2_ws/src/install/service_interface/include/service_interface/service_interface/msg
[0.419s] -- Up-to-date: /home/chenhuixu/PX4_ros2/ros2_ws/src/install/service_interface/include/service_interface/service_interface/msg/rosidl_typesupport_fastrtps_cpp__visibility_control.h
[0.419s] -- Up-to-date: /home/chenhuixu/PX4_ros2/ros2_ws/src/install/service_interface/include/service_interface/service_interface/srv
[0.419s] -- Up-to-date: /home/chenhuixu/PX4_ros2/ros2_ws/src/install/service_interface/include/service_interface/service_interface/srv/detail
[0.419s] -- Installing: /home/chenhuixu/PX4_ros2/ros2_ws/src/install/service_interface/include/service_interface/service_interface/srv/detail/move__rosidl_typesupport_fastrtps_cpp.hpp
[0.419s] -- Installing: /home/chenhuixu/PX4_ros2/ros2_ws/src/install/service_interface/include/service_interface/service_interface/srv/detail/land__rosidl_typesupport_fastrtps_cpp.hpp
[0.420s] -- Up-to-date: /home/chenhuixu/PX4_ros2/ros2_ws/src/install/service_interface/include/service_interface/service_interface/srv/detail/dds_fastrtps
[0.420s] -- Installing: /home/chenhuixu/PX4_ros2/ros2_ws/src/install/service_interface/include/service_interface/service_interface/srv/detail/takeoff__rosidl_typesupport_fastrtps_cpp.hpp
[0.420s] -- Installing: /home/chenhuixu/PX4_ros2/ros2_ws/src/install/service_interface/lib/libservice_interface__rosidl_typesupport_fastrtps_cpp.so
[0.421s] -- Set non-toolchain portion of runtime path of "/home/chenhuixu/PX4_ros2/ros2_ws/src/install/service_interface/lib/libservice_interface__rosidl_typesupport_fastrtps_cpp.so" to ""
[0.421s] -- Up-to-date: /home/chenhuixu/PX4_ros2/ros2_ws/src/install/service_interface/include/service_interface/service_interface
[0.421s] -- Up-to-date: /home/chenhuixu/PX4_ros2/ros2_ws/src/install/service_interface/include/service_interface/service_interface/srv
[0.421s] -- Up-to-date: /home/chenhuixu/PX4_ros2/ros2_ws/src/install/service_interface/include/service_interface/service_interface/srv/detail
[0.421s] -- Installing: /home/chenhuixu/PX4_ros2/ros2_ws/src/install/service_interface/include/service_interface/service_interface/srv/detail/move__type_support.cpp
[0.421s] -- Installing: /home/chenhuixu/PX4_ros2/ros2_ws/src/install/service_interface/include/service_interface/service_interface/srv/detail/move__rosidl_typesupport_introspection_cpp.hpp
[0.421s] -- Installing: /home/chenhuixu/PX4_ros2/ros2_ws/src/install/service_interface/include/service_interface/service_interface/srv/detail/land__type_support.cpp
[0.421s] -- Installing: /home/chenhuixu/PX4_ros2/ros2_ws/src/install/service_interface/include/service_interface/service_interface/srv/detail/takeoff__type_support.cpp
[0.421s] -- Installing: /home/chenhuixu/PX4_ros2/ros2_ws/src/install/service_interface/include/service_interface/service_interface/srv/detail/land__rosidl_typesupport_introspection_cpp.hpp
[0.422s] -- Installing: /home/chenhuixu/PX4_ros2/ros2_ws/src/install/service_interface/include/service_interface/service_interface/srv/detail/takeoff__rosidl_typesupport_introspection_cpp.hpp
[0.422s] -- Installing: /home/chenhuixu/PX4_ros2/ros2_ws/src/install/service_interface/lib/libservice_interface__rosidl_typesupport_introspection_cpp.so
[0.423s] -- Set non-toolchain portion of runtime path of "/home/chenhuixu/PX4_ros2/ros2_ws/src/install/service_interface/lib/libservice_interface__rosidl_typesupport_introspection_cpp.so" to ""
[0.423s] -- Installing: /home/chenhuixu/PX4_ros2/ros2_ws/src/install/service_interface/lib/libservice_interface__rosidl_typesupport_cpp.so
[0.424s] -- Set non-toolchain portion of runtime path of "/home/chenhuixu/PX4_ros2/ros2_ws/src/install/service_interface/lib/libservice_interface__rosidl_typesupport_cpp.so" to ""
[0.424s] -- Up-to-date: /home/chenhuixu/PX4_ros2/ros2_ws/src/install/service_interface/share/service_interface/environment/pythonpath.sh
[0.424s] -- Up-to-date: /home/chenhuixu/PX4_ros2/ros2_ws/src/install/service_interface/share/service_interface/environment/pythonpath.dsv
[0.424s] -- Up-to-date: /home/chenhuixu/PX4_ros2/ros2_ws/src/install/service_interface/lib/python3.12/site-packages/service_interface-0.0.0-py3.12.egg-info
[0.424s] -- Installing: /home/chenhuixu/PX4_ros2/ros2_ws/src/install/service_interface/lib/python3.12/site-packages/service_interface-0.0.0-py3.12.egg-info/top_level.txt
[0.424s] -- Installing: /home/chenhuixu/PX4_ros2/ros2_ws/src/install/service_interface/lib/python3.12/site-packages/service_interface-0.0.0-py3.12.egg-info/SOURCES.txt
[0.424s] -- Installing: /home/chenhuixu/PX4_ros2/ros2_ws/src/install/service_interface/lib/python3.12/site-packages/service_interface-0.0.0-py3.12.egg-info/dependency_links.txt
[0.424s] -- Installing: /home/chenhuixu/PX4_ros2/ros2_ws/src/install/service_interface/lib/python3.12/site-packages/service_interface-0.0.0-py3.12.egg-info/PKG-INFO
[0.424s] -- Up-to-date: /home/chenhuixu/PX4_ros2/ros2_ws/src/install/service_interface/lib/python3.12/site-packages/service_interface
[0.424s] -- Installing: /home/chenhuixu/PX4_ros2/ros2_ws/src/install/service_interface/lib/python3.12/site-packages/service_interface/service_interface_s__rosidl_typesupport_introspection_c.so
[0.424s] -- Up-to-date: /home/chenhuixu/PX4_ros2/ros2_ws/src/install/service_interface/lib/python3.12/site-packages/service_interface/srv
[0.424s] -- Installing: /home/chenhuixu/PX4_ros2/ros2_ws/src/install/service_interface/lib/python3.12/site-packages/service_interface/srv/_move_s.c
[0.424s] -- Installing: /home/chenhuixu/PX4_ros2/ros2_ws/src/install/service_interface/lib/python3.12/site-packages/service_interface/srv/_move.py
[0.425s] -- Installing: /home/chenhuixu/PX4_ros2/ros2_ws/src/install/service_interface/lib/python3.12/site-packages/service_interface/srv/_land.py
[0.425s] -- Installing: /home/chenhuixu/PX4_ros2/ros2_ws/src/install/service_interface/lib/python3.12/site-packages/service_interface/srv/_land_s.c
[0.425s] -- Installing: /home/chenhuixu/PX4_ros2/ros2_ws/src/install/service_interface/lib/python3.12/site-packages/service_interface/srv/_takeoff_s.c
[0.425s] -- Installing: /home/chenhuixu/PX4_ros2/ros2_ws/src/install/service_interface/lib/python3.12/site-packages/service_interface/srv/__init__.py
[0.425s] -- Installing: /home/chenhuixu/PX4_ros2/ros2_ws/src/install/service_interface/lib/python3.12/site-packages/service_interface/srv/_takeoff.py
[0.425s] -- Installing: /home/chenhuixu/PX4_ros2/ros2_ws/src/install/service_interface/lib/python3.12/site-packages/service_interface/_service_interface_s.ep.rosidl_typesupport_fastrtps_c.c
[0.425s] -- Installing: /home/chenhuixu/PX4_ros2/ros2_ws/src/install/service_interface/lib/python3.12/site-packages/service_interface/service_interface_s__rosidl_typesupport_fastrtps_c.so
[0.425s] -- Installing: /home/chenhuixu/PX4_ros2/ros2_ws/src/install/service_interface/lib/python3.12/site-packages/service_interface/__init__.py
[0.426s] -- Installing: /home/chenhuixu/PX4_ros2/ros2_ws/src/install/service_interface/lib/python3.12/site-packages/service_interface/_service_interface_s.ep.rosidl_typesupport_introspection_c.c
[0.426s] -- Installing: /home/chenhuixu/PX4_ros2/ros2_ws/src/install/service_interface/lib/python3.12/site-packages/service_interface/service_interface_s__rosidl_typesupport_c.so
[0.426s] -- Installing: /home/chenhuixu/PX4_ros2/ros2_ws/src/install/service_interface/lib/python3.12/site-packages/service_interface/_service_interface_s.ep.rosidl_typesupport_c.c
[0.458s] Listing '/home/chenhuixu/PX4_ros2/ros2_ws/src/install/service_interface/lib/python3.12/site-packages/service_interface'...
[0.459s] Compiling '/home/chenhuixu/PX4_ros2/ros2_ws/src/install/service_interface/lib/python3.12/site-packages/service_interface/__init__.py'...
[0.459s] Listing '/home/chenhuixu/PX4_ros2/ros2_ws/src/install/service_interface/lib/python3.12/site-packages/service_interface/srv'...
[0.459s] Compiling '/home/chenhuixu/PX4_ros2/ros2_ws/src/install/service_interface/lib/python3.12/site-packages/service_interface/srv/__init__.py'...
[0.459s] Compiling '/home/chenhuixu/PX4_ros2/ros2_ws/src/install/service_interface/lib/python3.12/site-packages/service_interface/srv/_land.py'...
[0.459s] Compiling '/home/chenhuixu/PX4_ros2/ros2_ws/src/install/service_interface/lib/python3.12/site-packages/service_interface/srv/_move.py'...
[0.459s] Compiling '/home/chenhuixu/PX4_ros2/ros2_ws/src/install/service_interface/lib/python3.12/site-packages/service_interface/srv/_takeoff.py'...
[0.464s] -- Installing: /home/chenhuixu/PX4_ros2/ros2_ws/src/install/service_interface/lib/python3.12/site-packages/service_interface/service_interface_s__rosidl_typesupport_fastrtps_c.so
[0.465s] -- Set non-toolchain portion of runtime path of "/home/chenhuixu/PX4_ros2/ros2_ws/src/install/service_interface/lib/python3.12/site-packages/service_interface/service_interface_s__rosidl_typesupport_fastrtps_c.so" to ""
[0.465s] -- Installing: /home/chenhuixu/PX4_ros2/ros2_ws/src/install/service_interface/lib/python3.12/site-packages/service_interface/service_interface_s__rosidl_typesupport_introspection_c.so
[0.465s] -- Set non-toolchain portion of runtime path of "/home/chenhuixu/PX4_ros2/ros2_ws/src/install/service_interface/lib/python3.12/site-packages/service_interface/service_interface_s__rosidl_typesupport_introspection_c.so" to ""
[0.465s] -- Installing: /home/chenhuixu/PX4_ros2/ros2_ws/src/install/service_interface/lib/python3.12/site-packages/service_interface/service_interface_s__rosidl_typesupport_c.so
[0.466s] -- Set non-toolchain portion of runtime path of "/home/chenhuixu/PX4_ros2/ros2_ws/src/install/service_interface/lib/python3.12/site-packages/service_interface/service_interface_s__rosidl_typesupport_c.so" to ""
[0.466s] -- Installing: /home/chenhuixu/PX4_ros2/ros2_ws/src/install/service_interface/lib/libservice_interface__rosidl_generator_py.so
[0.466s] -- Set non-toolchain portion of runtime path of "/home/chenhuixu/PX4_ros2/ros2_ws/src/install/service_interface/lib/libservice_interface__rosidl_generator_py.so" to ""
[0.466s] -- Installing: /home/chenhuixu/PX4_ros2/ros2_ws/src/install/service_interface/share/service_interface/srv/Takeoff.idl
[0.466s] -- Up-to-date: /home/chenhuixu/PX4_ros2/ros2_ws/src/install/service_interface/share/service_interface/srv/Land.idl
[0.466s] -- Up-to-date: /home/chenhuixu/PX4_ros2/ros2_ws/src/install/service_interface/share/service_interface/srv/Move.idl
[0.466s] -- Installing: /home/chenhuixu/PX4_ros2/ros2_ws/src/install/service_interface/share/service_interface/srv/Takeoff.srv
[0.466s] -- Up-to-date: /home/chenhuixu/PX4_ros2/ros2_ws/src/install/service_interface/share/service_interface/srv/Land.srv
[0.466s] -- Up-to-date: /home/chenhuixu/PX4_ros2/ros2_ws/src/install/service_interface/share/service_interface/srv/Move.srv
[0.466s] -- Up-to-date: /home/chenhuixu/PX4_ros2/ros2_ws/src/install/service_interface/share/ament_index/resource_index/package_run_dependencies/service_interface
[0.466s] -- Up-to-date: /home/chenhuixu/PX4_ros2/ros2_ws/src/install/service_interface/share/ament_index/resource_index/parent_prefix_path/service_interface
[0.466s] -- Up-to-date: /home/chenhuixu/PX4_ros2/ros2_ws/src/install/service_interface/share/service_interface/environment/ament_prefix_path.sh
[0.467s] -- Up-to-date: /home/chenhuixu/PX4_ros2/ros2_ws/src/install/service_interface/share/service_interface/environment/ament_prefix_path.dsv
[0.467s] -- Up-to-date: /home/chenhuixu/PX4_ros2/ros2_ws/src/install/service_interface/share/service_interface/environment/path.sh
[0.467s] -- Up-to-date: /home/chenhuixu/PX4_ros2/ros2_ws/src/install/service_interface/share/service_interface/environment/path.dsv
[0.467s] -- Up-to-date: /home/chenhuixu/PX4_ros2/ros2_ws/src/install/service_interface/share/service_interface/local_setup.bash
[0.467s] -- Up-to-date: /home/chenhuixu/PX4_ros2/ros2_ws/src/install/service_interface/share/service_interface/local_setup.sh
[0.467s] -- Up-to-date: /home/chenhuixu/PX4_ros2/ros2_ws/src/install/service_interface/share/service_interface/local_setup.zsh
[0.467s] -- Up-to-date: /home/chenhuixu/PX4_ros2/ros2_ws/src/install/service_interface/share/service_interface/local_setup.dsv
[0.467s] -- Installing: /home/chenhuixu/PX4_ros2/ros2_ws/src/install/service_interface/share/service_interface/package.dsv
[0.467s] -- Up-to-date: /home/chenhuixu/PX4_ros2/ros2_ws/src/install/service_interface/share/ament_index/resource_index/packages/service_interface
[0.467s] -- Up-to-date: /home/chenhuixu/PX4_ros2/ros2_ws/src/install/service_interface/share/service_interface/cmake/export_service_interface__rosidl_generator_cExport.cmake
[0.467s] -- Up-to-date: /home/chenhuixu/PX4_ros2/ros2_ws/src/install/service_interface/share/service_interface/cmake/export_service_interface__rosidl_generator_cExport-noconfig.cmake
[0.467s] -- Up-to-date: /home/chenhuixu/PX4_ros2/ros2_ws/src/install/service_interface/share/service_interface/cmake/export_service_interface__rosidl_typesupport_fastrtps_cExport.cmake
[0.467s] -- Up-to-date: /home/chenhuixu/PX4_ros2/ros2_ws/src/install/service_interface/share/service_interface/cmake/export_service_interface__rosidl_typesupport_fastrtps_cExport-noconfig.cmake
[0.467s] -- Up-to-date: /home/chenhuixu/PX4_ros2/ros2_ws/src/install/service_interface/share/service_interface/cmake/service_interface__rosidl_typesupport_introspection_cExport.cmake
[0.467s] -- Up-to-date: /home/chenhuixu/PX4_ros2/ros2_ws/src/install/service_interface/share/service_interface/cmake/service_interface__rosidl_typesupport_introspection_cExport-noconfig.cmake
[0.467s] -- Up-to-date: /home/chenhuixu/PX4_ros2/ros2_ws/src/install/service_interface/share/service_interface/cmake/service_interface__rosidl_typesupport_cExport.cmake
[0.467s] -- Up-to-date: /home/chenhuixu/PX4_ros2/ros2_ws/src/install/service_interface/share/service_interface/cmake/service_interface__rosidl_typesupport_cExport-noconfig.cmake
[0.468s] -- Up-to-date: /home/chenhuixu/PX4_ros2/ros2_ws/src/install/service_interface/share/service_interface/cmake/export_service_interface__rosidl_generator_cppExport.cmake
[0.468s] -- Up-to-date: /home/chenhuixu/PX4_ros2/ros2_ws/src/install/service_interface/share/service_interface/cmake/export_service_interface__rosidl_typesupport_fastrtps_cppExport.cmake
[0.468s] -- Up-to-date: /home/chenhuixu/PX4_ros2/ros2_ws/src/install/service_interface/share/service_interface/cmake/export_service_interface__rosidl_typesupport_fastrtps_cppExport-noconfig.cmake
[0.468s] -- Up-to-date: /home/chenhuixu/PX4_ros2/ros2_ws/src/install/service_interface/share/service_interface/cmake/service_interface__rosidl_typesupport_introspection_cppExport.cmake
[0.468s] -- Up-to-date: /home/chenhuixu/PX4_ros2/ros2_ws/src/install/service_interface/share/service_interface/cmake/service_interface__rosidl_typesupport_introspection_cppExport-noconfig.cmake
[0.468s] -- Up-to-date: /home/chenhuixu/PX4_ros2/ros2_ws/src/install/service_interface/share/service_interface/cmake/service_interface__rosidl_typesupport_cppExport.cmake
[0.468s] -- Up-to-date: /home/chenhuixu/PX4_ros2/ros2_ws/src/install/service_interface/share/service_interface/cmake/service_interface__rosidl_typesupport_cppExport-noconfig.cmake
[0.468s] -- Up-to-date: /home/chenhuixu/PX4_ros2/ros2_ws/src/install/service_interface/share/service_interface/cmake/export_service_interface__rosidl_generator_pyExport.cmake
[0.468s] -- Up-to-date: /home/chenhuixu/PX4_ros2/ros2_ws/src/install/service_interface/share/service_interface/cmake/export_service_interface__rosidl_generator_pyExport-noconfig.cmake
[0.468s] -- Up-to-date: /home/chenhuixu/PX4_ros2/ros2_ws/src/install/service_interface/share/service_interface/cmake/rosidl_cmake-extras.cmake
[0.468s] -- Up-to-date: /home/chenhuixu/PX4_ros2/ros2_ws/src/install/service_interface/share/service_interface/cmake/ament_cmake_export_dependencies-extras.cmake
[0.468s] -- Up-to-date: /home/chenhuixu/PX4_ros2/ros2_ws/src/install/service_interface/share/service_interface/cmake/ament_cmake_export_include_directories-extras.cmake
[0.468s] -- Up-to-date: /home/chenhuixu/PX4_ros2/ros2_ws/src/install/service_interface/share/service_interface/cmake/ament_cmake_export_libraries-extras.cmake
[0.468s] -- Up-to-date: /home/chenhuixu/PX4_ros2/ros2_ws/src/install/service_interface/share/service_interface/cmake/ament_cmake_export_targets-extras.cmake
[0.469s] -- Up-to-date: /home/chenhuixu/PX4_ros2/ros2_ws/src/install/service_interface/share/service_interface/cmake/rosidl_cmake_export_typesupport_targets-extras.cmake
[0.469s] -- Up-to-date: /home/chenhuixu/PX4_ros2/ros2_ws/src/install/service_interface/share/service_interface/cmake/rosidl_cmake_export_typesupport_libraries-extras.cmake
[0.469s] -- Up-to-date: /home/chenhuixu/PX4_ros2/ros2_ws/src/install/service_interface/share/service_interface/cmake/service_interfaceConfig.cmake
[0.469s] -- Up-to-date: /home/chenhuixu/PX4_ros2/ros2_ws/src/install/service_interface/share/service_interface/cmake/service_interfaceConfig-version.cmake
[0.469s] -- Up-to-date: /home/chenhuixu/PX4_ros2/ros2_ws/src/install/service_interface/share/service_interface/package.xml
[0.470s] Invoked command in '/home/chenhuixu/PX4_ros2/ros2_ws/src/build/service_interface' returned '0': CMAKE_PREFIX_PATH=${CMAKE_PREFIX_PATH}:/opt/ros/jazzy DEBUGINFOD_URLS=https://debuginfod.ubuntu.com /usr/bin/cmake --install /home/chenhuixu/PX4_ros2/ros2_ws/src/build/service_interface
