[0.019s] Invoking command in '/home/chenhuixu/PX4_ros2/ros2_ws/src/build/mission_client': CMAKE_PREFIX_PATH=${CMAKE_PREFIX_PATH}:/opt/ros/jazzy DEBUGINFOD_URLS=https://debuginfod.ubuntu.com /usr/bin/cmake --build /home/chenhuixu/PX4_ros2/ros2_ws/src/build/mission_client -- -j16 -l16
[0.147s] -- Found ament_cmake: 2.5.4 (/opt/ros/jazzy/share/ament_cmake/cmake)
[0.217s] -- Found rclcpp: 28.1.12 (/opt/ros/jazzy/share/rclcpp/cmake)
[0.243s] -- Found rosidl_generator_c: 4.6.6 (/opt/ros/jazzy/share/rosidl_generator_c/cmake)
[0.251s] -- Found rosidl_generator_cpp: 4.6.6 (/opt/ros/jazzy/share/rosidl_generator_cpp/cmake)
[0.261s] -- Using all available rosidl_typesupport_c: rosidl_typesupport_fastrtps_c;rosidl_typesupport_introspection_c
[0.271s] -- Using all available rosidl_typesupport_cpp: rosidl_typesupport_fastrtps_cpp;rosidl_typesupport_introspection_cpp
[0.319s] -- Found rmw_implementation_cmake: 7.3.2 (/opt/ros/jazzy/share/rmw_implementation_cmake/cmake)
[0.321s] -- Found rmw_fastrtps_cpp: 8.4.3 (/opt/ros/jazzy/share/rmw_fastrtps_cpp/cmake)
[0.375s] -- Using RMW implementation 'rmw_fastrtps_cpp' as default
[0.428s] -- Found geometry_msgs: 5.3.6 (/opt/ros/jazzy/share/geometry_msgs/cmake)
[0.453s] -- Found ament_lint_auto: 0.17.3 (/opt/ros/jazzy/share/ament_lint_auto/cmake)
[0.528s] -- Added test 'cppcheck' to perform static code analysis on C / C++ code
[0.528s] -- Configured cppcheck include dirs: 
[0.528s] -- Configured cppcheck exclude dirs and/or files: 
[0.529s] -- Added test 'lint_cmake' to check CMake code style
[0.530s] -- Added test 'uncrustify' to check C / C++ code style
[0.530s] -- Configured uncrustify additional arguments: 
[0.530s] -- Added test 'xmllint' to check XML markup files
[0.531s] -- Configuring done (0.5s)
[0.541s] -- Generating done (0.0s)
[0.544s] -- Build files have been written to: /home/chenhuixu/PX4_ros2/ros2_ws/src/build/mission_client
[0.581s] [ 50%] [32mBuilding CXX object CMakeFiles/mission_client.dir/src/mission_client.cpp.o[0m
[0.782s] [01m[K/home/chenhuixu/PX4_ros2/ros2_ws/src/mission_client/src/mission_client.cpp:2:10:[m[K [01;31m[Kfatal error: [m[Kgeometry_msgs/msg/twist.hpp: 没有那个文件或目录
[0.782s]     2 | #include [01;31m[K"geometry_msgs/msg/twist.hpp"[m[K
[0.782s]       |          [01;31m[K^~~~~~~~~~~~~~~~~~~~~~~~~~~~~[m[K
[0.782s] compilation terminated.
[0.791s] gmake[2]: *** [CMakeFiles/mission_client.dir/build.make:76：CMakeFiles/mission_client.dir/src/mission_client.cpp.o] 错误 1
[0.795s] gmake[1]: *** [CMakeFiles/Makefile2:137：CMakeFiles/mission_client.dir/all] 错误 2
[0.795s] gmake: *** [Makefile:146：all] 错误 2
[0.802s] Invoked command in '/home/chenhuixu/PX4_ros2/ros2_ws/src/build/mission_client' returned '2': CMAKE_PREFIX_PATH=${CMAKE_PREFIX_PATH}:/opt/ros/jazzy DEBUGINFOD_URLS=https://debuginfod.ubuntu.com /usr/bin/cmake --build /home/chenhuixu/PX4_ros2/ros2_ws/src/build/mission_client -- -j16 -l16
