[0.056s] DEBUG:colcon:Command line arguments: ['/usr/bin/colcon', 'build']
[0.056s] DEBUG:colcon:Parsed command line arguments: Namespace(log_base=None, log_level=None, verb_name='build', build_base='build', install_base='install', merge_install=False, symlink_install=False, test_result_base=None, continue_on_error=False, executor='parallel', parallel_workers=16, event_handlers=None, ignore_user_meta=False, metas=['./colcon.meta'], base_paths=['.'], packages_ignore=None, packages_ignore_regex=None, paths=None, packages_up_to=None, packages_up_to_regex=None, packages_above=None, packages_above_and_dependencies=None, packages_above_depth=None, packages_select_by_dep=None, packages_skip_by_dep=None, packages_skip_up_to=None, packages_select_build_failed=False, packages_skip_build_finished=False, packages_select_test_failures=False, packages_skip_test_passed=False, packages_select=None, packages_skip=None, packages_select_regex=None, packages_skip_regex=None, packages_start=None, packages_end=None, allow_overriding=[], cmake_args=None, cmake_target=None, cmake_target_skip_unavailable=False, cmake_clean_cache=False, cmake_clean_first=False, cmake_force_configure=False, ament_cmake_args=None, catkin_cmake_args=None, catkin_skip_building_tests=False, verb_parser=<colcon_defaults.argument_parser.defaults.DefaultArgumentsDecorator object at 0x7f76cfda0e00>, verb_extension=<colcon_core.verb.build.BuildVerb object at 0x7f76cfec0e60>, main=<bound method BuildVerb.main of <colcon_core.verb.build.BuildVerb object at 0x7f76cfec0e60>>)
[0.083s] Level 1:colcon.colcon_core.package_discovery:discover_packages(colcon_meta) check parameters
[0.083s] Level 1:colcon.colcon_core.package_discovery:discover_packages(recursive) check parameters
[0.083s] Level 1:colcon.colcon_core.package_discovery:discover_packages(ignore) check parameters
[0.083s] Level 1:colcon.colcon_core.package_discovery:discover_packages(path) check parameters
[0.083s] Level 1:colcon.colcon_core.package_discovery:discover_packages(colcon_meta) discover
[0.083s] Level 1:colcon.colcon_core.package_discovery:discover_packages(recursive) discover
[0.083s] INFO:colcon.colcon_core.package_discovery:Crawling recursively for packages in '/home/chenhuixu/PX4_ros2/ros2_ws/src'
[0.083s] Level 1:colcon.colcon_core.package_identification:_identify(.) by extensions ['ignore', 'ignore_ament_install']
[0.083s] Level 1:colcon.colcon_core.package_identification:_identify(.) by extension 'ignore'
[0.083s] Level 1:colcon.colcon_core.package_identification:_identify(.) by extension 'ignore_ament_install'
[0.083s] Level 1:colcon.colcon_core.package_identification:_identify(.) by extensions ['colcon_pkg']
[0.083s] Level 1:colcon.colcon_core.package_identification:_identify(.) by extension 'colcon_pkg'
[0.083s] Level 1:colcon.colcon_core.package_identification:_identify(.) by extensions ['colcon_meta']
[0.083s] Level 1:colcon.colcon_core.package_identification:_identify(.) by extension 'colcon_meta'
[0.083s] Level 1:colcon.colcon_core.package_identification:_identify(.) by extensions ['ros']
[0.083s] Level 1:colcon.colcon_core.package_identification:_identify(.) by extension 'ros'
[0.099s] Level 1:colcon.colcon_core.package_identification:_identify(.) by extensions ['cmake', 'python']
[0.099s] Level 1:colcon.colcon_core.package_identification:_identify(.) by extension 'cmake'
[0.099s] Level 1:colcon.colcon_core.package_identification:_identify(.) by extension 'python'
[0.099s] Level 1:colcon.colcon_core.package_identification:_identify(.) by extensions ['python_setup_py']
[0.099s] Level 1:colcon.colcon_core.package_identification:_identify(.) by extension 'python_setup_py'
[0.099s] Level 1:colcon.colcon_core.package_identification:_identify(build) by extensions ['ignore', 'ignore_ament_install']
[0.099s] Level 1:colcon.colcon_core.package_identification:_identify(build) by extension 'ignore'
[0.099s] Level 1:colcon.colcon_core.package_identification:_identify(build) ignored
[0.099s] Level 1:colcon.colcon_core.package_identification:_identify(install) by extensions ['ignore', 'ignore_ament_install']
[0.099s] Level 1:colcon.colcon_core.package_identification:_identify(install) by extension 'ignore'
[0.099s] Level 1:colcon.colcon_core.package_identification:_identify(install) ignored
[0.099s] Level 1:colcon.colcon_core.package_identification:_identify(log) by extensions ['ignore', 'ignore_ament_install']
[0.099s] Level 1:colcon.colcon_core.package_identification:_identify(log) by extension 'ignore'
[0.099s] Level 1:colcon.colcon_core.package_identification:_identify(log) ignored
[0.099s] Level 1:colcon.colcon_core.package_identification:_identify(px4_control) by extensions ['ignore', 'ignore_ament_install']
[0.099s] Level 1:colcon.colcon_core.package_identification:_identify(px4_control) by extension 'ignore'
[0.099s] Level 1:colcon.colcon_core.package_identification:_identify(px4_control) by extension 'ignore_ament_install'
[0.099s] Level 1:colcon.colcon_core.package_identification:_identify(px4_control) by extensions ['colcon_pkg']
[0.099s] Level 1:colcon.colcon_core.package_identification:_identify(px4_control) by extension 'colcon_pkg'
[0.099s] Level 1:colcon.colcon_core.package_identification:_identify(px4_control) by extensions ['colcon_meta']
[0.099s] Level 1:colcon.colcon_core.package_identification:_identify(px4_control) by extension 'colcon_meta'
[0.099s] Level 1:colcon.colcon_core.package_identification:_identify(px4_control) by extensions ['ros']
[0.099s] Level 1:colcon.colcon_core.package_identification:_identify(px4_control) by extension 'ros'
[0.101s] DEBUG:colcon.colcon_core.package_identification:Package 'px4_control' with type 'ros.ament_python' and name 'px4_control'
[0.101s] Level 1:colcon.colcon_core.package_identification:_identify(service_interface) by extensions ['ignore', 'ignore_ament_install']
[0.101s] Level 1:colcon.colcon_core.package_identification:_identify(service_interface) by extension 'ignore'
[0.101s] Level 1:colcon.colcon_core.package_identification:_identify(service_interface) by extension 'ignore_ament_install'
[0.101s] Level 1:colcon.colcon_core.package_identification:_identify(service_interface) by extensions ['colcon_pkg']
[0.101s] Level 1:colcon.colcon_core.package_identification:_identify(service_interface) by extension 'colcon_pkg'
[0.101s] Level 1:colcon.colcon_core.package_identification:_identify(service_interface) by extensions ['colcon_meta']
[0.101s] Level 1:colcon.colcon_core.package_identification:_identify(service_interface) by extension 'colcon_meta'
[0.101s] Level 1:colcon.colcon_core.package_identification:_identify(service_interface) by extensions ['ros']
[0.101s] Level 1:colcon.colcon_core.package_identification:_identify(service_interface) by extension 'ros'
[0.101s] DEBUG:colcon.colcon_core.package_identification:Package 'service_interface' with type 'ros.ament_cmake' and name 'service_interface'
[0.101s] Level 1:colcon.colcon_core.package_discovery:discover_packages(recursive) using defaults
[0.101s] Level 1:colcon.colcon_core.package_discovery:discover_packages(ignore) discover
[0.101s] Level 1:colcon.colcon_core.package_discovery:discover_packages(ignore) using defaults
[0.101s] Level 1:colcon.colcon_core.package_discovery:discover_packages(path) discover
[0.101s] Level 1:colcon.colcon_core.package_discovery:discover_packages(path) using defaults
[0.111s] Level 1:colcon.colcon_core.package_discovery:discover_packages(prefix_path) check parameters
[0.111s] Level 1:colcon.colcon_core.package_discovery:discover_packages(prefix_path) discover
[0.112s] DEBUG:colcon.colcon_installed_package_information.package_discovery:Found 2 installed packages in /home/chenhuixu/PX4_ros2/ros2_ws/src/install
[0.113s] DEBUG:colcon.colcon_installed_package_information.package_discovery:Found 6 installed packages in /home/chenhuixu/mavros2_ws/install
[0.113s] DEBUG:colcon.colcon_installed_package_information.package_discovery:Found 288 installed packages in /opt/ros/jazzy
[0.114s] Level 1:colcon.colcon_core.package_discovery:discover_packages(prefix_path) using defaults
[0.134s] Level 5:colcon.colcon_core.verb:set package 'px4_control' build argument 'cmake_args' from command line to 'None'
[0.134s] Level 5:colcon.colcon_core.verb:set package 'px4_control' build argument 'cmake_target' from command line to 'None'
[0.134s] Level 5:colcon.colcon_core.verb:set package 'px4_control' build argument 'cmake_target_skip_unavailable' from command line to 'False'
[0.134s] Level 5:colcon.colcon_core.verb:set package 'px4_control' build argument 'cmake_clean_cache' from command line to 'False'
[0.134s] Level 5:colcon.colcon_core.verb:set package 'px4_control' build argument 'cmake_clean_first' from command line to 'False'
[0.134s] Level 5:colcon.colcon_core.verb:set package 'px4_control' build argument 'cmake_force_configure' from command line to 'False'
[0.134s] Level 5:colcon.colcon_core.verb:set package 'px4_control' build argument 'ament_cmake_args' from command line to 'None'
[0.134s] Level 5:colcon.colcon_core.verb:set package 'px4_control' build argument 'catkin_cmake_args' from command line to 'None'
[0.134s] Level 5:colcon.colcon_core.verb:set package 'px4_control' build argument 'catkin_skip_building_tests' from command line to 'False'
[0.134s] DEBUG:colcon.colcon_core.verb:Building package 'px4_control' with the following arguments: {'ament_cmake_args': None, 'build_base': '/home/chenhuixu/PX4_ros2/ros2_ws/src/build/px4_control', 'catkin_cmake_args': None, 'catkin_skip_building_tests': False, 'cmake_args': None, 'cmake_clean_cache': False, 'cmake_clean_first': False, 'cmake_force_configure': False, 'cmake_target': None, 'cmake_target_skip_unavailable': False, 'install_base': '/home/chenhuixu/PX4_ros2/ros2_ws/src/install/px4_control', 'merge_install': False, 'path': '/home/chenhuixu/PX4_ros2/ros2_ws/src/px4_control', 'symlink_install': False, 'test_result_base': None}
[0.135s] Level 5:colcon.colcon_core.verb:set package 'service_interface' build argument 'cmake_args' from command line to 'None'
[0.135s] Level 5:colcon.colcon_core.verb:set package 'service_interface' build argument 'cmake_target' from command line to 'None'
[0.135s] Level 5:colcon.colcon_core.verb:set package 'service_interface' build argument 'cmake_target_skip_unavailable' from command line to 'False'
[0.135s] Level 5:colcon.colcon_core.verb:set package 'service_interface' build argument 'cmake_clean_cache' from command line to 'False'
[0.135s] Level 5:colcon.colcon_core.verb:set package 'service_interface' build argument 'cmake_clean_first' from command line to 'False'
[0.135s] Level 5:colcon.colcon_core.verb:set package 'service_interface' build argument 'cmake_force_configure' from command line to 'False'
[0.135s] Level 5:colcon.colcon_core.verb:set package 'service_interface' build argument 'ament_cmake_args' from command line to 'None'
[0.135s] Level 5:colcon.colcon_core.verb:set package 'service_interface' build argument 'catkin_cmake_args' from command line to 'None'
[0.135s] Level 5:colcon.colcon_core.verb:set package 'service_interface' build argument 'catkin_skip_building_tests' from command line to 'False'
[0.135s] DEBUG:colcon.colcon_core.verb:Building package 'service_interface' with the following arguments: {'ament_cmake_args': None, 'build_base': '/home/chenhuixu/PX4_ros2/ros2_ws/src/build/service_interface', 'catkin_cmake_args': None, 'catkin_skip_building_tests': False, 'cmake_args': None, 'cmake_clean_cache': False, 'cmake_clean_first': False, 'cmake_force_configure': False, 'cmake_target': None, 'cmake_target_skip_unavailable': False, 'install_base': '/home/chenhuixu/PX4_ros2/ros2_ws/src/install/service_interface', 'merge_install': False, 'path': '/home/chenhuixu/PX4_ros2/ros2_ws/src/service_interface', 'symlink_install': False, 'test_result_base': None}
[0.135s] INFO:colcon.colcon_core.executor:Executing jobs using 'parallel' executor
[0.135s] DEBUG:colcon.colcon_parallel_executor.executor.parallel:run_until_complete
[0.135s] INFO:colcon.colcon_ros.task.ament_python.build:Building ROS package in '/home/chenhuixu/PX4_ros2/ros2_ws/src/px4_control' with build type 'ament_python'
[0.135s] Level 1:colcon.colcon_core.shell:create_environment_hook('px4_control', 'ament_prefix_path')
[0.137s] INFO:colcon.colcon_core.plugin_system:Skipping extension 'colcon_core.shell.bat': Not used on non-Windows systems
[0.137s] INFO:colcon.colcon_core.shell:Creating environment hook '/home/chenhuixu/PX4_ros2/ros2_ws/src/install/px4_control/share/px4_control/hook/ament_prefix_path.ps1'
[0.137s] INFO:colcon.colcon_core.shell:Creating environment descriptor '/home/chenhuixu/PX4_ros2/ros2_ws/src/install/px4_control/share/px4_control/hook/ament_prefix_path.dsv'
[0.137s] INFO:colcon.colcon_core.shell:Creating environment hook '/home/chenhuixu/PX4_ros2/ros2_ws/src/install/px4_control/share/px4_control/hook/ament_prefix_path.sh'
[0.138s] INFO:colcon.colcon_core.shell:Skip shell extension 'powershell' for command environment: Not usable outside of PowerShell
[0.138s] DEBUG:colcon.colcon_core.shell:Skip shell extension 'dsv' for command environment
[0.140s] INFO:colcon.colcon_ros.task.ament_cmake.build:Building ROS package in '/home/chenhuixu/PX4_ros2/ros2_ws/src/service_interface' with build type 'ament_cmake'
[0.140s] INFO:colcon.colcon_cmake.task.cmake.build:Building CMake package in '/home/chenhuixu/PX4_ros2/ros2_ws/src/service_interface'
[0.140s] INFO:colcon.colcon_core.shell:Skip shell extension 'powershell' for command environment: Not usable outside of PowerShell
[0.140s] DEBUG:colcon.colcon_core.shell:Skip shell extension 'dsv' for command environment
[0.265s] INFO:colcon.colcon_core.task.python.build:Building Python package in '/home/chenhuixu/PX4_ros2/ros2_ws/src/px4_control'
[0.266s] INFO:colcon.colcon_core.shell:Skip shell extension 'powershell' for command environment: Not usable outside of PowerShell
[0.266s] DEBUG:colcon.colcon_core.shell:Skip shell extension 'dsv' for command environment
[0.271s] DEBUG:colcon.colcon_core.event_handler.log_command:Invoking command in '/home/chenhuixu/PX4_ros2/ros2_ws/src/build/service_interface': CMAKE_PREFIX_PATH=${CMAKE_PREFIX_PATH}:/home/chenhuixu/PX4_ros2/ros2_ws/src/install/px4_control:/opt/ros/jazzy DEBUGINFOD_URLS=https://debuginfod.ubuntu.com /usr/bin/cmake --build /home/chenhuixu/PX4_ros2/ros2_ws/src/build/service_interface -- -j16 -l16
[0.605s] DEBUG:colcon.colcon_core.event_handler.log_command:Invoking command in '/home/chenhuixu/PX4_ros2/ros2_ws/src/px4_control': DEBUGINFOD_URLS=https://debuginfod.ubuntu.com PYTHONPATH=/home/chenhuixu/PX4_ros2/ros2_ws/src/build/px4_control/prefix_override:/usr/lib/python3/dist-packages/colcon_core/task/python/colcon_distutils_commands:/home/chenhuixu/PX4_ros2/ros2_ws/src/install/px4_control/lib/python3.12/site-packages:${PYTHONPATH} /usr/bin/python3 -W ignore:setup.py install is deprecated -W ignore:easy_install command is deprecated setup.py egg_info --egg-base ../build/px4_control build --build-base /home/chenhuixu/PX4_ros2/ros2_ws/src/build/px4_control/build install --record /home/chenhuixu/PX4_ros2/ros2_ws/src/build/px4_control/install.log --single-version-externally-managed install_data
[0.930s] Level 1:colcon.colcon_core.environment:checking '/home/chenhuixu/PX4_ros2/ros2_ws/src/install/px4_control' for CMake module files
[0.930s] Level 1:colcon.colcon_core.environment:checking '/home/chenhuixu/PX4_ros2/ros2_ws/src/install/px4_control' for CMake config files
[0.931s] Level 1:colcon.colcon_core.environment:checking '/home/chenhuixu/PX4_ros2/ros2_ws/src/install/px4_control/lib'
[0.931s] Level 1:colcon.colcon_core.environment:checking '/home/chenhuixu/PX4_ros2/ros2_ws/src/install/px4_control/bin'
[0.931s] Level 1:colcon.colcon_core.environment:checking '/home/chenhuixu/PX4_ros2/ros2_ws/src/install/px4_control/lib/pkgconfig/px4_control.pc'
[0.931s] Level 1:colcon.colcon_core.environment:checking '/home/chenhuixu/PX4_ros2/ros2_ws/src/install/px4_control/lib/python3.12/site-packages'
[0.932s] Level 1:colcon.colcon_core.shell:create_environment_hook('px4_control', 'pythonpath')
[0.932s] INFO:colcon.colcon_core.shell:Creating environment hook '/home/chenhuixu/PX4_ros2/ros2_ws/src/install/px4_control/share/px4_control/hook/pythonpath.ps1'
[0.932s] DEBUG:colcon.colcon_core.event_handler.log_command:Invoked command in '/home/chenhuixu/PX4_ros2/ros2_ws/src/px4_control' returned '0': DEBUGINFOD_URLS=https://debuginfod.ubuntu.com PYTHONPATH=/home/chenhuixu/PX4_ros2/ros2_ws/src/build/px4_control/prefix_override:/usr/lib/python3/dist-packages/colcon_core/task/python/colcon_distutils_commands:/home/chenhuixu/PX4_ros2/ros2_ws/src/install/px4_control/lib/python3.12/site-packages:${PYTHONPATH} /usr/bin/python3 -W ignore:setup.py install is deprecated -W ignore:easy_install command is deprecated setup.py egg_info --egg-base ../build/px4_control build --build-base /home/chenhuixu/PX4_ros2/ros2_ws/src/build/px4_control/build install --record /home/chenhuixu/PX4_ros2/ros2_ws/src/build/px4_control/install.log --single-version-externally-managed install_data
[0.933s] INFO:colcon.colcon_core.shell:Creating environment descriptor '/home/chenhuixu/PX4_ros2/ros2_ws/src/install/px4_control/share/px4_control/hook/pythonpath.dsv'
[0.933s] INFO:colcon.colcon_core.shell:Creating environment hook '/home/chenhuixu/PX4_ros2/ros2_ws/src/install/px4_control/share/px4_control/hook/pythonpath.sh'
[0.933s] Level 1:colcon.colcon_core.environment:checking '/home/chenhuixu/PX4_ros2/ros2_ws/src/install/px4_control/bin'
[0.933s] Level 1:colcon.colcon_core.environment:create_environment_scripts_only(px4_control)
[0.933s] INFO:colcon.colcon_core.shell:Creating package script '/home/chenhuixu/PX4_ros2/ros2_ws/src/install/px4_control/share/px4_control/package.ps1'
[0.934s] INFO:colcon.colcon_core.shell:Creating package descriptor '/home/chenhuixu/PX4_ros2/ros2_ws/src/install/px4_control/share/px4_control/package.dsv'
[0.934s] INFO:colcon.colcon_core.shell:Creating package script '/home/chenhuixu/PX4_ros2/ros2_ws/src/install/px4_control/share/px4_control/package.sh'
[0.935s] INFO:colcon.colcon_core.shell:Creating package script '/home/chenhuixu/PX4_ros2/ros2_ws/src/install/px4_control/share/px4_control/package.bash'
[0.935s] INFO:colcon.colcon_core.shell:Creating package script '/home/chenhuixu/PX4_ros2/ros2_ws/src/install/px4_control/share/px4_control/package.zsh'
[0.936s] Level 1:colcon.colcon_core.environment:create_file_with_runtime_dependencies(/home/chenhuixu/PX4_ros2/ros2_ws/src/install/px4_control/share/colcon-core/packages/px4_control)
[3.155s] DEBUG:colcon.colcon_core.event_handler.log_command:Invoked command in '/home/chenhuixu/PX4_ros2/ros2_ws/src/build/service_interface' returned '0': CMAKE_PREFIX_PATH=${CMAKE_PREFIX_PATH}:/home/chenhuixu/PX4_ros2/ros2_ws/src/install/px4_control:/opt/ros/jazzy DEBUGINFOD_URLS=https://debuginfod.ubuntu.com /usr/bin/cmake --build /home/chenhuixu/PX4_ros2/ros2_ws/src/build/service_interface -- -j16 -l16
[3.164s] DEBUG:colcon.colcon_core.event_handler.log_command:Invoking command in '/home/chenhuixu/PX4_ros2/ros2_ws/src/build/service_interface': CMAKE_PREFIX_PATH=${CMAKE_PREFIX_PATH}:/home/chenhuixu/PX4_ros2/ros2_ws/src/install/px4_control:/opt/ros/jazzy DEBUGINFOD_URLS=https://debuginfod.ubuntu.com /usr/bin/cmake --install /home/chenhuixu/PX4_ros2/ros2_ws/src/build/service_interface
[3.227s] Level 1:colcon.colcon_core.environment:create_environment_scripts_only(service_interface)
[3.227s] Level 1:colcon.colcon_core.environment:checking '/home/chenhuixu/PX4_ros2/ros2_ws/src/install/service_interface' for CMake module files
[3.228s] DEBUG:colcon.colcon_core.event_handler.log_command:Invoked command in '/home/chenhuixu/PX4_ros2/ros2_ws/src/build/service_interface' returned '0': CMAKE_PREFIX_PATH=${CMAKE_PREFIX_PATH}:/home/chenhuixu/PX4_ros2/ros2_ws/src/install/px4_control:/opt/ros/jazzy DEBUGINFOD_URLS=https://debuginfod.ubuntu.com /usr/bin/cmake --install /home/chenhuixu/PX4_ros2/ros2_ws/src/build/service_interface
[3.228s] Level 1:colcon.colcon_core.environment:checking '/home/chenhuixu/PX4_ros2/ros2_ws/src/install/service_interface' for CMake config files
[3.228s] Level 1:colcon.colcon_core.shell:create_environment_hook('service_interface', 'cmake_prefix_path')
[3.229s] INFO:colcon.colcon_core.shell:Creating environment hook '/home/chenhuixu/PX4_ros2/ros2_ws/src/install/service_interface/share/service_interface/hook/cmake_prefix_path.ps1'
[3.229s] INFO:colcon.colcon_core.shell:Creating environment descriptor '/home/chenhuixu/PX4_ros2/ros2_ws/src/install/service_interface/share/service_interface/hook/cmake_prefix_path.dsv'
[3.229s] INFO:colcon.colcon_core.shell:Creating environment hook '/home/chenhuixu/PX4_ros2/ros2_ws/src/install/service_interface/share/service_interface/hook/cmake_prefix_path.sh'
[3.229s] Level 1:colcon.colcon_core.environment:checking '/home/chenhuixu/PX4_ros2/ros2_ws/src/install/service_interface/lib'
[3.229s] Level 1:colcon.colcon_core.shell:create_environment_hook('service_interface', 'ld_library_path_lib')
[3.229s] INFO:colcon.colcon_core.shell:Creating environment hook '/home/chenhuixu/PX4_ros2/ros2_ws/src/install/service_interface/share/service_interface/hook/ld_library_path_lib.ps1'
[3.230s] INFO:colcon.colcon_core.shell:Creating environment descriptor '/home/chenhuixu/PX4_ros2/ros2_ws/src/install/service_interface/share/service_interface/hook/ld_library_path_lib.dsv'
[3.230s] INFO:colcon.colcon_core.shell:Creating environment hook '/home/chenhuixu/PX4_ros2/ros2_ws/src/install/service_interface/share/service_interface/hook/ld_library_path_lib.sh'
[3.230s] Level 1:colcon.colcon_core.environment:checking '/home/chenhuixu/PX4_ros2/ros2_ws/src/install/service_interface/bin'
[3.230s] Level 1:colcon.colcon_core.environment:checking '/home/chenhuixu/PX4_ros2/ros2_ws/src/install/service_interface/lib/pkgconfig/service_interface.pc'
[3.230s] Level 1:colcon.colcon_core.environment:checking '/home/chenhuixu/PX4_ros2/ros2_ws/src/install/service_interface/lib/python3.12/site-packages'
[3.230s] Level 1:colcon.colcon_core.shell:create_environment_hook('service_interface', 'pythonpath')
[3.230s] INFO:colcon.colcon_core.shell:Creating environment hook '/home/chenhuixu/PX4_ros2/ros2_ws/src/install/service_interface/share/service_interface/hook/pythonpath.ps1'
[3.231s] INFO:colcon.colcon_core.shell:Creating environment descriptor '/home/chenhuixu/PX4_ros2/ros2_ws/src/install/service_interface/share/service_interface/hook/pythonpath.dsv'
[3.231s] INFO:colcon.colcon_core.shell:Creating environment hook '/home/chenhuixu/PX4_ros2/ros2_ws/src/install/service_interface/share/service_interface/hook/pythonpath.sh'
[3.231s] Level 1:colcon.colcon_core.environment:checking '/home/chenhuixu/PX4_ros2/ros2_ws/src/install/service_interface/bin'
[3.231s] INFO:colcon.colcon_core.shell:Creating package script '/home/chenhuixu/PX4_ros2/ros2_ws/src/install/service_interface/share/service_interface/package.ps1'
[3.231s] INFO:colcon.colcon_core.shell:Creating package descriptor '/home/chenhuixu/PX4_ros2/ros2_ws/src/install/service_interface/share/service_interface/package.dsv'
[3.232s] INFO:colcon.colcon_core.shell:Creating package script '/home/chenhuixu/PX4_ros2/ros2_ws/src/install/service_interface/share/service_interface/package.sh'
[3.232s] INFO:colcon.colcon_core.shell:Creating package script '/home/chenhuixu/PX4_ros2/ros2_ws/src/install/service_interface/share/service_interface/package.bash'
[3.232s] INFO:colcon.colcon_core.shell:Creating package script '/home/chenhuixu/PX4_ros2/ros2_ws/src/install/service_interface/share/service_interface/package.zsh'
[3.232s] Level 1:colcon.colcon_core.environment:create_file_with_runtime_dependencies(/home/chenhuixu/PX4_ros2/ros2_ws/src/install/service_interface/share/colcon-core/packages/service_interface)
[3.233s] Level 1:colcon.colcon_core.environment:create_environment_scripts_only(service_interface)
[3.233s] Level 1:colcon.colcon_core.environment:checking '/home/chenhuixu/PX4_ros2/ros2_ws/src/install/service_interface' for CMake module files
[3.233s] Level 1:colcon.colcon_core.environment:checking '/home/chenhuixu/PX4_ros2/ros2_ws/src/install/service_interface' for CMake config files
[3.233s] Level 1:colcon.colcon_core.shell:create_environment_hook('service_interface', 'cmake_prefix_path')
[3.233s] INFO:colcon.colcon_core.shell:Creating environment hook '/home/chenhuixu/PX4_ros2/ros2_ws/src/install/service_interface/share/service_interface/hook/cmake_prefix_path.ps1'
[3.233s] INFO:colcon.colcon_core.shell:Creating environment descriptor '/home/chenhuixu/PX4_ros2/ros2_ws/src/install/service_interface/share/service_interface/hook/cmake_prefix_path.dsv'
[3.234s] INFO:colcon.colcon_core.shell:Creating environment hook '/home/chenhuixu/PX4_ros2/ros2_ws/src/install/service_interface/share/service_interface/hook/cmake_prefix_path.sh'
[3.234s] Level 1:colcon.colcon_core.environment:checking '/home/chenhuixu/PX4_ros2/ros2_ws/src/install/service_interface/lib'
[3.234s] Level 1:colcon.colcon_core.shell:create_environment_hook('service_interface', 'ld_library_path_lib')
[3.234s] INFO:colcon.colcon_core.shell:Creating environment hook '/home/chenhuixu/PX4_ros2/ros2_ws/src/install/service_interface/share/service_interface/hook/ld_library_path_lib.ps1'
[3.234s] INFO:colcon.colcon_core.shell:Creating environment descriptor '/home/chenhuixu/PX4_ros2/ros2_ws/src/install/service_interface/share/service_interface/hook/ld_library_path_lib.dsv'
[3.234s] INFO:colcon.colcon_core.shell:Creating environment hook '/home/chenhuixu/PX4_ros2/ros2_ws/src/install/service_interface/share/service_interface/hook/ld_library_path_lib.sh'
[3.234s] Level 1:colcon.colcon_core.environment:checking '/home/chenhuixu/PX4_ros2/ros2_ws/src/install/service_interface/bin'
[3.234s] Level 1:colcon.colcon_core.environment:checking '/home/chenhuixu/PX4_ros2/ros2_ws/src/install/service_interface/lib/pkgconfig/service_interface.pc'
[3.235s] Level 1:colcon.colcon_core.environment:checking '/home/chenhuixu/PX4_ros2/ros2_ws/src/install/service_interface/lib/python3.12/site-packages'
[3.235s] Level 1:colcon.colcon_core.shell:create_environment_hook('service_interface', 'pythonpath')
[3.235s] INFO:colcon.colcon_core.shell:Creating environment hook '/home/chenhuixu/PX4_ros2/ros2_ws/src/install/service_interface/share/service_interface/hook/pythonpath.ps1'
[3.235s] INFO:colcon.colcon_core.shell:Creating environment descriptor '/home/chenhuixu/PX4_ros2/ros2_ws/src/install/service_interface/share/service_interface/hook/pythonpath.dsv'
[3.235s] INFO:colcon.colcon_core.shell:Creating environment hook '/home/chenhuixu/PX4_ros2/ros2_ws/src/install/service_interface/share/service_interface/hook/pythonpath.sh'
[3.235s] Level 1:colcon.colcon_core.environment:checking '/home/chenhuixu/PX4_ros2/ros2_ws/src/install/service_interface/bin'
[3.235s] INFO:colcon.colcon_core.shell:Creating package script '/home/chenhuixu/PX4_ros2/ros2_ws/src/install/service_interface/share/service_interface/package.ps1'
[3.236s] INFO:colcon.colcon_core.shell:Creating package descriptor '/home/chenhuixu/PX4_ros2/ros2_ws/src/install/service_interface/share/service_interface/package.dsv'
[3.236s] INFO:colcon.colcon_core.shell:Creating package script '/home/chenhuixu/PX4_ros2/ros2_ws/src/install/service_interface/share/service_interface/package.sh'
[3.236s] INFO:colcon.colcon_core.shell:Creating package script '/home/chenhuixu/PX4_ros2/ros2_ws/src/install/service_interface/share/service_interface/package.bash'
[3.236s] INFO:colcon.colcon_core.shell:Creating package script '/home/chenhuixu/PX4_ros2/ros2_ws/src/install/service_interface/share/service_interface/package.zsh'
[3.237s] Level 1:colcon.colcon_core.environment:create_file_with_runtime_dependencies(/home/chenhuixu/PX4_ros2/ros2_ws/src/install/service_interface/share/colcon-core/packages/service_interface)
[3.237s] DEBUG:colcon.colcon_parallel_executor.executor.parallel:closing loop
[3.237s] DEBUG:colcon.colcon_parallel_executor.executor.parallel:loop closed
[3.237s] DEBUG:colcon.colcon_parallel_executor.executor.parallel:run_until_complete finished with '0'
[3.237s] DEBUG:colcon.colcon_core.event_reactor:joining thread
[3.241s] INFO:colcon.colcon_core.plugin_system:Skipping extension 'colcon_notification.desktop_notification.terminal_notifier': Not used on non-Darwin systems
[3.241s] INFO:colcon.colcon_core.plugin_system:Skipping extension 'colcon_notification.desktop_notification.win32': Not used on non-Windows systems
[3.241s] INFO:colcon.colcon_notification.desktop_notification:Sending desktop notification using 'notify2'
[3.253s] DEBUG:colcon.colcon_core.event_reactor:joined thread
[3.253s] INFO:colcon.colcon_core.shell:Creating prefix script '/home/chenhuixu/PX4_ros2/ros2_ws/src/install/local_setup.ps1'
[3.254s] INFO:colcon.colcon_core.shell:Creating prefix util module '/home/chenhuixu/PX4_ros2/ros2_ws/src/install/_local_setup_util_ps1.py'
[3.255s] INFO:colcon.colcon_core.shell:Creating prefix chain script '/home/chenhuixu/PX4_ros2/ros2_ws/src/install/setup.ps1'
[3.255s] INFO:colcon.colcon_core.shell:Creating prefix script '/home/chenhuixu/PX4_ros2/ros2_ws/src/install/local_setup.sh'
[3.256s] INFO:colcon.colcon_core.shell:Creating prefix util module '/home/chenhuixu/PX4_ros2/ros2_ws/src/install/_local_setup_util_sh.py'
[3.256s] INFO:colcon.colcon_core.shell:Creating prefix chain script '/home/chenhuixu/PX4_ros2/ros2_ws/src/install/setup.sh'
[3.257s] INFO:colcon.colcon_core.shell:Creating prefix script '/home/chenhuixu/PX4_ros2/ros2_ws/src/install/local_setup.bash'
[3.257s] INFO:colcon.colcon_core.shell:Creating prefix chain script '/home/chenhuixu/PX4_ros2/ros2_ws/src/install/setup.bash'
[3.258s] INFO:colcon.colcon_core.shell:Creating prefix script '/home/chenhuixu/PX4_ros2/ros2_ws/src/install/local_setup.zsh'
[3.258s] INFO:colcon.colcon_core.shell:Creating prefix chain script '/home/chenhuixu/PX4_ros2/ros2_ws/src/install/setup.zsh'
