[  1%] Built target service_interface__rosidl_generator_type_description
[  1%] Built target ament_cmake_python_copy_service_interface
[  3%] Built target service_interface__cpp
[ 24%] Built target service_interface__rosidl_generator_c
[ 79%] Built target service_interface__rosidl_typesupport_fastrtps_c
[ 79%] Built target service_interface__rosidl_typesupport_introspection_cpp
[ 79%] Built target service_interface__rosidl_typesupport_fastrtps_cpp
[ 79%] Built target service_interface__rosidl_typesupport_introspection_c
[ 79%] Built target service_interface__rosidl_typesupport_cpp
[ 79%] Built target service_interface__rosidl_typesupport_c
[ 79%] Built target service_interface
[ 81%] Built target service_interface__py
[ 88%] Built target service_interface__rosidl_generator_py
[ 96%] Built target service_interface_s__rosidl_typesupport_introspection_c
[ 96%] Built target service_interface_s__rosidl_typesupport_c
[100%] Built target service_interface_s__rosidl_typesupport_fastrtps_c
running egg_info
writing service_interface.egg-info/PKG-INFO
writing dependency_links to service_interface.egg-info/dependency_links.txt
writing top-level names to service_interface.egg-info/top_level.txt
reading manifest file 'service_interface.egg-info/SOURCES.txt'
writing manifest file 'service_interface.egg-info/SOURCES.txt'
[100%] Built target ament_cmake_python_build_service_interface_egg
-- Install configuration: ""
-- Up-to-date: /home/chenhuixu/PX4_ros2/ros2_ws/src/install/service_interface/share/ament_index/resource_index/rosidl_interfaces/service_interface
-- Up-to-date: /home/chenhuixu/PX4_ros2/ros2_ws/src/install/service_interface/share/service_interface/srv/Takeoff.json
-- Up-to-date: /home/chenhuixu/PX4_ros2/ros2_ws/src/install/service_interface/share/service_interface/srv/Land.json
-- Up-to-date: /home/chenhuixu/PX4_ros2/ros2_ws/src/install/service_interface/share/service_interface/srv/Move.json
-- Up-to-date: /home/chenhuixu/PX4_ros2/ros2_ws/src/install/service_interface/include/service_interface/service_interface
-- Up-to-date: /home/chenhuixu/PX4_ros2/ros2_ws/src/install/service_interface/include/service_interface/service_interface/msg
-- Up-to-date: /home/chenhuixu/PX4_ros2/ros2_ws/src/install/service_interface/include/service_interface/service_interface/msg/rosidl_generator_c__visibility_control.h
-- Up-to-date: /home/chenhuixu/PX4_ros2/ros2_ws/src/install/service_interface/include/service_interface/service_interface/srv
-- Up-to-date: /home/chenhuixu/PX4_ros2/ros2_ws/src/install/service_interface/include/service_interface/service_interface/srv/detail
-- Up-to-date: /home/chenhuixu/PX4_ros2/ros2_ws/src/install/service_interface/include/service_interface/service_interface/srv/detail/land__type_support.c
-- Up-to-date: /home/chenhuixu/PX4_ros2/ros2_ws/src/install/service_interface/include/service_interface/service_interface/srv/detail/move__type_support.h
-- Up-to-date: /home/chenhuixu/PX4_ros2/ros2_ws/src/install/service_interface/include/service_interface/service_interface/srv/detail/takeoff__type_support.c
-- Up-to-date: /home/chenhuixu/PX4_ros2/ros2_ws/src/install/service_interface/include/service_interface/service_interface/srv/detail/takeoff__struct.h
-- Up-to-date: /home/chenhuixu/PX4_ros2/ros2_ws/src/install/service_interface/include/service_interface/service_interface/srv/detail/land__struct.h
-- Up-to-date: /home/chenhuixu/PX4_ros2/ros2_ws/src/install/service_interface/include/service_interface/service_interface/srv/detail/move__type_support.c
-- Up-to-date: /home/chenhuixu/PX4_ros2/ros2_ws/src/install/service_interface/include/service_interface/service_interface/srv/detail/land__type_support.h
-- Up-to-date: /home/chenhuixu/PX4_ros2/ros2_ws/src/install/service_interface/include/service_interface/service_interface/srv/detail/takeoff__functions.c
-- Up-to-date: /home/chenhuixu/PX4_ros2/ros2_ws/src/install/service_interface/include/service_interface/service_interface/srv/detail/land__description.c
-- Up-to-date: /home/chenhuixu/PX4_ros2/ros2_ws/src/install/service_interface/include/service_interface/service_interface/srv/detail/land__functions.h
-- Up-to-date: /home/chenhuixu/PX4_ros2/ros2_ws/src/install/service_interface/include/service_interface/service_interface/srv/detail/takeoff__type_support.h
-- Up-to-date: /home/chenhuixu/PX4_ros2/ros2_ws/src/install/service_interface/include/service_interface/service_interface/srv/detail/move__struct.h
-- Up-to-date: /home/chenhuixu/PX4_ros2/ros2_ws/src/install/service_interface/include/service_interface/service_interface/srv/detail/takeoff__functions.h
-- Up-to-date: /home/chenhuixu/PX4_ros2/ros2_ws/src/install/service_interface/include/service_interface/service_interface/srv/detail/takeoff__description.c
-- Up-to-date: /home/chenhuixu/PX4_ros2/ros2_ws/src/install/service_interface/include/service_interface/service_interface/srv/detail/move__functions.h
-- Up-to-date: /home/chenhuixu/PX4_ros2/ros2_ws/src/install/service_interface/include/service_interface/service_interface/srv/detail/move__description.c
-- Up-to-date: /home/chenhuixu/PX4_ros2/ros2_ws/src/install/service_interface/include/service_interface/service_interface/srv/detail/move__functions.c
-- Up-to-date: /home/chenhuixu/PX4_ros2/ros2_ws/src/install/service_interface/include/service_interface/service_interface/srv/detail/land__functions.c
-- Up-to-date: /home/chenhuixu/PX4_ros2/ros2_ws/src/install/service_interface/include/service_interface/service_interface/srv/takeoff.h
-- Up-to-date: /home/chenhuixu/PX4_ros2/ros2_ws/src/install/service_interface/include/service_interface/service_interface/srv/move.h
-- Up-to-date: /home/chenhuixu/PX4_ros2/ros2_ws/src/install/service_interface/include/service_interface/service_interface/srv/land.h
-- Up-to-date: /home/chenhuixu/PX4_ros2/ros2_ws/src/install/service_interface/share/service_interface/environment/library_path.sh
-- Up-to-date: /home/chenhuixu/PX4_ros2/ros2_ws/src/install/service_interface/share/service_interface/environment/library_path.dsv
-- Up-to-date: /home/chenhuixu/PX4_ros2/ros2_ws/src/install/service_interface/lib/libservice_interface__rosidl_generator_c.so
-- Up-to-date: /home/chenhuixu/PX4_ros2/ros2_ws/src/install/service_interface/include/service_interface/service_interface
-- Up-to-date: /home/chenhuixu/PX4_ros2/ros2_ws/src/install/service_interface/include/service_interface/service_interface/msg
-- Up-to-date: /home/chenhuixu/PX4_ros2/ros2_ws/src/install/service_interface/include/service_interface/service_interface/msg/rosidl_typesupport_fastrtps_c__visibility_control.h
-- Up-to-date: /home/chenhuixu/PX4_ros2/ros2_ws/src/install/service_interface/include/service_interface/service_interface/srv
-- Up-to-date: /home/chenhuixu/PX4_ros2/ros2_ws/src/install/service_interface/include/service_interface/service_interface/srv/detail
-- Up-to-date: /home/chenhuixu/PX4_ros2/ros2_ws/src/install/service_interface/include/service_interface/service_interface/srv/detail/takeoff__rosidl_typesupport_fastrtps_c.h
-- Up-to-date: /home/chenhuixu/PX4_ros2/ros2_ws/src/install/service_interface/include/service_interface/service_interface/srv/detail/land__rosidl_typesupport_fastrtps_c.h
-- Up-to-date: /home/chenhuixu/PX4_ros2/ros2_ws/src/install/service_interface/include/service_interface/service_interface/srv/detail/move__rosidl_typesupport_fastrtps_c.h
-- Up-to-date: /home/chenhuixu/PX4_ros2/ros2_ws/src/install/service_interface/lib/libservice_interface__rosidl_typesupport_fastrtps_c.so
-- Up-to-date: /home/chenhuixu/PX4_ros2/ros2_ws/src/install/service_interface/include/service_interface/service_interface
-- Up-to-date: /home/chenhuixu/PX4_ros2/ros2_ws/src/install/service_interface/include/service_interface/service_interface/msg
-- Up-to-date: /home/chenhuixu/PX4_ros2/ros2_ws/src/install/service_interface/include/service_interface/service_interface/msg/rosidl_typesupport_introspection_c__visibility_control.h
-- Up-to-date: /home/chenhuixu/PX4_ros2/ros2_ws/src/install/service_interface/include/service_interface/service_interface/srv
-- Up-to-date: /home/chenhuixu/PX4_ros2/ros2_ws/src/install/service_interface/include/service_interface/service_interface/srv/detail
-- Up-to-date: /home/chenhuixu/PX4_ros2/ros2_ws/src/install/service_interface/include/service_interface/service_interface/srv/detail/land__type_support.c
-- Up-to-date: /home/chenhuixu/PX4_ros2/ros2_ws/src/install/service_interface/include/service_interface/service_interface/srv/detail/takeoff__type_support.c
-- Up-to-date: /home/chenhuixu/PX4_ros2/ros2_ws/src/install/service_interface/include/service_interface/service_interface/srv/detail/move__type_support.c
-- Up-to-date: /home/chenhuixu/PX4_ros2/ros2_ws/src/install/service_interface/include/service_interface/service_interface/srv/detail/takeoff__rosidl_typesupport_introspection_c.h
-- Up-to-date: /home/chenhuixu/PX4_ros2/ros2_ws/src/install/service_interface/include/service_interface/service_interface/srv/detail/land__rosidl_typesupport_introspection_c.h
-- Up-to-date: /home/chenhuixu/PX4_ros2/ros2_ws/src/install/service_interface/include/service_interface/service_interface/srv/detail/move__rosidl_typesupport_introspection_c.h
-- Up-to-date: /home/chenhuixu/PX4_ros2/ros2_ws/src/install/service_interface/lib/libservice_interface__rosidl_typesupport_introspection_c.so
-- Up-to-date: /home/chenhuixu/PX4_ros2/ros2_ws/src/install/service_interface/lib/libservice_interface__rosidl_typesupport_c.so
-- Up-to-date: /home/chenhuixu/PX4_ros2/ros2_ws/src/install/service_interface/include/service_interface/service_interface
-- Up-to-date: /home/chenhuixu/PX4_ros2/ros2_ws/src/install/service_interface/include/service_interface/service_interface/msg
-- Up-to-date: /home/chenhuixu/PX4_ros2/ros2_ws/src/install/service_interface/include/service_interface/service_interface/msg/rosidl_generator_cpp__visibility_control.hpp
-- Up-to-date: /home/chenhuixu/PX4_ros2/ros2_ws/src/install/service_interface/include/service_interface/service_interface/srv
-- Up-to-date: /home/chenhuixu/PX4_ros2/ros2_ws/src/install/service_interface/include/service_interface/service_interface/srv/move.hpp
-- Up-to-date: /home/chenhuixu/PX4_ros2/ros2_ws/src/install/service_interface/include/service_interface/service_interface/srv/land.hpp
-- Up-to-date: /home/chenhuixu/PX4_ros2/ros2_ws/src/install/service_interface/include/service_interface/service_interface/srv/detail
-- Up-to-date: /home/chenhuixu/PX4_ros2/ros2_ws/src/install/service_interface/include/service_interface/service_interface/srv/detail/move__builder.hpp
-- Up-to-date: /home/chenhuixu/PX4_ros2/ros2_ws/src/install/service_interface/include/service_interface/service_interface/srv/detail/takeoff__builder.hpp
-- Up-to-date: /home/chenhuixu/PX4_ros2/ros2_ws/src/install/service_interface/include/service_interface/service_interface/srv/detail/land__builder.hpp
-- Up-to-date: /home/chenhuixu/PX4_ros2/ros2_ws/src/install/service_interface/include/service_interface/service_interface/srv/detail/land__struct.hpp
-- Up-to-date: /home/chenhuixu/PX4_ros2/ros2_ws/src/install/service_interface/include/service_interface/service_interface/srv/detail/land__type_support.hpp
-- Up-to-date: /home/chenhuixu/PX4_ros2/ros2_ws/src/install/service_interface/include/service_interface/service_interface/srv/detail/move__type_support.hpp
-- Up-to-date: /home/chenhuixu/PX4_ros2/ros2_ws/src/install/service_interface/include/service_interface/service_interface/srv/detail/takeoff__traits.hpp
-- Up-to-date: /home/chenhuixu/PX4_ros2/ros2_ws/src/install/service_interface/include/service_interface/service_interface/srv/detail/takeoff__struct.hpp
-- Up-to-date: /home/chenhuixu/PX4_ros2/ros2_ws/src/install/service_interface/include/service_interface/service_interface/srv/detail/land__traits.hpp
-- Up-to-date: /home/chenhuixu/PX4_ros2/ros2_ws/src/install/service_interface/include/service_interface/service_interface/srv/detail/move__traits.hpp
-- Up-to-date: /home/chenhuixu/PX4_ros2/ros2_ws/src/install/service_interface/include/service_interface/service_interface/srv/detail/move__struct.hpp
-- Up-to-date: /home/chenhuixu/PX4_ros2/ros2_ws/src/install/service_interface/include/service_interface/service_interface/srv/detail/takeoff__type_support.hpp
-- Up-to-date: /home/chenhuixu/PX4_ros2/ros2_ws/src/install/service_interface/include/service_interface/service_interface/srv/takeoff.hpp
-- Up-to-date: /home/chenhuixu/PX4_ros2/ros2_ws/src/install/service_interface/include/service_interface/service_interface
-- Up-to-date: /home/chenhuixu/PX4_ros2/ros2_ws/src/install/service_interface/include/service_interface/service_interface/msg
-- Up-to-date: /home/chenhuixu/PX4_ros2/ros2_ws/src/install/service_interface/include/service_interface/service_interface/msg/rosidl_typesupport_fastrtps_cpp__visibility_control.h
-- Up-to-date: /home/chenhuixu/PX4_ros2/ros2_ws/src/install/service_interface/include/service_interface/service_interface/srv
-- Up-to-date: /home/chenhuixu/PX4_ros2/ros2_ws/src/install/service_interface/include/service_interface/service_interface/srv/detail
-- Up-to-date: /home/chenhuixu/PX4_ros2/ros2_ws/src/install/service_interface/include/service_interface/service_interface/srv/detail/move__rosidl_typesupport_fastrtps_cpp.hpp
-- Up-to-date: /home/chenhuixu/PX4_ros2/ros2_ws/src/install/service_interface/include/service_interface/service_interface/srv/detail/land__rosidl_typesupport_fastrtps_cpp.hpp
-- Up-to-date: /home/chenhuixu/PX4_ros2/ros2_ws/src/install/service_interface/include/service_interface/service_interface/srv/detail/dds_fastrtps
-- Up-to-date: /home/chenhuixu/PX4_ros2/ros2_ws/src/install/service_interface/include/service_interface/service_interface/srv/detail/takeoff__rosidl_typesupport_fastrtps_cpp.hpp
-- Up-to-date: /home/chenhuixu/PX4_ros2/ros2_ws/src/install/service_interface/lib/libservice_interface__rosidl_typesupport_fastrtps_cpp.so
-- Up-to-date: /home/chenhuixu/PX4_ros2/ros2_ws/src/install/service_interface/include/service_interface/service_interface
-- Up-to-date: /home/chenhuixu/PX4_ros2/ros2_ws/src/install/service_interface/include/service_interface/service_interface/srv
-- Up-to-date: /home/chenhuixu/PX4_ros2/ros2_ws/src/install/service_interface/include/service_interface/service_interface/srv/detail
-- Up-to-date: /home/chenhuixu/PX4_ros2/ros2_ws/src/install/service_interface/include/service_interface/service_interface/srv/detail/move__type_support.cpp
-- Up-to-date: /home/chenhuixu/PX4_ros2/ros2_ws/src/install/service_interface/include/service_interface/service_interface/srv/detail/move__rosidl_typesupport_introspection_cpp.hpp
-- Up-to-date: /home/chenhuixu/PX4_ros2/ros2_ws/src/install/service_interface/include/service_interface/service_interface/srv/detail/land__type_support.cpp
-- Up-to-date: /home/chenhuixu/PX4_ros2/ros2_ws/src/install/service_interface/include/service_interface/service_interface/srv/detail/takeoff__type_support.cpp
-- Up-to-date: /home/chenhuixu/PX4_ros2/ros2_ws/src/install/service_interface/include/service_interface/service_interface/srv/detail/land__rosidl_typesupport_introspection_cpp.hpp
-- Up-to-date: /home/chenhuixu/PX4_ros2/ros2_ws/src/install/service_interface/include/service_interface/service_interface/srv/detail/takeoff__rosidl_typesupport_introspection_cpp.hpp
-- Up-to-date: /home/chenhuixu/PX4_ros2/ros2_ws/src/install/service_interface/lib/libservice_interface__rosidl_typesupport_introspection_cpp.so
-- Up-to-date: /home/chenhuixu/PX4_ros2/ros2_ws/src/install/service_interface/lib/libservice_interface__rosidl_typesupport_cpp.so
-- Up-to-date: /home/chenhuixu/PX4_ros2/ros2_ws/src/install/service_interface/share/service_interface/environment/pythonpath.sh
-- Up-to-date: /home/chenhuixu/PX4_ros2/ros2_ws/src/install/service_interface/share/service_interface/environment/pythonpath.dsv
-- Up-to-date: /home/chenhuixu/PX4_ros2/ros2_ws/src/install/service_interface/lib/python3.12/site-packages/service_interface-0.0.0-py3.12.egg-info
-- Installing: /home/chenhuixu/PX4_ros2/ros2_ws/src/install/service_interface/lib/python3.12/site-packages/service_interface-0.0.0-py3.12.egg-info/top_level.txt
-- Installing: /home/chenhuixu/PX4_ros2/ros2_ws/src/install/service_interface/lib/python3.12/site-packages/service_interface-0.0.0-py3.12.egg-info/SOURCES.txt
-- Installing: /home/chenhuixu/PX4_ros2/ros2_ws/src/install/service_interface/lib/python3.12/site-packages/service_interface-0.0.0-py3.12.egg-info/dependency_links.txt
-- Installing: /home/chenhuixu/PX4_ros2/ros2_ws/src/install/service_interface/lib/python3.12/site-packages/service_interface-0.0.0-py3.12.egg-info/PKG-INFO
-- Up-to-date: /home/chenhuixu/PX4_ros2/ros2_ws/src/install/service_interface/lib/python3.12/site-packages/service_interface
-- Up-to-date: /home/chenhuixu/PX4_ros2/ros2_ws/src/install/service_interface/lib/python3.12/site-packages/service_interface/service_interface_s__rosidl_typesupport_introspection_c.so
-- Up-to-date: /home/chenhuixu/PX4_ros2/ros2_ws/src/install/service_interface/lib/python3.12/site-packages/service_interface/srv
-- Up-to-date: /home/chenhuixu/PX4_ros2/ros2_ws/src/install/service_interface/lib/python3.12/site-packages/service_interface/srv/_move_s.c
-- Up-to-date: /home/chenhuixu/PX4_ros2/ros2_ws/src/install/service_interface/lib/python3.12/site-packages/service_interface/srv/_move.py
-- Up-to-date: /home/chenhuixu/PX4_ros2/ros2_ws/src/install/service_interface/lib/python3.12/site-packages/service_interface/srv/_land.py
-- Up-to-date: /home/chenhuixu/PX4_ros2/ros2_ws/src/install/service_interface/lib/python3.12/site-packages/service_interface/srv/_land_s.c
-- Up-to-date: /home/chenhuixu/PX4_ros2/ros2_ws/src/install/service_interface/lib/python3.12/site-packages/service_interface/srv/_takeoff_s.c
-- Up-to-date: /home/chenhuixu/PX4_ros2/ros2_ws/src/install/service_interface/lib/python3.12/site-packages/service_interface/srv/__init__.py
-- Up-to-date: /home/chenhuixu/PX4_ros2/ros2_ws/src/install/service_interface/lib/python3.12/site-packages/service_interface/srv/_takeoff.py
-- Up-to-date: /home/chenhuixu/PX4_ros2/ros2_ws/src/install/service_interface/lib/python3.12/site-packages/service_interface/_service_interface_s.ep.rosidl_typesupport_fastrtps_c.c
-- Up-to-date: /home/chenhuixu/PX4_ros2/ros2_ws/src/install/service_interface/lib/python3.12/site-packages/service_interface/service_interface_s__rosidl_typesupport_fastrtps_c.so
-- Up-to-date: /home/chenhuixu/PX4_ros2/ros2_ws/src/install/service_interface/lib/python3.12/site-packages/service_interface/__init__.py
-- Up-to-date: /home/chenhuixu/PX4_ros2/ros2_ws/src/install/service_interface/lib/python3.12/site-packages/service_interface/_service_interface_s.ep.rosidl_typesupport_introspection_c.c
-- Up-to-date: /home/chenhuixu/PX4_ros2/ros2_ws/src/install/service_interface/lib/python3.12/site-packages/service_interface/service_interface_s__rosidl_typesupport_c.so
-- Up-to-date: /home/chenhuixu/PX4_ros2/ros2_ws/src/install/service_interface/lib/python3.12/site-packages/service_interface/_service_interface_s.ep.rosidl_typesupport_c.c
Listing '/home/chenhuixu/PX4_ros2/ros2_ws/src/install/service_interface/lib/python3.12/site-packages/service_interface'...
Listing '/home/chenhuixu/PX4_ros2/ros2_ws/src/install/service_interface/lib/python3.12/site-packages/service_interface/srv'...
-- Up-to-date: /home/chenhuixu/PX4_ros2/ros2_ws/src/install/service_interface/lib/python3.12/site-packages/service_interface/service_interface_s__rosidl_typesupport_fastrtps_c.so
-- Up-to-date: /home/chenhuixu/PX4_ros2/ros2_ws/src/install/service_interface/lib/python3.12/site-packages/service_interface/service_interface_s__rosidl_typesupport_introspection_c.so
-- Up-to-date: /home/chenhuixu/PX4_ros2/ros2_ws/src/install/service_interface/lib/python3.12/site-packages/service_interface/service_interface_s__rosidl_typesupport_c.so
-- Up-to-date: /home/chenhuixu/PX4_ros2/ros2_ws/src/install/service_interface/lib/libservice_interface__rosidl_generator_py.so
-- Up-to-date: /home/chenhuixu/PX4_ros2/ros2_ws/src/install/service_interface/share/service_interface/srv/Takeoff.idl
-- Up-to-date: /home/chenhuixu/PX4_ros2/ros2_ws/src/install/service_interface/share/service_interface/srv/Land.idl
-- Up-to-date: /home/chenhuixu/PX4_ros2/ros2_ws/src/install/service_interface/share/service_interface/srv/Move.idl
-- Up-to-date: /home/chenhuixu/PX4_ros2/ros2_ws/src/install/service_interface/share/service_interface/srv/Takeoff.srv
-- Up-to-date: /home/chenhuixu/PX4_ros2/ros2_ws/src/install/service_interface/share/service_interface/srv/Land.srv
-- Up-to-date: /home/chenhuixu/PX4_ros2/ros2_ws/src/install/service_interface/share/service_interface/srv/Move.srv
-- Up-to-date: /home/chenhuixu/PX4_ros2/ros2_ws/src/install/service_interface/share/ament_index/resource_index/package_run_dependencies/service_interface
-- Up-to-date: /home/chenhuixu/PX4_ros2/ros2_ws/src/install/service_interface/share/ament_index/resource_index/parent_prefix_path/service_interface
-- Up-to-date: /home/chenhuixu/PX4_ros2/ros2_ws/src/install/service_interface/share/service_interface/environment/ament_prefix_path.sh
-- Up-to-date: /home/chenhuixu/PX4_ros2/ros2_ws/src/install/service_interface/share/service_interface/environment/ament_prefix_path.dsv
-- Up-to-date: /home/chenhuixu/PX4_ros2/ros2_ws/src/install/service_interface/share/service_interface/environment/path.sh
-- Up-to-date: /home/chenhuixu/PX4_ros2/ros2_ws/src/install/service_interface/share/service_interface/environment/path.dsv
-- Up-to-date: /home/chenhuixu/PX4_ros2/ros2_ws/src/install/service_interface/share/service_interface/local_setup.bash
-- Up-to-date: /home/chenhuixu/PX4_ros2/ros2_ws/src/install/service_interface/share/service_interface/local_setup.sh
-- Up-to-date: /home/chenhuixu/PX4_ros2/ros2_ws/src/install/service_interface/share/service_interface/local_setup.zsh
-- Up-to-date: /home/chenhuixu/PX4_ros2/ros2_ws/src/install/service_interface/share/service_interface/local_setup.dsv
-- Installing: /home/chenhuixu/PX4_ros2/ros2_ws/src/install/service_interface/share/service_interface/package.dsv
-- Up-to-date: /home/chenhuixu/PX4_ros2/ros2_ws/src/install/service_interface/share/ament_index/resource_index/packages/service_interface
-- Up-to-date: /home/chenhuixu/PX4_ros2/ros2_ws/src/install/service_interface/share/service_interface/cmake/export_service_interface__rosidl_generator_cExport.cmake
-- Up-to-date: /home/chenhuixu/PX4_ros2/ros2_ws/src/install/service_interface/share/service_interface/cmake/export_service_interface__rosidl_generator_cExport-noconfig.cmake
-- Up-to-date: /home/chenhuixu/PX4_ros2/ros2_ws/src/install/service_interface/share/service_interface/cmake/export_service_interface__rosidl_typesupport_fastrtps_cExport.cmake
-- Up-to-date: /home/chenhuixu/PX4_ros2/ros2_ws/src/install/service_interface/share/service_interface/cmake/export_service_interface__rosidl_typesupport_fastrtps_cExport-noconfig.cmake
-- Up-to-date: /home/chenhuixu/PX4_ros2/ros2_ws/src/install/service_interface/share/service_interface/cmake/service_interface__rosidl_typesupport_introspection_cExport.cmake
-- Up-to-date: /home/chenhuixu/PX4_ros2/ros2_ws/src/install/service_interface/share/service_interface/cmake/service_interface__rosidl_typesupport_introspection_cExport-noconfig.cmake
-- Up-to-date: /home/chenhuixu/PX4_ros2/ros2_ws/src/install/service_interface/share/service_interface/cmake/service_interface__rosidl_typesupport_cExport.cmake
-- Up-to-date: /home/chenhuixu/PX4_ros2/ros2_ws/src/install/service_interface/share/service_interface/cmake/service_interface__rosidl_typesupport_cExport-noconfig.cmake
-- Up-to-date: /home/chenhuixu/PX4_ros2/ros2_ws/src/install/service_interface/share/service_interface/cmake/export_service_interface__rosidl_generator_cppExport.cmake
-- Up-to-date: /home/chenhuixu/PX4_ros2/ros2_ws/src/install/service_interface/share/service_interface/cmake/export_service_interface__rosidl_typesupport_fastrtps_cppExport.cmake
-- Up-to-date: /home/chenhuixu/PX4_ros2/ros2_ws/src/install/service_interface/share/service_interface/cmake/export_service_interface__rosidl_typesupport_fastrtps_cppExport-noconfig.cmake
-- Up-to-date: /home/chenhuixu/PX4_ros2/ros2_ws/src/install/service_interface/share/service_interface/cmake/service_interface__rosidl_typesupport_introspection_cppExport.cmake
-- Up-to-date: /home/chenhuixu/PX4_ros2/ros2_ws/src/install/service_interface/share/service_interface/cmake/service_interface__rosidl_typesupport_introspection_cppExport-noconfig.cmake
-- Up-to-date: /home/chenhuixu/PX4_ros2/ros2_ws/src/install/service_interface/share/service_interface/cmake/service_interface__rosidl_typesupport_cppExport.cmake
-- Up-to-date: /home/chenhuixu/PX4_ros2/ros2_ws/src/install/service_interface/share/service_interface/cmake/service_interface__rosidl_typesupport_cppExport-noconfig.cmake
-- Up-to-date: /home/chenhuixu/PX4_ros2/ros2_ws/src/install/service_interface/share/service_interface/cmake/export_service_interface__rosidl_generator_pyExport.cmake
-- Up-to-date: /home/chenhuixu/PX4_ros2/ros2_ws/src/install/service_interface/share/service_interface/cmake/export_service_interface__rosidl_generator_pyExport-noconfig.cmake
-- Up-to-date: /home/chenhuixu/PX4_ros2/ros2_ws/src/install/service_interface/share/service_interface/cmake/rosidl_cmake-extras.cmake
-- Up-to-date: /home/chenhuixu/PX4_ros2/ros2_ws/src/install/service_interface/share/service_interface/cmake/ament_cmake_export_dependencies-extras.cmake
-- Up-to-date: /home/chenhuixu/PX4_ros2/ros2_ws/src/install/service_interface/share/service_interface/cmake/ament_cmake_export_include_directories-extras.cmake
-- Up-to-date: /home/chenhuixu/PX4_ros2/ros2_ws/src/install/service_interface/share/service_interface/cmake/ament_cmake_export_libraries-extras.cmake
-- Up-to-date: /home/chenhuixu/PX4_ros2/ros2_ws/src/install/service_interface/share/service_interface/cmake/ament_cmake_export_targets-extras.cmake
-- Up-to-date: /home/chenhuixu/PX4_ros2/ros2_ws/src/install/service_interface/share/service_interface/cmake/rosidl_cmake_export_typesupport_targets-extras.cmake
-- Up-to-date: /home/chenhuixu/PX4_ros2/ros2_ws/src/install/service_interface/share/service_interface/cmake/rosidl_cmake_export_typesupport_libraries-extras.cmake
-- Up-to-date: /home/chenhuixu/PX4_ros2/ros2_ws/src/install/service_interface/share/service_interface/cmake/service_interfaceConfig.cmake
-- Up-to-date: /home/chenhuixu/PX4_ros2/ros2_ws/src/install/service_interface/share/service_interface/cmake/service_interfaceConfig-version.cmake
-- Up-to-date: /home/chenhuixu/PX4_ros2/ros2_ws/src/install/service_interface/share/service_interface/package.xml
