/home/chenhuixu/PX4_ros2/ros2_ws/src/install/px4_control/lib/python3.12/site-packages/px4_control/goto.py
/home/chenhuixu/PX4_ros2/ros2_ws/src/install/px4_control/lib/python3.12/site-packages/px4_control/testgo.py
/home/chenhuixu/PX4_ros2/ros2_ws/src/install/px4_control/lib/python3.12/site-packages/px4_control/__init__.py
/home/chenhuixu/PX4_ros2/ros2_ws/src/install/px4_control/lib/python3.12/site-packages/px4_control/land.py
/home/chenhuixu/PX4_ros2/ros2_ws/src/install/px4_control/lib/python3.12/site-packages/px4_control/takeoff.py
/home/chenhuixu/PX4_ros2/ros2_ws/src/install/px4_control/lib/python3.12/site-packages/px4_control/__pycache__/goto.cpython-312.pyc
/home/chenhuixu/PX4_ros2/ros2_ws/src/install/px4_control/lib/python3.12/site-packages/px4_control/__pycache__/testgo.cpython-312.pyc
/home/chenhuixu/PX4_ros2/ros2_ws/src/install/px4_control/lib/python3.12/site-packages/px4_control/__pycache__/__init__.cpython-312.pyc
/home/chenhuixu/PX4_ros2/ros2_ws/src/install/px4_control/lib/python3.12/site-packages/px4_control/__pycache__/land.cpython-312.pyc
/home/chenhuixu/PX4_ros2/ros2_ws/src/install/px4_control/lib/python3.12/site-packages/px4_control/__pycache__/takeoff.cpython-312.pyc
/home/chenhuixu/PX4_ros2/ros2_ws/src/install/px4_control/share/ament_index/resource_index/packages/px4_control
/home/chenhuixu/PX4_ros2/ros2_ws/src/install/px4_control/share/px4_control/package.xml
/home/chenhuixu/PX4_ros2/ros2_ws/src/install/px4_control/lib/python3.12/site-packages/px4_control-0.0.0-py3.12.egg-info/top_level.txt
/home/chenhuixu/PX4_ros2/ros2_ws/src/install/px4_control/lib/python3.12/site-packages/px4_control-0.0.0-py3.12.egg-info/SOURCES.txt
/home/chenhuixu/PX4_ros2/ros2_ws/src/install/px4_control/lib/python3.12/site-packages/px4_control-0.0.0-py3.12.egg-info/dependency_links.txt
/home/chenhuixu/PX4_ros2/ros2_ws/src/install/px4_control/lib/python3.12/site-packages/px4_control-0.0.0-py3.12.egg-info/PKG-INFO
/home/chenhuixu/PX4_ros2/ros2_ws/src/install/px4_control/lib/python3.12/site-packages/px4_control-0.0.0-py3.12.egg-info/zip-safe
/home/chenhuixu/PX4_ros2/ros2_ws/src/install/px4_control/lib/python3.12/site-packages/px4_control-0.0.0-py3.12.egg-info/entry_points.txt
/home/chenhuixu/PX4_ros2/ros2_ws/src/install/px4_control/lib/python3.12/site-packages/px4_control-0.0.0-py3.12.egg-info/requires.txt
/home/chenhuixu/PX4_ros2/ros2_ws/src/install/px4_control/lib/px4_control/go
/home/chenhuixu/PX4_ros2/ros2_ws/src/install/px4_control/lib/px4_control/goto
/home/chenhuixu/PX4_ros2/ros2_ws/src/install/px4_control/lib/px4_control/land
/home/chenhuixu/PX4_ros2/ros2_ws/src/install/px4_control/lib/px4_control/takeoff
