[0.069s] DEBUG:colcon:Command line arguments: ['/usr/bin/colcon', 'build']
[0.069s] DEBUG:colcon:Parsed command line arguments: Namespace(log_base=None, log_level=None, verb_name='build', build_base='build', install_base='install', merge_install=False, symlink_install=False, test_result_base=None, continue_on_error=False, executor='parallel', parallel_workers=16, event_handlers=None, ignore_user_meta=False, metas=['./colcon.meta'], base_paths=['.'], packages_ignore=None, packages_ignore_regex=None, paths=None, packages_up_to=None, packages_up_to_regex=None, packages_above=None, packages_above_and_dependencies=None, packages_above_depth=None, packages_select_by_dep=None, packages_skip_by_dep=None, packages_skip_up_to=None, packages_select_build_failed=False, packages_skip_build_finished=False, packages_select_test_failures=False, packages_skip_test_passed=False, packages_select=None, packages_skip=None, packages_select_regex=None, packages_skip_regex=None, packages_start=None, packages_end=None, allow_overriding=[], cmake_args=None, cmake_target=None, cmake_target_skip_unavailable=False, cmake_clean_cache=False, cmake_clean_first=False, cmake_force_configure=False, ament_cmake_args=None, catkin_cmake_args=None, catkin_skip_building_tests=False, verb_parser=<colcon_defaults.argument_parser.defaults.DefaultArgumentsDecorator object at 0x7fd56969c6e0>, verb_extension=<colcon_core.verb.build.BuildVerb object at 0x7fd56a200b30>, main=<bound method BuildVerb.main of <colcon_core.verb.build.BuildVerb object at 0x7fd56a200b30>>)
[0.095s] Level 1:colcon.colcon_core.package_discovery:discover_packages(colcon_meta) check parameters
[0.095s] Level 1:colcon.colcon_core.package_discovery:discover_packages(recursive) check parameters
[0.095s] Level 1:colcon.colcon_core.package_discovery:discover_packages(ignore) check parameters
[0.095s] Level 1:colcon.colcon_core.package_discovery:discover_packages(path) check parameters
[0.095s] Level 1:colcon.colcon_core.package_discovery:discover_packages(colcon_meta) discover
[0.095s] Level 1:colcon.colcon_core.package_discovery:discover_packages(recursive) discover
[0.095s] INFO:colcon.colcon_core.package_discovery:Crawling recursively for packages in '/home/chenhuixu/PX4_ros2/ros2_ws/src'
[0.095s] Level 1:colcon.colcon_core.package_identification:_identify(.) by extensions ['ignore', 'ignore_ament_install']
[0.095s] Level 1:colcon.colcon_core.package_identification:_identify(.) by extension 'ignore'
[0.095s] Level 1:colcon.colcon_core.package_identification:_identify(.) by extension 'ignore_ament_install'
[0.095s] Level 1:colcon.colcon_core.package_identification:_identify(.) by extensions ['colcon_pkg']
[0.095s] Level 1:colcon.colcon_core.package_identification:_identify(.) by extension 'colcon_pkg'
[0.095s] Level 1:colcon.colcon_core.package_identification:_identify(.) by extensions ['colcon_meta']
[0.095s] Level 1:colcon.colcon_core.package_identification:_identify(.) by extension 'colcon_meta'
[0.095s] Level 1:colcon.colcon_core.package_identification:_identify(.) by extensions ['ros']
[0.095s] Level 1:colcon.colcon_core.package_identification:_identify(.) by extension 'ros'
[0.111s] Level 1:colcon.colcon_core.package_identification:_identify(.) by extensions ['cmake', 'python']
[0.111s] Level 1:colcon.colcon_core.package_identification:_identify(.) by extension 'cmake'
[0.111s] Level 1:colcon.colcon_core.package_identification:_identify(.) by extension 'python'
[0.111s] Level 1:colcon.colcon_core.package_identification:_identify(.) by extensions ['python_setup_py']
[0.111s] Level 1:colcon.colcon_core.package_identification:_identify(.) by extension 'python_setup_py'
[0.111s] Level 1:colcon.colcon_core.package_identification:_identify(build) by extensions ['ignore', 'ignore_ament_install']
[0.112s] Level 1:colcon.colcon_core.package_identification:_identify(build) by extension 'ignore'
[0.112s] Level 1:colcon.colcon_core.package_identification:_identify(build) ignored
[0.112s] Level 1:colcon.colcon_core.package_identification:_identify(install) by extensions ['ignore', 'ignore_ament_install']
[0.112s] Level 1:colcon.colcon_core.package_identification:_identify(install) by extension 'ignore'
[0.112s] Level 1:colcon.colcon_core.package_identification:_identify(install) ignored
[0.112s] Level 1:colcon.colcon_core.package_identification:_identify(log) by extensions ['ignore', 'ignore_ament_install']
[0.112s] Level 1:colcon.colcon_core.package_identification:_identify(log) by extension 'ignore'
[0.112s] Level 1:colcon.colcon_core.package_identification:_identify(log) ignored
[0.112s] Level 1:colcon.colcon_core.package_identification:_identify(mission_client) by extensions ['ignore', 'ignore_ament_install']
[0.112s] Level 1:colcon.colcon_core.package_identification:_identify(mission_client) by extension 'ignore'
[0.112s] Level 1:colcon.colcon_core.package_identification:_identify(mission_client) by extension 'ignore_ament_install'
[0.112s] Level 1:colcon.colcon_core.package_identification:_identify(mission_client) by extensions ['colcon_pkg']
[0.112s] Level 1:colcon.colcon_core.package_identification:_identify(mission_client) by extension 'colcon_pkg'
[0.112s] Level 1:colcon.colcon_core.package_identification:_identify(mission_client) by extensions ['colcon_meta']
[0.112s] Level 1:colcon.colcon_core.package_identification:_identify(mission_client) by extension 'colcon_meta'
[0.112s] Level 1:colcon.colcon_core.package_identification:_identify(mission_client) by extensions ['ros']
[0.112s] Level 1:colcon.colcon_core.package_identification:_identify(mission_client) by extension 'ros'
[0.114s] DEBUG:colcon.colcon_core.package_identification:Package 'mission_client' with type 'ros.ament_cmake' and name 'mission_client'
[0.114s] Level 1:colcon.colcon_core.package_identification:_identify(px4_control) by extensions ['ignore', 'ignore_ament_install']
[0.114s] Level 1:colcon.colcon_core.package_identification:_identify(px4_control) by extension 'ignore'
[0.114s] Level 1:colcon.colcon_core.package_identification:_identify(px4_control) by extension 'ignore_ament_install'
[0.114s] Level 1:colcon.colcon_core.package_identification:_identify(px4_control) by extensions ['colcon_pkg']
[0.114s] Level 1:colcon.colcon_core.package_identification:_identify(px4_control) by extension 'colcon_pkg'
[0.114s] Level 1:colcon.colcon_core.package_identification:_identify(px4_control) by extensions ['colcon_meta']
[0.114s] Level 1:colcon.colcon_core.package_identification:_identify(px4_control) by extension 'colcon_meta'
[0.114s] Level 1:colcon.colcon_core.package_identification:_identify(px4_control) by extensions ['ros']
[0.114s] Level 1:colcon.colcon_core.package_identification:_identify(px4_control) by extension 'ros'
[0.115s] DEBUG:colcon.colcon_core.package_identification:Package 'px4_control' with type 'ros.ament_python' and name 'px4_control'
[0.115s] Level 1:colcon.colcon_core.package_identification:_identify(service_interface) by extensions ['ignore', 'ignore_ament_install']
[0.115s] Level 1:colcon.colcon_core.package_identification:_identify(service_interface) by extension 'ignore'
[0.116s] Level 1:colcon.colcon_core.package_identification:_identify(service_interface) by extension 'ignore_ament_install'
[0.116s] Level 1:colcon.colcon_core.package_identification:_identify(service_interface) by extensions ['colcon_pkg']
[0.116s] Level 1:colcon.colcon_core.package_identification:_identify(service_interface) by extension 'colcon_pkg'
[0.116s] Level 1:colcon.colcon_core.package_identification:_identify(service_interface) by extensions ['colcon_meta']
[0.116s] Level 1:colcon.colcon_core.package_identification:_identify(service_interface) by extension 'colcon_meta'
[0.116s] Level 1:colcon.colcon_core.package_identification:_identify(service_interface) by extensions ['ros']
[0.116s] Level 1:colcon.colcon_core.package_identification:_identify(service_interface) by extension 'ros'
[0.116s] DEBUG:colcon.colcon_core.package_identification:Package 'service_interface' with type 'ros.ament_cmake' and name 'service_interface'
[0.116s] Level 1:colcon.colcon_core.package_discovery:discover_packages(recursive) using defaults
[0.116s] Level 1:colcon.colcon_core.package_discovery:discover_packages(ignore) discover
[0.116s] Level 1:colcon.colcon_core.package_discovery:discover_packages(ignore) using defaults
[0.116s] Level 1:colcon.colcon_core.package_discovery:discover_packages(path) discover
[0.116s] Level 1:colcon.colcon_core.package_discovery:discover_packages(path) using defaults
[0.129s] Level 1:colcon.colcon_core.package_discovery:discover_packages(prefix_path) check parameters
[0.129s] Level 1:colcon.colcon_core.package_discovery:discover_packages(prefix_path) discover
[0.130s] DEBUG:colcon.colcon_installed_package_information.package_discovery:Found 6 installed packages in /home/chenhuixu/mavros2_ws/install
[0.131s] DEBUG:colcon.colcon_installed_package_information.package_discovery:Found 288 installed packages in /opt/ros/jazzy
[0.132s] Level 1:colcon.colcon_core.package_discovery:discover_packages(prefix_path) using defaults
[0.159s] Level 5:colcon.colcon_core.verb:set package 'px4_control' build argument 'cmake_args' from command line to 'None'
[0.159s] Level 5:colcon.colcon_core.verb:set package 'px4_control' build argument 'cmake_target' from command line to 'None'
[0.159s] Level 5:colcon.colcon_core.verb:set package 'px4_control' build argument 'cmake_target_skip_unavailable' from command line to 'False'
[0.159s] Level 5:colcon.colcon_core.verb:set package 'px4_control' build argument 'cmake_clean_cache' from command line to 'False'
[0.159s] Level 5:colcon.colcon_core.verb:set package 'px4_control' build argument 'cmake_clean_first' from command line to 'False'
[0.159s] Level 5:colcon.colcon_core.verb:set package 'px4_control' build argument 'cmake_force_configure' from command line to 'False'
[0.159s] Level 5:colcon.colcon_core.verb:set package 'px4_control' build argument 'ament_cmake_args' from command line to 'None'
[0.159s] Level 5:colcon.colcon_core.verb:set package 'px4_control' build argument 'catkin_cmake_args' from command line to 'None'
[0.159s] Level 5:colcon.colcon_core.verb:set package 'px4_control' build argument 'catkin_skip_building_tests' from command line to 'False'
[0.159s] DEBUG:colcon.colcon_core.verb:Building package 'px4_control' with the following arguments: {'ament_cmake_args': None, 'build_base': '/home/chenhuixu/PX4_ros2/ros2_ws/src/build/px4_control', 'catkin_cmake_args': None, 'catkin_skip_building_tests': False, 'cmake_args': None, 'cmake_clean_cache': False, 'cmake_clean_first': False, 'cmake_force_configure': False, 'cmake_target': None, 'cmake_target_skip_unavailable': False, 'install_base': '/home/chenhuixu/PX4_ros2/ros2_ws/src/install/px4_control', 'merge_install': False, 'path': '/home/chenhuixu/PX4_ros2/ros2_ws/src/px4_control', 'symlink_install': False, 'test_result_base': None}
[0.160s] Level 5:colcon.colcon_core.verb:set package 'service_interface' build argument 'cmake_args' from command line to 'None'
[0.160s] Level 5:colcon.colcon_core.verb:set package 'service_interface' build argument 'cmake_target' from command line to 'None'
[0.160s] Level 5:colcon.colcon_core.verb:set package 'service_interface' build argument 'cmake_target_skip_unavailable' from command line to 'False'
[0.160s] Level 5:colcon.colcon_core.verb:set package 'service_interface' build argument 'cmake_clean_cache' from command line to 'False'
[0.160s] Level 5:colcon.colcon_core.verb:set package 'service_interface' build argument 'cmake_clean_first' from command line to 'False'
[0.160s] Level 5:colcon.colcon_core.verb:set package 'service_interface' build argument 'cmake_force_configure' from command line to 'False'
[0.160s] Level 5:colcon.colcon_core.verb:set package 'service_interface' build argument 'ament_cmake_args' from command line to 'None'
[0.160s] Level 5:colcon.colcon_core.verb:set package 'service_interface' build argument 'catkin_cmake_args' from command line to 'None'
[0.160s] Level 5:colcon.colcon_core.verb:set package 'service_interface' build argument 'catkin_skip_building_tests' from command line to 'False'
[0.160s] DEBUG:colcon.colcon_core.verb:Building package 'service_interface' with the following arguments: {'ament_cmake_args': None, 'build_base': '/home/chenhuixu/PX4_ros2/ros2_ws/src/build/service_interface', 'catkin_cmake_args': None, 'catkin_skip_building_tests': False, 'cmake_args': None, 'cmake_clean_cache': False, 'cmake_clean_first': False, 'cmake_force_configure': False, 'cmake_target': None, 'cmake_target_skip_unavailable': False, 'install_base': '/home/chenhuixu/PX4_ros2/ros2_ws/src/install/service_interface', 'merge_install': False, 'path': '/home/chenhuixu/PX4_ros2/ros2_ws/src/service_interface', 'symlink_install': False, 'test_result_base': None}
[0.160s] Level 5:colcon.colcon_core.verb:set package 'mission_client' build argument 'cmake_args' from command line to 'None'
[0.160s] Level 5:colcon.colcon_core.verb:set package 'mission_client' build argument 'cmake_target' from command line to 'None'
[0.160s] Level 5:colcon.colcon_core.verb:set package 'mission_client' build argument 'cmake_target_skip_unavailable' from command line to 'False'
[0.160s] Level 5:colcon.colcon_core.verb:set package 'mission_client' build argument 'cmake_clean_cache' from command line to 'False'
[0.160s] Level 5:colcon.colcon_core.verb:set package 'mission_client' build argument 'cmake_clean_first' from command line to 'False'
[0.160s] Level 5:colcon.colcon_core.verb:set package 'mission_client' build argument 'cmake_force_configure' from command line to 'False'
[0.160s] Level 5:colcon.colcon_core.verb:set package 'mission_client' build argument 'ament_cmake_args' from command line to 'None'
[0.160s] Level 5:colcon.colcon_core.verb:set package 'mission_client' build argument 'catkin_cmake_args' from command line to 'None'
[0.160s] Level 5:colcon.colcon_core.verb:set package 'mission_client' build argument 'catkin_skip_building_tests' from command line to 'False'
[0.160s] DEBUG:colcon.colcon_core.verb:Building package 'mission_client' with the following arguments: {'ament_cmake_args': None, 'build_base': '/home/chenhuixu/PX4_ros2/ros2_ws/src/build/mission_client', 'catkin_cmake_args': None, 'catkin_skip_building_tests': False, 'cmake_args': None, 'cmake_clean_cache': False, 'cmake_clean_first': False, 'cmake_force_configure': False, 'cmake_target': None, 'cmake_target_skip_unavailable': False, 'install_base': '/home/chenhuixu/PX4_ros2/ros2_ws/src/install/mission_client', 'merge_install': False, 'path': '/home/chenhuixu/PX4_ros2/ros2_ws/src/mission_client', 'symlink_install': False, 'test_result_base': None}
[0.160s] INFO:colcon.colcon_core.executor:Executing jobs using 'parallel' executor
[0.161s] DEBUG:colcon.colcon_parallel_executor.executor.parallel:run_until_complete
[0.161s] INFO:colcon.colcon_ros.task.ament_cmake.build:Building ROS package in '/home/chenhuixu/PX4_ros2/ros2_ws/src/service_interface' with build type 'ament_cmake'
[0.161s] INFO:colcon.colcon_cmake.task.cmake.build:Building CMake package in '/home/chenhuixu/PX4_ros2/ros2_ws/src/service_interface'
[0.162s] INFO:colcon.colcon_core.plugin_system:Skipping extension 'colcon_core.shell.bat': Not used on non-Windows systems
[0.162s] INFO:colcon.colcon_core.shell:Skip shell extension 'powershell' for command environment: Not usable outside of PowerShell
[0.162s] DEBUG:colcon.colcon_core.shell:Skip shell extension 'dsv' for command environment
[0.165s] INFO:colcon.colcon_ros.task.ament_python.build:Building ROS package in '/home/chenhuixu/PX4_ros2/ros2_ws/src/px4_control' with build type 'ament_python'
[0.165s] Level 1:colcon.colcon_core.shell:create_environment_hook('px4_control', 'ament_prefix_path')
[0.165s] INFO:colcon.colcon_core.shell:Creating environment hook '/home/chenhuixu/PX4_ros2/ros2_ws/src/install/px4_control/share/px4_control/hook/ament_prefix_path.ps1'
[0.165s] INFO:colcon.colcon_core.shell:Creating environment descriptor '/home/chenhuixu/PX4_ros2/ros2_ws/src/install/px4_control/share/px4_control/hook/ament_prefix_path.dsv'
[0.166s] INFO:colcon.colcon_core.shell:Creating environment hook '/home/chenhuixu/PX4_ros2/ros2_ws/src/install/px4_control/share/px4_control/hook/ament_prefix_path.sh'
[0.166s] INFO:colcon.colcon_core.shell:Skip shell extension 'powershell' for command environment: Not usable outside of PowerShell
[0.166s] DEBUG:colcon.colcon_core.shell:Skip shell extension 'dsv' for command environment
[0.171s] DEBUG:colcon.colcon_core.event_handler.log_command:Invoking command in '/home/chenhuixu/PX4_ros2/ros2_ws/src/build/service_interface': CMAKE_PREFIX_PATH=${CMAKE_PREFIX_PATH}:/opt/ros/jazzy DEBUGINFOD_URLS=https://debuginfod.ubuntu.com /usr/bin/cmake --build /home/chenhuixu/PX4_ros2/ros2_ws/src/build/service_interface -- -j16 -l16
[0.301s] INFO:colcon.colcon_core.task.python.build:Building Python package in '/home/chenhuixu/PX4_ros2/ros2_ws/src/px4_control'
[0.302s] INFO:colcon.colcon_core.shell:Skip shell extension 'powershell' for command environment: Not usable outside of PowerShell
[0.302s] DEBUG:colcon.colcon_core.shell:Skip shell extension 'dsv' for command environment
[0.450s] DEBUG:colcon.colcon_core.event_handler.log_command:Invoked command in '/home/chenhuixu/PX4_ros2/ros2_ws/src/build/service_interface' returned '0': CMAKE_PREFIX_PATH=${CMAKE_PREFIX_PATH}:/opt/ros/jazzy DEBUGINFOD_URLS=https://debuginfod.ubuntu.com /usr/bin/cmake --build /home/chenhuixu/PX4_ros2/ros2_ws/src/build/service_interface -- -j16 -l16
[0.460s] DEBUG:colcon.colcon_core.event_handler.log_command:Invoking command in '/home/chenhuixu/PX4_ros2/ros2_ws/src/build/service_interface': CMAKE_PREFIX_PATH=${CMAKE_PREFIX_PATH}:/opt/ros/jazzy DEBUGINFOD_URLS=https://debuginfod.ubuntu.com /usr/bin/cmake --install /home/chenhuixu/PX4_ros2/ros2_ws/src/build/service_interface
[0.508s] Level 1:colcon.colcon_core.environment:create_environment_scripts_only(service_interface)
[0.508s] DEBUG:colcon.colcon_core.event_handler.log_command:Invoked command in '/home/chenhuixu/PX4_ros2/ros2_ws/src/build/service_interface' returned '0': CMAKE_PREFIX_PATH=${CMAKE_PREFIX_PATH}:/opt/ros/jazzy DEBUGINFOD_URLS=https://debuginfod.ubuntu.com /usr/bin/cmake --install /home/chenhuixu/PX4_ros2/ros2_ws/src/build/service_interface
[0.510s] Level 1:colcon.colcon_core.environment:checking '/home/chenhuixu/PX4_ros2/ros2_ws/src/install/service_interface' for CMake module files
[0.510s] Level 1:colcon.colcon_core.environment:checking '/home/chenhuixu/PX4_ros2/ros2_ws/src/install/service_interface' for CMake config files
[0.510s] Level 1:colcon.colcon_core.shell:create_environment_hook('service_interface', 'cmake_prefix_path')
[0.511s] INFO:colcon.colcon_core.shell:Creating environment hook '/home/chenhuixu/PX4_ros2/ros2_ws/src/install/service_interface/share/service_interface/hook/cmake_prefix_path.ps1'
[0.511s] INFO:colcon.colcon_core.shell:Creating environment descriptor '/home/chenhuixu/PX4_ros2/ros2_ws/src/install/service_interface/share/service_interface/hook/cmake_prefix_path.dsv'
[0.511s] INFO:colcon.colcon_core.shell:Creating environment hook '/home/chenhuixu/PX4_ros2/ros2_ws/src/install/service_interface/share/service_interface/hook/cmake_prefix_path.sh'
[0.512s] Level 1:colcon.colcon_core.environment:checking '/home/chenhuixu/PX4_ros2/ros2_ws/src/install/service_interface/lib'
[0.512s] Level 1:colcon.colcon_core.shell:create_environment_hook('service_interface', 'ld_library_path_lib')
[0.512s] INFO:colcon.colcon_core.shell:Creating environment hook '/home/chenhuixu/PX4_ros2/ros2_ws/src/install/service_interface/share/service_interface/hook/ld_library_path_lib.ps1'
[0.512s] INFO:colcon.colcon_core.shell:Creating environment descriptor '/home/chenhuixu/PX4_ros2/ros2_ws/src/install/service_interface/share/service_interface/hook/ld_library_path_lib.dsv'
[0.512s] INFO:colcon.colcon_core.shell:Creating environment hook '/home/chenhuixu/PX4_ros2/ros2_ws/src/install/service_interface/share/service_interface/hook/ld_library_path_lib.sh'
[0.512s] Level 1:colcon.colcon_core.environment:checking '/home/chenhuixu/PX4_ros2/ros2_ws/src/install/service_interface/bin'
[0.512s] Level 1:colcon.colcon_core.environment:checking '/home/chenhuixu/PX4_ros2/ros2_ws/src/install/service_interface/lib/pkgconfig/service_interface.pc'
[0.512s] Level 1:colcon.colcon_core.environment:checking '/home/chenhuixu/PX4_ros2/ros2_ws/src/install/service_interface/lib/python3.12/site-packages'
[0.513s] Level 1:colcon.colcon_core.shell:create_environment_hook('service_interface', 'pythonpath')
[0.513s] INFO:colcon.colcon_core.shell:Creating environment hook '/home/chenhuixu/PX4_ros2/ros2_ws/src/install/service_interface/share/service_interface/hook/pythonpath.ps1'
[0.513s] INFO:colcon.colcon_core.shell:Creating environment descriptor '/home/chenhuixu/PX4_ros2/ros2_ws/src/install/service_interface/share/service_interface/hook/pythonpath.dsv'
[0.513s] INFO:colcon.colcon_core.shell:Creating environment hook '/home/chenhuixu/PX4_ros2/ros2_ws/src/install/service_interface/share/service_interface/hook/pythonpath.sh'
[0.513s] Level 1:colcon.colcon_core.environment:checking '/home/chenhuixu/PX4_ros2/ros2_ws/src/install/service_interface/bin'
[0.514s] INFO:colcon.colcon_core.shell:Creating package script '/home/chenhuixu/PX4_ros2/ros2_ws/src/install/service_interface/share/service_interface/package.ps1'
[0.514s] INFO:colcon.colcon_core.shell:Creating package descriptor '/home/chenhuixu/PX4_ros2/ros2_ws/src/install/service_interface/share/service_interface/package.dsv'
[0.514s] INFO:colcon.colcon_core.shell:Creating package script '/home/chenhuixu/PX4_ros2/ros2_ws/src/install/service_interface/share/service_interface/package.sh'
[0.515s] INFO:colcon.colcon_core.shell:Creating package script '/home/chenhuixu/PX4_ros2/ros2_ws/src/install/service_interface/share/service_interface/package.bash'
[0.515s] INFO:colcon.colcon_core.shell:Creating package script '/home/chenhuixu/PX4_ros2/ros2_ws/src/install/service_interface/share/service_interface/package.zsh'
[0.516s] Level 1:colcon.colcon_core.environment:create_file_with_runtime_dependencies(/home/chenhuixu/PX4_ros2/ros2_ws/src/install/service_interface/share/colcon-core/packages/service_interface)
[0.517s] Level 1:colcon.colcon_core.environment:create_environment_scripts_only(service_interface)
[0.517s] Level 1:colcon.colcon_core.environment:checking '/home/chenhuixu/PX4_ros2/ros2_ws/src/install/service_interface' for CMake module files
[0.517s] Level 1:colcon.colcon_core.environment:checking '/home/chenhuixu/PX4_ros2/ros2_ws/src/install/service_interface' for CMake config files
[0.517s] Level 1:colcon.colcon_core.shell:create_environment_hook('service_interface', 'cmake_prefix_path')
[0.517s] INFO:colcon.colcon_core.shell:Creating environment hook '/home/chenhuixu/PX4_ros2/ros2_ws/src/install/service_interface/share/service_interface/hook/cmake_prefix_path.ps1'
[0.517s] INFO:colcon.colcon_core.shell:Creating environment descriptor '/home/chenhuixu/PX4_ros2/ros2_ws/src/install/service_interface/share/service_interface/hook/cmake_prefix_path.dsv'
[0.518s] INFO:colcon.colcon_core.shell:Creating environment hook '/home/chenhuixu/PX4_ros2/ros2_ws/src/install/service_interface/share/service_interface/hook/cmake_prefix_path.sh'
[0.518s] Level 1:colcon.colcon_core.environment:checking '/home/chenhuixu/PX4_ros2/ros2_ws/src/install/service_interface/lib'
[0.518s] Level 1:colcon.colcon_core.shell:create_environment_hook('service_interface', 'ld_library_path_lib')
[0.518s] INFO:colcon.colcon_core.shell:Creating environment hook '/home/chenhuixu/PX4_ros2/ros2_ws/src/install/service_interface/share/service_interface/hook/ld_library_path_lib.ps1'
[0.518s] INFO:colcon.colcon_core.shell:Creating environment descriptor '/home/chenhuixu/PX4_ros2/ros2_ws/src/install/service_interface/share/service_interface/hook/ld_library_path_lib.dsv'
[0.518s] INFO:colcon.colcon_core.shell:Creating environment hook '/home/chenhuixu/PX4_ros2/ros2_ws/src/install/service_interface/share/service_interface/hook/ld_library_path_lib.sh'
[0.519s] Level 1:colcon.colcon_core.environment:checking '/home/chenhuixu/PX4_ros2/ros2_ws/src/install/service_interface/bin'
[0.519s] Level 1:colcon.colcon_core.environment:checking '/home/chenhuixu/PX4_ros2/ros2_ws/src/install/service_interface/lib/pkgconfig/service_interface.pc'
[0.519s] Level 1:colcon.colcon_core.environment:checking '/home/chenhuixu/PX4_ros2/ros2_ws/src/install/service_interface/lib/python3.12/site-packages'
[0.519s] Level 1:colcon.colcon_core.shell:create_environment_hook('service_interface', 'pythonpath')
[0.519s] INFO:colcon.colcon_core.shell:Creating environment hook '/home/chenhuixu/PX4_ros2/ros2_ws/src/install/service_interface/share/service_interface/hook/pythonpath.ps1'
[0.519s] INFO:colcon.colcon_core.shell:Creating environment descriptor '/home/chenhuixu/PX4_ros2/ros2_ws/src/install/service_interface/share/service_interface/hook/pythonpath.dsv'
[0.519s] INFO:colcon.colcon_core.shell:Creating environment hook '/home/chenhuixu/PX4_ros2/ros2_ws/src/install/service_interface/share/service_interface/hook/pythonpath.sh'
[0.520s] Level 1:colcon.colcon_core.environment:checking '/home/chenhuixu/PX4_ros2/ros2_ws/src/install/service_interface/bin'
[0.520s] INFO:colcon.colcon_core.shell:Creating package script '/home/chenhuixu/PX4_ros2/ros2_ws/src/install/service_interface/share/service_interface/package.ps1'
[0.520s] INFO:colcon.colcon_core.shell:Creating package descriptor '/home/chenhuixu/PX4_ros2/ros2_ws/src/install/service_interface/share/service_interface/package.dsv'
[0.520s] INFO:colcon.colcon_core.shell:Creating package script '/home/chenhuixu/PX4_ros2/ros2_ws/src/install/service_interface/share/service_interface/package.sh'
[0.521s] INFO:colcon.colcon_core.shell:Creating package script '/home/chenhuixu/PX4_ros2/ros2_ws/src/install/service_interface/share/service_interface/package.bash'
[0.521s] INFO:colcon.colcon_core.shell:Creating package script '/home/chenhuixu/PX4_ros2/ros2_ws/src/install/service_interface/share/service_interface/package.zsh'
[0.521s] Level 1:colcon.colcon_core.environment:create_file_with_runtime_dependencies(/home/chenhuixu/PX4_ros2/ros2_ws/src/install/service_interface/share/colcon-core/packages/service_interface)
[0.521s] INFO:colcon.colcon_ros.task.ament_cmake.build:Building ROS package in '/home/chenhuixu/PX4_ros2/ros2_ws/src/mission_client' with build type 'ament_cmake'
[0.521s] INFO:colcon.colcon_cmake.task.cmake.build:Building CMake package in '/home/chenhuixu/PX4_ros2/ros2_ws/src/mission_client'
[0.521s] INFO:colcon.colcon_core.shell:Skip shell extension 'powershell' for command environment: Not usable outside of PowerShell
[0.522s] DEBUG:colcon.colcon_core.shell:Skip shell extension 'dsv' for command environment
[0.531s] DEBUG:colcon.colcon_core.event_handler.log_command:Invoking command in '/home/chenhuixu/PX4_ros2/ros2_ws/src/build/mission_client': AMENT_PREFIX_PATH=/home/chenhuixu/PX4_ros2/ros2_ws/src/install/service_interface:${AMENT_PREFIX_PATH} CMAKE_PREFIX_PATH=/home/chenhuixu/PX4_ros2/ros2_ws/src/install/service_interface:/home/chenhuixu/mavros2_ws/install/mavros_extras:/home/chenhuixu/mavros2_ws/install/mavros_examples:/home/chenhuixu/mavros2_ws/install/mavros:/home/chenhuixu/mavros2_ws/install/mavros_msgs:/home/chenhuixu/mavros2_ws/install/libmavconn:/home/chenhuixu/mavros2_ws/install/mavlink:/opt/ros/jazzy/opt/gz_math_vendor:/opt/ros/jazzy/opt/gz_utils_vendor:/opt/ros/jazzy/opt/gz_cmake_vendor:/opt/ros/jazzy DEBUGINFOD_URLS=https://debuginfod.ubuntu.com LD_LIBRARY_PATH=/home/chenhuixu/PX4_ros2/ros2_ws/src/install/service_interface/lib:/home/chenhuixu/mavros2_ws/install/mavros_extras/lib:/home/chenhuixu/mavros2_ws/install/mavros/lib:/home/chenhuixu/mavros2_ws/install/mavros_msgs/lib:/home/chenhuixu/mavros2_ws/install/libmavconn/lib:/opt/ros/jazzy/opt/rviz_ogre_vendor/lib:/opt/ros/jazzy/lib/x86_64-linux-gnu:/opt/ros/jazzy/opt/gz_math_vendor/lib:/opt/ros/jazzy/opt/gz_utils_vendor/lib:/opt/ros/jazzy/opt/gz_cmake_vendor/lib:/opt/ros/jazzy/lib:/tools.lnx86/lib:/home/chenhuixu/cadence/INNOVUS211/tools.lnx86/lib PYTHONPATH=/home/chenhuixu/PX4_ros2/ros2_ws/src/install/service_interface/lib/python3.12/site-packages:${PYTHONPATH} /usr/bin/cmake --build /home/chenhuixu/PX4_ros2/ros2_ws/src/build/mission_client -- -j16 -l16
[0.674s] DEBUG:colcon.colcon_core.event_handler.log_command:Invoking command in '/home/chenhuixu/PX4_ros2/ros2_ws/src/px4_control': DEBUGINFOD_URLS=https://debuginfod.ubuntu.com PYTHONPATH=/home/chenhuixu/PX4_ros2/ros2_ws/src/build/px4_control/prefix_override:/usr/lib/python3/dist-packages/colcon_core/task/python/colcon_distutils_commands:/home/chenhuixu/PX4_ros2/ros2_ws/src/install/px4_control/lib/python3.12/site-packages:${PYTHONPATH} /usr/bin/python3 -W ignore:setup.py install is deprecated -W ignore:easy_install command is deprecated setup.py egg_info --egg-base ../build/px4_control build --build-base /home/chenhuixu/PX4_ros2/ros2_ws/src/build/px4_control/build install --record /home/chenhuixu/PX4_ros2/ros2_ws/src/build/px4_control/install.log --single-version-externally-managed install_data
[1.024s] Level 1:colcon.colcon_core.environment:checking '/home/chenhuixu/PX4_ros2/ros2_ws/src/install/px4_control' for CMake module files
[1.025s] DEBUG:colcon.colcon_core.event_handler.log_command:Invoked command in '/home/chenhuixu/PX4_ros2/ros2_ws/src/px4_control' returned '0': DEBUGINFOD_URLS=https://debuginfod.ubuntu.com PYTHONPATH=/home/chenhuixu/PX4_ros2/ros2_ws/src/build/px4_control/prefix_override:/usr/lib/python3/dist-packages/colcon_core/task/python/colcon_distutils_commands:/home/chenhuixu/PX4_ros2/ros2_ws/src/install/px4_control/lib/python3.12/site-packages:${PYTHONPATH} /usr/bin/python3 -W ignore:setup.py install is deprecated -W ignore:easy_install command is deprecated setup.py egg_info --egg-base ../build/px4_control build --build-base /home/chenhuixu/PX4_ros2/ros2_ws/src/build/px4_control/build install --record /home/chenhuixu/PX4_ros2/ros2_ws/src/build/px4_control/install.log --single-version-externally-managed install_data
[1.025s] Level 1:colcon.colcon_core.environment:checking '/home/chenhuixu/PX4_ros2/ros2_ws/src/install/px4_control' for CMake config files
[1.026s] Level 1:colcon.colcon_core.environment:checking '/home/chenhuixu/PX4_ros2/ros2_ws/src/install/px4_control/lib'
[1.026s] Level 1:colcon.colcon_core.environment:checking '/home/chenhuixu/PX4_ros2/ros2_ws/src/install/px4_control/bin'
[1.026s] Level 1:colcon.colcon_core.environment:checking '/home/chenhuixu/PX4_ros2/ros2_ws/src/install/px4_control/lib/pkgconfig/px4_control.pc'
[1.026s] Level 1:colcon.colcon_core.environment:checking '/home/chenhuixu/PX4_ros2/ros2_ws/src/install/px4_control/lib/python3.12/site-packages'
[1.026s] Level 1:colcon.colcon_core.shell:create_environment_hook('px4_control', 'pythonpath')
[1.026s] INFO:colcon.colcon_core.shell:Creating environment hook '/home/chenhuixu/PX4_ros2/ros2_ws/src/install/px4_control/share/px4_control/hook/pythonpath.ps1'
[1.027s] INFO:colcon.colcon_core.shell:Creating environment descriptor '/home/chenhuixu/PX4_ros2/ros2_ws/src/install/px4_control/share/px4_control/hook/pythonpath.dsv'
[1.027s] INFO:colcon.colcon_core.shell:Creating environment hook '/home/chenhuixu/PX4_ros2/ros2_ws/src/install/px4_control/share/px4_control/hook/pythonpath.sh'
[1.027s] Level 1:colcon.colcon_core.environment:checking '/home/chenhuixu/PX4_ros2/ros2_ws/src/install/px4_control/bin'
[1.027s] Level 1:colcon.colcon_core.environment:create_environment_scripts_only(px4_control)
[1.028s] INFO:colcon.colcon_core.shell:Creating package script '/home/chenhuixu/PX4_ros2/ros2_ws/src/install/px4_control/share/px4_control/package.ps1'
[1.028s] INFO:colcon.colcon_core.shell:Creating package descriptor '/home/chenhuixu/PX4_ros2/ros2_ws/src/install/px4_control/share/px4_control/package.dsv'
[1.028s] INFO:colcon.colcon_core.shell:Creating package script '/home/chenhuixu/PX4_ros2/ros2_ws/src/install/px4_control/share/px4_control/package.sh'
[1.028s] INFO:colcon.colcon_core.shell:Creating package script '/home/chenhuixu/PX4_ros2/ros2_ws/src/install/px4_control/share/px4_control/package.bash'
[1.028s] INFO:colcon.colcon_core.shell:Creating package script '/home/chenhuixu/PX4_ros2/ros2_ws/src/install/px4_control/share/px4_control/package.zsh'
[1.029s] Level 1:colcon.colcon_core.environment:create_file_with_runtime_dependencies(/home/chenhuixu/PX4_ros2/ros2_ws/src/install/px4_control/share/colcon-core/packages/px4_control)
[4.380s] DEBUG:colcon.colcon_core.event_handler.log_command:Invoked command in '/home/chenhuixu/PX4_ros2/ros2_ws/src/build/mission_client' returned '0': AMENT_PREFIX_PATH=/home/chenhuixu/PX4_ros2/ros2_ws/src/install/service_interface:${AMENT_PREFIX_PATH} CMAKE_PREFIX_PATH=/home/chenhuixu/PX4_ros2/ros2_ws/src/install/service_interface:/home/chenhuixu/mavros2_ws/install/mavros_extras:/home/chenhuixu/mavros2_ws/install/mavros_examples:/home/chenhuixu/mavros2_ws/install/mavros:/home/chenhuixu/mavros2_ws/install/mavros_msgs:/home/chenhuixu/mavros2_ws/install/libmavconn:/home/chenhuixu/mavros2_ws/install/mavlink:/opt/ros/jazzy/opt/gz_math_vendor:/opt/ros/jazzy/opt/gz_utils_vendor:/opt/ros/jazzy/opt/gz_cmake_vendor:/opt/ros/jazzy DEBUGINFOD_URLS=https://debuginfod.ubuntu.com LD_LIBRARY_PATH=/home/chenhuixu/PX4_ros2/ros2_ws/src/install/service_interface/lib:/home/chenhuixu/mavros2_ws/install/mavros_extras/lib:/home/chenhuixu/mavros2_ws/install/mavros/lib:/home/chenhuixu/mavros2_ws/install/mavros_msgs/lib:/home/chenhuixu/mavros2_ws/install/libmavconn/lib:/opt/ros/jazzy/opt/rviz_ogre_vendor/lib:/opt/ros/jazzy/lib/x86_64-linux-gnu:/opt/ros/jazzy/opt/gz_math_vendor/lib:/opt/ros/jazzy/opt/gz_utils_vendor/lib:/opt/ros/jazzy/opt/gz_cmake_vendor/lib:/opt/ros/jazzy/lib:/tools.lnx86/lib:/home/chenhuixu/cadence/INNOVUS211/tools.lnx86/lib PYTHONPATH=/home/chenhuixu/PX4_ros2/ros2_ws/src/install/service_interface/lib/python3.12/site-packages:${PYTHONPATH} /usr/bin/cmake --build /home/chenhuixu/PX4_ros2/ros2_ws/src/build/mission_client -- -j16 -l16
[4.381s] DEBUG:colcon.colcon_core.event_handler.log_command:Invoking command in '/home/chenhuixu/PX4_ros2/ros2_ws/src/build/mission_client': AMENT_PREFIX_PATH=/home/chenhuixu/PX4_ros2/ros2_ws/src/install/service_interface:${AMENT_PREFIX_PATH} CMAKE_PREFIX_PATH=/home/chenhuixu/PX4_ros2/ros2_ws/src/install/service_interface:/home/chenhuixu/mavros2_ws/install/mavros_extras:/home/chenhuixu/mavros2_ws/install/mavros_examples:/home/chenhuixu/mavros2_ws/install/mavros:/home/chenhuixu/mavros2_ws/install/mavros_msgs:/home/chenhuixu/mavros2_ws/install/libmavconn:/home/chenhuixu/mavros2_ws/install/mavlink:/opt/ros/jazzy/opt/gz_math_vendor:/opt/ros/jazzy/opt/gz_utils_vendor:/opt/ros/jazzy/opt/gz_cmake_vendor:/opt/ros/jazzy DEBUGINFOD_URLS=https://debuginfod.ubuntu.com LD_LIBRARY_PATH=/home/chenhuixu/PX4_ros2/ros2_ws/src/install/service_interface/lib:/home/chenhuixu/mavros2_ws/install/mavros_extras/lib:/home/chenhuixu/mavros2_ws/install/mavros/lib:/home/chenhuixu/mavros2_ws/install/mavros_msgs/lib:/home/chenhuixu/mavros2_ws/install/libmavconn/lib:/opt/ros/jazzy/opt/rviz_ogre_vendor/lib:/opt/ros/jazzy/lib/x86_64-linux-gnu:/opt/ros/jazzy/opt/gz_math_vendor/lib:/opt/ros/jazzy/opt/gz_utils_vendor/lib:/opt/ros/jazzy/opt/gz_cmake_vendor/lib:/opt/ros/jazzy/lib:/tools.lnx86/lib:/home/chenhuixu/cadence/INNOVUS211/tools.lnx86/lib PYTHONPATH=/home/chenhuixu/PX4_ros2/ros2_ws/src/install/service_interface/lib/python3.12/site-packages:${PYTHONPATH} /usr/bin/cmake --install /home/chenhuixu/PX4_ros2/ros2_ws/src/build/mission_client
[4.394s] Level 1:colcon.colcon_core.environment:create_environment_scripts_only(mission_client)
[4.394s] Level 1:colcon.colcon_core.environment:checking '/home/chenhuixu/PX4_ros2/ros2_ws/src/install/mission_client' for CMake module files
[4.394s] DEBUG:colcon.colcon_core.event_handler.log_command:Invoked command in '/home/chenhuixu/PX4_ros2/ros2_ws/src/build/mission_client' returned '0': AMENT_PREFIX_PATH=/home/chenhuixu/PX4_ros2/ros2_ws/src/install/service_interface:${AMENT_PREFIX_PATH} CMAKE_PREFIX_PATH=/home/chenhuixu/PX4_ros2/ros2_ws/src/install/service_interface:/home/chenhuixu/mavros2_ws/install/mavros_extras:/home/chenhuixu/mavros2_ws/install/mavros_examples:/home/chenhuixu/mavros2_ws/install/mavros:/home/chenhuixu/mavros2_ws/install/mavros_msgs:/home/chenhuixu/mavros2_ws/install/libmavconn:/home/chenhuixu/mavros2_ws/install/mavlink:/opt/ros/jazzy/opt/gz_math_vendor:/opt/ros/jazzy/opt/gz_utils_vendor:/opt/ros/jazzy/opt/gz_cmake_vendor:/opt/ros/jazzy DEBUGINFOD_URLS=https://debuginfod.ubuntu.com LD_LIBRARY_PATH=/home/chenhuixu/PX4_ros2/ros2_ws/src/install/service_interface/lib:/home/chenhuixu/mavros2_ws/install/mavros_extras/lib:/home/chenhuixu/mavros2_ws/install/mavros/lib:/home/chenhuixu/mavros2_ws/install/mavros_msgs/lib:/home/chenhuixu/mavros2_ws/install/libmavconn/lib:/opt/ros/jazzy/opt/rviz_ogre_vendor/lib:/opt/ros/jazzy/lib/x86_64-linux-gnu:/opt/ros/jazzy/opt/gz_math_vendor/lib:/opt/ros/jazzy/opt/gz_utils_vendor/lib:/opt/ros/jazzy/opt/gz_cmake_vendor/lib:/opt/ros/jazzy/lib:/tools.lnx86/lib:/home/chenhuixu/cadence/INNOVUS211/tools.lnx86/lib PYTHONPATH=/home/chenhuixu/PX4_ros2/ros2_ws/src/install/service_interface/lib/python3.12/site-packages:${PYTHONPATH} /usr/bin/cmake --install /home/chenhuixu/PX4_ros2/ros2_ws/src/build/mission_client
[4.395s] Level 1:colcon.colcon_core.environment:checking '/home/chenhuixu/PX4_ros2/ros2_ws/src/install/mission_client' for CMake config files
[4.395s] Level 1:colcon.colcon_core.shell:create_environment_hook('mission_client', 'cmake_prefix_path')
[4.395s] INFO:colcon.colcon_core.shell:Creating environment hook '/home/chenhuixu/PX4_ros2/ros2_ws/src/install/mission_client/share/mission_client/hook/cmake_prefix_path.ps1'
[4.396s] INFO:colcon.colcon_core.shell:Creating environment descriptor '/home/chenhuixu/PX4_ros2/ros2_ws/src/install/mission_client/share/mission_client/hook/cmake_prefix_path.dsv'
[4.396s] INFO:colcon.colcon_core.shell:Creating environment hook '/home/chenhuixu/PX4_ros2/ros2_ws/src/install/mission_client/share/mission_client/hook/cmake_prefix_path.sh'
[4.396s] Level 1:colcon.colcon_core.environment:checking '/home/chenhuixu/PX4_ros2/ros2_ws/src/install/mission_client/lib'
[4.396s] Level 1:colcon.colcon_core.environment:checking '/home/chenhuixu/PX4_ros2/ros2_ws/src/install/mission_client/bin'
[4.396s] Level 1:colcon.colcon_core.environment:checking '/home/chenhuixu/PX4_ros2/ros2_ws/src/install/mission_client/lib/pkgconfig/mission_client.pc'
[4.396s] Level 1:colcon.colcon_core.environment:checking '/home/chenhuixu/PX4_ros2/ros2_ws/src/install/mission_client/lib/python3.12/site-packages'
[4.396s] Level 1:colcon.colcon_core.environment:checking '/home/chenhuixu/PX4_ros2/ros2_ws/src/install/mission_client/bin'
[4.397s] INFO:colcon.colcon_core.shell:Creating package script '/home/chenhuixu/PX4_ros2/ros2_ws/src/install/mission_client/share/mission_client/package.ps1'
[4.397s] INFO:colcon.colcon_core.shell:Creating package descriptor '/home/chenhuixu/PX4_ros2/ros2_ws/src/install/mission_client/share/mission_client/package.dsv'
[4.397s] INFO:colcon.colcon_core.shell:Creating package script '/home/chenhuixu/PX4_ros2/ros2_ws/src/install/mission_client/share/mission_client/package.sh'
[4.397s] INFO:colcon.colcon_core.shell:Creating package script '/home/chenhuixu/PX4_ros2/ros2_ws/src/install/mission_client/share/mission_client/package.bash'
[4.398s] INFO:colcon.colcon_core.shell:Creating package script '/home/chenhuixu/PX4_ros2/ros2_ws/src/install/mission_client/share/mission_client/package.zsh'
[4.398s] Level 1:colcon.colcon_core.environment:create_file_with_runtime_dependencies(/home/chenhuixu/PX4_ros2/ros2_ws/src/install/mission_client/share/colcon-core/packages/mission_client)
[4.398s] Level 1:colcon.colcon_core.environment:create_environment_scripts_only(mission_client)
[4.398s] Level 1:colcon.colcon_core.environment:checking '/home/chenhuixu/PX4_ros2/ros2_ws/src/install/mission_client' for CMake module files
[4.399s] Level 1:colcon.colcon_core.environment:checking '/home/chenhuixu/PX4_ros2/ros2_ws/src/install/mission_client' for CMake config files
[4.399s] Level 1:colcon.colcon_core.shell:create_environment_hook('mission_client', 'cmake_prefix_path')
[4.399s] INFO:colcon.colcon_core.shell:Creating environment hook '/home/chenhuixu/PX4_ros2/ros2_ws/src/install/mission_client/share/mission_client/hook/cmake_prefix_path.ps1'
[4.399s] INFO:colcon.colcon_core.shell:Creating environment descriptor '/home/chenhuixu/PX4_ros2/ros2_ws/src/install/mission_client/share/mission_client/hook/cmake_prefix_path.dsv'
[4.399s] INFO:colcon.colcon_core.shell:Creating environment hook '/home/chenhuixu/PX4_ros2/ros2_ws/src/install/mission_client/share/mission_client/hook/cmake_prefix_path.sh'
[4.400s] Level 1:colcon.colcon_core.environment:checking '/home/chenhuixu/PX4_ros2/ros2_ws/src/install/mission_client/lib'
[4.400s] Level 1:colcon.colcon_core.environment:checking '/home/chenhuixu/PX4_ros2/ros2_ws/src/install/mission_client/bin'
[4.400s] Level 1:colcon.colcon_core.environment:checking '/home/chenhuixu/PX4_ros2/ros2_ws/src/install/mission_client/lib/pkgconfig/mission_client.pc'
[4.400s] Level 1:colcon.colcon_core.environment:checking '/home/chenhuixu/PX4_ros2/ros2_ws/src/install/mission_client/lib/python3.12/site-packages'
[4.400s] Level 1:colcon.colcon_core.environment:checking '/home/chenhuixu/PX4_ros2/ros2_ws/src/install/mission_client/bin'
[4.401s] INFO:colcon.colcon_core.shell:Creating package script '/home/chenhuixu/PX4_ros2/ros2_ws/src/install/mission_client/share/mission_client/package.ps1'
[4.402s] INFO:colcon.colcon_core.shell:Creating package descriptor '/home/chenhuixu/PX4_ros2/ros2_ws/src/install/mission_client/share/mission_client/package.dsv'
[4.402s] INFO:colcon.colcon_core.shell:Creating package script '/home/chenhuixu/PX4_ros2/ros2_ws/src/install/mission_client/share/mission_client/package.sh'
[4.402s] INFO:colcon.colcon_core.shell:Creating package script '/home/chenhuixu/PX4_ros2/ros2_ws/src/install/mission_client/share/mission_client/package.bash'
[4.402s] INFO:colcon.colcon_core.shell:Creating package script '/home/chenhuixu/PX4_ros2/ros2_ws/src/install/mission_client/share/mission_client/package.zsh'
[4.403s] Level 1:colcon.colcon_core.environment:create_file_with_runtime_dependencies(/home/chenhuixu/PX4_ros2/ros2_ws/src/install/mission_client/share/colcon-core/packages/mission_client)
[4.403s] DEBUG:colcon.colcon_parallel_executor.executor.parallel:closing loop
[4.403s] DEBUG:colcon.colcon_parallel_executor.executor.parallel:loop closed
[4.403s] DEBUG:colcon.colcon_parallel_executor.executor.parallel:run_until_complete finished with '0'
[4.403s] DEBUG:colcon.colcon_core.event_reactor:joining thread
[4.407s] INFO:colcon.colcon_core.plugin_system:Skipping extension 'colcon_notification.desktop_notification.terminal_notifier': Not used on non-Darwin systems
[4.407s] INFO:colcon.colcon_core.plugin_system:Skipping extension 'colcon_notification.desktop_notification.win32': Not used on non-Windows systems
[4.407s] INFO:colcon.colcon_notification.desktop_notification:Sending desktop notification using 'notify2'
[4.417s] DEBUG:colcon.colcon_core.event_reactor:joined thread
[4.417s] INFO:colcon.colcon_core.shell:Creating prefix script '/home/chenhuixu/PX4_ros2/ros2_ws/src/install/local_setup.ps1'
[4.418s] INFO:colcon.colcon_core.shell:Creating prefix util module '/home/chenhuixu/PX4_ros2/ros2_ws/src/install/_local_setup_util_ps1.py'
[4.419s] INFO:colcon.colcon_core.shell:Creating prefix chain script '/home/chenhuixu/PX4_ros2/ros2_ws/src/install/setup.ps1'
[4.421s] INFO:colcon.colcon_core.shell:Creating prefix script '/home/chenhuixu/PX4_ros2/ros2_ws/src/install/local_setup.sh'
[4.421s] INFO:colcon.colcon_core.shell:Creating prefix util module '/home/chenhuixu/PX4_ros2/ros2_ws/src/install/_local_setup_util_sh.py'
[4.422s] INFO:colcon.colcon_core.shell:Creating prefix chain script '/home/chenhuixu/PX4_ros2/ros2_ws/src/install/setup.sh'
[4.423s] INFO:colcon.colcon_core.shell:Creating prefix script '/home/chenhuixu/PX4_ros2/ros2_ws/src/install/local_setup.bash'
[4.423s] INFO:colcon.colcon_core.shell:Creating prefix chain script '/home/chenhuixu/PX4_ros2/ros2_ws/src/install/setup.bash'
[4.424s] INFO:colcon.colcon_core.shell:Creating prefix script '/home/chenhuixu/PX4_ros2/ros2_ws/src/install/local_setup.zsh'
[4.424s] INFO:colcon.colcon_core.shell:Creating prefix chain script '/home/chenhuixu/PX4_ros2/ros2_ws/src/install/setup.zsh'
