[0.017s] Invoking command in '/home/chenhuixu/PX4_ros2/ros2_ws/src/build/mission_client': CMAKE_PREFIX_PATH=${CMAKE_PREFIX_PATH}:/opt/ros/jazzy DEBUGINFOD_URLS=https://debuginfod.ubuntu.com /usr/bin/cmake /home/chenhuixu/PX4_ros2/ros2_ws/src/mission_client -DCMAKE_INSTALL_PREFIX=/home/chenhuixu/PX4_ros2/ros2_ws/src/install/mission_client
[0.148s] -- The C compiler identification is GNU 13.3.0
[0.207s] -- The CXX compiler identification is GNU 13.3.0
[0.226s] -- Detecting C compiler ABI info
[0.306s] -- Detecting C compiler ABI info - done
[0.313s] -- Check for working C compiler: /usr/bin/cc - skipped
[0.314s] -- Detecting C compile features
[0.314s] -- Detecting C compile features - done
[0.324s] -- Detecting CXX compiler ABI info
[0.403s] -- Detecting CXX compiler ABI info - done
[0.411s] -- Check for working CXX compiler: /usr/bin/c++ - skipped
[0.411s] -- Detecting CXX compile features
[0.412s] -- Detecting CXX compile features - done
[0.415s] -- Found ament_cmake: 2.5.4 (/opt/ros/jazzy/share/ament_cmake/cmake)
[0.524s] -- Found Python3: /usr/bin/python3 (found version "3.12.3") found components: Interpreter 
[0.598s] -- Found rclcpp: 28.1.12 (/opt/ros/jazzy/share/rclcpp/cmake)
[0.632s] -- Found rosidl_generator_c: 4.6.6 (/opt/ros/jazzy/share/rosidl_generator_c/cmake)
[0.641s] -- Found rosidl_generator_cpp: 4.6.6 (/opt/ros/jazzy/share/rosidl_generator_cpp/cmake)
[0.654s] -- Using all available rosidl_typesupport_c: rosidl_typesupport_fastrtps_c;rosidl_typesupport_introspection_c
[0.666s] -- Using all available rosidl_typesupport_cpp: rosidl_typesupport_fastrtps_cpp;rosidl_typesupport_introspection_cpp
[0.725s] -- Found rmw_implementation_cmake: 7.3.2 (/opt/ros/jazzy/share/rmw_implementation_cmake/cmake)
[0.727s] -- Found rmw_fastrtps_cpp: 8.4.3 (/opt/ros/jazzy/share/rmw_fastrtps_cpp/cmake)
[0.818s] -- Found OpenSSL: /usr/lib/x86_64-linux-gnu/libcrypto.so (found version "3.0.13")  
[0.842s] -- Found FastRTPS: /opt/ros/jazzy/include (Required is at least version "2.13") 
[0.865s] -- Using RMW implementation 'rmw_fastrtps_cpp' as default
[0.955s] -- Found geometry_msgs: 5.3.6 (/opt/ros/jazzy/share/geometry_msgs/cmake)
[0.983s] -- Found ament_lint_auto: 0.17.3 (/opt/ros/jazzy/share/ament_lint_auto/cmake)
[1.060s] -- Added test 'lint_cmake' to check CMake code style
[1.060s] -- Added test 'xmllint' to check XML markup files
[1.061s] -- Configuring done (1.0s)
[1.065s] -- Generating done (0.0s)
[1.067s] -- Build files have been written to: /home/chenhuixu/PX4_ros2/ros2_ws/src/build/mission_client
[1.075s] Invoked command in '/home/chenhuixu/PX4_ros2/ros2_ws/src/build/mission_client' returned '0': CMAKE_PREFIX_PATH=${CMAKE_PREFIX_PATH}:/opt/ros/jazzy DEBUGINFOD_URLS=https://debuginfod.ubuntu.com /usr/bin/cmake /home/chenhuixu/PX4_ros2/ros2_ws/src/mission_client -DCMAKE_INSTALL_PREFIX=/home/chenhuixu/PX4_ros2/ros2_ws/src/install/mission_client
[1.076s] Invoking command in '/home/chenhuixu/PX4_ros2/ros2_ws/src/build/mission_client': CMAKE_PREFIX_PATH=${CMAKE_PREFIX_PATH}:/opt/ros/jazzy DEBUGINFOD_URLS=https://debuginfod.ubuntu.com /usr/bin/cmake --build /home/chenhuixu/PX4_ros2/ros2_ws/src/build/mission_client -- -j16 -l16
[1.113s] Invoked command in '/home/chenhuixu/PX4_ros2/ros2_ws/src/build/mission_client' returned '0': CMAKE_PREFIX_PATH=${CMAKE_PREFIX_PATH}:/opt/ros/jazzy DEBUGINFOD_URLS=https://debuginfod.ubuntu.com /usr/bin/cmake --build /home/chenhuixu/PX4_ros2/ros2_ws/src/build/mission_client -- -j16 -l16
[1.123s] Invoking command in '/home/chenhuixu/PX4_ros2/ros2_ws/src/build/mission_client': CMAKE_PREFIX_PATH=${CMAKE_PREFIX_PATH}:/opt/ros/jazzy DEBUGINFOD_URLS=https://debuginfod.ubuntu.com /usr/bin/cmake --install /home/chenhuixu/PX4_ros2/ros2_ws/src/build/mission_client
[1.129s] -- Install configuration: ""
[1.130s] -- Installing: /home/chenhuixu/PX4_ros2/ros2_ws/src/install/mission_client/share/ament_index/resource_index/package_run_dependencies/mission_client
[1.130s] -- Installing: /home/chenhuixu/PX4_ros2/ros2_ws/src/install/mission_client/share/ament_index/resource_index/parent_prefix_path/mission_client
[1.130s] -- Installing: /home/chenhuixu/PX4_ros2/ros2_ws/src/install/mission_client/share/mission_client/environment/ament_prefix_path.sh
[1.130s] -- Installing: /home/chenhuixu/PX4_ros2/ros2_ws/src/install/mission_client/share/mission_client/environment/ament_prefix_path.dsv
[1.130s] -- Installing: /home/chenhuixu/PX4_ros2/ros2_ws/src/install/mission_client/share/mission_client/environment/path.sh
[1.130s] -- Installing: /home/chenhuixu/PX4_ros2/ros2_ws/src/install/mission_client/share/mission_client/environment/path.dsv
[1.130s] -- Installing: /home/chenhuixu/PX4_ros2/ros2_ws/src/install/mission_client/share/mission_client/local_setup.bash
[1.130s] -- Installing: /home/chenhuixu/PX4_ros2/ros2_ws/src/install/mission_client/share/mission_client/local_setup.sh
[1.131s] -- Installing: /home/chenhuixu/PX4_ros2/ros2_ws/src/install/mission_client/share/mission_client/local_setup.zsh
[1.131s] -- Installing: /home/chenhuixu/PX4_ros2/ros2_ws/src/install/mission_client/share/mission_client/local_setup.dsv
[1.131s] -- Installing: /home/chenhuixu/PX4_ros2/ros2_ws/src/install/mission_client/share/mission_client/package.dsv
[1.131s] -- Installing: /home/chenhuixu/PX4_ros2/ros2_ws/src/install/mission_client/share/ament_index/resource_index/packages/mission_client
[1.131s] -- Installing: /home/chenhuixu/PX4_ros2/ros2_ws/src/install/mission_client/share/mission_client/cmake/mission_clientConfig.cmake
[1.131s] -- Installing: /home/chenhuixu/PX4_ros2/ros2_ws/src/install/mission_client/share/mission_client/cmake/mission_clientConfig-version.cmake
[1.131s] -- Installing: /home/chenhuixu/PX4_ros2/ros2_ws/src/install/mission_client/share/mission_client/package.xml
[1.132s] Invoked command in '/home/chenhuixu/PX4_ros2/ros2_ws/src/build/mission_client' returned '0': CMAKE_PREFIX_PATH=${CMAKE_PREFIX_PATH}:/opt/ros/jazzy DEBUGINFOD_URLS=https://debuginfod.ubuntu.com /usr/bin/cmake --install /home/chenhuixu/PX4_ros2/ros2_ws/src/build/mission_client
