[0.307s] Invoking command in '/home/xun/workspace/PX4_ros2/ros2_ws/src/px4_control': PYTHONPATH=/home/xun/workspace/PX4_ros2/ros2_ws/build/px4_control/prefix_override:/usr/lib/python3/dist-packages/colcon_core/task/python/colcon_distutils_commands:/home/xun/workspace/PX4_ros2/ros2_ws/install/px4_control/lib/python3.10/site-packages:${PYTHONPATH} /usr/bin/python3 -W ignore:setup.py install is deprecated -W ignore:easy_install command is deprecated setup.py egg_info --egg-base ../../build/px4_control build --build-base /home/xun/workspace/PX4_ros2/ros2_ws/build/px4_control/build install --record /home/xun/workspace/PX4_ros2/ros2_ws/build/px4_control/install.log --single-version-externally-managed install_data
[0.414s] running egg_info
[0.414s] creating ../../build/px4_control/px4_control.egg-info
[0.414s] writing ../../build/px4_control/px4_control.egg-info/PKG-INFO
[0.414s] writing dependency_links to ../../build/px4_control/px4_control.egg-info/dependency_links.txt
[0.414s] writing entry points to ../../build/px4_control/px4_control.egg-info/entry_points.txt
[0.414s] writing requirements to ../../build/px4_control/px4_control.egg-info/requires.txt
[0.414s] writing top-level names to ../../build/px4_control/px4_control.egg-info/top_level.txt
[0.414s] writing manifest file '../../build/px4_control/px4_control.egg-info/SOURCES.txt'
[0.415s] reading manifest file '../../build/px4_control/px4_control.egg-info/SOURCES.txt'
[0.416s] writing manifest file '../../build/px4_control/px4_control.egg-info/SOURCES.txt'
[0.416s] running build
[0.416s] running build_py
[0.416s] creating /home/xun/workspace/PX4_ros2/ros2_ws/build/px4_control/build
[0.416s] creating /home/xun/workspace/PX4_ros2/ros2_ws/build/px4_control/build/lib
[0.416s] creating /home/xun/workspace/PX4_ros2/ros2_ws/build/px4_control/build/lib/px4_control
[0.416s] copying px4_control/__init__.py -> /home/xun/workspace/PX4_ros2/ros2_ws/build/px4_control/build/lib/px4_control
[0.416s] copying px4_control/goto.py -> /home/xun/workspace/PX4_ros2/ros2_ws/build/px4_control/build/lib/px4_control
[0.416s] copying px4_control/takeoff.py -> /home/xun/workspace/PX4_ros2/ros2_ws/build/px4_control/build/lib/px4_control
[0.416s] copying px4_control/land.py -> /home/xun/workspace/PX4_ros2/ros2_ws/build/px4_control/build/lib/px4_control
[0.416s] running install
[0.416s] running install_lib
[0.416s] creating /home/xun/workspace/PX4_ros2/ros2_ws/install/px4_control/lib/python3.10/site-packages/px4_control
[0.417s] copying /home/xun/workspace/PX4_ros2/ros2_ws/build/px4_control/build/lib/px4_control/__init__.py -> /home/xun/workspace/PX4_ros2/ros2_ws/install/px4_control/lib/python3.10/site-packages/px4_control
[0.417s] copying /home/xun/workspace/PX4_ros2/ros2_ws/build/px4_control/build/lib/px4_control/goto.py -> /home/xun/workspace/PX4_ros2/ros2_ws/install/px4_control/lib/python3.10/site-packages/px4_control
[0.417s] copying /home/xun/workspace/PX4_ros2/ros2_ws/build/px4_control/build/lib/px4_control/takeoff.py -> /home/xun/workspace/PX4_ros2/ros2_ws/install/px4_control/lib/python3.10/site-packages/px4_control
[0.417s] copying /home/xun/workspace/PX4_ros2/ros2_ws/build/px4_control/build/lib/px4_control/land.py -> /home/xun/workspace/PX4_ros2/ros2_ws/install/px4_control/lib/python3.10/site-packages/px4_control
[0.417s] byte-compiling /home/xun/workspace/PX4_ros2/ros2_ws/install/px4_control/lib/python3.10/site-packages/px4_control/__init__.py to __init__.cpython-310.pyc
[0.417s] byte-compiling /home/xun/workspace/PX4_ros2/ros2_ws/install/px4_control/lib/python3.10/site-packages/px4_control/goto.py to goto.cpython-310.pyc
[0.417s] byte-compiling /home/xun/workspace/PX4_ros2/ros2_ws/install/px4_control/lib/python3.10/site-packages/px4_control/takeoff.py to takeoff.cpython-310.pyc
[0.417s] byte-compiling /home/xun/workspace/PX4_ros2/ros2_ws/install/px4_control/lib/python3.10/site-packages/px4_control/land.py to land.cpython-310.pyc
[0.418s] running install_data
[0.418s] creating /home/xun/workspace/PX4_ros2/ros2_ws/install/px4_control/share/ament_index
[0.418s] creating /home/xun/workspace/PX4_ros2/ros2_ws/install/px4_control/share/ament_index/resource_index
[0.418s] creating /home/xun/workspace/PX4_ros2/ros2_ws/install/px4_control/share/ament_index/resource_index/packages
[0.418s] copying resource/px4_control -> /home/xun/workspace/PX4_ros2/ros2_ws/install/px4_control/share/ament_index/resource_index/packages
[0.418s] copying package.xml -> /home/xun/workspace/PX4_ros2/ros2_ws/install/px4_control/share/px4_control
[0.418s] running install_egg_info
[0.419s] Copying ../../build/px4_control/px4_control.egg-info to /home/xun/workspace/PX4_ros2/ros2_ws/install/px4_control/lib/python3.10/site-packages/px4_control-0.0.0-py3.10.egg-info
[0.419s] running install_scripts
[0.429s] Installing goto script to /home/xun/workspace/PX4_ros2/ros2_ws/install/px4_control/lib/px4_control
[0.429s] Installing land script to /home/xun/workspace/PX4_ros2/ros2_ws/install/px4_control/lib/px4_control
[0.429s] Installing takeoff script to /home/xun/workspace/PX4_ros2/ros2_ws/install/px4_control/lib/px4_control
[0.430s] writing list of installed files to '/home/xun/workspace/PX4_ros2/ros2_ws/build/px4_control/install.log'
[0.440s] Invoked command in '/home/xun/workspace/PX4_ros2/ros2_ws/src/px4_control' returned '0': PYTHONPATH=/home/xun/workspace/PX4_ros2/ros2_ws/build/px4_control/prefix_override:/usr/lib/python3/dist-packages/colcon_core/task/python/colcon_distutils_commands:/home/xun/workspace/PX4_ros2/ros2_ws/install/px4_control/lib/python3.10/site-packages:${PYTHONPATH} /usr/bin/python3 -W ignore:setup.py install is deprecated -W ignore:easy_install command is deprecated setup.py egg_info --egg-base ../../build/px4_control build --build-base /home/xun/workspace/PX4_ros2/ros2_ws/build/px4_control/build install --record /home/xun/workspace/PX4_ros2/ros2_ws/build/px4_control/install.log --single-version-externally-managed install_data
