[0.134s] Invoking command in '/home/chenhuixu/PX4_ros2/ros2_ws/src/build/service_interface': CMAKE_PREFIX_PATH=${CMAKE_PREFIX_PATH}:/home/chenhuixu/PX4_ros2/ros2_ws/src/install/px4_control:/opt/ros/jazzy DEBUGINFOD_URLS=https://debuginfod.ubuntu.com /usr/bin/cmake --build /home/chenhuixu/PX4_ros2/ros2_ws/src/build/service_interface -- -j16 -l16
[0.154s] -- Found ament_cmake: 2.5.4 (/opt/ros/jazzy/share/ament_cmake/cmake)
[0.171s] -- Found Python3: /usr/bin/python3 (found version "3.12.3") found components: Interpreter 
[0.229s] -- Found rosidl_default_generators: 1.6.0 (/opt/ros/jazzy/share/rosidl_default_generators/cmake)
[0.230s] -- Using all available rosidl_typesupport_c: rosidl_typesupport_fastrtps_c;rosidl_typesupport_introspection_c
[0.254s] -- Using all available rosidl_typesupport_cpp: rosidl_typesupport_fastrtps_cpp;rosidl_typesupport_introspection_cpp
[0.269s] -- Found rosidl_adapter: 4.6.6 (/opt/ros/jazzy/share/rosidl_adapter/cmake)
[0.373s] [31mCMake Error at /opt/ros/jazzy/share/rosidl_adapter/cmake/rosidl_adapt_interfaces.cmake:57 (message):
[0.373s]   execute_process(/usr/bin/python3 -m rosidl_adapter --package-name
[0.373s]   service_interface --arguments-file
[0.373s]   /home/chenhuixu/PX4_ros2/ros2_ws/src/build/service_interface/rosidl_adapter__arguments__service_interface.json
[0.373s]   --output-dir
[0.373s]   /home/chenhuixu/PX4_ros2/ros2_ws/src/build/service_interface/rosidl_adapter/service_interface
[0.373s]   --output-file
[0.373s]   /home/chenhuixu/PX4_ros2/ros2_ws/src/build/service_interface/rosidl_adapter/service_interface.idls)
[0.373s]   returned error code 1:
[0.373s] 
[0.373s]   Traceback (most recent call last):
[0.373s] 
[0.373s]     File "<frozen runpy>", line 198, in _run_module_as_main
[0.373s]     File "<frozen runpy>", line 88, in _run_code
[0.373s]     File "/opt/ros/jazzy/lib/python3.12/site-packages/rosidl_adapter/__main__.py", line 19, in <module>
[0.373s]       sys.exit(main())
[0.373s]                ^^^^^^
[0.373s]     File "/opt/ros/jazzy/lib/python3.12/site-packages/rosidl_adapter/main.py", line 53, in main
[0.373s]       abs_idl_file = convert_to_idl(
[0.373s]                      ^^^^^^^^^^^^^^^
[0.373s]     File "/opt/ros/jazzy/lib/python3.12/site-packages/rosidl_adapter/__init__.py", line 24, in convert_to_idl
[0.374s]       return convert_srv_to_idl(
[0.374s]              ^^^^^^^^^^^^^^^^^^^
[0.374s]     File "/opt/ros/jazzy/lib/python3.12/site-packages/rosidl_adapter/srv/__init__.py", line 28, in convert_srv_to_idl
[0.374s]       srv = parse_service_string(package_name, input_file.stem, content)
[0.374s]             ^^^^^^^^^^^^^^^^^^^^^^^^^^^^^^^^^^^^^^^^^^^^^^^^^^^^^^^^^^^^
[0.374s]     File "/opt/ros/jazzy/lib/python3.12/site-packages/rosidl_adapter/parser.py", line 860, in parse_service_string
[0.374s]       request_message = parse_message_string(
[0.374s]                         ^^^^^^^^^^^^^^^^^^^^^
[0.374s]     File "/opt/ros/jazzy/lib/python3.12/site-packages/rosidl_adapter/parser.py", line 545, in parse_message_string
[0.374s]       msg = MessageSpecification(pkg_name, msg_name, fields, constants)
[0.374s]             ^^^^^^^^^^^^^^^^^^^^^^^^^^^^^^^^^^^^^^^^^^^^^^^^^^^^^^^^^^^
[0.374s]     File "/opt/ros/jazzy/lib/python3.12/site-packages/rosidl_adapter/parser.py", line 389, in __init__
[0.374s]       self.base_type = BaseType(
[0.374s]                        ^^^^^^^^^
[0.374s]     File "/opt/ros/jazzy/lib/python3.12/site-packages/rosidl_adapter/parser.py", line 206, in __init__
[0.374s]       raise InvalidResourceName(
[0.374s] 
[0.374s]   rosidl_adapter.parser.InvalidResourceName: 'takeoff_Request' is an invalid
[0.374s]   message name.  It should have the pattern '^[A-Z][A-Za-z0-9]*$'
[0.374s] 
[0.374s] Call Stack (most recent call first):
[0.374s]   /opt/ros/jazzy/share/rosidl_cmake/cmake/rosidl_generate_interfaces.cmake:132 (rosidl_adapt_interfaces)
[0.374s]   CMakeLists.txt:11 (rosidl_generate_interfaces)
[0.374s] 
[0.374s] [0m
[0.374s] -- Configuring incomplete, errors occurred!
[0.378s] gmake: *** [Makefile:815：cmake_check_build_system] 错误 1
[0.380s] Invoked command in '/home/chenhuixu/PX4_ros2/ros2_ws/src/build/service_interface' returned '2': CMAKE_PREFIX_PATH=${CMAKE_PREFIX_PATH}:/home/chenhuixu/PX4_ros2/ros2_ws/src/install/px4_control:/opt/ros/jazzy DEBUGINFOD_URLS=https://debuginfod.ubuntu.com /usr/bin/cmake --build /home/chenhuixu/PX4_ros2/ros2_ws/src/build/service_interface -- -j16 -l16
