[0.128s] Invoking command in '/home/chenhuixu/PX4_ros2/ros2_ws/src/build/service_interface': CMAKE_PREFIX_PATH=${CMAKE_PREFIX_PATH}:/opt/ros/jazzy DEBUGINFOD_URLS=https://debuginfod.ubuntu.com /usr/bin/cmake /home/chenhuixu/PX4_ros2/ros2_ws/src/service_interface -DCMAKE_INSTALL_PREFIX=/home/chenhuixu/PX4_ros2/ros2_ws/src/install/service_interface
[0.138s] -- Found ament_cmake: 2.5.4 (/opt/ros/jazzy/share/ament_cmake/cmake)
[0.281s] -- Found rosidl_default_generators: 1.6.0 (/opt/ros/jazzy/share/rosidl_default_generators/cmake)
[0.282s] -- Using all available rosidl_typesupport_c: rosidl_typesupport_fastrtps_c;rosidl_typesupport_introspection_c
[0.304s] -- Using all available rosidl_typesupport_cpp: rosidl_typesupport_fastrtps_cpp;rosidl_typesupport_introspection_cpp
[0.324s] -- Found rosidl_adapter: 4.6.6 (/opt/ros/jazzy/share/rosidl_adapter/cmake)
[0.762s] -- Found ament_cmake_ros: 0.12.0 (/opt/ros/jazzy/share/ament_cmake_ros/cmake)
[1.073s] -- Using all available rosidl_typesupport_c: rosidl_typesupport_fastrtps_c;rosidl_typesupport_introspection_c
[1.474s] -- Using all available rosidl_typesupport_cpp: rosidl_typesupport_fastrtps_cpp;rosidl_typesupport_introspection_cpp
[1.477s] -- Found python_cmake_module: 0.11.1 (/opt/ros/jazzy/share/python_cmake_module/cmake)
[1.573s] -- Found PythonExtra: /usr/bin/python3  
[1.888s] -- Found Python3: /usr/bin/python3 (found version "3.12.3") found components: Interpreter Development NumPy Development.Module Development.Embed 
[1.913s] -- Found ament_lint_auto: 0.17.3 (/opt/ros/jazzy/share/ament_lint_auto/cmake)
[1.929s] -- Added test 'lint_cmake' to check CMake code style
[1.930s] -- Added test 'xmllint' to check XML markup files
[1.932s] -- Configuring done (1.8s)
[1.954s] -- Generating done (0.0s)
[1.961s] -- Build files have been written to: /home/chenhuixu/PX4_ros2/ros2_ws/src/build/service_interface
[1.967s] Invoked command in '/home/chenhuixu/PX4_ros2/ros2_ws/src/build/service_interface' returned '0': CMAKE_PREFIX_PATH=${CMAKE_PREFIX_PATH}:/opt/ros/jazzy DEBUGINFOD_URLS=https://debuginfod.ubuntu.com /usr/bin/cmake /home/chenhuixu/PX4_ros2/ros2_ws/src/service_interface -DCMAKE_INSTALL_PREFIX=/home/chenhuixu/PX4_ros2/ros2_ws/src/install/service_interface
[1.968s] Invoking command in '/home/chenhuixu/PX4_ros2/ros2_ws/src/build/service_interface': CMAKE_PREFIX_PATH=${CMAKE_PREFIX_PATH}:/opt/ros/jazzy DEBUGINFOD_URLS=https://debuginfod.ubuntu.com /usr/bin/cmake --build /home/chenhuixu/PX4_ros2/ros2_ws/src/build/service_interface -- -j16 -l16
[2.013s] [  2%] [34m[1mGenerating type hashes for ROS interfaces[0m
[2.022s] [  2%] Built target ament_cmake_python_copy_service_interface
[2.141s] [  2%] Built target service_interface__rosidl_generator_type_description
[2.146s] running egg_info
[2.146s] creating service_interface.egg-info
[2.152s] [  5%] [34m[1mGenerating C code for ROS interfaces[0m
[2.156s] writing service_interface.egg-info/PKG-INFO
[2.156s] writing dependency_links to service_interface.egg-info/dependency_links.txt
[2.156s] writing top-level names to service_interface.egg-info/top_level.txt
[2.156s] writing manifest file 'service_interface.egg-info/SOURCES.txt'
[2.159s] [  8%] [34m[1mGenerating C++ code for ROS interfaces[0m
[2.185s] reading manifest file 'service_interface.egg-info/SOURCES.txt'
[2.185s] writing manifest file 'service_interface.egg-info/SOURCES.txt'
[2.206s] [  8%] Built target ament_cmake_python_build_service_interface_egg
[2.332s] [  8%] Built target service_interface__cpp
[2.357s] [ 17%] [32mBuilding C object CMakeFiles/service_interface__rosidl_generator_c.dir/rosidl_generator_c/service_interface/srv/detail/move__type_support.c.o[0m
[2.357s] [ 17%] [32mBuilding C object CMakeFiles/service_interface__rosidl_generator_c.dir/rosidl_generator_c/service_interface/srv/detail/move__functions.c.o[0m
[2.357s] [ 17%] [32mBuilding C object CMakeFiles/service_interface__rosidl_generator_c.dir/rosidl_generator_c/service_interface/srv/detail/move__description.c.o[0m
[2.405s] [ 20%] [32m[1mLinking C shared library libservice_interface__rosidl_generator_c.so[0m
[2.441s] [ 20%] Built target service_interface__rosidl_generator_c
[2.449s] [ 29%] [34m[1mGenerating C introspection for ROS interfaces[0m
[2.449s] [ 29%] [34m[1mGenerating C++ type support dispatch for ROS interfaces[0m
[2.449s] [ 29%] [34m[1mGenerating C type support for eProsima Fast-RTPS[0m
[2.449s] [ 35%] [34m[1mGenerating C type support dispatch for ROS interfaces[0m
[2.449s] [ 35%] [34m[1mGenerating C++ type support for eProsima Fast-RTPS[0m
[2.450s] [ 38%] [34m[1mGenerating C++ introspection for ROS interfaces[0m
[2.598s] [ 44%] [32mBuilding CXX object CMakeFiles/service_interface__rosidl_typesupport_c.dir/rosidl_typesupport_c/service_interface/srv/move__type_support.cpp.o[0m
[2.598s] [ 44%] [32mBuilding CXX object CMakeFiles/service_interface__rosidl_typesupport_cpp.dir/rosidl_typesupport_cpp/service_interface/srv/move__type_support.cpp.o[0m
[2.622s] [ 50%] [32mBuilding C object CMakeFiles/service_interface__rosidl_typesupport_introspection_c.dir/rosidl_typesupport_introspection_c/service_interface/srv/detail/move__type_support.c.o[0m
[2.622s] [ 50%] [32mBuilding CXX object CMakeFiles/service_interface__rosidl_typesupport_introspection_cpp.dir/rosidl_typesupport_introspection_cpp/service_interface/srv/detail/move__type_support.cpp.o[0m
[2.636s] [ 52%] [32m[1mLinking CXX shared library libservice_interface__rosidl_typesupport_c.so[0m
[2.641s] [ 55%] [32mBuilding CXX object CMakeFiles/service_interface__rosidl_typesupport_fastrtps_cpp.dir/rosidl_typesupport_fastrtps_cpp/service_interface/srv/detail/dds_fastrtps/move__type_support.cpp.o[0m
[2.650s] [ 58%] [32mBuilding CXX object CMakeFiles/service_interface__rosidl_typesupport_fastrtps_c.dir/rosidl_typesupport_fastrtps_c/service_interface/srv/detail/move__type_support_c.cpp.o[0m
[2.657s] [ 61%] [32m[1mLinking C shared library libservice_interface__rosidl_typesupport_introspection_c.so[0m
[2.667s] [ 61%] Built target service_interface__rosidl_typesupport_c
[2.681s] [ 61%] Built target service_interface__rosidl_typesupport_introspection_c
[2.842s] [ 64%] [32m[1mLinking CXX shared library libservice_interface__rosidl_typesupport_cpp.so[0m
[2.882s] [ 67%] [32m[1mLinking CXX shared library libservice_interface__rosidl_typesupport_introspection_cpp.so[0m
[2.897s] [ 67%] Built target service_interface__rosidl_typesupport_cpp
[2.944s] [ 67%] Built target service_interface__rosidl_typesupport_introspection_cpp
[2.954s] [ 70%] [32m[1mLinking CXX shared library libservice_interface__rosidl_typesupport_fastrtps_c.so[0m
[3.006s] [ 70%] Built target service_interface__rosidl_typesupport_fastrtps_c
[3.016s] [ 73%] [32m[1mLinking CXX shared library libservice_interface__rosidl_typesupport_fastrtps_cpp.so[0m
[3.072s] [ 73%] Built target service_interface__rosidl_typesupport_fastrtps_cpp
[3.091s] [ 73%] Built target service_interface
[3.112s] [ 76%] [34m[1mGenerating Python code for ROS interfaces[0m
[3.330s] [ 76%] Built target service_interface__py
[3.350s] [ 79%] [32mBuilding C object CMakeFiles/service_interface__rosidl_generator_py.dir/rosidl_generator_py/service_interface/srv/_move_s.c.o[0m
[3.456s] [ 82%] [32m[1mLinking C shared library libservice_interface__rosidl_generator_py.so[0m
[3.492s] [ 82%] Built target service_interface__rosidl_generator_py
[3.509s] [ 88%] [32mBuilding C object CMakeFiles/service_interface_s__rosidl_typesupport_introspection_c.dir/rosidl_generator_py/service_interface/_service_interface_s.ep.rosidl_typesupport_introspection_c.c.o[0m
[3.509s] [ 88%] [32mBuilding C object CMakeFiles/service_interface_s__rosidl_typesupport_fastrtps_c.dir/rosidl_generator_py/service_interface/_service_interface_s.ep.rosidl_typesupport_fastrtps_c.c.o[0m
[3.509s] [ 91%] [32mBuilding C object CMakeFiles/service_interface_s__rosidl_typesupport_c.dir/rosidl_generator_py/service_interface/_service_interface_s.ep.rosidl_typesupport_c.c.o[0m
[3.581s] [ 97%] [32m[1mLinking C shared module rosidl_generator_py/service_interface/service_interface_s__rosidl_typesupport_introspection_c.so[0m
[3.581s] [ 97%] [32m[1mLinking C shared module rosidl_generator_py/service_interface/service_interface_s__rosidl_typesupport_c.so[0m
[3.582s] [100%] [32m[1mLinking C shared module rosidl_generator_py/service_interface/service_interface_s__rosidl_typesupport_fastrtps_c.so[0m
[3.605s] [100%] Built target service_interface_s__rosidl_typesupport_introspection_c
[3.605s] [100%] Built target service_interface_s__rosidl_typesupport_fastrtps_c
[3.605s] [100%] Built target service_interface_s__rosidl_typesupport_c
[3.619s] Invoked command in '/home/chenhuixu/PX4_ros2/ros2_ws/src/build/service_interface' returned '0': CMAKE_PREFIX_PATH=${CMAKE_PREFIX_PATH}:/opt/ros/jazzy DEBUGINFOD_URLS=https://debuginfod.ubuntu.com /usr/bin/cmake --build /home/chenhuixu/PX4_ros2/ros2_ws/src/build/service_interface -- -j16 -l16
[3.628s] Invoking command in '/home/chenhuixu/PX4_ros2/ros2_ws/src/build/service_interface': CMAKE_PREFIX_PATH=${CMAKE_PREFIX_PATH}:/opt/ros/jazzy DEBUGINFOD_URLS=https://debuginfod.ubuntu.com /usr/bin/cmake --install /home/chenhuixu/PX4_ros2/ros2_ws/src/build/service_interface
[3.635s] -- Install configuration: ""
[3.635s] -- Installing: /home/chenhuixu/PX4_ros2/ros2_ws/src/install/service_interface/share/ament_index/resource_index/rosidl_interfaces/service_interface
[3.635s] -- Installing: /home/chenhuixu/PX4_ros2/ros2_ws/src/install/service_interface/share/service_interface/srv/Move.json
[3.635s] -- Installing: /home/chenhuixu/PX4_ros2/ros2_ws/src/install/service_interface/include/service_interface/service_interface
[3.636s] -- Installing: /home/chenhuixu/PX4_ros2/ros2_ws/src/install/service_interface/include/service_interface/service_interface/msg
[3.636s] -- Installing: /home/chenhuixu/PX4_ros2/ros2_ws/src/install/service_interface/include/service_interface/service_interface/msg/rosidl_generator_c__visibility_control.h
[3.636s] -- Installing: /home/chenhuixu/PX4_ros2/ros2_ws/src/install/service_interface/include/service_interface/service_interface/srv
[3.636s] -- Installing: /home/chenhuixu/PX4_ros2/ros2_ws/src/install/service_interface/include/service_interface/service_interface/srv/detail
[3.636s] -- Installing: /home/chenhuixu/PX4_ros2/ros2_ws/src/install/service_interface/include/service_interface/service_interface/srv/detail/move__type_support.h
[3.636s] -- Installing: /home/chenhuixu/PX4_ros2/ros2_ws/src/install/service_interface/include/service_interface/service_interface/srv/detail/move__type_support.c
[3.636s] -- Installing: /home/chenhuixu/PX4_ros2/ros2_ws/src/install/service_interface/include/service_interface/service_interface/srv/detail/move__struct.h
[3.636s] -- Installing: /home/chenhuixu/PX4_ros2/ros2_ws/src/install/service_interface/include/service_interface/service_interface/srv/detail/move__functions.h
[3.636s] -- Installing: /home/chenhuixu/PX4_ros2/ros2_ws/src/install/service_interface/include/service_interface/service_interface/srv/detail/move__description.c
[3.636s] -- Installing: /home/chenhuixu/PX4_ros2/ros2_ws/src/install/service_interface/include/service_interface/service_interface/srv/detail/move__functions.c
[3.637s] -- Installing: /home/chenhuixu/PX4_ros2/ros2_ws/src/install/service_interface/include/service_interface/service_interface/srv/move.h
[3.637s] -- Installing: /home/chenhuixu/PX4_ros2/ros2_ws/src/install/service_interface/share/service_interface/environment/library_path.sh
[3.637s] -- Installing: /home/chenhuixu/PX4_ros2/ros2_ws/src/install/service_interface/share/service_interface/environment/library_path.dsv
[3.637s] -- Installing: /home/chenhuixu/PX4_ros2/ros2_ws/src/install/service_interface/lib/libservice_interface__rosidl_generator_c.so
[3.637s] -- Set non-toolchain portion of runtime path of "/home/chenhuixu/PX4_ros2/ros2_ws/src/install/service_interface/lib/libservice_interface__rosidl_generator_c.so" to ""
[3.637s] -- Up-to-date: /home/chenhuixu/PX4_ros2/ros2_ws/src/install/service_interface/include/service_interface/service_interface
[3.637s] -- Up-to-date: /home/chenhuixu/PX4_ros2/ros2_ws/src/install/service_interface/include/service_interface/service_interface/msg
[3.637s] -- Installing: /home/chenhuixu/PX4_ros2/ros2_ws/src/install/service_interface/include/service_interface/service_interface/msg/rosidl_typesupport_fastrtps_c__visibility_control.h
[3.637s] -- Up-to-date: /home/chenhuixu/PX4_ros2/ros2_ws/src/install/service_interface/include/service_interface/service_interface/srv
[3.637s] -- Up-to-date: /home/chenhuixu/PX4_ros2/ros2_ws/src/install/service_interface/include/service_interface/service_interface/srv/detail
[3.637s] -- Installing: /home/chenhuixu/PX4_ros2/ros2_ws/src/install/service_interface/include/service_interface/service_interface/srv/detail/move__rosidl_typesupport_fastrtps_c.h
[3.637s] -- Installing: /home/chenhuixu/PX4_ros2/ros2_ws/src/install/service_interface/lib/libservice_interface__rosidl_typesupport_fastrtps_c.so
[3.637s] -- Set non-toolchain portion of runtime path of "/home/chenhuixu/PX4_ros2/ros2_ws/src/install/service_interface/lib/libservice_interface__rosidl_typesupport_fastrtps_c.so" to ""
[3.637s] -- Up-to-date: /home/chenhuixu/PX4_ros2/ros2_ws/src/install/service_interface/include/service_interface/service_interface
[3.638s] -- Up-to-date: /home/chenhuixu/PX4_ros2/ros2_ws/src/install/service_interface/include/service_interface/service_interface/msg
[3.638s] -- Installing: /home/chenhuixu/PX4_ros2/ros2_ws/src/install/service_interface/include/service_interface/service_interface/msg/rosidl_typesupport_introspection_c__visibility_control.h
[3.638s] -- Up-to-date: /home/chenhuixu/PX4_ros2/ros2_ws/src/install/service_interface/include/service_interface/service_interface/srv
[3.638s] -- Up-to-date: /home/chenhuixu/PX4_ros2/ros2_ws/src/install/service_interface/include/service_interface/service_interface/srv/detail
[3.638s] -- Up-to-date: /home/chenhuixu/PX4_ros2/ros2_ws/src/install/service_interface/include/service_interface/service_interface/srv/detail/move__type_support.c
[3.638s] -- Installing: /home/chenhuixu/PX4_ros2/ros2_ws/src/install/service_interface/include/service_interface/service_interface/srv/detail/move__rosidl_typesupport_introspection_c.h
[3.638s] -- Installing: /home/chenhuixu/PX4_ros2/ros2_ws/src/install/service_interface/lib/libservice_interface__rosidl_typesupport_introspection_c.so
[3.638s] -- Set non-toolchain portion of runtime path of "/home/chenhuixu/PX4_ros2/ros2_ws/src/install/service_interface/lib/libservice_interface__rosidl_typesupport_introspection_c.so" to ""
[3.638s] -- Installing: /home/chenhuixu/PX4_ros2/ros2_ws/src/install/service_interface/lib/libservice_interface__rosidl_typesupport_c.so
[3.638s] -- Set non-toolchain portion of runtime path of "/home/chenhuixu/PX4_ros2/ros2_ws/src/install/service_interface/lib/libservice_interface__rosidl_typesupport_c.so" to ""
[3.638s] -- Up-to-date: /home/chenhuixu/PX4_ros2/ros2_ws/src/install/service_interface/include/service_interface/service_interface
[3.639s] -- Up-to-date: /home/chenhuixu/PX4_ros2/ros2_ws/src/install/service_interface/include/service_interface/service_interface/msg
[3.639s] -- Installing: /home/chenhuixu/PX4_ros2/ros2_ws/src/install/service_interface/include/service_interface/service_interface/msg/rosidl_generator_cpp__visibility_control.hpp
[3.639s] -- Up-to-date: /home/chenhuixu/PX4_ros2/ros2_ws/src/install/service_interface/include/service_interface/service_interface/srv
[3.639s] -- Installing: /home/chenhuixu/PX4_ros2/ros2_ws/src/install/service_interface/include/service_interface/service_interface/srv/move.hpp
[3.639s] -- Up-to-date: /home/chenhuixu/PX4_ros2/ros2_ws/src/install/service_interface/include/service_interface/service_interface/srv/detail
[3.639s] -- Installing: /home/chenhuixu/PX4_ros2/ros2_ws/src/install/service_interface/include/service_interface/service_interface/srv/detail/move__builder.hpp
[3.639s] -- Installing: /home/chenhuixu/PX4_ros2/ros2_ws/src/install/service_interface/include/service_interface/service_interface/srv/detail/move__type_support.hpp
[3.639s] -- Installing: /home/chenhuixu/PX4_ros2/ros2_ws/src/install/service_interface/include/service_interface/service_interface/srv/detail/move__traits.hpp
[3.639s] -- Installing: /home/chenhuixu/PX4_ros2/ros2_ws/src/install/service_interface/include/service_interface/service_interface/srv/detail/move__struct.hpp
[3.639s] -- Up-to-date: /home/chenhuixu/PX4_ros2/ros2_ws/src/install/service_interface/include/service_interface/service_interface
[3.639s] -- Up-to-date: /home/chenhuixu/PX4_ros2/ros2_ws/src/install/service_interface/include/service_interface/service_interface/msg
[3.639s] -- Installing: /home/chenhuixu/PX4_ros2/ros2_ws/src/install/service_interface/include/service_interface/service_interface/msg/rosidl_typesupport_fastrtps_cpp__visibility_control.h
[3.639s] -- Up-to-date: /home/chenhuixu/PX4_ros2/ros2_ws/src/install/service_interface/include/service_interface/service_interface/srv
[3.639s] -- Up-to-date: /home/chenhuixu/PX4_ros2/ros2_ws/src/install/service_interface/include/service_interface/service_interface/srv/detail
[3.639s] -- Installing: /home/chenhuixu/PX4_ros2/ros2_ws/src/install/service_interface/include/service_interface/service_interface/srv/detail/move__rosidl_typesupport_fastrtps_cpp.hpp
[3.639s] -- Installing: /home/chenhuixu/PX4_ros2/ros2_ws/src/install/service_interface/include/service_interface/service_interface/srv/detail/dds_fastrtps
[3.639s] -- Installing: /home/chenhuixu/PX4_ros2/ros2_ws/src/install/service_interface/lib/libservice_interface__rosidl_typesupport_fastrtps_cpp.so
[3.640s] -- Set non-toolchain portion of runtime path of "/home/chenhuixu/PX4_ros2/ros2_ws/src/install/service_interface/lib/libservice_interface__rosidl_typesupport_fastrtps_cpp.so" to ""
[3.640s] -- Up-to-date: /home/chenhuixu/PX4_ros2/ros2_ws/src/install/service_interface/include/service_interface/service_interface
[3.640s] -- Up-to-date: /home/chenhuixu/PX4_ros2/ros2_ws/src/install/service_interface/include/service_interface/service_interface/srv
[3.640s] -- Up-to-date: /home/chenhuixu/PX4_ros2/ros2_ws/src/install/service_interface/include/service_interface/service_interface/srv/detail
[3.640s] -- Installing: /home/chenhuixu/PX4_ros2/ros2_ws/src/install/service_interface/include/service_interface/service_interface/srv/detail/move__type_support.cpp
[3.640s] -- Installing: /home/chenhuixu/PX4_ros2/ros2_ws/src/install/service_interface/include/service_interface/service_interface/srv/detail/move__rosidl_typesupport_introspection_cpp.hpp
[3.640s] -- Installing: /home/chenhuixu/PX4_ros2/ros2_ws/src/install/service_interface/lib/libservice_interface__rosidl_typesupport_introspection_cpp.so
[3.640s] -- Set non-toolchain portion of runtime path of "/home/chenhuixu/PX4_ros2/ros2_ws/src/install/service_interface/lib/libservice_interface__rosidl_typesupport_introspection_cpp.so" to ""
[3.640s] -- Installing: /home/chenhuixu/PX4_ros2/ros2_ws/src/install/service_interface/lib/libservice_interface__rosidl_typesupport_cpp.so
[3.641s] -- Set non-toolchain portion of runtime path of "/home/chenhuixu/PX4_ros2/ros2_ws/src/install/service_interface/lib/libservice_interface__rosidl_typesupport_cpp.so" to ""
[3.641s] -- Installing: /home/chenhuixu/PX4_ros2/ros2_ws/src/install/service_interface/share/service_interface/environment/pythonpath.sh
[3.641s] -- Installing: /home/chenhuixu/PX4_ros2/ros2_ws/src/install/service_interface/share/service_interface/environment/pythonpath.dsv
[3.641s] -- Installing: /home/chenhuixu/PX4_ros2/ros2_ws/src/install/service_interface/lib/python3.12/site-packages/service_interface-0.0.0-py3.12.egg-info
[3.641s] -- Installing: /home/chenhuixu/PX4_ros2/ros2_ws/src/install/service_interface/lib/python3.12/site-packages/service_interface-0.0.0-py3.12.egg-info/top_level.txt
[3.641s] -- Installing: /home/chenhuixu/PX4_ros2/ros2_ws/src/install/service_interface/lib/python3.12/site-packages/service_interface-0.0.0-py3.12.egg-info/SOURCES.txt
[3.641s] -- Installing: /home/chenhuixu/PX4_ros2/ros2_ws/src/install/service_interface/lib/python3.12/site-packages/service_interface-0.0.0-py3.12.egg-info/dependency_links.txt
[3.641s] -- Installing: /home/chenhuixu/PX4_ros2/ros2_ws/src/install/service_interface/lib/python3.12/site-packages/service_interface-0.0.0-py3.12.egg-info/PKG-INFO
[3.641s] -- Installing: /home/chenhuixu/PX4_ros2/ros2_ws/src/install/service_interface/lib/python3.12/site-packages/service_interface
[3.641s] -- Installing: /home/chenhuixu/PX4_ros2/ros2_ws/src/install/service_interface/lib/python3.12/site-packages/service_interface/service_interface_s__rosidl_typesupport_introspection_c.so
[3.642s] -- Installing: /home/chenhuixu/PX4_ros2/ros2_ws/src/install/service_interface/lib/python3.12/site-packages/service_interface/srv
[3.642s] -- Installing: /home/chenhuixu/PX4_ros2/ros2_ws/src/install/service_interface/lib/python3.12/site-packages/service_interface/srv/_move_s.c
[3.642s] -- Installing: /home/chenhuixu/PX4_ros2/ros2_ws/src/install/service_interface/lib/python3.12/site-packages/service_interface/srv/_move.py
[3.642s] -- Installing: /home/chenhuixu/PX4_ros2/ros2_ws/src/install/service_interface/lib/python3.12/site-packages/service_interface/srv/__init__.py
[3.642s] -- Installing: /home/chenhuixu/PX4_ros2/ros2_ws/src/install/service_interface/lib/python3.12/site-packages/service_interface/_service_interface_s.ep.rosidl_typesupport_fastrtps_c.c
[3.642s] -- Installing: /home/chenhuixu/PX4_ros2/ros2_ws/src/install/service_interface/lib/python3.12/site-packages/service_interface/service_interface_s__rosidl_typesupport_fastrtps_c.so
[3.642s] -- Installing: /home/chenhuixu/PX4_ros2/ros2_ws/src/install/service_interface/lib/python3.12/site-packages/service_interface/__init__.py
[3.642s] -- Installing: /home/chenhuixu/PX4_ros2/ros2_ws/src/install/service_interface/lib/python3.12/site-packages/service_interface/_service_interface_s.ep.rosidl_typesupport_introspection_c.c
[3.642s] -- Installing: /home/chenhuixu/PX4_ros2/ros2_ws/src/install/service_interface/lib/python3.12/site-packages/service_interface/service_interface_s__rosidl_typesupport_c.so
[3.642s] -- Installing: /home/chenhuixu/PX4_ros2/ros2_ws/src/install/service_interface/lib/python3.12/site-packages/service_interface/_service_interface_s.ep.rosidl_typesupport_c.c
[3.669s] Listing '/home/chenhuixu/PX4_ros2/ros2_ws/src/install/service_interface/lib/python3.12/site-packages/service_interface'...
[3.669s] Compiling '/home/chenhuixu/PX4_ros2/ros2_ws/src/install/service_interface/lib/python3.12/site-packages/service_interface/__init__.py'...
[3.669s] Listing '/home/chenhuixu/PX4_ros2/ros2_ws/src/install/service_interface/lib/python3.12/site-packages/service_interface/srv'...
[3.670s] Compiling '/home/chenhuixu/PX4_ros2/ros2_ws/src/install/service_interface/lib/python3.12/site-packages/service_interface/srv/__init__.py'...
[3.670s] Compiling '/home/chenhuixu/PX4_ros2/ros2_ws/src/install/service_interface/lib/python3.12/site-packages/service_interface/srv/_move.py'...
[3.673s] -- Installing: /home/chenhuixu/PX4_ros2/ros2_ws/src/install/service_interface/lib/python3.12/site-packages/service_interface/service_interface_s__rosidl_typesupport_fastrtps_c.so
[3.673s] -- Set non-toolchain portion of runtime path of "/home/chenhuixu/PX4_ros2/ros2_ws/src/install/service_interface/lib/python3.12/site-packages/service_interface/service_interface_s__rosidl_typesupport_fastrtps_c.so" to ""
[3.674s] -- Installing: /home/chenhuixu/PX4_ros2/ros2_ws/src/install/service_interface/lib/python3.12/site-packages/service_interface/service_interface_s__rosidl_typesupport_introspection_c.so
[3.674s] -- Set non-toolchain portion of runtime path of "/home/chenhuixu/PX4_ros2/ros2_ws/src/install/service_interface/lib/python3.12/site-packages/service_interface/service_interface_s__rosidl_typesupport_introspection_c.so" to ""
[3.674s] -- Installing: /home/chenhuixu/PX4_ros2/ros2_ws/src/install/service_interface/lib/python3.12/site-packages/service_interface/service_interface_s__rosidl_typesupport_c.so
[3.674s] -- Set non-toolchain portion of runtime path of "/home/chenhuixu/PX4_ros2/ros2_ws/src/install/service_interface/lib/python3.12/site-packages/service_interface/service_interface_s__rosidl_typesupport_c.so" to ""
[3.674s] -- Installing: /home/chenhuixu/PX4_ros2/ros2_ws/src/install/service_interface/lib/libservice_interface__rosidl_generator_py.so
[3.674s] -- Set non-toolchain portion of runtime path of "/home/chenhuixu/PX4_ros2/ros2_ws/src/install/service_interface/lib/libservice_interface__rosidl_generator_py.so" to ""
[3.675s] -- Installing: /home/chenhuixu/PX4_ros2/ros2_ws/src/install/service_interface/share/service_interface/srv/Move.idl
[3.675s] -- Installing: /home/chenhuixu/PX4_ros2/ros2_ws/src/install/service_interface/share/service_interface/srv/Move.srv
[3.675s] -- Installing: /home/chenhuixu/PX4_ros2/ros2_ws/src/install/service_interface/share/ament_index/resource_index/package_run_dependencies/service_interface
[3.675s] -- Installing: /home/chenhuixu/PX4_ros2/ros2_ws/src/install/service_interface/share/ament_index/resource_index/parent_prefix_path/service_interface
[3.675s] -- Installing: /home/chenhuixu/PX4_ros2/ros2_ws/src/install/service_interface/share/service_interface/environment/ament_prefix_path.sh
[3.675s] -- Installing: /home/chenhuixu/PX4_ros2/ros2_ws/src/install/service_interface/share/service_interface/environment/ament_prefix_path.dsv
[3.675s] -- Installing: /home/chenhuixu/PX4_ros2/ros2_ws/src/install/service_interface/share/service_interface/environment/path.sh
[3.675s] -- Installing: /home/chenhuixu/PX4_ros2/ros2_ws/src/install/service_interface/share/service_interface/environment/path.dsv
[3.675s] -- Installing: /home/chenhuixu/PX4_ros2/ros2_ws/src/install/service_interface/share/service_interface/local_setup.bash
[3.675s] -- Installing: /home/chenhuixu/PX4_ros2/ros2_ws/src/install/service_interface/share/service_interface/local_setup.sh
[3.675s] -- Installing: /home/chenhuixu/PX4_ros2/ros2_ws/src/install/service_interface/share/service_interface/local_setup.zsh
[3.676s] -- Installing: /home/chenhuixu/PX4_ros2/ros2_ws/src/install/service_interface/share/service_interface/local_setup.dsv
[3.676s] -- Installing: /home/chenhuixu/PX4_ros2/ros2_ws/src/install/service_interface/share/service_interface/package.dsv
[3.676s] -- Installing: /home/chenhuixu/PX4_ros2/ros2_ws/src/install/service_interface/share/ament_index/resource_index/packages/service_interface
[3.676s] -- Installing: /home/chenhuixu/PX4_ros2/ros2_ws/src/install/service_interface/share/service_interface/cmake/export_service_interface__rosidl_generator_cExport.cmake
[3.676s] -- Installing: /home/chenhuixu/PX4_ros2/ros2_ws/src/install/service_interface/share/service_interface/cmake/export_service_interface__rosidl_generator_cExport-noconfig.cmake
[3.676s] -- Installing: /home/chenhuixu/PX4_ros2/ros2_ws/src/install/service_interface/share/service_interface/cmake/export_service_interface__rosidl_typesupport_fastrtps_cExport.cmake
[3.676s] -- Installing: /home/chenhuixu/PX4_ros2/ros2_ws/src/install/service_interface/share/service_interface/cmake/export_service_interface__rosidl_typesupport_fastrtps_cExport-noconfig.cmake
[3.676s] -- Installing: /home/chenhuixu/PX4_ros2/ros2_ws/src/install/service_interface/share/service_interface/cmake/service_interface__rosidl_typesupport_introspection_cExport.cmake
[3.676s] -- Installing: /home/chenhuixu/PX4_ros2/ros2_ws/src/install/service_interface/share/service_interface/cmake/service_interface__rosidl_typesupport_introspection_cExport-noconfig.cmake
[3.676s] -- Installing: /home/chenhuixu/PX4_ros2/ros2_ws/src/install/service_interface/share/service_interface/cmake/service_interface__rosidl_typesupport_cExport.cmake
[3.677s] -- Installing: /home/chenhuixu/PX4_ros2/ros2_ws/src/install/service_interface/share/service_interface/cmake/service_interface__rosidl_typesupport_cExport-noconfig.cmake
[3.677s] -- Installing: /home/chenhuixu/PX4_ros2/ros2_ws/src/install/service_interface/share/service_interface/cmake/export_service_interface__rosidl_generator_cppExport.cmake
[3.677s] -- Installing: /home/chenhuixu/PX4_ros2/ros2_ws/src/install/service_interface/share/service_interface/cmake/export_service_interface__rosidl_typesupport_fastrtps_cppExport.cmake
[3.677s] -- Installing: /home/chenhuixu/PX4_ros2/ros2_ws/src/install/service_interface/share/service_interface/cmake/export_service_interface__rosidl_typesupport_fastrtps_cppExport-noconfig.cmake
[3.677s] -- Installing: /home/chenhuixu/PX4_ros2/ros2_ws/src/install/service_interface/share/service_interface/cmake/service_interface__rosidl_typesupport_introspection_cppExport.cmake
[3.677s] -- Installing: /home/chenhuixu/PX4_ros2/ros2_ws/src/install/service_interface/share/service_interface/cmake/service_interface__rosidl_typesupport_introspection_cppExport-noconfig.cmake
[3.677s] -- Installing: /home/chenhuixu/PX4_ros2/ros2_ws/src/install/service_interface/share/service_interface/cmake/service_interface__rosidl_typesupport_cppExport.cmake
[3.677s] -- Installing: /home/chenhuixu/PX4_ros2/ros2_ws/src/install/service_interface/share/service_interface/cmake/service_interface__rosidl_typesupport_cppExport-noconfig.cmake
[3.677s] -- Installing: /home/chenhuixu/PX4_ros2/ros2_ws/src/install/service_interface/share/service_interface/cmake/export_service_interface__rosidl_generator_pyExport.cmake
[3.677s] -- Installing: /home/chenhuixu/PX4_ros2/ros2_ws/src/install/service_interface/share/service_interface/cmake/export_service_interface__rosidl_generator_pyExport-noconfig.cmake
[3.677s] -- Installing: /home/chenhuixu/PX4_ros2/ros2_ws/src/install/service_interface/share/service_interface/cmake/rosidl_cmake-extras.cmake
[3.678s] -- Installing: /home/chenhuixu/PX4_ros2/ros2_ws/src/install/service_interface/share/service_interface/cmake/ament_cmake_export_dependencies-extras.cmake
[3.678s] -- Installing: /home/chenhuixu/PX4_ros2/ros2_ws/src/install/service_interface/share/service_interface/cmake/ament_cmake_export_include_directories-extras.cmake
[3.678s] -- Installing: /home/chenhuixu/PX4_ros2/ros2_ws/src/install/service_interface/share/service_interface/cmake/ament_cmake_export_libraries-extras.cmake
[3.678s] -- Installing: /home/chenhuixu/PX4_ros2/ros2_ws/src/install/service_interface/share/service_interface/cmake/ament_cmake_export_targets-extras.cmake
[3.678s] -- Installing: /home/chenhuixu/PX4_ros2/ros2_ws/src/install/service_interface/share/service_interface/cmake/rosidl_cmake_export_typesupport_targets-extras.cmake
[3.678s] -- Installing: /home/chenhuixu/PX4_ros2/ros2_ws/src/install/service_interface/share/service_interface/cmake/rosidl_cmake_export_typesupport_libraries-extras.cmake
[3.678s] -- Installing: /home/chenhuixu/PX4_ros2/ros2_ws/src/install/service_interface/share/service_interface/cmake/service_interfaceConfig.cmake
[3.678s] -- Installing: /home/chenhuixu/PX4_ros2/ros2_ws/src/install/service_interface/share/service_interface/cmake/service_interfaceConfig-version.cmake
[3.678s] -- Installing: /home/chenhuixu/PX4_ros2/ros2_ws/src/install/service_interface/share/service_interface/package.xml
[3.680s] Invoked command in '/home/chenhuixu/PX4_ros2/ros2_ws/src/build/service_interface' returned '0': CMAKE_PREFIX_PATH=${CMAKE_PREFIX_PATH}:/opt/ros/jazzy DEBUGINFOD_URLS=https://debuginfod.ubuntu.com /usr/bin/cmake --install /home/chenhuixu/PX4_ros2/ros2_ws/src/build/service_interface
