-- Found ament_cmake: 2.5.4 (/opt/ros/jazzy/share/ament_cmake/cmake)
-- Found rclcpp: 28.1.12 (/opt/ros/jazzy/share/rclcpp/cmake)
-- Found rosidl_generator_c: 4.6.6 (/opt/ros/jazzy/share/rosidl_generator_c/cmake)
-- Found rosidl_generator_cpp: 4.6.6 (/opt/ros/jazzy/share/rosidl_generator_cpp/cmake)
-- Using all available rosidl_typesupport_c: rosidl_typesupport_fastrtps_c;rosidl_typesupport_introspection_c
-- Using all available rosidl_typesupport_cpp: rosidl_typesupport_fastrtps_cpp;rosidl_typesupport_introspection_cpp
-- Found rmw_implementation_cmake: 7.3.2 (/opt/ros/jazzy/share/rmw_implementation_cmake/cmake)
-- Found rmw_fastrtps_cpp: 8.4.3 (/opt/ros/jazzy/share/rmw_fastrtps_cpp/cmake)
-- Using RMW implementation 'rmw_fastrtps_cpp' as default
-- Found geometry_msgs: 5.3.6 (/opt/ros/jazzy/share/geometry_msgs/cmake)
-- Found service_interface: 0.0.0 (/home/chenhuixu/PX4_ros2/ros2_ws/src/install/service_interface/share/service_interface/cmake)
-- Found ament_lint_auto: 0.17.3 (/opt/ros/jazzy/share/ament_lint_auto/cmake)
-- Added test 'cppcheck' to perform static code analysis on C / C++ code
-- Configured cppcheck include dirs: 
-- Configured cppcheck exclude dirs and/or files: 
-- Added test 'lint_cmake' to check CMake code style
-- Added test 'uncrustify' to check C / C++ code style
-- Configured uncrustify additional arguments: 
-- Added test 'xmllint' to check XML markup files
-- Configuring done (0.4s)
-- Generating done (0.0s)
-- Build files have been written to: /home/chenhuixu/PX4_ros2/ros2_ws/src/build/mission_client
[ 50%] [32mBuilding CXX object CMakeFiles/mission_client.dir/src/mission_client.cpp.o[0m
[01m[K/home/chenhuixu/PX4_ros2/ros2_ws/src/mission_client/src/mission_client.cpp:[m[K In member function ‘[01m[Kvoid DroneControlClient::[01;32m[Kcall_land_service[m[K(const std::vector<std::__cxx11::basic_string<char>, std::allocator<std::__cxx11::basic_string<char> > >&)[m[K’:
[01m[K/home/chenhuixu/PX4_ros2/ros2_ws/src/mission_client/src/mission_client.cpp:56:64:[m[K [01;35m[Kwarning: [m[Kunused parameter ‘[01m[Ktokens[m[K’ [[01;35m[K]8;;https://gcc.gnu.org/onlinedocs/gcc/Warning-Options.html#index-Wunused-parameter-Wunused-parameter]8;;[m[K]
   56 |         void call_land_service([01;35m[Kconst std::vector<std::string>& tokens[m[K){
      |                                [01;35m[K~~~~~~~~~~~~~~~~~~~~~~~~~~~~~~~~^~~~~~[m[K
[01m[K/home/chenhuixu/PX4_ros2/ros2_ws/src/mission_client/src/mission_client.cpp:[m[K In member function ‘[01m[Kvoid DroneControlClient::[01;32m[Khandle_move_command[m[K(const std::vector<std::__cxx11::basic_string<char>, std::allocator<std::__cxx11::basic_string<char> > >&)[m[K’:
[01m[K/home/chenhuixu/PX4_ros2/ros2_ws/src/mission_client/src/mission_client.cpp:100:19:[m[K [01;35m[Kwarning: [m[Kvariable ‘[01m[Kspeed[m[K’ set but not used [[01;35m[K]8;;https://gcc.gnu.org/onlinedocs/gcc/Warning-Options.html#index-Wunused-but-set-variable-Wunused-but-set-variable]8;;[m[K]
  100 |             float [01;35m[Kspeed[m[K = 0.5f;     // 默认速度
      |                   [01;35m[K^~~~~[m[K
[100%] [32m[1mLinking CXX executable mission_client[0m
[100%] Built target mission_client
-- Install configuration: ""
-- Installing: /home/chenhuixu/PX4_ros2/ros2_ws/src/install/mission_client/lib/mission_client/mission_client
-- Set non-toolchain portion of runtime path of "/home/chenhuixu/PX4_ros2/ros2_ws/src/install/mission_client/lib/mission_client/mission_client" to ""
-- Installing: /home/chenhuixu/PX4_ros2/ros2_ws/src/install/mission_client/share/ament_index/resource_index/package_run_dependencies/mission_client
-- Installing: /home/chenhuixu/PX4_ros2/ros2_ws/src/install/mission_client/share/ament_index/resource_index/parent_prefix_path/mission_client
-- Up-to-date: /home/chenhuixu/PX4_ros2/ros2_ws/src/install/mission_client/share/mission_client/environment/ament_prefix_path.sh
-- Up-to-date: /home/chenhuixu/PX4_ros2/ros2_ws/src/install/mission_client/share/mission_client/environment/ament_prefix_path.dsv
-- Up-to-date: /home/chenhuixu/PX4_ros2/ros2_ws/src/install/mission_client/share/mission_client/environment/path.sh
-- Up-to-date: /home/chenhuixu/PX4_ros2/ros2_ws/src/install/mission_client/share/mission_client/environment/path.dsv
-- Up-to-date: /home/chenhuixu/PX4_ros2/ros2_ws/src/install/mission_client/share/mission_client/local_setup.bash
-- Up-to-date: /home/chenhuixu/PX4_ros2/ros2_ws/src/install/mission_client/share/mission_client/local_setup.sh
-- Up-to-date: /home/chenhuixu/PX4_ros2/ros2_ws/src/install/mission_client/share/mission_client/local_setup.zsh
-- Up-to-date: /home/chenhuixu/PX4_ros2/ros2_ws/src/install/mission_client/share/mission_client/local_setup.dsv
-- Installing: /home/chenhuixu/PX4_ros2/ros2_ws/src/install/mission_client/share/mission_client/package.dsv
-- Up-to-date: /home/chenhuixu/PX4_ros2/ros2_ws/src/install/mission_client/share/ament_index/resource_index/packages/mission_client
-- Up-to-date: /home/chenhuixu/PX4_ros2/ros2_ws/src/install/mission_client/share/mission_client/cmake/mission_clientConfig.cmake
-- Up-to-date: /home/chenhuixu/PX4_ros2/ros2_ws/src/install/mission_client/share/mission_client/cmake/mission_clientConfig-version.cmake
-- Installing: /home/chenhuixu/PX4_ros2/ros2_ws/src/install/mission_client/share/mission_client/package.xml
