[0.011s] Invoking command in '/home/chenhuixu/PX4_ros2/ros2_ws/src/build/mission_client': AMENT_PREFIX_PATH=/home/chenhuixu/PX4_ros2/ros2_ws/src/install/service_interface:${AMENT_PREFIX_PATH} CMAKE_PREFIX_PATH=/home/chenhuixu/PX4_ros2/ros2_ws/src/install/service_interface:/home/chenhuixu/mavros2_ws/install/mavros_extras:/home/chenhuixu/mavros2_ws/install/mavros_examples:/home/chenhuixu/mavros2_ws/install/mavros:/home/chenhuixu/mavros2_ws/install/mavros_msgs:/home/chenhuixu/mavros2_ws/install/libmavconn:/home/chenhuixu/mavros2_ws/install/mavlink:/opt/ros/jazzy/opt/gz_math_vendor:/opt/ros/jazzy/opt/gz_utils_vendor:/opt/ros/jazzy/opt/gz_cmake_vendor:/opt/ros/jazzy DEBUGINFOD_URLS=https://debuginfod.ubuntu.com LD_LIBRARY_PATH=/home/chenhuixu/PX4_ros2/ros2_ws/src/install/service_interface/lib:/home/chenhuixu/mavros2_ws/install/mavros_extras/lib:/home/chenhuixu/mavros2_ws/install/mavros/lib:/home/chenhuixu/mavros2_ws/install/mavros_msgs/lib:/home/chenhuixu/mavros2_ws/install/libmavconn/lib:/opt/ros/jazzy/opt/rviz_ogre_vendor/lib:/opt/ros/jazzy/lib/x86_64-linux-gnu:/opt/ros/jazzy/opt/gz_math_vendor/lib:/opt/ros/jazzy/opt/gz_utils_vendor/lib:/opt/ros/jazzy/opt/gz_cmake_vendor/lib:/opt/ros/jazzy/lib:/tools.lnx86/lib:/home/chenhuixu/cadence/INNOVUS211/tools.lnx86/lib PYTHONPATH=/home/chenhuixu/PX4_ros2/ros2_ws/src/install/service_interface/lib/python3.12/site-packages:${PYTHONPATH} /usr/bin/cmake --build /home/chenhuixu/PX4_ros2/ros2_ws/src/build/mission_client -- -j16 -l16
[0.033s] -- Found ament_cmake: 2.5.4 (/opt/ros/jazzy/share/ament_cmake/cmake)
[0.194s] -- Found rclcpp: 28.1.12 (/opt/ros/jazzy/share/rclcpp/cmake)
[0.213s] -- Found rosidl_generator_c: 4.6.6 (/opt/ros/jazzy/share/rosidl_generator_c/cmake)
[0.219s] -- Found rosidl_generator_cpp: 4.6.6 (/opt/ros/jazzy/share/rosidl_generator_cpp/cmake)
[0.226s] -- Using all available rosidl_typesupport_c: rosidl_typesupport_fastrtps_c;rosidl_typesupport_introspection_c
[0.234s] -- Using all available rosidl_typesupport_cpp: rosidl_typesupport_fastrtps_cpp;rosidl_typesupport_introspection_cpp
[0.271s] -- Found rmw_implementation_cmake: 7.3.2 (/opt/ros/jazzy/share/rmw_implementation_cmake/cmake)
[0.272s] -- Found rmw_fastrtps_cpp: 8.4.3 (/opt/ros/jazzy/share/rmw_fastrtps_cpp/cmake)
[0.327s] -- Using RMW implementation 'rmw_fastrtps_cpp' as default
[0.368s] -- Found geometry_msgs: 5.3.6 (/opt/ros/jazzy/share/geometry_msgs/cmake)
[0.391s] -- Found service_interface: 0.0.0 (/home/chenhuixu/PX4_ros2/ros2_ws/src/install/service_interface/share/service_interface/cmake)
[0.404s] -- Found ament_lint_auto: 0.17.3 (/opt/ros/jazzy/share/ament_lint_auto/cmake)
[0.467s] -- Added test 'cppcheck' to perform static code analysis on C / C++ code
[0.467s] -- Configured cppcheck include dirs: 
[0.467s] -- Configured cppcheck exclude dirs and/or files: 
[0.467s] -- Added test 'lint_cmake' to check CMake code style
[0.468s] -- Added test 'uncrustify' to check C / C++ code style
[0.468s] -- Configured uncrustify additional arguments: 
[0.468s] -- Added test 'xmllint' to check XML markup files
[0.469s] -- Configuring done (0.4s)
[0.477s] -- Generating done (0.0s)
[0.482s] -- Build files have been written to: /home/chenhuixu/PX4_ros2/ros2_ws/src/build/mission_client
[0.515s] [ 50%] [32mBuilding CXX object CMakeFiles/mission_client.dir/src/mission_client.cpp.o[0m
[1.961s] [01m[K/home/chenhuixu/PX4_ros2/ros2_ws/src/mission_client/src/mission_client.cpp:[m[K In member function ‘[01m[Kvoid DroneControlClient::[01;32m[Kcall_land_service[m[K(const std::vector<std::__cxx11::basic_string<char>, std::allocator<std::__cxx11::basic_string<char> > >&)[m[K’:
[1.961s] [01m[K/home/chenhuixu/PX4_ros2/ros2_ws/src/mission_client/src/mission_client.cpp:56:64:[m[K [01;35m[Kwarning: [m[Kunused parameter ‘[01m[Ktokens[m[K’ [[01;35m[K]8;;https://gcc.gnu.org/onlinedocs/gcc/Warning-Options.html#index-Wunused-parameter-Wunused-parameter]8;;[m[K]
[1.961s]    56 |         void call_land_service([01;35m[Kconst std::vector<std::string>& tokens[m[K){
[1.961s]       |                                [01;35m[K~~~~~~~~~~~~~~~~~~~~~~~~~~~~~~~~^~~~~~[m[K
[1.967s] [01m[K/home/chenhuixu/PX4_ros2/ros2_ws/src/mission_client/src/mission_client.cpp:[m[K In member function ‘[01m[Kvoid DroneControlClient::[01;32m[Khandle_move_command[m[K(const std::vector<std::__cxx11::basic_string<char>, std::allocator<std::__cxx11::basic_string<char> > >&)[m[K’:
[1.967s] [01m[K/home/chenhuixu/PX4_ros2/ros2_ws/src/mission_client/src/mission_client.cpp:100:19:[m[K [01;35m[Kwarning: [m[Kvariable ‘[01m[Kspeed[m[K’ set but not used [[01;35m[K]8;;https://gcc.gnu.org/onlinedocs/gcc/Warning-Options.html#index-Wunused-but-set-variable-Wunused-but-set-variable]8;;[m[K]
[1.968s]   100 |             float [01;35m[Kspeed[m[K = 0.5f;     // 默认速度
[1.968s]       |                   [01;35m[K^~~~~[m[K
[3.730s] [100%] [32m[1mLinking CXX executable mission_client[0m
[3.880s] [100%] Built target mission_client
[3.888s] Invoked command in '/home/chenhuixu/PX4_ros2/ros2_ws/src/build/mission_client' returned '0': AMENT_PREFIX_PATH=/home/chenhuixu/PX4_ros2/ros2_ws/src/install/service_interface:${AMENT_PREFIX_PATH} CMAKE_PREFIX_PATH=/home/chenhuixu/PX4_ros2/ros2_ws/src/install/service_interface:/home/chenhuixu/mavros2_ws/install/mavros_extras:/home/chenhuixu/mavros2_ws/install/mavros_examples:/home/chenhuixu/mavros2_ws/install/mavros:/home/chenhuixu/mavros2_ws/install/mavros_msgs:/home/chenhuixu/mavros2_ws/install/libmavconn:/home/chenhuixu/mavros2_ws/install/mavlink:/opt/ros/jazzy/opt/gz_math_vendor:/opt/ros/jazzy/opt/gz_utils_vendor:/opt/ros/jazzy/opt/gz_cmake_vendor:/opt/ros/jazzy DEBUGINFOD_URLS=https://debuginfod.ubuntu.com LD_LIBRARY_PATH=/home/chenhuixu/PX4_ros2/ros2_ws/src/install/service_interface/lib:/home/chenhuixu/mavros2_ws/install/mavros_extras/lib:/home/chenhuixu/mavros2_ws/install/mavros/lib:/home/chenhuixu/mavros2_ws/install/mavros_msgs/lib:/home/chenhuixu/mavros2_ws/install/libmavconn/lib:/opt/ros/jazzy/opt/rviz_ogre_vendor/lib:/opt/ros/jazzy/lib/x86_64-linux-gnu:/opt/ros/jazzy/opt/gz_math_vendor/lib:/opt/ros/jazzy/opt/gz_utils_vendor/lib:/opt/ros/jazzy/opt/gz_cmake_vendor/lib:/opt/ros/jazzy/lib:/tools.lnx86/lib:/home/chenhuixu/cadence/INNOVUS211/tools.lnx86/lib PYTHONPATH=/home/chenhuixu/PX4_ros2/ros2_ws/src/install/service_interface/lib/python3.12/site-packages:${PYTHONPATH} /usr/bin/cmake --build /home/chenhuixu/PX4_ros2/ros2_ws/src/build/mission_client -- -j16 -l16
[3.891s] Invoking command in '/home/chenhuixu/PX4_ros2/ros2_ws/src/build/mission_client': AMENT_PREFIX_PATH=/home/chenhuixu/PX4_ros2/ros2_ws/src/install/service_interface:${AMENT_PREFIX_PATH} CMAKE_PREFIX_PATH=/home/chenhuixu/PX4_ros2/ros2_ws/src/install/service_interface:/home/chenhuixu/mavros2_ws/install/mavros_extras:/home/chenhuixu/mavros2_ws/install/mavros_examples:/home/chenhuixu/mavros2_ws/install/mavros:/home/chenhuixu/mavros2_ws/install/mavros_msgs:/home/chenhuixu/mavros2_ws/install/libmavconn:/home/chenhuixu/mavros2_ws/install/mavlink:/opt/ros/jazzy/opt/gz_math_vendor:/opt/ros/jazzy/opt/gz_utils_vendor:/opt/ros/jazzy/opt/gz_cmake_vendor:/opt/ros/jazzy DEBUGINFOD_URLS=https://debuginfod.ubuntu.com LD_LIBRARY_PATH=/home/chenhuixu/PX4_ros2/ros2_ws/src/install/service_interface/lib:/home/chenhuixu/mavros2_ws/install/mavros_extras/lib:/home/chenhuixu/mavros2_ws/install/mavros/lib:/home/chenhuixu/mavros2_ws/install/mavros_msgs/lib:/home/chenhuixu/mavros2_ws/install/libmavconn/lib:/opt/ros/jazzy/opt/rviz_ogre_vendor/lib:/opt/ros/jazzy/lib/x86_64-linux-gnu:/opt/ros/jazzy/opt/gz_math_vendor/lib:/opt/ros/jazzy/opt/gz_utils_vendor/lib:/opt/ros/jazzy/opt/gz_cmake_vendor/lib:/opt/ros/jazzy/lib:/tools.lnx86/lib:/home/chenhuixu/cadence/INNOVUS211/tools.lnx86/lib PYTHONPATH=/home/chenhuixu/PX4_ros2/ros2_ws/src/install/service_interface/lib/python3.12/site-packages:${PYTHONPATH} /usr/bin/cmake --install /home/chenhuixu/PX4_ros2/ros2_ws/src/build/mission_client
[3.899s] -- Install configuration: ""
[3.899s] -- Installing: /home/chenhuixu/PX4_ros2/ros2_ws/src/install/mission_client/lib/mission_client/mission_client
[3.901s] -- Set non-toolchain portion of runtime path of "/home/chenhuixu/PX4_ros2/ros2_ws/src/install/mission_client/lib/mission_client/mission_client" to ""
[3.901s] -- Installing: /home/chenhuixu/PX4_ros2/ros2_ws/src/install/mission_client/share/ament_index/resource_index/package_run_dependencies/mission_client
[3.901s] -- Installing: /home/chenhuixu/PX4_ros2/ros2_ws/src/install/mission_client/share/ament_index/resource_index/parent_prefix_path/mission_client
[3.901s] -- Up-to-date: /home/chenhuixu/PX4_ros2/ros2_ws/src/install/mission_client/share/mission_client/environment/ament_prefix_path.sh
[3.901s] -- Up-to-date: /home/chenhuixu/PX4_ros2/ros2_ws/src/install/mission_client/share/mission_client/environment/ament_prefix_path.dsv
[3.901s] -- Up-to-date: /home/chenhuixu/PX4_ros2/ros2_ws/src/install/mission_client/share/mission_client/environment/path.sh
[3.901s] -- Up-to-date: /home/chenhuixu/PX4_ros2/ros2_ws/src/install/mission_client/share/mission_client/environment/path.dsv
[3.901s] -- Up-to-date: /home/chenhuixu/PX4_ros2/ros2_ws/src/install/mission_client/share/mission_client/local_setup.bash
[3.901s] -- Up-to-date: /home/chenhuixu/PX4_ros2/ros2_ws/src/install/mission_client/share/mission_client/local_setup.sh
[3.901s] -- Up-to-date: /home/chenhuixu/PX4_ros2/ros2_ws/src/install/mission_client/share/mission_client/local_setup.zsh
[3.902s] -- Up-to-date: /home/chenhuixu/PX4_ros2/ros2_ws/src/install/mission_client/share/mission_client/local_setup.dsv
[3.902s] -- Installing: /home/chenhuixu/PX4_ros2/ros2_ws/src/install/mission_client/share/mission_client/package.dsv
[3.902s] -- Up-to-date: /home/chenhuixu/PX4_ros2/ros2_ws/src/install/mission_client/share/ament_index/resource_index/packages/mission_client
[3.902s] -- Up-to-date: /home/chenhuixu/PX4_ros2/ros2_ws/src/install/mission_client/share/mission_client/cmake/mission_clientConfig.cmake
[3.902s] -- Up-to-date: /home/chenhuixu/PX4_ros2/ros2_ws/src/install/mission_client/share/mission_client/cmake/mission_clientConfig-version.cmake
[3.902s] -- Installing: /home/chenhuixu/PX4_ros2/ros2_ws/src/install/mission_client/share/mission_client/package.xml
[3.903s] Invoked command in '/home/chenhuixu/PX4_ros2/ros2_ws/src/build/mission_client' returned '0': AMENT_PREFIX_PATH=/home/chenhuixu/PX4_ros2/ros2_ws/src/install/service_interface:${AMENT_PREFIX_PATH} CMAKE_PREFIX_PATH=/home/chenhuixu/PX4_ros2/ros2_ws/src/install/service_interface:/home/chenhuixu/mavros2_ws/install/mavros_extras:/home/chenhuixu/mavros2_ws/install/mavros_examples:/home/chenhuixu/mavros2_ws/install/mavros:/home/chenhuixu/mavros2_ws/install/mavros_msgs:/home/chenhuixu/mavros2_ws/install/libmavconn:/home/chenhuixu/mavros2_ws/install/mavlink:/opt/ros/jazzy/opt/gz_math_vendor:/opt/ros/jazzy/opt/gz_utils_vendor:/opt/ros/jazzy/opt/gz_cmake_vendor:/opt/ros/jazzy DEBUGINFOD_URLS=https://debuginfod.ubuntu.com LD_LIBRARY_PATH=/home/chenhuixu/PX4_ros2/ros2_ws/src/install/service_interface/lib:/home/chenhuixu/mavros2_ws/install/mavros_extras/lib:/home/chenhuixu/mavros2_ws/install/mavros/lib:/home/chenhuixu/mavros2_ws/install/mavros_msgs/lib:/home/chenhuixu/mavros2_ws/install/libmavconn/lib:/opt/ros/jazzy/opt/rviz_ogre_vendor/lib:/opt/ros/jazzy/lib/x86_64-linux-gnu:/opt/ros/jazzy/opt/gz_math_vendor/lib:/opt/ros/jazzy/opt/gz_utils_vendor/lib:/opt/ros/jazzy/opt/gz_cmake_vendor/lib:/opt/ros/jazzy/lib:/tools.lnx86/lib:/home/chenhuixu/cadence/INNOVUS211/tools.lnx86/lib PYTHONPATH=/home/chenhuixu/PX4_ros2/ros2_ws/src/install/service_interface/lib/python3.12/site-packages:${PYTHONPATH} /usr/bin/cmake --install /home/chenhuixu/PX4_ros2/ros2_ws/src/build/mission_client
