[  1%] Built target service_interface__rosidl_generator_type_description
[  1%] Built target ament_cmake_python_copy_service_interface
[  3%] Built target service_interface__cpp
[ 24%] Built target service_interface__rosidl_generator_c
[ 51%] Built target service_interface__rosidl_typesupport_c
[ 51%] Built target service_interface__rosidl_typesupport_introspection_cpp
[ 51%] Built target service_interface__rosidl_typesupport_introspection_c
[ 61%] Built target service_interface__rosidl_typesupport_cpp
[ 79%] Built target service_interface__rosidl_typesupport_fastrtps_cpp
[ 79%] Built target service_interface__rosidl_typesupport_fastrtps_c
[ 79%] Built target service_interface
[ 81%] Built target service_interface__py
[ 88%] Built target service_interface__rosidl_generator_py
[ 96%] Built target service_interface_s__rosidl_typesupport_fastrtps_c
[ 96%] Built target service_interface_s__rosidl_typesupport_introspection_c
[100%] Built target service_interface_s__rosidl_typesupport_c
running egg_info
writing service_interface.egg-info/PKG-INFO
writing dependency_links to service_interface.egg-info/dependency_links.txt
writing top-level names to service_interface.egg-info/top_level.txt
reading manifest file 'service_interface.egg-info/SOURCES.txt'
writing manifest file 'service_interface.egg-info/SOURCES.txt'
[100%] Built target ament_cmake_python_build_service_interface_egg
