[0.144s] Invoking command in '/home/chenhuixu/PX4_ros2/ros2_ws/src/build/service_interface': CMAKE_PREFIX_PATH=${CMAKE_PREFIX_PATH}:/opt/ros/jazzy DEBUGINFOD_URLS=https://debuginfod.ubuntu.com /usr/bin/cmake --build /home/chenhuixu/PX4_ros2/ros2_ws/src/build/service_interface -- -j16 -l16
[0.194s] [  1%] Built target service_interface__rosidl_generator_type_description
[0.204s] [  1%] Built target ament_cmake_python_copy_service_interface
[0.215s] [  3%] Built target service_interface__cpp
[0.219s] [ 24%] Built target service_interface__rosidl_generator_c
[0.246s] [ 51%] Built target service_interface__rosidl_typesupport_c
[0.247s] [ 51%] Built target service_interface__rosidl_typesupport_introspection_cpp
[0.247s] [ 51%] Built target service_interface__rosidl_typesupport_introspection_c
[0.247s] [ 61%] Built target service_interface__rosidl_typesupport_cpp
[0.250s] [ 79%] Built target service_interface__rosidl_typesupport_fastrtps_cpp
[0.250s] [ 79%] Built target service_interface__rosidl_typesupport_fastrtps_c
[0.271s] [ 79%] Built target service_interface
[0.291s] [ 81%] Built target service_interface__py
[0.318s] [ 88%] Built target service_interface__rosidl_generator_py
[0.340s] [ 96%] Built target service_interface_s__rosidl_typesupport_fastrtps_c
[0.340s] [ 96%] Built target service_interface_s__rosidl_typesupport_introspection_c
[0.340s] [100%] Built target service_interface_s__rosidl_typesupport_c
[0.356s] running egg_info
[0.367s] writing service_interface.egg-info/PKG-INFO
[0.367s] writing dependency_links to service_interface.egg-info/dependency_links.txt
[0.367s] writing top-level names to service_interface.egg-info/top_level.txt
[0.400s] reading manifest file 'service_interface.egg-info/SOURCES.txt'
[0.400s] writing manifest file 'service_interface.egg-info/SOURCES.txt'
[0.430s] [100%] Built target ament_cmake_python_build_service_interface_egg
