[0.496s] Invoking command in '/home/chenhuixu/PX4_ros2/ros2_ws/src/px4_control': DEBUGINFOD_URLS=https://debuginfod.ubuntu.com PYTHONPATH=/home/chenhuixu/PX4_ros2/ros2_ws/src/build/px4_control/prefix_override:/usr/lib/python3/dist-packages/colcon_core/task/python/colcon_distutils_commands:/home/chenhuixu/PX4_ros2/ros2_ws/src/install/px4_control/lib/python3.12/site-packages:${PYTHONPATH} /usr/bin/python3 -W ignore:setup.py install is deprecated -W ignore:easy_install command is deprecated setup.py egg_info --egg-base ../build/px4_control build --build-base /home/chenhuixu/PX4_ros2/ros2_ws/src/build/px4_control/build install --record /home/chenhuixu/PX4_ros2/ros2_ws/src/build/px4_control/install.log --single-version-externally-managed install_data
[0.653s] running egg_info
[0.663s] writing ../build/px4_control/px4_control.egg-info/PKG-INFO
[0.663s] writing dependency_links to ../build/px4_control/px4_control.egg-info/dependency_links.txt
[0.663s] writing entry points to ../build/px4_control/px4_control.egg-info/entry_points.txt
[0.663s] writing requirements to ../build/px4_control/px4_control.egg-info/requires.txt
[0.663s] writing top-level names to ../build/px4_control/px4_control.egg-info/top_level.txt
[0.684s] reading manifest file '../build/px4_control/px4_control.egg-info/SOURCES.txt'
[0.684s] writing manifest file '../build/px4_control/px4_control.egg-info/SOURCES.txt'
[0.684s] running build
[0.684s] running build_py
[0.684s] copying px4_control/goto.py -> /home/chenhuixu/PX4_ros2/ros2_ws/src/build/px4_control/build/lib/px4_control
[0.685s] copying px4_control/testgo.py -> /home/chenhuixu/PX4_ros2/ros2_ws/src/build/px4_control/build/lib/px4_control
[0.685s] copying px4_control/takeoff.py -> /home/chenhuixu/PX4_ros2/ros2_ws/src/build/px4_control/build/lib/px4_control
[0.685s] running install
[0.689s] running install_lib
[0.699s] copying /home/chenhuixu/PX4_ros2/ros2_ws/src/build/px4_control/build/lib/px4_control/goto.py -> /home/chenhuixu/PX4_ros2/ros2_ws/src/install/px4_control/lib/python3.12/site-packages/px4_control
[0.699s] copying /home/chenhuixu/PX4_ros2/ros2_ws/src/build/px4_control/build/lib/px4_control/testgo.py -> /home/chenhuixu/PX4_ros2/ros2_ws/src/install/px4_control/lib/python3.12/site-packages/px4_control
[0.699s] copying /home/chenhuixu/PX4_ros2/ros2_ws/src/build/px4_control/build/lib/px4_control/takeoff.py -> /home/chenhuixu/PX4_ros2/ros2_ws/src/install/px4_control/lib/python3.12/site-packages/px4_control
[0.700s] byte-compiling /home/chenhuixu/PX4_ros2/ros2_ws/src/install/px4_control/lib/python3.12/site-packages/px4_control/goto.py to goto.cpython-312.pyc
[0.700s] byte-compiling /home/chenhuixu/PX4_ros2/ros2_ws/src/install/px4_control/lib/python3.12/site-packages/px4_control/testgo.py to testgo.cpython-312.pyc
[0.701s] byte-compiling /home/chenhuixu/PX4_ros2/ros2_ws/src/install/px4_control/lib/python3.12/site-packages/px4_control/takeoff.py to takeoff.cpython-312.pyc
[0.701s] running install_data
[0.702s] running install_egg_info
[0.716s] removing '/home/chenhuixu/PX4_ros2/ros2_ws/src/install/px4_control/lib/python3.12/site-packages/px4_control-0.0.0-py3.12.egg-info' (and everything under it)
[0.716s] Copying ../build/px4_control/px4_control.egg-info to /home/chenhuixu/PX4_ros2/ros2_ws/src/install/px4_control/lib/python3.12/site-packages/px4_control-0.0.0-py3.12.egg-info
[0.717s] running install_scripts
[0.791s] Installing go script to /home/chenhuixu/PX4_ros2/ros2_ws/src/install/px4_control/lib/px4_control
[0.791s] Installing goto script to /home/chenhuixu/PX4_ros2/ros2_ws/src/install/px4_control/lib/px4_control
[0.791s] Installing land script to /home/chenhuixu/PX4_ros2/ros2_ws/src/install/px4_control/lib/px4_control
[0.791s] Installing takeoff script to /home/chenhuixu/PX4_ros2/ros2_ws/src/install/px4_control/lib/px4_control
[0.791s] writing list of installed files to '/home/chenhuixu/PX4_ros2/ros2_ws/src/build/px4_control/install.log'
[0.822s] Invoked command in '/home/chenhuixu/PX4_ros2/ros2_ws/src/px4_control' returned '0': DEBUGINFOD_URLS=https://debuginfod.ubuntu.com PYTHONPATH=/home/chenhuixu/PX4_ros2/ros2_ws/src/build/px4_control/prefix_override:/usr/lib/python3/dist-packages/colcon_core/task/python/colcon_distutils_commands:/home/chenhuixu/PX4_ros2/ros2_ws/src/install/px4_control/lib/python3.12/site-packages:${PYTHONPATH} /usr/bin/python3 -W ignore:setup.py install is deprecated -W ignore:easy_install command is deprecated setup.py egg_info --egg-base ../build/px4_control build --build-base /home/chenhuixu/PX4_ros2/ros2_ws/src/build/px4_control/build install --record /home/chenhuixu/PX4_ros2/ros2_ws/src/build/px4_control/install.log --single-version-externally-managed install_data
