[0.139s] Invoking command in '/home/chenhuixu/PX4_ros2/ros2_ws/src/build/service_interface': CMAKE_PREFIX_PATH=${CMAKE_PREFIX_PATH}:/opt/ros/jazzy DEBUGINFOD_URLS=https://debuginfod.ubuntu.com /usr/bin/cmake --build /home/chenhuixu/PX4_ros2/ros2_ws/src/build/service_interface -- -j16 -l16
[0.161s] -- Found ament_cmake: 2.5.4 (/opt/ros/jazzy/share/ament_cmake/cmake)
[0.178s] -- Found Python3: /usr/bin/python3 (found version "3.12.3") found components: Interpreter 
[0.239s] -- Found rosidl_default_generators: 1.6.0 (/opt/ros/jazzy/share/rosidl_default_generators/cmake)
[0.242s] -- Using all available rosidl_typesupport_c: rosidl_typesupport_fastrtps_c;rosidl_typesupport_introspection_c
[0.265s] -- Using all available rosidl_typesupport_cpp: rosidl_typesupport_fastrtps_cpp;rosidl_typesupport_introspection_cpp
[0.281s] -- Found rosidl_adapter: 4.6.6 (/opt/ros/jazzy/share/rosidl_adapter/cmake)
[0.486s] -- Found ament_cmake_ros: 0.12.0 (/opt/ros/jazzy/share/ament_cmake_ros/cmake)
[0.566s] -- Using all available rosidl_typesupport_c: rosidl_typesupport_fastrtps_c;rosidl_typesupport_introspection_c
[0.661s] -- Using all available rosidl_typesupport_cpp: rosidl_typesupport_fastrtps_cpp;rosidl_typesupport_introspection_cpp
[0.663s] -- Found python_cmake_module: 0.11.1 (/opt/ros/jazzy/share/python_cmake_module/cmake)
[0.942s] -- Found Python3: /usr/bin/python3 (found version "3.12.3") found components: Interpreter Development NumPy Development.Module Development.Embed 
[0.951s] -- Found ament_lint_auto: 0.17.3 (/opt/ros/jazzy/share/ament_lint_auto/cmake)
[0.959s] -- Added test 'lint_cmake' to check CMake code style
[0.959s] -- Added test 'xmllint' to check XML markup files
[0.961s] -- Configuring done (0.8s)
[0.992s] -- Generating done (0.0s)
[1.000s] -- Build files have been written to: /home/chenhuixu/PX4_ros2/ros2_ws/src/build/service_interface
[1.043s] [  1%] [34m[1mGenerating type hashes for ROS interfaces[0m
[1.054s] [  1%] Built target ament_cmake_python_copy_service_interface
[1.180s] running egg_info
[1.185s] [  1%] Built target service_interface__rosidl_generator_type_description
[1.189s] writing service_interface.egg-info/PKG-INFO
[1.189s] writing dependency_links to service_interface.egg-info/dependency_links.txt
[1.189s] writing top-level names to service_interface.egg-info/top_level.txt
[1.194s] [  3%] [34m[1mGenerating C code for ROS interfaces[0m
[1.208s] [  5%] [34m[1mGenerating C++ code for ROS interfaces[0m
[1.223s] reading manifest file 'service_interface.egg-info/SOURCES.txt'
[1.223s] writing manifest file 'service_interface.egg-info/SOURCES.txt'
[1.250s] [  5%] Built target ament_cmake_python_build_service_interface_egg
[1.466s] [  5%] Built target service_interface__cpp
[1.511s] [ 12%] [32mBuilding C object CMakeFiles/service_interface__rosidl_generator_c.dir/rosidl_generator_c/service_interface/srv/detail/land__type_support.c.o[0m
[1.511s] [ 12%] [32mBuilding C object CMakeFiles/service_interface__rosidl_generator_c.dir/rosidl_generator_c/service_interface/srv/detail/land__description.c.o[0m
[1.511s] [ 12%] [32mBuilding C object CMakeFiles/service_interface__rosidl_generator_c.dir/rosidl_generator_c/service_interface/srv/detail/land__functions.c.o[0m
[1.511s] [ 16%] [32mBuilding C object CMakeFiles/service_interface__rosidl_generator_c.dir/rosidl_generator_c/service_interface/srv/detail/takeoff__description.c.o[0m
[1.511s] [ 16%] [32mBuilding C object CMakeFiles/service_interface__rosidl_generator_c.dir/rosidl_generator_c/service_interface/srv/detail/takeoff__functions.c.o[0m
[1.511s] [ 16%] [32mBuilding C object CMakeFiles/service_interface__rosidl_generator_c.dir/rosidl_generator_c/service_interface/srv/detail/takeoff__type_support.c.o[0m
[1.512s] [ 18%] [32mBuilding C object CMakeFiles/service_interface__rosidl_generator_c.dir/rosidl_generator_c/service_interface/srv/detail/move__description.c.o[0m
[1.512s] [ 20%] [32mBuilding C object CMakeFiles/service_interface__rosidl_generator_c.dir/rosidl_generator_c/service_interface/srv/detail/move__type_support.c.o[0m
[1.512s] [ 22%] [32mBuilding C object CMakeFiles/service_interface__rosidl_generator_c.dir/rosidl_generator_c/service_interface/srv/detail/move__functions.c.o[0m
[1.592s] [ 24%] [32m[1mLinking C shared library libservice_interface__rosidl_generator_c.so[0m
[1.634s] [ 24%] Built target service_interface__rosidl_generator_c
[1.642s] [ 31%] [34m[1mGenerating C type support dispatch for ROS interfaces[0m
[1.642s] [ 31%] [34m[1mGenerating C introspection for ROS interfaces[0m
[1.642s] [ 31%] [34m[1mGenerating C type support for eProsima Fast-RTPS[0m
[1.642s] [ 31%] [34m[1mGenerating C++ type support for eProsima Fast-RTPS[0m
[1.642s] [ 33%] [34m[1mGenerating C++ introspection for ROS interfaces[0m
[1.642s] [ 35%] [34m[1mGenerating C++ type support dispatch for ROS interfaces[0m
[1.844s] [ 37%] [32mBuilding CXX object CMakeFiles/service_interface__rosidl_typesupport_c.dir/rosidl_typesupport_c/service_interface/srv/takeoff__type_support.cpp.o[0m
[1.845s] [ 40%] [32mBuilding CXX object CMakeFiles/service_interface__rosidl_typesupport_c.dir/rosidl_typesupport_c/service_interface/srv/move__type_support.cpp.o[0m
[1.845s] [ 40%] [32mBuilding CXX object CMakeFiles/service_interface__rosidl_typesupport_c.dir/rosidl_typesupport_c/service_interface/srv/land__type_support.cpp.o[0m
[1.845s] [ 42%] [32mBuilding CXX object CMakeFiles/service_interface__rosidl_typesupport_cpp.dir/rosidl_typesupport_cpp/service_interface/srv/takeoff__type_support.cpp.o[0m
[1.846s] [ 44%] [32mBuilding CXX object CMakeFiles/service_interface__rosidl_typesupport_cpp.dir/rosidl_typesupport_cpp/service_interface/srv/land__type_support.cpp.o[0m
[1.847s] [ 46%] [32mBuilding CXX object CMakeFiles/service_interface__rosidl_typesupport_cpp.dir/rosidl_typesupport_cpp/service_interface/srv/move__type_support.cpp.o[0m
[1.882s] [ 51%] [32mBuilding CXX object CMakeFiles/service_interface__rosidl_typesupport_introspection_cpp.dir/rosidl_typesupport_introspection_cpp/service_interface/srv/detail/land__type_support.cpp.o[0m
[1.882s] [ 51%] [32mBuilding CXX object CMakeFiles/service_interface__rosidl_typesupport_introspection_cpp.dir/rosidl_typesupport_introspection_cpp/service_interface/srv/detail/move__type_support.cpp.o[0m
[1.882s] [ 51%] [32mBuilding CXX object CMakeFiles/service_interface__rosidl_typesupport_introspection_cpp.dir/rosidl_typesupport_introspection_cpp/service_interface/srv/detail/takeoff__type_support.cpp.o[0m
[1.897s] [ 55%] [32mBuilding C object CMakeFiles/service_interface__rosidl_typesupport_introspection_c.dir/rosidl_typesupport_introspection_c/service_interface/srv/detail/land__type_support.c.o[0m
[1.897s] [ 55%] [32mBuilding C object CMakeFiles/service_interface__rosidl_typesupport_introspection_c.dir/rosidl_typesupport_introspection_c/service_interface/srv/detail/takeoff__type_support.c.o[0m
[1.897s] [ 57%] [32mBuilding C object CMakeFiles/service_interface__rosidl_typesupport_introspection_c.dir/rosidl_typesupport_introspection_c/service_interface/srv/detail/move__type_support.c.o[0m
[1.909s] [ 59%] [32m[1mLinking CXX shared library libservice_interface__rosidl_typesupport_c.so[0m
[1.944s] [ 61%] [32m[1mLinking C shared library libservice_interface__rosidl_typesupport_introspection_c.so[0m
[1.960s] [ 61%] Built target service_interface__rosidl_typesupport_c
[1.972s] [ 66%] [32mBuilding CXX object CMakeFiles/service_interface__rosidl_typesupport_fastrtps_cpp.dir/rosidl_typesupport_fastrtps_cpp/service_interface/srv/detail/dds_fastrtps/move__type_support.cpp.o[0m
[1.972s] [ 66%] [32mBuilding CXX object CMakeFiles/service_interface__rosidl_typesupport_fastrtps_cpp.dir/rosidl_typesupport_fastrtps_cpp/service_interface/srv/detail/dds_fastrtps/takeoff__type_support.cpp.o[0m
[1.972s] [ 66%] [32mBuilding CXX object CMakeFiles/service_interface__rosidl_typesupport_fastrtps_cpp.dir/rosidl_typesupport_fastrtps_cpp/service_interface/srv/detail/dds_fastrtps/land__type_support.cpp.o[0m
[1.977s] [ 66%] Built target service_interface__rosidl_typesupport_introspection_c
[1.995s] [ 72%] [32mBuilding CXX object CMakeFiles/service_interface__rosidl_typesupport_fastrtps_c.dir/rosidl_typesupport_fastrtps_c/service_interface/srv/detail/move__type_support_c.cpp.o[0m
[1.995s] [ 72%] [32mBuilding CXX object CMakeFiles/service_interface__rosidl_typesupport_fastrtps_c.dir/rosidl_typesupport_fastrtps_c/service_interface/srv/detail/land__type_support_c.cpp.o[0m
[1.995s] [ 72%] [32mBuilding CXX object CMakeFiles/service_interface__rosidl_typesupport_fastrtps_c.dir/rosidl_typesupport_fastrtps_c/service_interface/srv/detail/takeoff__type_support_c.cpp.o[0m
[2.197s] [ 74%] [32m[1mLinking CXX shared library libservice_interface__rosidl_typesupport_cpp.so[0m
[2.266s] [ 75%] [32m[1mLinking CXX shared library libservice_interface__rosidl_typesupport_introspection_cpp.so[0m
[2.270s] [ 75%] Built target service_interface__rosidl_typesupport_cpp
[2.337s] [ 75%] Built target service_interface__rosidl_typesupport_introspection_cpp
[2.406s] [ 77%] [32m[1mLinking CXX shared library libservice_interface__rosidl_typesupport_fastrtps_c.so[0m
[2.453s] [ 79%] [32m[1mLinking CXX shared library libservice_interface__rosidl_typesupport_fastrtps_cpp.so[0m
[2.465s] [ 79%] Built target service_interface__rosidl_typesupport_fastrtps_c
[2.512s] [ 79%] Built target service_interface__rosidl_typesupport_fastrtps_cpp
[2.530s] [ 79%] Built target service_interface
[2.553s] [ 81%] [34m[1mGenerating Python code for ROS interfaces[0m
[2.944s] [ 81%] Built target service_interface__py
[2.970s] [ 87%] [32mBuilding C object CMakeFiles/service_interface__rosidl_generator_py.dir/rosidl_generator_py/service_interface/srv/_land_s.c.o[0m
[2.970s] [ 87%] [32mBuilding C object CMakeFiles/service_interface__rosidl_generator_py.dir/rosidl_generator_py/service_interface/srv/_move_s.c.o[0m
[2.971s] [ 87%] [32mBuilding C object CMakeFiles/service_interface__rosidl_generator_py.dir/rosidl_generator_py/service_interface/srv/_takeoff_s.c.o[0m
[3.073s] [ 88%] [32m[1mLinking C shared library libservice_interface__rosidl_generator_py.so[0m
[3.113s] [ 88%] Built target service_interface__rosidl_generator_py
[3.134s] [ 92%] [32mBuilding C object CMakeFiles/service_interface_s__rosidl_typesupport_introspection_c.dir/rosidl_generator_py/service_interface/_service_interface_s.ep.rosidl_typesupport_introspection_c.c.o[0m
[3.134s] [ 92%] [32mBuilding C object CMakeFiles/service_interface_s__rosidl_typesupport_c.dir/rosidl_generator_py/service_interface/_service_interface_s.ep.rosidl_typesupport_c.c.o[0m
[3.135s] [ 94%] [32mBuilding C object CMakeFiles/service_interface_s__rosidl_typesupport_fastrtps_c.dir/rosidl_generator_py/service_interface/_service_interface_s.ep.rosidl_typesupport_fastrtps_c.c.o[0m
[3.215s] [ 98%] [32m[1mLinking C shared module rosidl_generator_py/service_interface/service_interface_s__rosidl_typesupport_c.so[0m
[3.215s] [ 98%] [32m[1mLinking C shared module rosidl_generator_py/service_interface/service_interface_s__rosidl_typesupport_introspection_c.so[0m
[3.220s] [100%] [32m[1mLinking C shared module rosidl_generator_py/service_interface/service_interface_s__rosidl_typesupport_fastrtps_c.so[0m
[3.239s] [100%] Built target service_interface_s__rosidl_typesupport_c
[3.239s] [100%] Built target service_interface_s__rosidl_typesupport_introspection_c
[3.247s] [100%] Built target service_interface_s__rosidl_typesupport_fastrtps_c
