[0.468s] Invoking command in '/home/chenhuixu/PX4_ros2/ros2_ws/src/px4_control': DEBUGINFOD_URLS=https://debuginfod.ubuntu.com PYTHONPATH=/home/chenhuixu/PX4_ros2/ros2_ws/src/build/px4_control/prefix_override:/usr/lib/python3/dist-packages/colcon_core/task/python/colcon_distutils_commands:/home/chenhuixu/PX4_ros2/ros2_ws/src/install/px4_control/lib/python3.12/site-packages:${PYTHONPATH} /usr/bin/python3 -W ignore:setup.py install is deprecated -W ignore:easy_install command is deprecated setup.py egg_info --egg-base ../build/px4_control build --build-base /home/chenhuixu/PX4_ros2/ros2_ws/src/build/px4_control/build install --record /home/chenhuixu/PX4_ros2/ros2_ws/src/build/px4_control/install.log --single-version-externally-managed install_data
[0.615s] running egg_info
[0.615s] creating ../build/px4_control/px4_control.egg-info
[0.625s] writing ../build/px4_control/px4_control.egg-info/PKG-INFO
[0.625s] writing dependency_links to ../build/px4_control/px4_control.egg-info/dependency_links.txt
[0.625s] writing entry points to ../build/px4_control/px4_control.egg-info/entry_points.txt
[0.625s] writing requirements to ../build/px4_control/px4_control.egg-info/requires.txt
[0.625s] writing top-level names to ../build/px4_control/px4_control.egg-info/top_level.txt
[0.625s] writing manifest file '../build/px4_control/px4_control.egg-info/SOURCES.txt'
[0.645s] reading manifest file '../build/px4_control/px4_control.egg-info/SOURCES.txt'
[0.645s] writing manifest file '../build/px4_control/px4_control.egg-info/SOURCES.txt'
[0.645s] running build
[0.645s] running build_py
[0.645s] creating /home/chenhuixu/PX4_ros2/ros2_ws/src/build/px4_control/build
[0.646s] creating /home/chenhuixu/PX4_ros2/ros2_ws/src/build/px4_control/build/lib
[0.646s] creating /home/chenhuixu/PX4_ros2/ros2_ws/src/build/px4_control/build/lib/px4_control
[0.646s] copying px4_control/goto.py -> /home/chenhuixu/PX4_ros2/ros2_ws/src/build/px4_control/build/lib/px4_control
[0.646s] copying px4_control/__init__.py -> /home/chenhuixu/PX4_ros2/ros2_ws/src/build/px4_control/build/lib/px4_control
[0.646s] copying px4_control/land.py -> /home/chenhuixu/PX4_ros2/ros2_ws/src/build/px4_control/build/lib/px4_control
[0.646s] copying px4_control/takeoff.py -> /home/chenhuixu/PX4_ros2/ros2_ws/src/build/px4_control/build/lib/px4_control
[0.646s] running install
[0.649s] running install_lib
[0.659s] creating /home/chenhuixu/PX4_ros2/ros2_ws/src/install/px4_control/lib/python3.12/site-packages/px4_control
[0.659s] copying /home/chenhuixu/PX4_ros2/ros2_ws/src/build/px4_control/build/lib/px4_control/goto.py -> /home/chenhuixu/PX4_ros2/ros2_ws/src/install/px4_control/lib/python3.12/site-packages/px4_control
[0.659s] copying /home/chenhuixu/PX4_ros2/ros2_ws/src/build/px4_control/build/lib/px4_control/__init__.py -> /home/chenhuixu/PX4_ros2/ros2_ws/src/install/px4_control/lib/python3.12/site-packages/px4_control
[0.659s] copying /home/chenhuixu/PX4_ros2/ros2_ws/src/build/px4_control/build/lib/px4_control/land.py -> /home/chenhuixu/PX4_ros2/ros2_ws/src/install/px4_control/lib/python3.12/site-packages/px4_control
[0.659s] copying /home/chenhuixu/PX4_ros2/ros2_ws/src/build/px4_control/build/lib/px4_control/takeoff.py -> /home/chenhuixu/PX4_ros2/ros2_ws/src/install/px4_control/lib/python3.12/site-packages/px4_control
[0.660s] byte-compiling /home/chenhuixu/PX4_ros2/ros2_ws/src/install/px4_control/lib/python3.12/site-packages/px4_control/goto.py to goto.cpython-312.pyc
[0.660s] byte-compiling /home/chenhuixu/PX4_ros2/ros2_ws/src/install/px4_control/lib/python3.12/site-packages/px4_control/__init__.py to __init__.cpython-312.pyc
[0.660s] byte-compiling /home/chenhuixu/PX4_ros2/ros2_ws/src/install/px4_control/lib/python3.12/site-packages/px4_control/land.py to land.cpython-312.pyc
[0.661s] byte-compiling /home/chenhuixu/PX4_ros2/ros2_ws/src/install/px4_control/lib/python3.12/site-packages/px4_control/takeoff.py to takeoff.cpython-312.pyc
[0.661s] running install_data
[0.661s] creating /home/chenhuixu/PX4_ros2/ros2_ws/src/install/px4_control/share/ament_index
[0.661s] creating /home/chenhuixu/PX4_ros2/ros2_ws/src/install/px4_control/share/ament_index/resource_index
[0.661s] creating /home/chenhuixu/PX4_ros2/ros2_ws/src/install/px4_control/share/ament_index/resource_index/packages
[0.661s] copying resource/px4_control -> /home/chenhuixu/PX4_ros2/ros2_ws/src/install/px4_control/share/ament_index/resource_index/packages
[0.661s] copying package.xml -> /home/chenhuixu/PX4_ros2/ros2_ws/src/install/px4_control/share/px4_control
[0.661s] running install_egg_info
[0.671s] Copying ../build/px4_control/px4_control.egg-info to /home/chenhuixu/PX4_ros2/ros2_ws/src/install/px4_control/lib/python3.12/site-packages/px4_control-0.0.0-py3.12.egg-info
[0.672s] running install_scripts
[0.750s] Installing goto script to /home/chenhuixu/PX4_ros2/ros2_ws/src/install/px4_control/lib/px4_control
[0.751s] Installing land script to /home/chenhuixu/PX4_ros2/ros2_ws/src/install/px4_control/lib/px4_control
[0.751s] Installing takeoff script to /home/chenhuixu/PX4_ros2/ros2_ws/src/install/px4_control/lib/px4_control
[0.751s] writing list of installed files to '/home/chenhuixu/PX4_ros2/ros2_ws/src/build/px4_control/install.log'
